W/2019-12-03 17:09:25.196 [main][Util] [4.32][com.dts.freefireth:xg_service_v4]:Util -> initGlobal can not find provider com.tencent.mid.api.MidProvider with authority com.dts.freefireth.TENCENT.MID.V3
W/2019-12-03 17:09:25.337 [main][Util] [4.32][com.dts.freefireth:xg_service_v4]:Maybe have not contentprovider: com.tencent.mid.api.MidProvider
E/2019-12-03 17:09:25.434 [main][PushServiceManager] [4.32][com.dts.freefireth:xg_service_v4]:startService failed, intent:Intent { act=com.tencent.android.tpush.action.keepalive cmp=com.dts.freefireth/com.tencent.android.tpush.service.XGPushServiceV4 }, ex:android.content.ReceiverCallNotAllowedException: BroadcastReceiver components are not allowed to bind to services
D/2019-12-03 17:09:25.925 [main][XGPushService] [4.32][com.dts.freefireth:xg_service_v4]:reportLastServiceState {"srv_stime":1575369834409,"srv_etime":1575370417321,"srv_startTime":2,"srv_freason":[".keepalive",".keepalive"],"hb_suc":0,"hb_failed":0,"con_suc":1,"con_failed":0}
D/2019-12-03 17:09:26.179 [Thread-392][TPush] [4.32][com.dts.freefireth:xg_service_v4]:com.dts.freefireth.AUTH_XGPUSH,com.dts.freefireth,com.tencent.android.tpush.XGPushProvider
D/2019-12-03 17:09:26.271 [main][a] [4.32][com.dts.freefireth:xg_service_v4]:network chanced:Intent { act=android.net.conn.CONNECTIVITY_CHANGE flg=0x4000010 (has extras) }
D/2019-12-03 17:09:26.317 [main][OptimalLinkSelector] [4.32][com.dts.freefireth:xg_service_v4]:Connection state changed to - [type: WIFI[], state: CONNECTED/CONNECTED, reason: (unspecified), extra: "ASUS_A8", roaming: false, failover: false, isAvailable: true]
D/2019-12-03 17:09:26.361 [main][OptimalLinkSelector] [4.32][com.dts.freefireth:xg_service_v4]:Connected with network type WIFI
V/2019-12-03 17:09:26.426 [main][PushServiceManager] [4.32][com.dts.freefireth:xg_service_v4]:bindService ret:true
V/2019-12-03 17:09:26.466 [main][PushServiceManager] [4.32][com.dts.freefireth:xg_service_v4]:(ignore) running v4 service count 0
I/2019-12-03 17:09:26.495 [main][XGService] [4.32][com.dts.freefireth:xg_service_v4]:getSocketName: tencentxgpush
I/2019-12-03 17:09:26.517 [main][XGService] [4.32][com.dts.freefireth:xg_service_v4]:getSocketName: tencentxgpush
V/2019-12-03 17:09:26.535 [main][PushServiceManager] [4.32][com.dts.freefireth:xg_service_v4]:tryToKeepServiceAlive socketFinalName:17b8f414a85dd456a15585b41d7f686f03fff04496b00ca64380acef2def0ddee94f133e
I/2019-12-03 17:09:26.557 [main][f] [4.32][com.dts.freefireth:xg_service_v4]:is xg_service
I/2019-12-03 17:09:26.585 [main][PushServiceManager] [4.32][com.dts.freefireth:xg_service_v4]:start as main service......
I/2019-12-03 17:09:26.606 [main][PushServiceManager] [4.32][com.dts.freefireth:xg_service_v4]:Service's first running at com.dts.freefireth version : 4.32
I/2019-12-03 17:09:26.623 [main][a] [4.32][com.dts.freefireth:xg_service_v4]:handleServiceInited, beforeInitedIntents size:0
V/2019-12-03 17:09:26.811 [main][TpnsChannel] [4.32][com.dts.freefireth:xg_service_v4]:Action -> checkAndSetupClient( tpnsClient = null, isClientCreating = false)
D/2019-12-03 17:09:26.893 [tpush.working.thread][XGHorse] [4.32][com.dts.freefireth:xg_service_v4]:Action ->  createOptimalSocketChannel run
D/2019-12-03 17:09:26.921 [tpush.working.thread][XGHorse] [4.32][com.dts.freefireth:xg_service_v4]:Action ->  createOptimalSocketChannel run
D/2019-12-03 17:09:26.975 [tpush.working.thread][httpDns] [4.32][com.dts.freefireth:xg_service_v4]:cacheResult:{"ips":"203.205.254.117;203.205.254.169","ttl":300,"exp":1575370136672},diff:-1230285
W/2019-12-03 17:09:26.993 [tpush.working.thread][httpDns] [4.32][com.dts.freefireth:xg_service_v4]:cacheResult Exp.
D/2019-12-03 17:09:27.144 [main][TPush] [4.32][com.dts.freefireth:xg_service_v4]:com.dts.freefireth.AUTH_XGPUSH,com.dts.freefireth,com.tencent.android.tpush.XGPushProvider
V/2019-12-03 17:09:27.205 [main][PushServiceManager] [4.32][com.dts.freefireth:xg_service_v4]:(ignore) running v4 service count 0
I/2019-12-03 17:09:27.225 [main][XGService] [4.32][com.dts.freefireth:xg_service_v4]:getSocketName: tencentxgpush
I/2019-12-03 17:09:27.272 [main][XGService] [4.32][com.dts.freefireth:xg_service_v4]:getSocketName: tencentxgpush
I/2019-12-03 17:09:27.356 [main][PushServiceManager] [4.32][com.dts.freefireth:xg_service_v4]:isSurvive trueAddress already in use
I/2019-12-03 17:09:27.393 [main][PushServiceManager] [4.32][com.dts.freefireth:xg_service_v4]:start as main service......
V/2019-12-03 17:09:27.485 [main][TpnsChannel] [4.32][com.dts.freefireth:xg_service_v4]:Action -> checkAndSetupClient( tpnsClient = null, isClientCreating = true)
D/2019-12-03 17:09:27.714 [tpush.working.thread][httpDns] [4.32][com.dts.freefireth:xg_service_v4]:getAddrByName line:3eeef9bfa6f89c851d78fc98210e80223eeef9bfa6f89c8584763a1edb85511368bb18fa1cb96703
D/2019-12-03 17:09:27.913 [tpush.working.thread][httpDns] [4.32][com.dts.freefireth:xg_service_v4]:ttl:300,300
D/2019-12-03 17:09:28.145 [tpush.working.thread][httpDns] [4.32][com.dts.freefireth:xg_service_v4]:cacheResult:{"ips":"203.205.254.117;203.205.254.169","ttl":300,"exp":1575371667916},diff:299873
D/2019-12-03 17:09:28.231 [tpush.working.thread][SocketClient] [4.32][com.dts.freefireth:xg_service_v4]:use httpdns StrategyItem:203.205.254.117:8080
D/2019-12-03 17:09:28.264 [tpush.working.thread][SocketClient] [4.32][com.dts.freefireth:xg_service_v4]:connect to 203.205.254.117:8080
D/2019-12-03 17:09:28.272 [main][TPush] [4.32][com.dts.freefireth:xg_service_v4]:com.dts.freefireth.AUTH_XGPUSH,com.dts.freefireth,com.tencent.android.tpush.XGPushProvider
V/2019-12-03 17:09:28.590 [tpush.working.thread][TpnsChannel] [4.32][com.dts.freefireth:xg_service_v4]:ICreateSocketChannelCallback onSuccess(java.nio.SocketChannelImpl@c2a9cce,java.nio.SocketChannelImpl@c2a9cce)
I/2019-12-03 17:09:28.607 [tpush.working.thread][TpnsClient] [4.32][com.dts.freefireth:xg_service_v4]:Connect to Xinge Server succeed!
D/2019-12-03 17:09:29.143 [tpush.working.thread][TpnsChannel] [4.32][com.dts.freefireth:xg_service_v4]:Action -> sendReconnMessage with token - 03fff04496b00ca64380acef2def0ddee94f133e
V/2019-12-03 17:09:29.163 [tpush.working.thread][TpnsChannel] [4.32][com.dts.freefireth:xg_service_v4]:Action -> checkAndSetupClient( tpnsClient = a(ip:203.205.254.117,port:8080,protocol:tcp), isClientCreating = false)
I/2019-12-03 17:09:29.187 [TpnsClient][TpnsClient] [4.32][com.dts.freefireth:xg_service_v4]:TpnsClient is running and ready for send and recevie msg.
D/2019-12-03 17:09:29.295 [TpnsClient][TpnsChannel] [4.32][com.dts.freefireth:xg_service_v4]:Action -> clientDidSendPacket packet : h protocol = 1 command = TPNS_COMMAND_RECONNECT isResponse = false packetLength = 410
D/2019-12-03 17:09:29.498 [TpnsClient][TpnsClient] [4.32][com.dts.freefireth:xg_service_v4]:####Read one pkg with length = 35
D/2019-12-03 17:09:29.582 [TpnsClient][TpnsChannel] [4.32][com.dts.freefireth:xg_service_v4]:Action -> clientDidReceivePacket packet : g protocol = 1 command = TPNS_COMMAND_RECONNECT isResponse = true packetLength = 20
D/2019-12-03 17:09:29.606 [TpnsClient][TpnsChannel] [4.32][com.dts.freefireth:xg_service_v4]:Action -> clientDidReceivePacket RequestSuccRunnable NEV1 : g protocol = 1 command = TPNS_COMMAND_RECONNECT isResponse = true packetLength = 20
D/2019-12-03 17:09:29.680 [tpush.working.thread][PushServiceNetworkHandler] [4.32][com.dts.freefireth:xg_service_v4]:reconnCallback onResponse request:token: 03fff04496b00ca64380acef2def0ddee94f133e
deviceId: 461cd78e57077d4042d1f10aa4706adc
networkType: 1
unregInfoList: 0, []
recvMsgList: 0, []
mutableInfo: {
	ssid: "ASUS_A8"
	bssid: 04:92:26:66:a3:a8
	mac: 02:00:00:00:00:00
	wflist: 
}
deviceType: 0
msgClickList: null	sdkVersion: 4.32
reserved: {"new_mid":"03fff04496b00ca64380acef2def0ddee94f133e","new_mid_v":"4.07","app_accessids":[2100275588]}
connVersion: 4
guid: 9053918568
ts: 0
configVersion: -1
, responseCode:0, response:confVersion: 32
appOfflinePushMsgList: 0, []
timeUs: 1575371369667289

D/2019-12-03 17:09:29.717 [tpush.working.thread][PushServiceNetworkHandler] [4.32][com.dts.freefireth:xg_service_v4]:reconnCallback onResponse rsp==null?:false
W/2019-12-03 17:09:29.752 [TpnsClient][TPush] [4.32][com.dts.freefireth:xg_service_v4]:setAndAllowWhileIdle [class java.lang.Integer, class java.lang.Long, class android.app.PendingIntent]
D/2019-12-03 17:09:29.813 [tpush.working.thread][PushServiceNetworkHandler] [4.32][com.dts.freefireth:xg_service_v4]:loadIPList :32
V/2019-12-03 17:09:30.587 [main][TpnsChannel] [4.32][com.dts.freefireth:xg_service_v4]:Action -> checkAndSetupClient( tpnsClient = a(ip:203.205.254.117,port:8080,protocol:tcp), isClientCreating = false)
I/2019-12-03 17:09:46.930 [tpush.working.thread][PushServiceManager] [4.32][com.dts.freefireth:xg_service_v4]:main service pull up sloveSerice
D/2019-12-03 17:09:47.279 [tpush.working.thread][TPush] [4.32][com.dts.freefireth:xg_service_v4]:com.dts.freefireth.AUTH_XGPUSH,com.dts.freefireth,com.tencent.android.tpush.XGPushProvider
I/2019-12-03 17:09:47.298 [tpush.working.thread][TPush] [4.32][com.dts.freefireth:xg_service_v4]:heartbeat to com.dts.freefireth
W/2019-12-03 17:11:03.021 [main][Util] [4.32][com.dts.freefireth]:Util -> initGlobal can not find provider com.tencent.mid.api.MidProvider with authority com.dts.freefireth.TENCENT.MID.V3
W/2019-12-03 17:11:03.063 [main][Util] [4.32][com.dts.freefireth]:Maybe have not contentprovider: com.tencent.mid.api.MidProvider
I/2019-12-03 17:11:03.096 [main][TPush] [4.32][com.dts.freefireth]:XGPushProvider onCreate
I/2019-12-03 17:09:49.730 [tpush.working.thread][TPush] [4.32][com.dts.freefireth:xg_service_v4]:heartbeat com.dts.freefireth 
W/2019-12-03 17:09:50.525 [tpush.working.thread][Util] [4.32][com.dts.freefireth:xg_service_v4]:pullUpOtherServiceByProviderAndActivityJSONOject com.tencent.mtt:service
W/2019-12-03 17:09:50.640 [tpush.working.thread][Util] [4.32][com.dts.freefireth:xg_service_v4]:pullUpOtherServiceByProviderAndActivityJSONOject com.qq.xg4all:xg_vip_service
W/2019-12-03 17:09:50.666 [tpush.working.thread][Util] [4.32][com.dts.freefireth:xg_service_v4]:pullUpOtherServiceByProviderAndActivityJSONOject com.xiaotun.doorbell:xg_vip_service
W/2019-12-03 17:09:50.701 [tpush.working.thread][Util] [4.32][com.dts.freefireth:xg_service_v4]:pullUpOtherServiceByProviderAndActivityJSONOject com.yoosee:xg_vip_service
W/2019-12-03 17:09:50.727 [tpush.working.thread][Util] [4.32][com.dts.freefireth:xg_service_v4]:pullUpOtherServiceByProviderAndActivityJSONOject com.bcm.poc:xg_vip_service
W/2019-12-03 17:09:50.799 [tpush.working.thread][Util] [4.32][com.dts.freefireth:xg_service_v4]:pullUpOtherServiceByProviderAndActivityJSONOject com.wosai.cashbar.beta2:xg_vip_service
W/2019-12-03 17:09:50.827 [tpush.working.thread][Util] [4.32][com.dts.freefireth:xg_service_v4]:pullUpOtherServiceByProviderAndActivityJSONOject com.wosai.cashbar:xg_vip_service
I/2019-12-03 17:09:50.929 [tpush.working.thread][PushServiceManager] [4.32][com.dts.freefireth:xg_service_v4]:main service pull up sloveSerice
D/2019-12-03 17:09:51.327 [tpush.working.thread][TPush] [4.32][com.dts.freefireth:xg_service_v4]:com.dts.freefireth.AUTH_XGPUSH,com.dts.freefireth,com.tencent.android.tpush.XGPushProvider
I/2019-12-03 17:09:51.373 [tpush.working.thread][TPush] [4.32][com.dts.freefireth:xg_service_v4]:heartbeat to com.dts.freefireth
I/2019-12-03 17:09:51.926 [tpush.working.thread][TPush] [4.32][com.dts.freefireth:xg_service_v4]:heartbeat com.dts.freefireth 
W/2019-12-03 17:09:52.508 [tpush.working.thread][Util] [4.32][com.dts.freefireth:xg_service_v4]:pullUpOtherServiceByProviderAndActivityJSONOject com.tencent.mtt:service
W/2019-12-03 17:09:52.893 [tpush.working.thread][Util] [4.32][com.dts.freefireth:xg_service_v4]:pullUpOtherServiceByProviderAndActivityJSONOject com.qq.xg4all:xg_vip_service
W/2019-12-03 17:09:53.305 [tpush.working.thread][Util] [4.32][com.dts.freefireth:xg_service_v4]:pullUpOtherServiceByProviderAndActivityJSONOject com.xiaotun.doorbell:xg_vip_service
W/2019-12-03 17:09:53.470 [tpush.working.thread][Util] [4.32][com.dts.freefireth:xg_service_v4]:pullUpOtherServiceByProviderAndActivityJSONOject com.yoosee:xg_vip_service
W/2019-12-03 17:09:53.993 [tpush.working.thread][Util] [4.32][com.dts.freefireth:xg_service_v4]:pullUpOtherServiceByProviderAndActivityJSONOject com.bcm.poc:xg_vip_service
W/2019-12-03 17:09:54.063 [tpush.working.thread][Util] [4.32][com.dts.freefireth:xg_service_v4]:pullUpOtherServiceByProviderAndActivityJSONOject com.wosai.cashbar.beta2:xg_vip_service
W/2019-12-03 17:09:54.143 [tpush.working.thread][Util] [4.32][com.dts.freefireth:xg_service_v4]:pullUpOtherServiceByProviderAndActivityJSONOject com.wosai.cashbar:xg_vip_service
D/2019-12-03 17:12:02.813 [main][XGPushReceiver] [4.32][com.dts.freefireth:xg_service_v4]:PushReceiver received android.intent.action.ACTION_POWER_CONNECTED @@ com.dts.freefireth
V/2019-12-03 17:12:03.075 [main][TpnsChannel] [4.32][com.dts.freefireth:xg_service_v4]:Action -> checkAndSetupClient( tpnsClient = a(ip:203.205.254.117,port:8080,protocol:tcp), isClientCreating = false)
D/2019-12-03 17:12:16.427 [main][XGPushReceiver] [4.32][com.dts.freefireth:xg_service_v4]:PushReceiver received android.net.conn.CONNECTIVITY_CHANGE @@ com.dts.freefireth
D/2019-12-03 17:12:16.445 [main][OptimalLinkSelector] [4.32][com.dts.freefireth:xg_service_v4]:Connection state changed to - [type: WIFI[], state: CONNECTED/CONNECTED, reason: (unspecified), extra: "ASUS_A8", roaming: false, failover: false, isAvailable: true]
D/2019-12-03 17:12:16.454 [main][OptimalLinkSelector] [4.32][com.dts.freefireth:xg_service_v4]:Connected with network type WIFI
