W/2019-12-02 11:15:38.385 [main][Util] [4.32][com.dts.freefireth:xg_service_v4]:Util -> initGlobal can not find provider com.tencent.mid.api.MidProvider with authority com.dts.freefireth.TENCENT.MID.V3
W/2019-12-02 11:15:38.397 [main][Util] [4.32][com.dts.freefireth:xg_service_v4]:Maybe have not contentprovider: com.tencent.mid.api.MidProvider
V/2019-12-02 11:15:38.425 [main][PushServiceManager] [4.32][com.dts.freefireth:xg_service_v4]:bindService ret:true
D/2019-12-02 11:15:38.675 [main][XGPushService] [4.32][com.dts.freefireth:xg_service_v4]:reportLastServiceState {"srv_stime":1575254212045,"srv_etime":1575256559863,"srv_startTime":5,"srv_freason":[".keepalive",".keepalive",".keepalive",".keepalive",".keepalive"],"hb_suc":0,"hb_failed":0,"con_suc":1,"con_failed":0}
D/2019-12-02 11:15:38.945 [Thread-389][TPush] [4.32][com.dts.freefireth:xg_service_v4]:com.dts.freefireth.AUTH_XGPUSH,com.dts.freefireth,com.tencent.android.tpush.XGPushProvider
D/2019-12-02 11:15:38.989 [main][a] [4.32][com.dts.freefireth:xg_service_v4]:network chanced:Intent { act=android.net.conn.CONNECTIVITY_CHANGE flg=0x4000010 (has extras) }
D/2019-12-02 11:15:39.000 [main][OptimalLinkSelector] [4.32][com.dts.freefireth:xg_service_v4]:Connection state changed to - [type: WIFI[], state: CONNECTED/CONNECTED, reason: (unspecified), extra: "ASUS_A8", roaming: false, failover: false, isAvailable: true]
D/2019-12-02 11:15:39.008 [main][OptimalLinkSelector] [4.32][com.dts.freefireth:xg_service_v4]:Connected with network type WIFI
V/2019-12-02 11:15:39.164 [main][PushServiceManager] [4.32][com.dts.freefireth:xg_service_v4]:(ignore) running v4 service count 0
I/2019-12-02 11:15:39.172 [main][XGService] [4.32][com.dts.freefireth:xg_service_v4]:getSocketName: tencentxgpush
I/2019-12-02 11:15:39.186 [main][XGService] [4.32][com.dts.freefireth:xg_service_v4]:getSocketName: tencentxgpush
V/2019-12-02 11:15:39.199 [main][PushServiceManager] [4.32][com.dts.freefireth:xg_service_v4]:tryToKeepServiceAlive socketFinalName:17b8f414a85dd456a15585b41d7f686f03fff04496b00ca64380acef2def0ddee94f133e
I/2019-12-02 11:15:39.216 [main][f] [4.32][com.dts.freefireth:xg_service_v4]:is xg_service
I/2019-12-02 11:15:39.231 [main][PushServiceManager] [4.32][com.dts.freefireth:xg_service_v4]:start as main service......
I/2019-12-02 11:15:39.241 [main][PushServiceManager] [4.32][com.dts.freefireth:xg_service_v4]:Service's first running at com.dts.freefireth version : 4.32
I/2019-12-02 11:15:39.253 [main][a] [4.32][com.dts.freefireth:xg_service_v4]:handleServiceInited, beforeInitedIntents size:0
V/2019-12-02 11:15:39.294 [main][TpnsChannel] [4.32][com.dts.freefireth:xg_service_v4]:Action -> checkAndSetupClient( tpnsClient = null, isClientCreating = false)
D/2019-12-02 11:15:39.323 [tpush.working.thread][XGHorse] [4.32][com.dts.freefireth:xg_service_v4]:Action ->  createOptimalSocketChannel run
D/2019-12-02 11:15:39.335 [tpush.working.thread][XGHorse] [4.32][com.dts.freefireth:xg_service_v4]:Action ->  createOptimalSocketChannel run
D/2019-12-02 11:15:39.460 [tpush.working.thread][httpDns] [4.32][com.dts.freefireth:xg_service_v4]:cacheResult:{"ips":"203.205.254.169;203.205.254.117","ttl":300,"exp":1575254513933},diff:-9225509
W/2019-12-02 11:15:39.497 [tpush.working.thread][httpDns] [4.32][com.dts.freefireth:xg_service_v4]:cacheResult Exp.
D/2019-12-02 11:15:39.565 [main][TPush] [4.32][com.dts.freefireth:xg_service_v4]:com.dts.freefireth.AUTH_XGPUSH,com.dts.freefireth,com.tencent.android.tpush.XGPushProvider
D/2019-12-02 11:15:40.900 [tpush.working.thread][httpDns] [4.32][com.dts.freefireth:xg_service_v4]:getAddrByName line:3eeef9bfa6f89c85271d9e300f3c33953eeef9bfa6f89c85072c570b2bce139568bb18fa1cb96703
D/2019-12-02 11:15:40.946 [tpush.working.thread][httpDns] [4.32][com.dts.freefireth:xg_service_v4]:ttl:300,300
D/2019-12-02 11:15:40.999 [tpush.working.thread][httpDns] [4.32][com.dts.freefireth:xg_service_v4]:cacheResult:{"ips":"203.205.254.169;203.205.254.117","ttl":300,"exp":1575264040948},diff:299972
D/2019-12-02 11:15:41.015 [tpush.working.thread][SocketClient] [4.32][com.dts.freefireth:xg_service_v4]:use httpdns StrategyItem:203.205.254.169:80
D/2019-12-02 11:15:41.026 [tpush.working.thread][SocketClient] [4.32][com.dts.freefireth:xg_service_v4]:connect to 203.205.254.169:80
V/2019-12-02 11:15:41.282 [tpush.working.thread][TpnsChannel] [4.32][com.dts.freefireth:xg_service_v4]:ICreateSocketChannelCallback onSuccess(java.nio.SocketChannelImpl@a76ea0f,java.nio.SocketChannelImpl@a76ea0f)
I/2019-12-02 11:15:41.294 [tpush.working.thread][TpnsClient] [4.32][com.dts.freefireth:xg_service_v4]:Connect to Xinge Server succeed!
D/2019-12-02 11:15:41.589 [tpush.working.thread][TpnsChannel] [4.32][com.dts.freefireth:xg_service_v4]:Action -> sendReconnMessage with token - 03fff04496b00ca64380acef2def0ddee94f133e
V/2019-12-02 11:15:41.594 [main][TpnsChannel] [4.32][com.dts.freefireth:xg_service_v4]:Action -> checkAndSetupClient( tpnsClient = a(ip:203.205.254.169,port:80,protocol:tcp), isClientCreating = false)
V/2019-12-02 11:15:41.601 [tpush.working.thread][TpnsChannel] [4.32][com.dts.freefireth:xg_service_v4]:Action -> checkAndSetupClient( tpnsClient = a(ip:203.205.254.169,port:80,protocol:tcp), isClientCreating = false)
I/2019-12-02 11:15:41.624 [TpnsClient][TpnsClient] [4.32][com.dts.freefireth:xg_service_v4]:TpnsClient is running and ready for send and recevie msg.
D/2019-12-02 11:15:41.693 [TpnsClient][TpnsChannel] [4.32][com.dts.freefireth:xg_service_v4]:Action -> clientDidSendPacket packet : h protocol = 1 command = TPNS_COMMAND_RECONNECT isResponse = false packetLength = 410
D/2019-12-02 11:15:41.998 [TpnsClient][TpnsClient] [4.32][com.dts.freefireth:xg_service_v4]:####Read one pkg with length = 35
D/2019-12-02 11:15:42.083 [TpnsClient][TpnsChannel] [4.32][com.dts.freefireth:xg_service_v4]:Action -> clientDidReceivePacket packet : g protocol = 1 command = TPNS_COMMAND_RECONNECT isResponse = true packetLength = 20
D/2019-12-02 11:15:42.095 [TpnsClient][TpnsChannel] [4.32][com.dts.freefireth:xg_service_v4]:Action -> clientDidReceivePacket RequestSuccRunnable NEV1 : g protocol = 1 command = TPNS_COMMAND_RECONNECT isResponse = true packetLength = 20
W/2019-12-02 11:15:42.179 [TpnsClient][TPush] [4.32][com.dts.freefireth:xg_service_v4]:setAndAllowWhileIdle [class java.lang.Integer, class java.lang.Long, class android.app.PendingIntent]
D/2019-12-02 11:15:42.199 [tpush.working.thread][PushServiceNetworkHandler] [4.32][com.dts.freefireth:xg_service_v4]:reconnCallback onResponse request:token: 03fff04496b00ca64380acef2def0ddee94f133e
deviceId: 461cd78e57077d4042d1f10aa4706adc
networkType: 1
unregInfoList: 0, []
recvMsgList: 0, []
mutableInfo: {
	ssid: "ASUS_A8"
	bssid: 04:92:26:66:a3:a8
	mac: 02:00:00:00:00:00
	wflist: 
}
deviceType: 0
msgClickList: null	sdkVersion: 4.32
reserved: {"new_mid":"03fff04496b00ca64380acef2def0ddee94f133e","new_mid_v":"4.07","app_accessids":[2100275588]}
connVersion: 4
guid: 9053918568
ts: 0
configVersion: -1
, responseCode:0, response:confVersion: 32
appOfflinePushMsgList: 0, []
timeUs: 1575263742796007

D/2019-12-02 11:15:42.216 [tpush.working.thread][PushServiceNetworkHandler] [4.32][com.dts.freefireth:xg_service_v4]:reconnCallback onResponse rsp==null?:false
D/2019-12-02 11:15:42.244 [tpush.working.thread][PushServiceNetworkHandler] [4.32][com.dts.freefireth:xg_service_v4]:loadIPList :32
D/2019-12-02 11:15:42.336 [tpush.working.thread][PushServiceNetworkHandler] [4.32][com.dts.freefireth:xg_service_v4]:sendMessage TpnsGetApListReq:netInfo: {
	ip: 0
	network: 1
	op: 0
}

V/2019-12-02 11:15:42.346 [tpush.working.thread][TpnsChannel] [4.32][com.dts.freefireth:xg_service_v4]:Action -> checkAndSetupClient( tpnsClient = a(ip:203.205.254.169,port:80,protocol:tcp), isClientCreating = false)
D/2019-12-02 11:15:42.360 [TpnsClient][TpnsChannel] [4.32][com.dts.freefireth:xg_service_v4]:Action -> clientDidSendPacket packet : h protocol = 1 command = TPNS_COMMAND_GET_APLIST isResponse = false packetLength = 28
D/2019-12-02 11:15:42.813 [TpnsClient][TpnsClient] [4.32][com.dts.freefireth:xg_service_v4]:####Read one pkg with length = 146
D/2019-12-02 11:15:42.868 [TpnsClient][TpnsChannel] [4.32][com.dts.freefireth:xg_service_v4]:Action -> clientDidReceivePacket packet : g protocol = 1 command = TPNS_COMMAND_GET_APLIST isResponse = true packetLength = 131
D/2019-12-02 11:15:42.880 [TpnsClient][TpnsChannel] [4.32][com.dts.freefireth:xg_service_v4]:Action -> clientDidReceivePacket RequestSuccRunnable NEV1 : g protocol = 1 command = TPNS_COMMAND_GET_APLIST isResponse = true packetLength = 131
W/2019-12-02 11:15:42.897 [TpnsClient][TPush] [4.32][com.dts.freefireth:xg_service_v4]:setAndAllowWhileIdle [class java.lang.Integer, class java.lang.Long, class android.app.PendingIntent]
D/2019-12-02 11:15:42.913 [tpush.working.thread][TPush] [4.32][com.dts.freefireth:xg_service_v4]:apList.primary serverItem ip:203.205.146.122,port:14000
D/2019-12-02 11:15:43.009 [tpush.working.thread][TPush] [4.32][com.dts.freefireth:xg_service_v4]:apList.primary serverItem ip:203.205.146.122,port:8080
D/2019-12-02 11:15:43.032 [tpush.working.thread][TPush] [4.32][com.dts.freefireth:xg_service_v4]:apList.primary serverItem ip:203.205.146.122,port:443
D/2019-12-02 11:15:43.084 [tpush.working.thread][TPush] [4.32][com.dts.freefireth:xg_service_v4]:apList.primary serverItem ip:203.205.146.122,port:80
D/2019-12-02 11:15:43.127 [tpush.working.thread][TPush] [4.32][com.dts.freefireth:xg_service_v4]:apList.primary serverItem ip:203.205.146.122,port:14000
D/2019-12-02 11:15:43.147 [tpush.working.thread][TPush] [4.32][com.dts.freefireth:xg_service_v4]:apList.primary serverItem ip:203.205.146.122,port:8080
D/2019-12-02 11:15:43.168 [tpush.working.thread][TPush] [4.32][com.dts.freefireth:xg_service_v4]:apList.primary serverItem ip:203.205.146.122,port:443
D/2019-12-02 11:15:43.194 [tpush.working.thread][TPush] [4.32][com.dts.freefireth:xg_service_v4]:apList.primary serverItem ip:203.205.146.122,port:80
D/2019-12-02 11:15:43.219 [tpush.working.thread][TPush] [4.32][com.dts.freefireth:xg_service_v4]:apList.primary serverItem ip:203.205.146.122,port:14000
D/2019-12-02 11:15:43.233 [tpush.working.thread][TPush] [4.32][com.dts.freefireth:xg_service_v4]:apList.primary serverItem ip:203.205.146.122,port:8080
D/2019-12-02 11:15:43.255 [tpush.working.thread][TPush] [4.32][com.dts.freefireth:xg_service_v4]:apList.primary serverItem ip:203.205.146.122,port:443
D/2019-12-02 11:15:43.289 [tpush.working.thread][TPush] [4.32][com.dts.freefireth:xg_service_v4]:apList.primary serverItem ip:203.205.146.122,port:80
D/2019-12-02 11:15:43.312 [tpush.working.thread][TPush] [4.32][com.dts.freefireth:xg_service_v4]:apList.secondary serverItem ip:183.3.234.243,port:14000
D/2019-12-02 11:15:43.330 [tpush.working.thread][TPush] [4.32][com.dts.freefireth:xg_service_v4]:apList.secondary serverItem ip:183.3.234.243,port:8080
D/2019-12-02 11:15:43.352 [tpush.working.thread][TPush] [4.32][com.dts.freefireth:xg_service_v4]:apList.secondary serverItem ip:183.3.234.243,port:443
D/2019-12-02 11:15:43.367 [tpush.working.thread][TPush] [4.32][com.dts.freefireth:xg_service_v4]:apList.secondary serverItem ip:183.3.234.243,port:80
D/2019-12-02 11:15:43.407 [tpush.working.thread][TPush] [4.32][com.dts.freefireth:xg_service_v4]:apList.secondary serverItem ip:183.232.98.178,port:14000
D/2019-12-02 11:15:43.419 [tpush.working.thread][TPush] [4.32][com.dts.freefireth:xg_service_v4]:apList.secondary serverItem ip:183.232.98.178,port:8080
D/2019-12-02 11:15:43.436 [tpush.working.thread][TPush] [4.32][com.dts.freefireth:xg_service_v4]:apList.secondary serverItem ip:183.232.98.178,port:443
D/2019-12-02 11:15:43.464 [tpush.working.thread][TPush] [4.32][com.dts.freefireth:xg_service_v4]:apList.secondary serverItem ip:183.232.98.178,port:80
D/2019-12-02 11:15:43.489 [tpush.working.thread][TPush] [4.32][com.dts.freefireth:xg_service_v4]:apList.secondary serverItem ip:58.251.81.126,port:14000
D/2019-12-02 11:15:43.523 [tpush.working.thread][TPush] [4.32][com.dts.freefireth:xg_service_v4]:apList.secondary serverItem ip:58.251.81.126,port:8080
D/2019-12-02 11:15:43.566 [tpush.working.thread][TPush] [4.32][com.dts.freefireth:xg_service_v4]:apList.secondary serverItem ip:58.251.81.126,port:443
D/2019-12-02 11:15:43.604 [tpush.working.thread][TPush] [4.32][com.dts.freefireth:xg_service_v4]:apList.secondary serverItem ip:58.251.81.126,port:80
D/2019-12-02 11:15:44.020 [tpush.working.thread][TPush] [4.32][com.dts.freefireth:xg_service_v4]:apList.speedTestIpList serverItem ip:2056441291,port:14000
D/2019-12-02 11:15:44.033 [tpush.working.thread][TPush] [4.32][com.dts.freefireth:xg_service_v4]:apList.speedTestIpList serverItem ip:2056441291,port:8080
D/2019-12-02 11:15:44.053 [tpush.working.thread][TPush] [4.32][com.dts.freefireth:xg_service_v4]:apList.speedTestIpList serverItem ip:2056441291,port:443
D/2019-12-02 11:15:44.070 [tpush.working.thread][TPush] [4.32][com.dts.freefireth:xg_service_v4]:apList.speedTestIpList serverItem ip:2056441291,port:80
D/2019-12-02 11:15:44.093 [tpush.working.thread][TPush] [4.32][com.dts.freefireth:xg_service_v4]:apList.speedTestIpList serverItem ip:2056441291,port:14000
D/2019-12-02 11:15:44.104 [tpush.working.thread][TPush] [4.32][com.dts.freefireth:xg_service_v4]:apList.speedTestIpList serverItem ip:2056441291,port:8080
D/2019-12-02 11:15:44.116 [tpush.working.thread][TPush] [4.32][com.dts.freefireth:xg_service_v4]:apList.speedTestIpList serverItem ip:2056441291,port:443
D/2019-12-02 11:15:44.126 [tpush.working.thread][TPush] [4.32][com.dts.freefireth:xg_service_v4]:apList.speedTestIpList serverItem ip:2056441291,port:80
D/2019-12-02 11:15:44.141 [tpush.working.thread][TPush] [4.32][com.dts.freefireth:xg_service_v4]:apList.speedTestIpList serverItem ip:2056441291,port:14000
D/2019-12-02 11:15:44.154 [tpush.working.thread][TPush] [4.32][com.dts.freefireth:xg_service_v4]:apList.speedTestIpList serverItem ip:2056441291,port:8080
D/2019-12-02 11:15:44.169 [tpush.working.thread][TPush] [4.32][com.dts.freefireth:xg_service_v4]:apList.speedTestIpList serverItem ip:2056441291,port:443
D/2019-12-02 11:15:44.185 [tpush.working.thread][TPush] [4.32][com.dts.freefireth:xg_service_v4]:apList.speedTestIpList serverItem ip:2056441291,port:80
D/2019-12-02 11:15:44.197 [tpush.working.thread][TPush] [4.32][com.dts.freefireth:xg_service_v4]:apList.speedTestIpList serverItem ip:4092199863,port:14000
D/2019-12-02 11:15:44.207 [tpush.working.thread][TPush] [4.32][com.dts.freefireth:xg_service_v4]:apList.speedTestIpList serverItem ip:4092199863,port:8080
D/2019-12-02 11:15:44.220 [tpush.working.thread][TPush] [4.32][com.dts.freefireth:xg_service_v4]:apList.speedTestIpList serverItem ip:4092199863,port:443
D/2019-12-02 11:15:44.230 [tpush.working.thread][TPush] [4.32][com.dts.freefireth:xg_service_v4]:apList.speedTestIpList serverItem ip:4092199863,port:80
D/2019-12-02 11:15:44.242 [tpush.working.thread][TPush] [4.32][com.dts.freefireth:xg_service_v4]:apList.speedTestIpList serverItem ip:2119301946,port:14000
D/2019-12-02 11:15:44.258 [tpush.working.thread][TPush] [4.32][com.dts.freefireth:xg_service_v4]:apList.speedTestIpList serverItem ip:2119301946,port:8080
D/2019-12-02 11:15:44.270 [tpush.working.thread][TPush] [4.32][com.dts.freefireth:xg_service_v4]:apList.speedTestIpList serverItem ip:2119301946,port:443
D/2019-12-02 11:15:44.282 [tpush.working.thread][TPush] [4.32][com.dts.freefireth:xg_service_v4]:apList.speedTestIpList serverItem ip:2119301946,port:80
D/2019-12-02 11:15:44.295 [tpush.working.thread][TPush] [4.32][com.dts.freefireth:xg_service_v4]:apList.speedTestIpList serverItem ip:2992826551,port:14000
D/2019-12-02 11:15:44.307 [tpush.working.thread][TPush] [4.32][com.dts.freefireth:xg_service_v4]:apList.speedTestIpList serverItem ip:2992826551,port:8080
D/2019-12-02 11:15:44.319 [tpush.working.thread][TPush] [4.32][com.dts.freefireth:xg_service_v4]:apList.speedTestIpList serverItem ip:2992826551,port:443
D/2019-12-02 11:15:44.334 [tpush.working.thread][TPush] [4.32][com.dts.freefireth:xg_service_v4]:apList.speedTestIpList serverItem ip:2992826551,port:80
I/2019-12-02 11:15:59.324 [tpush.working.thread][PushServiceManager] [4.32][com.dts.freefireth:xg_service_v4]:main service pull up sloveSerice
D/2019-12-02 11:15:59.612 [tpush.working.thread][TPush] [4.32][com.dts.freefireth:xg_service_v4]:com.dts.freefireth.AUTH_XGPUSH,com.dts.freefireth,com.tencent.android.tpush.XGPushProvider
I/2019-12-02 11:15:59.627 [tpush.working.thread][TPush] [4.32][com.dts.freefireth:xg_service_v4]:heartbeat to com.dts.freefireth
I/2019-12-02 11:16:01.196 [tpush.working.thread][TPush] [4.32][com.dts.freefireth:xg_service_v4]:heartbeat com.dts.freefireth 
W/2019-12-02 11:20:26.170 [main][Util] [4.32][com.dts.freefireth]:Util -> initGlobal can not find provider com.tencent.mid.api.MidProvider with authority com.dts.freefireth.TENCENT.MID.V3
W/2019-12-02 11:20:26.178 [main][Util] [4.32][com.dts.freefireth]:Maybe have not contentprovider: com.tencent.mid.api.MidProvider
I/2019-12-02 11:20:26.187 [main][TPush] [4.32][com.dts.freefireth]:XGPushProvider onCreate
I/2019-12-02 11:20:26.227 [Binder_1][TPush] [4.32][com.dts.freefireth]:getType uri:content://com.dts.freefireth.AUTH_XGPUSH/heart,match:30
W/2019-12-02 11:16:01.372 [tpush.working.thread][Util] [4.32][com.dts.freefireth:xg_service_v4]:pullUpOtherServiceByProviderAndActivityJSONOject com.tencent.mtt:service
W/2019-12-02 11:16:01.410 [tpush.working.thread][Util] [4.32][com.dts.freefireth:xg_service_v4]:pullUpOtherServiceByProviderAndActivityJSONOject com.qq.xg4all:xg_vip_service
W/2019-12-02 11:16:01.458 [tpush.working.thread][Util] [4.32][com.dts.freefireth:xg_service_v4]:pullUpOtherServiceByProviderAndActivityJSONOject com.xiaotun.doorbell:xg_vip_service
W/2019-12-02 11:16:01.494 [tpush.working.thread][Util] [4.32][com.dts.freefireth:xg_service_v4]:pullUpOtherServiceByProviderAndActivityJSONOject com.yoosee:xg_vip_service
W/2019-12-02 11:16:01.518 [tpush.working.thread][Util] [4.32][com.dts.freefireth:xg_service_v4]:pullUpOtherServiceByProviderAndActivityJSONOject com.bcm.poc:xg_vip_service
W/2019-12-02 11:16:01.537 [tpush.working.thread][Util] [4.32][com.dts.freefireth:xg_service_v4]:pullUpOtherServiceByProviderAndActivityJSONOject com.wosai.cashbar.beta2:xg_vip_service
W/2019-12-02 11:16:01.587 [tpush.working.thread][Util] [4.32][com.dts.freefireth:xg_service_v4]:pullUpOtherServiceByProviderAndActivityJSONOject com.wosai.cashbar:xg_vip_service
D/2019-12-02 11:20:25.221 [main][TpnsChannel] [4.32][com.dts.freefireth:xg_service_v4]:Action -> send heartbeat 
V/2019-12-02 11:20:25.261 [main][TpnsChannel] [4.32][com.dts.freefireth:xg_service_v4]:Action -> checkAndSetupClient( tpnsClient = a(ip:203.205.254.169,port:80,protocol:tcp), isClientCreating = false)
W/2019-12-02 11:20:25.278 [main][TPush] [4.32][com.dts.freefireth:xg_service_v4]:setAndAllowWhileIdle [class java.lang.Integer, class java.lang.Long, class android.app.PendingIntent]
D/2019-12-02 11:20:25.397 [main][TPush] [4.32][com.dts.freefireth:xg_service_v4]:com.dts.freefireth.AUTH_XGPUSH,com.dts.freefireth,com.tencent.android.tpush.XGPushProvider
I/2019-12-02 11:20:25.411 [main][TPush] [4.32][com.dts.freefireth:xg_service_v4]:heartbeat to com.dts.freefireth
I/2019-12-02 11:20:26.285 [main][TPush] [4.32][com.dts.freefireth:xg_service_v4]:heartbeat com.dts.freefireth 
I/2019-12-02 11:20:26.311 [main][TpnsChannel] [4.32][com.dts.freefireth:xg_service_v4]:Service bi state {"srv_stime":1575263738518,"srv_etime":1575264026288,"srv_startTime":2,"srv_freason":[".keepalive",".keepalive"],"hb_suc":0,"hb_failed":0,"con_suc":1,"con_failed":0}
D/2019-12-02 11:20:26.559 [TpnsClient][TpnsClient] [4.32][com.dts.freefireth:xg_service_v4]:####Read one pkg with length = 61
D/2019-12-02 11:20:26.595 [TpnsClient][TpnsChannel] [4.32][com.dts.freefireth:xg_service_v4]:Action -> clientDidReceivePacket packet : g protocol = 1 command = TPNS_COMMAND_PUSH isResponse = false packetLength = 46
D/2019-12-02 11:20:26.619 [TpnsClient][TpnsChannel] [4.32][com.dts.freefireth:xg_service_v4]:Action -> clientDidReceivePacket PushMessageRunnable NEV1 : g protocol = 1 command = TPNS_COMMAND_PUSH isResponse = false packetLength = 46
W/2019-12-02 11:20:26.632 [TpnsClient][TPush] [4.32][com.dts.freefireth:xg_service_v4]:setAndAllowWhileIdle [class java.lang.Integer, class java.lang.Long, class android.app.PendingIntent]
V/2019-12-02 11:20:26.639 [tpush.working.thread][SrvMessageManager] [4.32][com.dts.freefireth:xg_service_v4]:receive msg from service msgId = 0 pkg =  size = 1
D/2019-12-02 11:20:26.658 [tpush.working.thread][SrvMessageManager] [4.32][com.dts.freefireth:xg_service_v4]:distributeFromServer : accid=0 ,channelId=0,busiId=0,pkg=,msgId=0,type=0,ts=0,multi=0,date=,serverTime=0,ttl=0, size = 1
V/2019-12-02 11:20:26.676 [tpush.working.thread][XGService] [4.32][com.dts.freefireth:xg_service_v4]:@@ msgServiceAck: Not add LocalMsg
D/2019-12-02 11:20:26.693 [tpush.working.thread][SrvMessageManager] [4.32][com.dts.freefireth:xg_service_v4]:>> messageDistribute, msg.appPkgName is null!
D/2019-12-02 11:26:06.164 [main][TpnsChannel] [4.32][com.dts.freefireth:xg_service_v4]:Action -> send heartbeat 
V/2019-12-02 11:26:06.172 [main][TpnsChannel] [4.32][com.dts.freefireth:xg_service_v4]:Action -> checkAndSetupClient( tpnsClient = a(ip:203.205.254.169,port:80,protocol:tcp), isClientCreating = false)
W/2019-12-02 11:26:06.181 [main][TPush] [4.32][com.dts.freefireth:xg_service_v4]:setAndAllowWhileIdle [class java.lang.Integer, class java.lang.Long, class android.app.PendingIntent]
D/2019-12-02 11:26:06.308 [main][TPush] [4.32][com.dts.freefireth:xg_service_v4]:com.dts.freefireth.AUTH_XGPUSH,com.dts.freefireth,com.tencent.android.tpush.XGPushProvider
I/2019-12-02 11:26:06.318 [main][TPush] [4.32][com.dts.freefireth:xg_service_v4]:heartbeat to com.dts.freefireth
I/2019-12-02 11:26:06.364 [main][TPush] [4.32][com.dts.freefireth:xg_service_v4]:heartbeat com.dts.freefireth 
I/2019-12-02 11:26:06.433 [main][TpnsChannel] [4.32][com.dts.freefireth:xg_service_v4]:Service bi state {"srv_stime":1575263738518,"srv_etime":1575264366365,"srv_startTime":2,"srv_freason":[".keepalive",".keepalive"],"hb_suc":0,"hb_failed":0,"con_suc":1,"con_failed":0}
D/2019-12-02 11:26:06.768 [TpnsClient][TpnsClient] [4.32][com.dts.freefireth:xg_service_v4]:####Read one pkg with length = 61
D/2019-12-02 11:26:06.823 [TpnsClient][TpnsChannel] [4.32][com.dts.freefireth:xg_service_v4]:Action -> clientDidReceivePacket packet : g protocol = 1 command = TPNS_COMMAND_PUSH isResponse = false packetLength = 46
D/2019-12-02 11:26:06.839 [TpnsClient][TpnsChannel] [4.32][com.dts.freefireth:xg_service_v4]:Action -> clientDidReceivePacket PushMessageRunnable NEV1 : g protocol = 1 command = TPNS_COMMAND_PUSH isResponse = false packetLength = 46
V/2019-12-02 11:26:06.859 [tpush.working.thread][SrvMessageManager] [4.32][com.dts.freefireth:xg_service_v4]:receive msg from service msgId = 0 pkg =  size = 1
W/2019-12-02 11:26:06.863 [TpnsClient][TPush] [4.32][com.dts.freefireth:xg_service_v4]:setAndAllowWhileIdle [class java.lang.Integer, class java.lang.Long, class android.app.PendingIntent]
D/2019-12-02 11:26:06.869 [tpush.working.thread][SrvMessageManager] [4.32][com.dts.freefireth:xg_service_v4]:distributeFromServer : accid=0 ,channelId=0,busiId=0,pkg=,msgId=0,type=0,ts=0,multi=0,date=,serverTime=0,ttl=0, size = 1
V/2019-12-02 11:26:06.877 [tpush.working.thread][XGService] [4.32][com.dts.freefireth:xg_service_v4]:@@ msgServiceAck: Not add LocalMsg
D/2019-12-02 11:26:06.884 [tpush.working.thread][SrvMessageManager] [4.32][com.dts.freefireth:xg_service_v4]:>> messageDistribute, msg.appPkgName is null!
D/2019-12-02 11:30:01.141 [main][TpnsChannel] [4.32][com.dts.freefireth:xg_service_v4]:Action -> send heartbeat 
V/2019-12-02 11:30:01.167 [main][TpnsChannel] [4.32][com.dts.freefireth:xg_service_v4]:Action -> checkAndSetupClient( tpnsClient = a(ip:203.205.254.169,port:80,protocol:tcp), isClientCreating = false)
W/2019-12-02 11:30:01.178 [main][TPush] [4.32][com.dts.freefireth:xg_service_v4]:setAndAllowWhileIdle [class java.lang.Integer, class java.lang.Long, class android.app.PendingIntent]
D/2019-12-02 11:30:01.279 [main][TPush] [4.32][com.dts.freefireth:xg_service_v4]:com.dts.freefireth.AUTH_XGPUSH,com.dts.freefireth,com.tencent.android.tpush.XGPushProvider
I/2019-12-02 11:30:01.288 [main][TPush] [4.32][com.dts.freefireth:xg_service_v4]:heartbeat to com.dts.freefireth
I/2019-12-02 11:30:02.095 [main][TPush] [4.32][com.dts.freefireth:xg_service_v4]:heartbeat com.dts.freefireth 
I/2019-12-02 11:30:02.141 [main][TpnsChannel] [4.32][com.dts.freefireth:xg_service_v4]:Service bi state {"srv_stime":1575263738518,"srv_etime":1575264602096,"srv_startTime":2,"srv_freason":[".keepalive",".keepalive"],"hb_suc":0,"hb_failed":0,"con_suc":1,"con_failed":0}
D/2019-12-02 11:30:03.163 [TpnsClient][TpnsClient] [4.32][com.dts.freefireth:xg_service_v4]:####Read one pkg with length = 61
D/2019-12-02 11:30:03.193 [TpnsClient][TpnsChannel] [4.32][com.dts.freefireth:xg_service_v4]:Action -> clientDidReceivePacket packet : g protocol = 1 command = TPNS_COMMAND_PUSH isResponse = false packetLength = 46
D/2019-12-02 11:30:03.201 [TpnsClient][TpnsChannel] [4.32][com.dts.freefireth:xg_service_v4]:Action -> clientDidReceivePacket PushMessageRunnable NEV1 : g protocol = 1 command = TPNS_COMMAND_PUSH isResponse = false packetLength = 46
W/2019-12-02 11:30:03.209 [TpnsClient][TPush] [4.32][com.dts.freefireth:xg_service_v4]:setAndAllowWhileIdle [class java.lang.Integer, class java.lang.Long, class android.app.PendingIntent]
V/2019-12-02 11:30:03.209 [tpush.working.thread][SrvMessageManager] [4.32][com.dts.freefireth:xg_service_v4]:receive msg from service msgId = 0 pkg =  size = 1
W/2019-12-02 11:30:01.939 [main][Util] [4.32][com.dts.freefireth]:Util -> initGlobal can not find provider com.tencent.mid.api.MidProvider with authority com.dts.freefireth.TENCENT.MID.V3
W/2019-12-02 11:30:01.947 [main][Util] [4.32][com.dts.freefireth]:Maybe have not contentprovider: com.tencent.mid.api.MidProvider
I/2019-12-02 11:30:01.955 [main][TPush] [4.32][com.dts.freefireth]:XGPushProvider onCreate
I/2019-12-02 11:30:01.993 [Binder_1][TPush] [4.32][com.dts.freefireth]:getType uri:content://com.dts.freefireth.AUTH_XGPUSH/heart,match:30
W/2019-12-02 11:32:07.015 [main][Util] [4.32][com.dts.freefireth]:Util -> initGlobal can not find provider com.tencent.mid.api.MidProvider with authority com.dts.freefireth.TENCENT.MID.V3
W/2019-12-02 11:32:07.022 [main][Util] [4.32][com.dts.freefireth]:Maybe have not contentprovider: com.tencent.mid.api.MidProvider
I/2019-12-02 11:32:07.030 [main][TPush] [4.32][com.dts.freefireth]:XGPushProvider onCreate
D/2019-12-02 11:30:03.223 [tpush.working.thread][SrvMessageManager] [4.32][com.dts.freefireth:xg_service_v4]:distributeFromServer : accid=0 ,channelId=0,busiId=0,pkg=,msgId=0,type=0,ts=0,multi=0,date=,serverTime=0,ttl=0, size = 1
V/2019-12-02 11:30:03.231 [tpush.working.thread][XGService] [4.32][com.dts.freefireth:xg_service_v4]:@@ msgServiceAck: Not add LocalMsg
D/2019-12-02 11:30:03.238 [tpush.working.thread][SrvMessageManager] [4.32][com.dts.freefireth:xg_service_v4]:>> messageDistribute, msg.appPkgName is null!
D/2019-12-02 11:30:42.410 [main][XGPushReceiver] [4.32][com.dts.freefireth:xg_service_v4]:PushReceiver received android.intent.action.ACTION_POWER_DISCONNECTED @@ com.dts.freefireth
V/2019-12-02 11:30:42.752 [main][TpnsChannel] [4.32][com.dts.freefireth:xg_service_v4]:Action -> checkAndSetupClient( tpnsClient = a(ip:203.205.254.169,port:80,protocol:tcp), isClientCreating = false)
D/2019-12-02 11:30:47.985 [main][XGPushReceiver] [4.32][com.dts.freefireth:xg_service_v4]:PushReceiver received android.intent.action.USER_PRESENT @@ com.dts.freefireth
V/2019-12-02 11:30:48.173 [main][TpnsChannel] [4.32][com.dts.freefireth:xg_service_v4]:Action -> checkAndSetupClient( tpnsClient = a(ip:203.205.254.169,port:80,protocol:tcp), isClientCreating = false)
D/2019-12-02 11:33:03.316 [main][TpnsChannel] [4.32][com.dts.freefireth:xg_service_v4]:Action -> send heartbeat 
V/2019-12-02 11:33:03.333 [main][TpnsChannel] [4.32][com.dts.freefireth:xg_service_v4]:Action -> checkAndSetupClient( tpnsClient = a(ip:203.205.254.169,port:80,protocol:tcp), isClientCreating = false)
W/2019-12-02 11:33:03.351 [main][TPush] [4.32][com.dts.freefireth:xg_service_v4]:setAndAllowWhileIdle [class java.lang.Integer, class java.lang.Long, class android.app.PendingIntent]
D/2019-12-02 11:33:03.461 [main][TPush] [4.32][com.dts.freefireth:xg_service_v4]:com.dts.freefireth.AUTH_XGPUSH,com.dts.freefireth,com.tencent.android.tpush.XGPushProvider
I/2019-12-02 11:33:03.475 [main][TPush] [4.32][com.dts.freefireth:xg_service_v4]:heartbeat to com.dts.freefireth
I/2019-12-02 11:33:03.534 [main][TPush] [4.32][com.dts.freefireth:xg_service_v4]:heartbeat com.dts.freefireth 
I/2019-12-02 11:33:03.670 [main][TpnsChannel] [4.32][com.dts.freefireth:xg_service_v4]:Service bi state {"srv_stime":1575263738518,"srv_etime":1575264783535,"srv_startTime":5,"srv_freason":[".keepalive",".keepalive",".keepalive",".keepalive",".start_slave"],"hb_suc":0,"hb_failed":0,"con_suc":1,"con_failed":0}
E/2019-12-02 11:33:56.715 [tpush.working.thread][a] [4.32][com.dts.freefireth:xg_service_v4]:@@ TpnsMessage.IEventListener.onMessageSendFailed 10107,TpnsMessage wait for response timeout!
E/2019-12-02 11:33:56.758 [TpnsClient][TpnsClient] [4.32][com.dts.freefireth:xg_service_v4]:<<< Run <<< exit!!! cancelled! 
V/2019-12-02 11:33:56.758 [tpush.working.thread][TpnsChannel] [4.32][com.dts.freefireth:xg_service_v4]:Action -> checkAndSetupClient( tpnsClient = null, isClientCreating = false)
E/2019-12-02 11:33:56.788 [TpnsClient][TpnsChannel] [4.32][com.dts.freefireth:xg_service_v4]:Action -> clientDidCancelled a(ip:203.205.254.169,port:80,protocol:tcp)
D/2019-12-02 11:33:56.795 [tpush.working.thread][XGHorse] [4.32][com.dts.freefireth:xg_service_v4]:Action ->  createOptimalSocketChannel run
D/2019-12-02 11:33:56.825 [tpush.working.thread][XGHorse] [4.32][com.dts.freefireth:xg_service_v4]:Action ->  createOptimalSocketChannel run
D/2019-12-02 11:33:56.921 [tpush.working.thread][httpDns] [4.32][com.dts.freefireth:xg_service_v4]:cacheResult:{"ips":"203.205.254.169;203.205.254.117","ttl":300,"exp":1575264040948},diff:-795942
W/2019-12-02 11:33:56.949 [tpush.working.thread][httpDns] [4.32][com.dts.freefireth:xg_service_v4]:cacheResult Exp.
D/2019-12-02 11:33:57.531 [tpush.working.thread][httpDns] [4.32][com.dts.freefireth:xg_service_v4]:getAddrByName line:3eeef9bfa6f89c851d78fc98210e80223eeef9bfa6f89c8584763a1edb85511368bb18fa1cb96703
D/2019-12-02 11:33:57.550 [tpush.working.thread][httpDns] [4.32][com.dts.freefireth:xg_service_v4]:ttl:300,300
D/2019-12-02 11:33:57.613 [tpush.working.thread][httpDns] [4.32][com.dts.freefireth:xg_service_v4]:cacheResult:{"ips":"203.205.254.117;203.205.254.169","ttl":300,"exp":1575265137552},diff:299948
D/2019-12-02 11:33:57.627 [tpush.working.thread][SocketClient] [4.32][com.dts.freefireth:xg_service_v4]:use httpdns StrategyItem:203.205.254.169:443
D/2019-12-02 11:33:57.647 [tpush.working.thread][SocketClient] [4.32][com.dts.freefireth:xg_service_v4]:connect to 203.205.254.169:443
V/2019-12-02 11:33:57.788 [tpush.working.thread][TpnsChannel] [4.32][com.dts.freefireth:xg_service_v4]:ICreateSocketChannelCallback onSuccess(java.nio.SocketChannelImpl@1c36ae1,java.nio.SocketChannelImpl@1c36ae1)
I/2019-12-02 11:33:57.801 [tpush.working.thread][TpnsClient] [4.32][com.dts.freefireth:xg_service_v4]:Connect to Xinge Server succeed!
D/2019-12-02 11:33:57.863 [tpush.working.thread][TpnsChannel] [4.32][com.dts.freefireth:xg_service_v4]:Action -> sendReconnMessage with token - 03fff04496b00ca64380acef2def0ddee94f133e
V/2019-12-02 11:33:57.878 [tpush.working.thread][TpnsChannel] [4.32][com.dts.freefireth:xg_service_v4]:Action -> checkAndSetupClient( tpnsClient = a(ip:203.205.254.169,port:443,protocol:tcp), isClientCreating = false)
I/2019-12-02 11:33:57.888 [TpnsClient][TpnsClient] [4.32][com.dts.freefireth:xg_service_v4]:TpnsClient is running and ready for send and recevie msg.
D/2019-12-02 11:33:57.901 [tpush.working.thread][TpnsChannel] [4.32][com.dts.freefireth:xg_service_v4]:onDisconnected and retry HANDLER_CHECKANDSETUP 2000 retry times = 1
E/2019-12-02 11:33:57.913 [TpnsClient][TpnsClient] [4.32][com.dts.freefireth:xg_service_v4]:<<< Run <<< exit!!! cancelled! 
E/2019-12-02 11:33:57.922 [TpnsClient][TpnsChannel] [4.32][com.dts.freefireth:xg_service_v4]:Action -> clientDidCancelled a(ip:203.205.254.169,port:443,protocol:tcp)
V/2019-12-02 11:33:59.915 [main][TpnsChannel] [4.32][com.dts.freefireth:xg_service_v4]:Action -> checkAndSetupClient( tpnsClient = null, isClientCreating = false)
D/2019-12-02 11:33:59.930 [tpush.working.thread][XGHorse] [4.32][com.dts.freefireth:xg_service_v4]:Action ->  createOptimalSocketChannel run
D/2019-12-02 11:33:59.942 [tpush.working.thread][XGHorse] [4.32][com.dts.freefireth:xg_service_v4]:Action ->  createOptimalSocketChannel run
D/2019-12-02 11:34:00.112 [tpush.working.thread][httpDns] [4.32][com.dts.freefireth:xg_service_v4]:cacheResult:{"ips":"203.205.254.117;203.205.254.169","ttl":300,"exp":1575265137552},diff:297450
D/2019-12-02 11:34:00.139 [tpush.working.thread][SocketClient] [4.32][com.dts.freefireth:xg_service_v4]:use httpdns StrategyItem:203.205.254.169:8080
D/2019-12-02 11:34:00.151 [tpush.working.thread][SocketClient] [4.32][com.dts.freefireth:xg_service_v4]:connect to 203.205.254.169:8080
V/2019-12-02 11:34:00.331 [tpush.working.thread][TpnsChannel] [4.32][com.dts.freefireth:xg_service_v4]:ICreateSocketChannelCallback onSuccess(java.nio.SocketChannelImpl@6c9ee8c,java.nio.SocketChannelImpl@6c9ee8c)
I/2019-12-02 11:34:00.356 [tpush.working.thread][TpnsClient] [4.32][com.dts.freefireth:xg_service_v4]:Connect to Xinge Server succeed!
D/2019-12-02 11:34:00.454 [tpush.working.thread][TpnsChannel] [4.32][com.dts.freefireth:xg_service_v4]:Action -> sendReconnMessage with token - 03fff04496b00ca64380acef2def0ddee94f133e
V/2019-12-02 11:34:00.468 [tpush.working.thread][TpnsChannel] [4.32][com.dts.freefireth:xg_service_v4]:Action -> checkAndSetupClient( tpnsClient = a(ip:203.205.254.169,port:8080,protocol:tcp), isClientCreating = false)
I/2019-12-02 11:34:00.484 [TpnsClient][TpnsClient] [4.32][com.dts.freefireth:xg_service_v4]:TpnsClient is running and ready for send and recevie msg.
D/2019-12-02 11:34:00.504 [TpnsClient][TpnsChannel] [4.32][com.dts.freefireth:xg_service_v4]:Action -> clientDidSendPacket packet : h protocol = 1 command = TPNS_COMMAND_RECONNECT isResponse = false packetLength = 410
D/2019-12-02 11:34:00.678 [TpnsClient][TpnsClient] [4.32][com.dts.freefireth:xg_service_v4]:####Read one pkg with length = 35
D/2019-12-02 11:34:00.715 [TpnsClient][TpnsChannel] [4.32][com.dts.freefireth:xg_service_v4]:Action -> clientDidReceivePacket packet : g protocol = 1 command = TPNS_COMMAND_RECONNECT isResponse = true packetLength = 20
D/2019-12-02 11:34:00.727 [TpnsClient][TpnsChannel] [4.32][com.dts.freefireth:xg_service_v4]:Action -> clientDidReceivePacket RequestSuccRunnable NEV1 : g protocol = 1 command = TPNS_COMMAND_RECONNECT isResponse = true packetLength = 20
D/2019-12-02 11:34:00.745 [tpush.working.thread][PushServiceNetworkHandler] [4.32][com.dts.freefireth:xg_service_v4]:reconnCallback onResponse request:token: 03fff04496b00ca64380acef2def0ddee94f133e
deviceId: 461cd78e57077d4042d1f10aa4706adc
networkType: 1
unregInfoList: 0, []
recvMsgList: 0, []
mutableInfo: {
	ssid: "ASUS_A8"
	bssid: 04:92:26:66:a3:a8
	mac: 02:00:00:00:00:00
	wflist: 
}
deviceType: 0
msgClickList: null	sdkVersion: 4.32
reserved: {"new_mid":"03fff04496b00ca64380acef2def0ddee94f133e","new_mid_v":"4.07","app_accessids":[2100275588]}
connVersion: 4
guid: 9053918568
ts: 0
configVersion: -1
, responseCode:0, response:confVersion: 32
appOfflinePushMsgList: 0, []
timeUs: 1575264841593016

W/2019-12-02 11:34:00.751 [TpnsClient][TPush] [4.32][com.dts.freefireth:xg_service_v4]:setAndAllowWhileIdle [class java.lang.Integer, class java.lang.Long, class android.app.PendingIntent]
D/2019-12-02 11:34:00.758 [tpush.working.thread][PushServiceNetworkHandler] [4.32][com.dts.freefireth:xg_service_v4]:reconnCallback onResponse rsp==null?:false
D/2019-12-02 11:34:00.771 [tpush.working.thread][PushServiceNetworkHandler] [4.32][com.dts.freefireth:xg_service_v4]:loadIPList :32
D/2019-12-02 11:34:52.880 [main][XGPushReceiver] [4.32][com.dts.freefireth:xg_service_v4]:PushReceiver received android.intent.action.ACTION_POWER_CONNECTED @@ com.dts.freefireth
V/2019-12-02 11:34:53.133 [main][TpnsChannel] [4.32][com.dts.freefireth:xg_service_v4]:Action -> checkAndSetupClient( tpnsClient = a(ip:203.205.254.169,port:8080,protocol:tcp), isClientCreating = false)
W/2019-12-02 11:45:19.484 [main][Util] [4.32][com.dts.freefireth]:Util -> initGlobal can not find provider com.tencent.mid.api.MidProvider with authority com.dts.freefireth.TENCENT.MID.V3
W/2019-12-02 11:45:19.500 [main][Util] [4.32][com.dts.freefireth]:Maybe have not contentprovider: com.tencent.mid.api.MidProvider
I/2019-12-02 11:45:19.597 [main][TPush] [4.32][com.dts.freefireth]:XGPushProvider onCreate
W/2019-12-02 11:46:09.029 [main][Util] [4.32][com.dts.freefireth:xg_service_v4]:Util -> initGlobal can not find provider com.tencent.mid.api.MidProvider with authority com.dts.freefireth.TENCENT.MID.V3
W/2019-12-02 11:46:09.067 [main][Util] [4.32][com.dts.freefireth:xg_service_v4]:Maybe have not contentprovider: com.tencent.mid.api.MidProvider
V/2019-12-02 11:46:09.125 [main][PushServiceManager] [4.32][com.dts.freefireth:xg_service_v4]:bindService ret:true
D/2019-12-02 11:46:09.600 [main][XGPushService] [4.32][com.dts.freefireth:xg_service_v4]:reportLastServiceState {"srv_stime":1575263738518,"srv_etime":1575264602096,"srv_startTime":2,"srv_freason":[".keepalive",".keepalive"],"hb_suc":0,"hb_failed":0,"con_suc":1,"con_failed":0}
D/2019-12-02 11:46:10.049 [Thread-673][TPush] [4.32][com.dts.freefireth:xg_service_v4]:com.dts.freefireth.AUTH_XGPUSH,com.dts.freefireth,com.tencent.android.tpush.XGPushProvider
D/2019-12-02 11:46:10.227 [main][a] [4.32][com.dts.freefireth:xg_service_v4]:network chanced:Intent { act=android.net.conn.CONNECTIVITY_CHANGE flg=0x4000010 (has extras) }
D/2019-12-02 11:46:10.242 [main][OptimalLinkSelector] [4.32][com.dts.freefireth:xg_service_v4]:Connection state changed to - [type: WIFI[], state: CONNECTED/CONNECTED, reason: (unspecified), extra: "ASUS_A8", roaming: false, failover: false, isAvailable: true]
D/2019-12-02 11:46:10.267 [main][OptimalLinkSelector] [4.32][com.dts.freefireth:xg_service_v4]:Connected with network type WIFI
V/2019-12-02 11:46:10.621 [main][PushServiceManager] [4.32][com.dts.freefireth:xg_service_v4]:(ignore) running v4 service count 0
I/2019-12-02 11:46:10.644 [main][XGService] [4.32][com.dts.freefireth:xg_service_v4]:getSocketName: tencentxgpush
I/2019-12-02 11:46:10.657 [main][XGService] [4.32][com.dts.freefireth:xg_service_v4]:getSocketName: tencentxgpush
V/2019-12-02 11:46:10.666 [main][PushServiceManager] [4.32][com.dts.freefireth:xg_service_v4]:tryToKeepServiceAlive socketFinalName:17b8f414a85dd456a15585b41d7f686f03fff04496b00ca64380acef2def0ddee94f133e
I/2019-12-02 11:46:10.828 [main][f] [4.32][com.dts.freefireth:xg_service_v4]:is xg_service
I/2019-12-02 11:46:10.858 [main][PushServiceManager] [4.32][com.dts.freefireth:xg_service_v4]:start as main service......
I/2019-12-02 11:46:10.871 [main][PushServiceManager] [4.32][com.dts.freefireth:xg_service_v4]:Service's first running at com.dts.freefireth version : 4.32
I/2019-12-02 11:46:10.886 [main][a] [4.32][com.dts.freefireth:xg_service_v4]:handleServiceInited, beforeInitedIntents size:0
V/2019-12-02 11:46:11.002 [main][TpnsChannel] [4.32][com.dts.freefireth:xg_service_v4]:Action -> checkAndSetupClient( tpnsClient = null, isClientCreating = false)
D/2019-12-02 11:46:11.040 [tpush.working.thread][XGHorse] [4.32][com.dts.freefireth:xg_service_v4]:Action ->  createOptimalSocketChannel run
D/2019-12-02 11:46:11.067 [tpush.working.thread][XGHorse] [4.32][com.dts.freefireth:xg_service_v4]:Action ->  createOptimalSocketChannel run
D/2019-12-02 11:46:11.283 [tpush.working.thread][httpDns] [4.32][com.dts.freefireth:xg_service_v4]:cacheResult:{"ips":"203.205.254.117;203.205.254.169","ttl":300,"exp":1575265137552},diff:-433681
D/2019-12-02 11:46:11.284 [main][TPush] [4.32][com.dts.freefireth:xg_service_v4]:com.dts.freefireth.AUTH_XGPUSH,com.dts.freefireth,com.tencent.android.tpush.XGPushProvider
W/2019-12-02 11:46:11.301 [tpush.working.thread][httpDns] [4.32][com.dts.freefireth:xg_service_v4]:cacheResult Exp.
D/2019-12-02 11:46:11.882 [tpush.working.thread][httpDns] [4.32][com.dts.freefireth:xg_service_v4]:getAddrByName line:3eeef9bfa6f89c85271d9e300f3c33953eeef9bfa6f89c85072c570b2bce139568bb18fa1cb96703
D/2019-12-02 11:46:11.959 [tpush.working.thread][httpDns] [4.32][com.dts.freefireth:xg_service_v4]:ttl:300,300
D/2019-12-02 11:46:12.153 [tpush.working.thread][httpDns] [4.32][com.dts.freefireth:xg_service_v4]:cacheResult:{"ips":"203.205.254.169;203.205.254.117","ttl":300,"exp":1575265871960},diff:299838
D/2019-12-02 11:46:12.200 [tpush.working.thread][SocketClient] [4.32][com.dts.freefireth:xg_service_v4]:use httpdns StrategyItem:203.205.254.169:14000
D/2019-12-02 11:46:12.238 [tpush.working.thread][SocketClient] [4.32][com.dts.freefireth:xg_service_v4]:connect to 203.205.254.169:14000
V/2019-12-02 11:46:12.444 [tpush.working.thread][TpnsChannel] [4.32][com.dts.freefireth:xg_service_v4]:ICreateSocketChannelCallback onSuccess(java.nio.SocketChannelImpl@6f88df9,java.nio.SocketChannelImpl@6f88df9)
I/2019-12-02 11:46:12.462 [tpush.working.thread][TpnsClient] [4.32][com.dts.freefireth:xg_service_v4]:Connect to Xinge Server succeed!
D/2019-12-02 11:46:12.723 [tpush.working.thread][TpnsChannel] [4.32][com.dts.freefireth:xg_service_v4]:Action -> sendReconnMessage with token - 03fff04496b00ca64380acef2def0ddee94f133e
V/2019-12-02 11:46:12.764 [tpush.working.thread][TpnsChannel] [4.32][com.dts.freefireth:xg_service_v4]:Action -> checkAndSetupClient( tpnsClient = a(ip:203.205.254.169,port:14000,protocol:tcp), isClientCreating = false)
I/2019-12-02 11:46:12.813 [TpnsClient][TpnsClient] [4.32][com.dts.freefireth:xg_service_v4]:TpnsClient is running and ready for send and recevie msg.
D/2019-12-02 11:46:12.866 [TpnsClient][TpnsChannel] [4.32][com.dts.freefireth:xg_service_v4]:Action -> clientDidSendPacket packet : h protocol = 1 command = TPNS_COMMAND_RECONNECT isResponse = false packetLength = 410
D/2019-12-02 11:46:13.088 [TpnsClient][TpnsClient] [4.32][com.dts.freefireth:xg_service_v4]:####Read one pkg with length = 35
V/2019-12-02 11:46:13.314 [main][TpnsChannel] [4.32][com.dts.freefireth:xg_service_v4]:Action -> checkAndSetupClient( tpnsClient = a(ip:203.205.254.169,port:14000,protocol:tcp), isClientCreating = false)
D/2019-12-02 11:46:13.320 [TpnsClient][TpnsChannel] [4.32][com.dts.freefireth:xg_service_v4]:Action -> clientDidReceivePacket packet : g protocol = 1 command = TPNS_COMMAND_RECONNECT isResponse = true packetLength = 20
D/2019-12-02 11:46:13.338 [TpnsClient][TpnsChannel] [4.32][com.dts.freefireth:xg_service_v4]:Action -> clientDidReceivePacket RequestSuccRunnable NEV1 : g protocol = 1 command = TPNS_COMMAND_RECONNECT isResponse = true packetLength = 20
D/2019-12-02 11:46:13.372 [tpush.working.thread][PushServiceNetworkHandler] [4.32][com.dts.freefireth:xg_service_v4]:reconnCallback onResponse request:token: 03fff04496b00ca64380acef2def0ddee94f133e
deviceId: 461cd78e57077d4042d1f10aa4706adc
networkType: 1
unregInfoList: 0, []
recvMsgList: 0, []
mutableInfo: {
	ssid: "ASUS_A8"
	bssid: 04:92:26:66:a3:a8
	mac: 02:00:00:00:00:00
	wflist: 
}
deviceType: 0
msgClickList: null	sdkVersion: 4.32
reserved: {"new_mid":"03fff04496b00ca64380acef2def0ddee94f133e","new_mid_v":"4.07","app_accessids":[2100275588]}
connVersion: 4
guid: 9053918568
ts: 0
configVersion: -1
, responseCode:0, response:confVersion: 32
appOfflinePushMsgList: 0, []
timeUs: 1575265573149437

D/2019-12-02 11:46:13.385 [tpush.working.thread][PushServiceNetworkHandler] [4.32][com.dts.freefireth:xg_service_v4]:reconnCallback onResponse rsp==null?:false
D/2019-12-02 11:46:13.403 [tpush.working.thread][PushServiceNetworkHandler] [4.32][com.dts.freefireth:xg_service_v4]:loadIPList :32
W/2019-12-02 11:46:13.508 [TpnsClient][TPush] [4.32][com.dts.freefireth:xg_service_v4]:setAndAllowWhileIdle [class java.lang.Integer, class java.lang.Long, class android.app.PendingIntent]
D/2019-12-02 11:46:16.904 [main][XGPushReceiver] [4.32][com.dts.freefireth:xg_service_v4]:PushReceiver received android.intent.action.USER_PRESENT @@ com.dts.freefireth
V/2019-12-02 11:46:17.157 [main][TpnsChannel] [4.32][com.dts.freefireth:xg_service_v4]:Action -> checkAndSetupClient( tpnsClient = a(ip:203.205.254.169,port:14000,protocol:tcp), isClientCreating = false)
I/2019-12-02 11:46:31.056 [tpush.working.thread][PushServiceManager] [4.32][com.dts.freefireth:xg_service_v4]:main service pull up sloveSerice
D/2019-12-02 11:46:31.193 [tpush.working.thread][TPush] [4.32][com.dts.freefireth:xg_service_v4]:com.dts.freefireth.AUTH_XGPUSH,com.dts.freefireth,com.tencent.android.tpush.XGPushProvider
I/2019-12-02 11:46:31.207 [tpush.working.thread][TPush] [4.32][com.dts.freefireth:xg_service_v4]:heartbeat to com.dts.freefireth
I/2019-12-02 11:46:31.463 [tpush.working.thread][TPush] [4.32][com.dts.freefireth:xg_service_v4]:heartbeat com.dts.freefireth 
W/2019-12-02 11:46:31.837 [tpush.working.thread][Util] [4.32][com.dts.freefireth:xg_service_v4]:pullUpOtherServiceByProviderAndActivityJSONOject com.tencent.mtt:service
W/2019-12-02 11:46:31.956 [tpush.working.thread][Util] [4.32][com.dts.freefireth:xg_service_v4]:pullUpOtherServiceByProviderAndActivityJSONOject com.qq.xg4all:xg_vip_service
W/2019-12-02 11:46:31.985 [tpush.working.thread][Util] [4.32][com.dts.freefireth:xg_service_v4]:pullUpOtherServiceByProviderAndActivityJSONOject com.xiaotun.doorbell:xg_vip_service
W/2019-12-02 11:46:31.999 [tpush.working.thread][Util] [4.32][com.dts.freefireth:xg_service_v4]:pullUpOtherServiceByProviderAndActivityJSONOject com.yoosee:xg_vip_service
W/2019-12-02 11:46:32.013 [tpush.working.thread][Util] [4.32][com.dts.freefireth:xg_service_v4]:pullUpOtherServiceByProviderAndActivityJSONOject com.bcm.poc:xg_vip_service
W/2019-12-02 11:46:32.038 [tpush.working.thread][Util] [4.32][com.dts.freefireth:xg_service_v4]:pullUpOtherServiceByProviderAndActivityJSONOject com.wosai.cashbar.beta2:xg_vip_service
W/2019-12-02 11:46:32.056 [tpush.working.thread][Util] [4.32][com.dts.freefireth:xg_service_v4]:pullUpOtherServiceByProviderAndActivityJSONOject com.wosai.cashbar:xg_vip_service
D/2019-12-02 11:46:40.359 [TpnsClient][TpnsClient] [4.32][com.dts.freefireth:xg_service_v4]:####Read one pkg with length = 108
D/2019-12-02 11:46:40.638 [TpnsClient][TpnsChannel] [4.32][com.dts.freefireth:xg_service_v4]:Action -> clientDidReceivePacket packet : g protocol = 1 command = TPNS_COMMAND_REGISTER isResponse = true packetLength = 93
D/2019-12-02 11:46:40.648 [TpnsClient][TpnsChannel] [4.32][com.dts.freefireth:xg_service_v4]:Action -> clientDidReceivePacket RequestSuccRunnable NEV1 : g protocol = 1 command = TPNS_COMMAND_REGISTER isResponse = true packetLength = 93
W/2019-12-02 11:46:40.661 [TpnsClient][TPush] [4.32][com.dts.freefireth:xg_service_v4]:setAndAllowWhileIdle [class java.lang.Integer, class java.lang.Long, class android.app.PendingIntent]
D/2019-12-02 11:46:40.685 [TpnsClient][TpnsClient] [4.32][com.dts.freefireth:xg_service_v4]:####Read one pkg with length = 33
D/2019-12-02 11:46:40.860 [tpush.working.thread][a] [4.32][com.dts.freefireth:xg_service_v4]:>> Register [accId = 2100275588 , packName = com.dts.freefireth , rsp = 446]
D/2019-12-02 11:46:41.044 [TpnsClient][TpnsChannel] [4.32][com.dts.freefireth:xg_service_v4]:Action -> clientDidReceivePacket packet : g protocol = 1 command = TPNS_COMMAND_PUSH isResponse = false packetLength = 18
D/2019-12-02 11:46:41.054 [TpnsClient][TpnsChannel] [4.32][com.dts.freefireth:xg_service_v4]:Action -> clientDidReceivePacket PushMessageRunnable NEV1 : g protocol = 1 command = TPNS_COMMAND_PUSH isResponse = false packetLength = 18
W/2019-12-02 11:46:41.069 [TpnsClient][TPush] [4.32][com.dts.freefireth:xg_service_v4]:setAndAllowWhileIdle [class java.lang.Integer, class java.lang.Long, class android.app.PendingIntent]
I/2019-12-02 11:46:41.100 [tpush.working.thread][a] [4.32][com.dts.freefireth:xg_service_v4]:binder other push token with accid = 2100275588  token = 03fff04496b00ca64380acef2def0ddee94f133e otherPushType = fcm otherPushToken = eWi4eiJT5PU:APA91bHwBmWv_fWK2yE6FsohOYSBa6P3uZNKjC9i9_ZdEBH40CikLO-0hxotUYzg9byY6sMfSemHYo4jLWw3i5RtLESzuev8hCzp59OYv7Ct6oaAOoRT9nxPqW2eVs896M2JlzbfytgQ
I/2019-12-02 11:46:41.109 [tpush.working.thread][a] [4.32][com.dts.freefireth:xg_service_v4]:Already binder other push succeed token with accid = 2100275588  token = 03fff04496b00ca64380acef2def0ddee94f133e otherPushType = fcm otherPushToken = eWi4eiJT5PU:APA91bHwBmWv_fWK2yE6FsohOYSBa6P3uZNKjC9i9_ZdEBH40CikLO-0hxotUYzg9byY6sMfSemHYo4jLWw3i5RtLESzuev8hCzp59OYv7Ct6oaAOoRT9nxPqW2eVs896M2JlzbfytgQ
E/2019-12-02 11:47:01.516 [TpnsClient][TpnsClient] [4.32][com.dts.freefireth:xg_service_v4]:<<< Run <<< socketChannel IOException
* Exception : 
java.net.SocketException: recvfrom failed: ETIMEDOUT (Connection timed out)
	at libcore.io.IoBridge.maybeThrowAfterRecvfrom(IoBridge.java:625)
	at libcore.io.IoBridge.recvfrom(IoBridge.java:599)
	at java.nio.SocketChannelImpl.readImpl(SocketChannelImpl.java:342)
	at java.nio.SocketChannelImpl.read(SocketChannelImpl.java:304)
	at com.tencent.android.tpush.service.channel.a.a.run(ProGuard:225)
Caused by: android.system.ErrnoException: recvfrom failed: ETIMEDOUT (Connection timed out)
	at libcore.io.Posix.recvfromBytes(Native Method)
	at libcore.io.Posix.recvfrom(Posix.java:179)
	at libcore.io.BlockGuardOs.recvfrom(BlockGuardOs.java:245)
	at libcore.io.IoBridge.recvfrom(IoBridge.java:596)
	... 3 more

E/2019-12-02 11:47:01.878 [TpnsClient][TpnsClient] [4.32][com.dts.freefireth:xg_service_v4]:delegate.clientExceptionOccurs <<< Run <<< exit!!! cause: com.tencent.android.tpush.service.channel.exception.ChannelException: TpnsClientIO
E/2019-12-02 11:47:01.909 [TpnsClient][TpnsChannel] [4.32][com.dts.freefireth:xg_service_v4]:clientExceptionOccurs(isHttpClient : false,com.tencent.android.tpush.service.channel.exception.ChannelException: TpnsClientIO)
I/2019-12-02 11:47:26.835 [main][PushServiceManager] [4.32][com.dts.freefireth:xg_service_v4]:Action -> stop Current Connect
W/2019-12-02 11:47:27.107 [main][Util] [4.32][com.dts.freefireth:xg_service_v4]:Util -> initGlobal can not find provider com.tencent.mid.api.MidProvider with authority com.dts.freefireth.TENCENT.MID.V3
W/2019-12-02 11:47:27.113 [main][Util] [4.32][com.dts.freefireth:xg_service_v4]:Maybe have not contentprovider: com.tencent.mid.api.MidProvider
V/2019-12-02 11:47:27.137 [main][PushServiceManager] [4.32][com.dts.freefireth:xg_service_v4]:bindService ret:true
D/2019-12-02 11:47:27.208 [main][XGPushService] [4.32][com.dts.freefireth:xg_service_v4]:reportLastServiceState {"srv_stime":1575265569331,"srv_etime":1575265621912,"srv_startTime":4,"srv_freason":[".keepalive",".keepalive",".keepalive",".start_slave"],"hb_suc":0,"hb_failed":0,"con_suc":1,"con_failed":1,"con_freason":[{"errorCode":10103,"np":-1}]}
D/2019-12-02 11:47:27.381 [Thread-880][TPush] [4.32][com.dts.freefireth:xg_service_v4]:com.dts.freefireth.AUTH_XGPUSH,com.dts.freefireth,com.tencent.android.tpush.XGPushProvider
D/2019-12-02 11:47:27.422 [main][a] [4.32][com.dts.freefireth:xg_service_v4]:network chanced:Intent { act=android.net.conn.CONNECTIVITY_CHANGE flg=0x4000010 (has extras) }
D/2019-12-02 11:47:27.435 [main][OptimalLinkSelector] [4.32][com.dts.freefireth:xg_service_v4]:Connection state changed to - [type: WIFI[], state: DISCONNECTED/DISCONNECTED, reason: (unspecified), extra: <unknown ssid>, roaming: false, failover: false, isAvailable: true]
D/2019-12-02 11:47:27.444 [main][OptimalLinkSelector] [4.32][com.dts.freefireth:xg_service_v4]:DisConnected with network type WIFI
I/2019-12-02 11:47:27.505 [main][PushServiceManager] [4.32][com.dts.freefireth:xg_service_v4]:Action -> stop Current Connect
V/2019-12-02 11:47:27.556 [main][PushServiceManager] [4.32][com.dts.freefireth:xg_service_v4]:(ignore) running v4 service count 0
I/2019-12-02 11:47:27.568 [main][XGService] [4.32][com.dts.freefireth:xg_service_v4]:getSocketName: tencentxgpush
I/2019-12-02 11:47:27.579 [main][XGService] [4.32][com.dts.freefireth:xg_service_v4]:getSocketName: tencentxgpush
V/2019-12-02 11:47:27.600 [main][PushServiceManager] [4.32][com.dts.freefireth:xg_service_v4]:tryToKeepServiceAlive socketFinalName:17b8f414a85dd456a15585b41d7f686f03fff04496b00ca64380acef2def0ddee94f133e
I/2019-12-02 11:47:27.621 [main][f] [4.32][com.dts.freefireth:xg_service_v4]:is xg_service
I/2019-12-02 11:47:27.634 [main][PushServiceManager] [4.32][com.dts.freefireth:xg_service_v4]:start as main service......
I/2019-12-02 11:47:27.642 [main][PushServiceManager] [4.32][com.dts.freefireth:xg_service_v4]:Service's first running at com.dts.freefireth version : 4.32
I/2019-12-02 11:47:27.652 [main][a] [4.32][com.dts.freefireth:xg_service_v4]:handleServiceInited, beforeInitedIntents size:0
V/2019-12-02 11:47:27.671 [main][TpnsChannel] [4.32][com.dts.freefireth:xg_service_v4]:Action -> checkAndSetupClient( tpnsClient = null, isClientCreating = false)
D/2019-12-02 11:47:27.693 [tpush.working.thread][XGHorse] [4.32][com.dts.freefireth:xg_service_v4]:Action ->  createOptimalSocketChannel run
D/2019-12-02 11:47:27.705 [tpush.working.thread][XGHorse] [4.32][com.dts.freefireth:xg_service_v4]:Action ->  createOptimalSocketChannel run
D/2019-12-02 11:47:27.769 [tpush.working.thread][httpDns] [4.32][com.dts.freefireth:xg_service_v4]:cacheResult:{"ips":"203.205.254.169;203.205.254.117","ttl":300,"exp":1575265871960},diff:224199
D/2019-12-02 11:47:27.780 [tpush.working.thread][SocketClient] [4.32][com.dts.freefireth:xg_service_v4]:use httpdns StrategyItem:203.205.254.117:8080
D/2019-12-02 11:47:27.788 [tpush.working.thread][SocketClient] [4.32][com.dts.freefireth:xg_service_v4]:connect to 203.205.254.117:8080
E/2019-12-02 11:47:27.836 [tpush.working.thread][SocketClient] [4.32][com.dts.freefireth:xg_service_v4]:socket connect error
* Exception : 
java.net.ConnectException: failed to connect to /203.205.254.117 (port 8080) after 30000ms: connect failed: ENETUNREACH (Network is unreachable)
	at libcore.io.IoBridge.connect(IoBridge.java:129)
	at java.net.PlainSocketImpl.connect(PlainSocketImpl.java:188)
	at java.net.PlainSocketImpl.connect(PlainSocketImpl.java:457)
	at java.net.Socket.connect(Socket.java:927)
	at java.nio.SocketChannelImpl$SocketAdapter.connect(SocketChannelImpl.java:531)
	at com.tencent.android.tpush.horse.e.a(ProGuard:134)
	at com.tencent.android.tpush.horse.d$1.run(ProGuard:107)
	at android.os.Handler.handleCallback(Handler.java:815)
	at android.os.Handler.dispatchMessage(Handler.java:104)
	at android.os.Looper.loop(Looper.java:207)
	at android.os.HandlerThread.run(HandlerThread.java:61)
Caused by: android.system.ErrnoException: connect failed: ENETUNREACH (Network is unreachable)
	at libcore.io.Posix.connect(Native Method)
	at libcore.io.BlockGuardOs.connect(BlockGuardOs.java:111)
	at libcore.io.IoBridge.connectErrno(IoBridge.java:170)
	at libcore.io.IoBridge.connect(IoBridge.java:127)
	... 10 more

E/2019-12-02 11:47:27.848 [tpush.working.thread][SocketClient] [4.32][com.dts.freefireth:xg_service_v4]:notifyFail
* Exception : 
java.util.NoSuchElementException
	at java.util.AbstractQueue.remove(AbstractQueue.java:88)
	at com.tencent.android.tpush.horse.e.d(ProGuard:222)
	at com.tencent.android.tpush.horse.e.a(ProGuard:142)
	at com.tencent.android.tpush.horse.d$1.run(ProGuard:107)
	at android.os.Handler.handleCallback(Handler.java:815)
	at android.os.Handler.dispatchMessage(Handler.java:104)
	at android.os.Looper.loop(Looper.java:207)
	at android.os.HandlerThread.run(HandlerThread.java:61)

E/2019-12-02 11:47:27.858 [tpush.working.thread][XGHorse] [4.32][com.dts.freefireth:xg_service_v4]:createOptimalSocketChannel error
* Exception : 
com.tencent.android.tpush.service.channel.exception.HorseIgnoreException: null
	at com.tencent.android.tpush.horse.e.a(ProGuard:144)
	at com.tencent.android.tpush.horse.d$1.run(ProGuard:107)
	at android.os.Handler.handleCallback(Handler.java:815)
	at android.os.Handler.dispatchMessage(Handler.java:104)
	at android.os.Looper.loop(Looper.java:207)
	at android.os.HandlerThread.run(HandlerThread.java:61)
Caused by: java.net.ConnectException: failed to connect to /203.205.254.117 (port 8080) after 30000ms: connect failed: ENETUNREACH (Network is unreachable)
	at libcore.io.IoBridge.connect(IoBridge.java:129)
	at java.net.PlainSocketImpl.connect(PlainSocketImpl.java:188)
	at java.net.PlainSocketImpl.connect(PlainSocketImpl.java:457)
	at java.net.Socket.connect(Socket.java:927)
	at java.nio.SocketChannelImpl$SocketAdapter.connect(SocketChannelImpl.java:531)
	at com.tencent.android.tpush.horse.e.a(ProGuard:134)
	... 5 more
Caused by: android.system.ErrnoException: connect failed: ENETUNREACH (Network is unreachable)
	at libcore.io.Posix.connect(Native Method)
	at libcore.io.BlockGuardOs.connect(BlockGuardOs.java:111)
	at libcore.io.IoBridge.connectErrno(IoBridge.java:170)
	at libcore.io.IoBridge.connect(IoBridge.java:127)
	... 10 more

E/2019-12-02 11:47:27.869 [tpush.working.thread][TpnsChannel] [4.32][com.dts.freefireth:xg_service_v4]:ICreateSocketChannelCallback onFailure(10101,create tcp channel fail!)
W/2019-12-02 11:47:48.486 [main][Util] [4.32][com.dts.freefireth]:Util -> initGlobal can not find provider com.tencent.mid.api.MidProvider with authority com.dts.freefireth.TENCENT.MID.V3
W/2019-12-02 11:47:48.494 [main][Util] [4.32][com.dts.freefireth]:Maybe have not contentprovider: com.tencent.mid.api.MidProvider
I/2019-12-02 11:47:48.502 [main][TPush] [4.32][com.dts.freefireth]:XGPushProvider onCreate
I/2019-12-02 11:47:48.537 [Binder_1][TPush] [4.32][com.dts.freefireth]:getType uri:content://com.dts.freefireth.AUTH_XGPUSH/heart,match:30
