W/2019-12-02 13:59:18.897 [TpnsClient][TPush] [4.32][com.dts.freefireth:xg_service_v4]:setAndAllowWhileIdle [class java.lang.Integer, class java.lang.Long, class android.app.PendingIntent]
D/2019-12-02 13:59:18.907 [tpush.working.thread][PushServiceNetworkHandler] [4.32][com.dts.freefireth:xg_service_v4]:reconnCallback onResponse rsp==null?:false
D/2019-12-02 13:59:18.913 [tpush.working.thread][PushServiceNetworkHandler] [4.32][com.dts.freefireth:xg_service_v4]:loadIPList :32
D/2019-12-02 13:59:19.016 [TpnsClient][TpnsClient] [4.32][com.dts.freefireth:xg_service_v4]:####Read one pkg with length = 23
D/2019-12-02 13:59:19.038 [TpnsClient][TpnsChannel] [4.32][com.dts.freefireth:xg_service_v4]:Action -> clientDidReceivePacket packet : g protocol = 1 command = TPNS_COMMAND_TAG isResponse = true packetLength = 8
D/2019-12-02 13:59:19.047 [TpnsClient][TpnsChannel] [4.32][com.dts.freefireth:xg_service_v4]:Action -> clientDidReceivePacket RequestSuccRunnable NEV1 : g protocol = 1 command = TPNS_COMMAND_TAG isResponse = true packetLength = 8
W/2019-12-02 13:59:19.054 [TpnsClient][TPush] [4.32][com.dts.freefireth:xg_service_v4]:setAndAllowWhileIdle [class java.lang.Integer, class java.lang.Long, class android.app.PendingIntent]
I/2019-12-02 13:59:19.055 [tpush.working.thread][a] [4.32][com.dts.freefireth:xg_service_v4]:Set tag ack success  [accId = 2100275588 , tagtype = 6 , tagName = in_clan_True language_en environment_live first_time_paid_True region_IND, tagReserved = , packName = com.dts.freefireth , rsp = 235]
D/2019-12-02 13:59:30.925 [tpush.working.thread][PushServiceNetworkHandler] [4.32][com.dts.freefireth:xg_service_v4]:Action -> sendTag to server (2100275588,com.dts.freefireth)
V/2019-12-02 13:59:30.933 [tpush.working.thread][TpnsChannel] [4.32][com.dts.freefireth:xg_service_v4]:Action -> checkAndSetupClient( tpnsClient = a(ip:203.205.254.169,port:14000,protocol:tcp), isClientCreating = false)
D/2019-12-02 13:59:30.943 [TpnsClient][TpnsChannel] [4.32][com.dts.freefireth:xg_service_v4]:Action -> clientDidSendPacket packet : h protocol = 1 command = TPNS_COMMAND_TAG isResponse = false packetLength = 107
D/2019-12-02 13:59:31.092 [TpnsClient][TpnsClient] [4.32][com.dts.freefireth:xg_service_v4]:####Read one pkg with length = 23
D/2019-12-02 13:59:31.109 [TpnsClient][TpnsChannel] [4.32][com.dts.freefireth:xg_service_v4]:Action -> clientDidReceivePacket packet : g protocol = 1 command = TPNS_COMMAND_TAG isResponse = true packetLength = 8
D/2019-12-02 13:59:31.119 [TpnsClient][TpnsChannel] [4.32][com.dts.freefireth:xg_service_v4]:Action -> clientDidReceivePacket RequestSuccRunnable NEV1 : g protocol = 1 command = TPNS_COMMAND_TAG isResponse = true packetLength = 8
W/2019-12-02 13:59:31.143 [TpnsClient][TPush] [4.32][com.dts.freefireth:xg_service_v4]:setAndAllowWhileIdle [class java.lang.Integer, class java.lang.Long, class android.app.PendingIntent]
I/2019-12-02 13:59:31.143 [tpush.working.thread][a] [4.32][com.dts.freefireth:xg_service_v4]:Set tag ack success  [accId = 2100275588 , tagtype = 6 , tagName = in_clan_True language_en environment_live region_IND first_time_paid_False, tagReserved = , packName = com.dts.freefireth , rsp = 176]
D/2019-12-02 14:02:31.136 [main][TpnsChannel] [4.32][com.dts.freefireth:xg_service_v4]:Action -> send heartbeat 
V/2019-12-02 14:02:31.148 [main][TpnsChannel] [4.32][com.dts.freefireth:xg_service_v4]:Action -> checkAndSetupClient( tpnsClient = a(ip:203.205.254.169,port:14000,protocol:tcp), isClientCreating = false)
W/2019-12-02 14:02:31.161 [main][TPush] [4.32][com.dts.freefireth:xg_service_v4]:setAndAllowWhileIdle [class java.lang.Integer, class java.lang.Long, class android.app.PendingIntent]
D/2019-12-02 14:02:31.281 [main][TPush] [4.32][com.dts.freefireth:xg_service_v4]:com.dts.freefireth.AUTH_XGPUSH,com.dts.freefireth,com.tencent.android.tpush.XGPushProvider
I/2019-12-02 14:02:31.293 [main][TPush] [4.32][com.dts.freefireth:xg_service_v4]:heartbeat to com.dts.freefireth
I/2019-12-02 14:02:31.357 [main][TPush] [4.32][com.dts.freefireth:xg_service_v4]:heartbeat com.dts.freefireth 
I/2019-12-02 14:02:31.384 [main][TpnsChannel] [4.32][com.dts.freefireth:xg_service_v4]:Service bi state {"srv_stime":1575265647176,"srv_etime":1575273751358,"srv_startTime":7,"srv_freason":[".stop_connect",".stop_connect",".keepalive",".keepalive",".keepalive",".keepalive",".start_slave"],"hb_suc":0,"hb_failed":0,"con_suc":1,"con_failed":3,"con_freason":[{"errorCode":10101,"np":-1},{"errorCode":10101,"np":-1},{"errorCode":10101,"np":-1}]}
D/2019-12-02 14:02:31.534 [TpnsClient][TpnsClient] [4.32][com.dts.freefireth:xg_service_v4]:####Read one pkg with length = 61
D/2019-12-02 14:02:31.564 [TpnsClient][TpnsChannel] [4.32][com.dts.freefireth:xg_service_v4]:Action -> clientDidReceivePacket packet : g protocol = 1 command = TPNS_COMMAND_PUSH isResponse = false packetLength = 46
D/2019-12-02 14:02:31.580 [TpnsClient][TpnsChannel] [4.32][com.dts.freefireth:xg_service_v4]:Action -> clientDidReceivePacket PushMessageRunnable NEV1 : g protocol = 1 command = TPNS_COMMAND_PUSH isResponse = false packetLength = 46
W/2019-12-02 14:02:31.597 [TpnsClient][TPush] [4.32][com.dts.freefireth:xg_service_v4]:setAndAllowWhileIdle [class java.lang.Integer, class java.lang.Long, class android.app.PendingIntent]
V/2019-12-02 14:02:31.598 [tpush.working.thread][SrvMessageManager] [4.32][com.dts.freefireth:xg_service_v4]:receive msg from service msgId = 0 pkg =  size = 1
D/2019-12-02 14:02:31.607 [tpush.working.thread][SrvMessageManager] [4.32][com.dts.freefireth:xg_service_v4]:distributeFromServer : accid=0 ,channelId=0,busiId=0,pkg=,msgId=0,type=0,ts=0,multi=0,date=,serverTime=0,ttl=0, size = 1
V/2019-12-02 14:02:31.621 [tpush.working.thread][XGService] [4.32][com.dts.freefireth:xg_service_v4]:@@ msgServiceAck: Not add LocalMsg
D/2019-12-02 14:02:31.630 [tpush.working.thread][SrvMessageManager] [4.32][com.dts.freefireth:xg_service_v4]:>> messageDistribute, msg.appPkgName is null!
D/2019-12-02 14:05:31.599 [main][TpnsChannel] [4.32][com.dts.freefireth:xg_service_v4]:Action -> send heartbeat 
V/2019-12-02 14:05:31.607 [main][TpnsChannel] [4.32][com.dts.freefireth:xg_service_v4]:Action -> checkAndSetupClient( tpnsClient = a(ip:203.205.254.169,port:14000,protocol:tcp), isClientCreating = false)
W/2019-12-02 14:05:31.626 [main][TPush] [4.32][com.dts.freefireth:xg_service_v4]:setAndAllowWhileIdle [class java.lang.Integer, class java.lang.Long, class android.app.PendingIntent]
D/2019-12-02 14:05:31.727 [main][TPush] [4.32][com.dts.freefireth:xg_service_v4]:com.dts.freefireth.AUTH_XGPUSH,com.dts.freefireth,com.tencent.android.tpush.XGPushProvider
I/2019-12-02 14:05:31.736 [main][TPush] [4.32][com.dts.freefireth:xg_service_v4]:heartbeat to com.dts.freefireth
I/2019-12-02 14:05:31.781 [main][TPush] [4.32][com.dts.freefireth:xg_service_v4]:heartbeat com.dts.freefireth 
I/2019-12-02 14:05:31.803 [main][TpnsChannel] [4.32][com.dts.freefireth:xg_service_v4]:Service bi state {"srv_stime":1575265647176,"srv_etime":1575273931781,"srv_startTime":7,"srv_freason":[".stop_connect",".stop_connect",".keepalive",".keepalive",".keepalive",".keepalive",".start_slave"],"hb_suc":0,"hb_failed":0,"con_suc":1,"con_failed":3,"con_freason":[{"errorCode":10101,"np":-1},{"errorCode":10101,"np":-1},{"errorCode":10101,"np":-1}]}
D/2019-12-02 14:05:31.959 [TpnsClient][TpnsClient] [4.32][com.dts.freefireth:xg_service_v4]:####Read one pkg with length = 61
D/2019-12-02 14:05:31.987 [TpnsClient][TpnsChannel] [4.32][com.dts.freefireth:xg_service_v4]:Action -> clientDidReceivePacket packet : g protocol = 1 command = TPNS_COMMAND_PUSH isResponse = false packetLength = 46
D/2019-12-02 14:05:32.000 [TpnsClient][TpnsChannel] [4.32][com.dts.freefireth:xg_service_v4]:Action -> clientDidReceivePacket PushMessageRunnable NEV1 : g protocol = 1 command = TPNS_COMMAND_PUSH isResponse = false packetLength = 46
V/2019-12-02 14:05:32.016 [tpush.working.thread][SrvMessageManager] [4.32][com.dts.freefireth:xg_service_v4]:receive msg from service msgId = 0 pkg =  size = 1
D/2019-12-02 14:05:32.033 [tpush.working.thread][SrvMessageManager] [4.32][com.dts.freefireth:xg_service_v4]:distributeFromServer : accid=0 ,channelId=0,busiId=0,pkg=,msgId=0,type=0,ts=0,multi=0,date=,serverTime=0,ttl=0, size = 1
W/2019-12-02 14:05:32.037 [TpnsClient][TPush] [4.32][com.dts.freefireth:xg_service_v4]:setAndAllowWhileIdle [class java.lang.Integer, class java.lang.Long, class android.app.PendingIntent]
V/2019-12-02 14:05:32.053 [tpush.working.thread][XGService] [4.32][com.dts.freefireth:xg_service_v4]:@@ msgServiceAck: Not add LocalMsg
D/2019-12-02 14:05:32.072 [tpush.working.thread][SrvMessageManager] [4.32][com.dts.freefireth:xg_service_v4]:>> messageDistribute, msg.appPkgName is null!
D/2019-12-02 14:08:32.036 [main][TpnsChannel] [4.32][com.dts.freefireth:xg_service_v4]:Action -> send heartbeat 
V/2019-12-02 14:08:32.049 [main][TpnsChannel] [4.32][com.dts.freefireth:xg_service_v4]:Action -> checkAndSetupClient( tpnsClient = a(ip:203.205.254.169,port:14000,protocol:tcp), isClientCreating = false)
W/2019-12-02 14:08:32.057 [main][TPush] [4.32][com.dts.freefireth:xg_service_v4]:setAndAllowWhileIdle [class java.lang.Integer, class java.lang.Long, class android.app.PendingIntent]
D/2019-12-02 14:08:32.209 [main][TPush] [4.32][com.dts.freefireth:xg_service_v4]:com.dts.freefireth.AUTH_XGPUSH,com.dts.freefireth,com.tencent.android.tpush.XGPushProvider
I/2019-12-02 14:08:32.226 [main][TPush] [4.32][com.dts.freefireth:xg_service_v4]:heartbeat to com.dts.freefireth
I/2019-12-02 14:08:32.289 [main][TPush] [4.32][com.dts.freefireth:xg_service_v4]:heartbeat com.dts.freefireth 
I/2019-12-02 14:08:32.330 [main][TpnsChannel] [4.32][com.dts.freefireth:xg_service_v4]:Service bi state {"srv_stime":1575265647176,"srv_etime":1575274112291,"srv_startTime":7,"srv_freason":[".stop_connect",".stop_connect",".keepalive",".keepalive",".keepalive",".keepalive",".start_slave"],"hb_suc":0,"hb_failed":0,"con_suc":1,"con_failed":3,"con_freason":[{"errorCode":10101,"np":-1},{"errorCode":10101,"np":-1},{"errorCode":10101,"np":-1}]}
D/2019-12-02 14:08:32.479 [TpnsClient][TpnsClient] [4.32][com.dts.freefireth:xg_service_v4]:####Read one pkg with length = 61
D/2019-12-02 14:08:32.546 [TpnsClient][TpnsChannel] [4.32][com.dts.freefireth:xg_service_v4]:Action -> clientDidReceivePacket packet : g protocol = 1 command = TPNS_COMMAND_PUSH isResponse = false packetLength = 46
D/2019-12-02 14:08:32.568 [TpnsClient][TpnsChannel] [4.32][com.dts.freefireth:xg_service_v4]:Action -> clientDidReceivePacket PushMessageRunnable NEV1 : g protocol = 1 command = TPNS_COMMAND_PUSH isResponse = false packetLength = 46
V/2019-12-02 14:08:32.589 [tpush.working.thread][SrvMessageManager] [4.32][com.dts.freefireth:xg_service_v4]:receive msg from service msgId = 0 pkg =  size = 1
W/2019-12-02 14:08:32.591 [TpnsClient][TPush] [4.32][com.dts.freefireth:xg_service_v4]:setAndAllowWhileIdle [class java.lang.Integer, class java.lang.Long, class android.app.PendingIntent]
D/2019-12-02 14:08:32.615 [tpush.working.thread][SrvMessageManager] [4.32][com.dts.freefireth:xg_service_v4]:distributeFromServer : accid=0 ,channelId=0,busiId=0,pkg=,msgId=0,type=0,ts=0,multi=0,date=,serverTime=0,ttl=0, size = 1
V/2019-12-02 14:08:32.632 [tpush.working.thread][XGService] [4.32][com.dts.freefireth:xg_service_v4]:@@ msgServiceAck: Not add LocalMsg
D/2019-12-02 14:08:32.638 [tpush.working.thread][SrvMessageManager] [4.32][com.dts.freefireth:xg_service_v4]:>> messageDistribute, msg.appPkgName is null!
D/2019-12-02 14:11:32.583 [main][TpnsChannel] [4.32][com.dts.freefireth:xg_service_v4]:Action -> send heartbeat 
V/2019-12-02 14:11:32.606 [main][TpnsChannel] [4.32][com.dts.freefireth:xg_service_v4]:Action -> checkAndSetupClient( tpnsClient = a(ip:203.205.254.169,port:14000,protocol:tcp), isClientCreating = false)
W/2019-12-02 14:11:32.613 [main][TPush] [4.32][com.dts.freefireth:xg_service_v4]:setAndAllowWhileIdle [class java.lang.Integer, class java.lang.Long, class android.app.PendingIntent]
D/2019-12-02 14:11:32.751 [main][TPush] [4.32][com.dts.freefireth:xg_service_v4]:com.dts.freefireth.AUTH_XGPUSH,com.dts.freefireth,com.tencent.android.tpush.XGPushProvider
I/2019-12-02 14:11:32.772 [main][TPush] [4.32][com.dts.freefireth:xg_service_v4]:heartbeat to com.dts.freefireth
I/2019-12-02 14:11:32.862 [main][TPush] [4.32][com.dts.freefireth:xg_service_v4]:heartbeat com.dts.freefireth 
I/2019-12-02 14:11:32.887 [main][TpnsChannel] [4.32][com.dts.freefireth:xg_service_v4]:Service bi state {"srv_stime":1575265647176,"srv_etime":1575274292863,"srv_startTime":7,"srv_freason":[".stop_connect",".stop_connect",".keepalive",".keepalive",".keepalive",".keepalive",".start_slave"],"hb_suc":0,"hb_failed":0,"con_suc":1,"con_failed":3,"con_freason":[{"errorCode":10101,"np":-1},{"errorCode":10101,"np":-1},{"errorCode":10101,"np":-1}]}
D/2019-12-02 14:11:33.037 [TpnsClient][TpnsClient] [4.32][com.dts.freefireth:xg_service_v4]:####Read one pkg with length = 61
D/2019-12-02 14:11:33.264 [TpnsClient][TpnsChannel] [4.32][com.dts.freefireth:xg_service_v4]:Action -> clientDidReceivePacket packet : g protocol = 1 command = TPNS_COMMAND_PUSH isResponse = false packetLength = 46
D/2019-12-02 14:11:33.281 [TpnsClient][TpnsChannel] [4.32][com.dts.freefireth:xg_service_v4]:Action -> clientDidReceivePacket PushMessageRunnable NEV1 : g protocol = 1 command = TPNS_COMMAND_PUSH isResponse = false packetLength = 46
W/2019-12-02 14:11:33.298 [TpnsClient][TPush] [4.32][com.dts.freefireth:xg_service_v4]:setAndAllowWhileIdle [class java.lang.Integer, class java.lang.Long, class android.app.PendingIntent]
V/2019-12-02 14:11:33.300 [tpush.working.thread][SrvMessageManager] [4.32][com.dts.freefireth:xg_service_v4]:receive msg from service msgId = 0 pkg =  size = 1
D/2019-12-02 14:11:33.309 [tpush.working.thread][SrvMessageManager] [4.32][com.dts.freefireth:xg_service_v4]:distributeFromServer : accid=0 ,channelId=0,busiId=0,pkg=,msgId=0,type=0,ts=0,multi=0,date=,serverTime=0,ttl=0, size = 1
V/2019-12-02 14:11:33.334 [tpush.working.thread][XGService] [4.32][com.dts.freefireth:xg_service_v4]:@@ msgServiceAck: Not add LocalMsg
D/2019-12-02 14:11:33.345 [tpush.working.thread][SrvMessageManager] [4.32][com.dts.freefireth:xg_service_v4]:>> messageDistribute, msg.appPkgName is null!
D/2019-12-02 14:14:33.311 [main][TpnsChannel] [4.32][com.dts.freefireth:xg_service_v4]:Action -> send heartbeat 
V/2019-12-02 14:14:33.353 [main][TpnsChannel] [4.32][com.dts.freefireth:xg_service_v4]:Action -> checkAndSetupClient( tpnsClient = a(ip:203.205.254.169,port:14000,protocol:tcp), isClientCreating = false)
W/2019-12-02 14:14:33.376 [main][TPush] [4.32][com.dts.freefireth:xg_service_v4]:setAndAllowWhileIdle [class java.lang.Integer, class java.lang.Long, class android.app.PendingIntent]
D/2019-12-02 14:14:33.531 [main][TPush] [4.32][com.dts.freefireth:xg_service_v4]:com.dts.freefireth.AUTH_XGPUSH,com.dts.freefireth,com.tencent.android.tpush.XGPushProvider
I/2019-12-02 14:14:33.541 [main][TPush] [4.32][com.dts.freefireth:xg_service_v4]:heartbeat to com.dts.freefireth
I/2019-12-02 14:14:33.623 [main][TPush] [4.32][com.dts.freefireth:xg_service_v4]:heartbeat com.dts.freefireth 
I/2019-12-02 14:14:33.678 [main][TpnsChannel] [4.32][com.dts.freefireth:xg_service_v4]:Service bi state {"srv_stime":1575265647176,"srv_etime":1575274473623,"srv_startTime":7,"srv_freason":[".stop_connect",".stop_connect",".keepalive",".keepalive",".keepalive",".keepalive",".start_slave"],"hb_suc":0,"hb_failed":0,"con_suc":1,"con_failed":3,"con_freason":[{"errorCode":10101,"np":-1},{"errorCode":10101,"np":-1},{"errorCode":10101,"np":-1}]}
D/2019-12-02 14:14:33.909 [TpnsClient][TpnsClient] [4.32][com.dts.freefireth:xg_service_v4]:####Read one pkg with length = 61
D/2019-12-02 14:14:33.941 [TpnsClient][TpnsChannel] [4.32][com.dts.freefireth:xg_service_v4]:Action -> clientDidReceivePacket packet : g protocol = 1 command = TPNS_COMMAND_PUSH isResponse = false packetLength = 46
D/2019-12-02 14:14:33.959 [TpnsClient][TpnsChannel] [4.32][com.dts.freefireth:xg_service_v4]:Action -> clientDidReceivePacket PushMessageRunnable NEV1 : g protocol = 1 command = TPNS_COMMAND_PUSH isResponse = false packetLength = 46
V/2019-12-02 14:14:33.974 [tpush.working.thread][SrvMessageManager] [4.32][com.dts.freefireth:xg_service_v4]:receive msg from service msgId = 0 pkg =  size = 1
W/2019-12-02 14:14:33.977 [TpnsClient][TPush] [4.32][com.dts.freefireth:xg_service_v4]:setAndAllowWhileIdle [class java.lang.Integer, class java.lang.Long, class android.app.PendingIntent]
D/2019-12-02 14:14:33.982 [tpush.working.thread][SrvMessageManager] [4.32][com.dts.freefireth:xg_service_v4]:distributeFromServer : accid=0 ,channelId=0,busiId=0,pkg=,msgId=0,type=0,ts=0,multi=0,date=,serverTime=0,ttl=0, size = 1
V/2019-12-02 14:14:33.995 [tpush.working.thread][XGService] [4.32][com.dts.freefireth:xg_service_v4]:@@ msgServiceAck: Not add LocalMsg
D/2019-12-02 14:14:34.001 [tpush.working.thread][SrvMessageManager] [4.32][com.dts.freefireth:xg_service_v4]:>> messageDistribute, msg.appPkgName is null!
D/2019-12-02 14:17:33.972 [main][TpnsChannel] [4.32][com.dts.freefireth:xg_service_v4]:Action -> send heartbeat 
V/2019-12-02 14:17:33.983 [main][TpnsChannel] [4.32][com.dts.freefireth:xg_service_v4]:Action -> checkAndSetupClient( tpnsClient = a(ip:203.205.254.169,port:14000,protocol:tcp), isClientCreating = false)
W/2019-12-02 14:17:33.999 [main][TPush] [4.32][com.dts.freefireth:xg_service_v4]:setAndAllowWhileIdle [class java.lang.Integer, class java.lang.Long, class android.app.PendingIntent]
D/2019-12-02 14:17:34.099 [main][TPush] [4.32][com.dts.freefireth:xg_service_v4]:com.dts.freefireth.AUTH_XGPUSH,com.dts.freefireth,com.tencent.android.tpush.XGPushProvider
I/2019-12-02 14:17:34.110 [main][TPush] [4.32][com.dts.freefireth:xg_service_v4]:heartbeat to com.dts.freefireth
I/2019-12-02 14:17:34.161 [main][TPush] [4.32][com.dts.freefireth:xg_service_v4]:heartbeat com.dts.freefireth 
I/2019-12-02 14:17:34.182 [main][TpnsChannel] [4.32][com.dts.freefireth:xg_service_v4]:Service bi state {"srv_stime":1575265647176,"srv_etime":1575274654162,"srv_startTime":7,"srv_freason":[".stop_connect",".stop_connect",".keepalive",".keepalive",".keepalive",".keepalive",".start_slave"],"hb_suc":0,"hb_failed":0,"con_suc":1,"con_failed":3,"con_freason":[{"errorCode":10101,"np":-1},{"errorCode":10101,"np":-1},{"errorCode":10101,"np":-1}]}
D/2019-12-02 14:17:34.343 [TpnsClient][TpnsClient] [4.32][com.dts.freefireth:xg_service_v4]:####Read one pkg with length = 61
D/2019-12-02 14:17:34.363 [TpnsClient][TpnsChannel] [4.32][com.dts.freefireth:xg_service_v4]:Action -> clientDidReceivePacket packet : g protocol = 1 command = TPNS_COMMAND_PUSH isResponse = false packetLength = 46
D/2019-12-02 14:17:34.391 [TpnsClient][TpnsChannel] [4.32][com.dts.freefireth:xg_service_v4]:Action -> clientDidReceivePacket PushMessageRunnable NEV1 : g protocol = 1 command = TPNS_COMMAND_PUSH isResponse = false packetLength = 46
V/2019-12-02 14:17:34.411 [tpush.working.thread][SrvMessageManager] [4.32][com.dts.freefireth:xg_service_v4]:receive msg from service msgId = 0 pkg =  size = 1
W/2019-12-02 14:17:34.414 [TpnsClient][TPush] [4.32][com.dts.freefireth:xg_service_v4]:setAndAllowWhileIdle [class java.lang.Integer, class java.lang.Long, class android.app.PendingIntent]
D/2019-12-02 14:17:34.420 [tpush.working.thread][SrvMessageManager] [4.32][com.dts.freefireth:xg_service_v4]:distributeFromServer : accid=0 ,channelId=0,busiId=0,pkg=,msgId=0,type=0,ts=0,multi=0,date=,serverTime=0,ttl=0, size = 1
V/2019-12-02 14:17:34.431 [tpush.working.thread][XGService] [4.32][com.dts.freefireth:xg_service_v4]:@@ msgServiceAck: Not add LocalMsg
D/2019-12-02 14:17:34.447 [tpush.working.thread][SrvMessageManager] [4.32][com.dts.freefireth:xg_service_v4]:>> messageDistribute, msg.appPkgName is null!
D/2019-12-02 14:20:34.409 [main][TpnsChannel] [4.32][com.dts.freefireth:xg_service_v4]:Action -> send heartbeat 
V/2019-12-02 14:20:34.421 [main][TpnsChannel] [4.32][com.dts.freefireth:xg_service_v4]:Action -> checkAndSetupClient( tpnsClient = a(ip:203.205.254.169,port:14000,protocol:tcp), isClientCreating = false)
W/2019-12-02 14:20:34.440 [main][TPush] [4.32][com.dts.freefireth:xg_service_v4]:setAndAllowWhileIdle [class java.lang.Integer, class java.lang.Long, class android.app.PendingIntent]
D/2019-12-02 14:20:34.595 [main][TPush] [4.32][com.dts.freefireth:xg_service_v4]:com.dts.freefireth.AUTH_XGPUSH,com.dts.freefireth,com.tencent.android.tpush.XGPushProvider
I/2019-12-02 14:20:34.612 [main][TPush] [4.32][com.dts.freefireth:xg_service_v4]:heartbeat to com.dts.freefireth
I/2019-12-02 14:20:34.733 [main][TPush] [4.32][com.dts.freefireth:xg_service_v4]:heartbeat com.dts.freefireth 
I/2019-12-02 14:20:34.772 [main][TpnsChannel] [4.32][com.dts.freefireth:xg_service_v4]:Service bi state {"srv_stime":1575265647176,"srv_etime":1575274834734,"srv_startTime":7,"srv_freason":[".stop_connect",".stop_connect",".keepalive",".keepalive",".keepalive",".keepalive",".start_slave"],"hb_suc":0,"hb_failed":0,"con_suc":1,"con_failed":3,"con_freason":[{"errorCode":10101,"np":-1},{"errorCode":10101,"np":-1},{"errorCode":10101,"np":-1}]}
D/2019-12-02 14:20:34.944 [TpnsClient][TpnsClient] [4.32][com.dts.freefireth:xg_service_v4]:####Read one pkg with length = 61
D/2019-12-02 14:20:35.002 [TpnsClient][TpnsChannel] [4.32][com.dts.freefireth:xg_service_v4]:Action -> clientDidReceivePacket packet : g protocol = 1 command = TPNS_COMMAND_PUSH isResponse = false packetLength = 46
D/2019-12-02 14:20:35.012 [TpnsClient][TpnsChannel] [4.32][com.dts.freefireth:xg_service_v4]:Action -> clientDidReceivePacket PushMessageRunnable NEV1 : g protocol = 1 command = TPNS_COMMAND_PUSH isResponse = false packetLength = 46
W/2019-12-02 14:20:35.022 [TpnsClient][TPush] [4.32][com.dts.freefireth:xg_service_v4]:setAndAllowWhileIdle [class java.lang.Integer, class java.lang.Long, class android.app.PendingIntent]
V/2019-12-02 14:20:35.023 [tpush.working.thread][SrvMessageManager] [4.32][com.dts.freefireth:xg_service_v4]:receive msg from service msgId = 0 pkg =  size = 1
D/2019-12-02 14:20:35.035 [tpush.working.thread][SrvMessageManager] [4.32][com.dts.freefireth:xg_service_v4]:distributeFromServer : accid=0 ,channelId=0,busiId=0,pkg=,msgId=0,type=0,ts=0,multi=0,date=,serverTime=0,ttl=0, size = 1
V/2019-12-02 14:20:35.050 [tpush.working.thread][XGService] [4.32][com.dts.freefireth:xg_service_v4]:@@ msgServiceAck: Not add LocalMsg
D/2019-12-02 14:20:35.063 [tpush.working.thread][SrvMessageManager] [4.32][com.dts.freefireth:xg_service_v4]:>> messageDistribute, msg.appPkgName is null!
D/2019-12-02 14:23:35.024 [main][TpnsChannel] [4.32][com.dts.freefireth:xg_service_v4]:Action -> send heartbeat 
V/2019-12-02 14:23:35.043 [main][TpnsChannel] [4.32][com.dts.freefireth:xg_service_v4]:Action -> checkAndSetupClient( tpnsClient = a(ip:203.205.254.169,port:14000,protocol:tcp), isClientCreating = false)
W/2019-12-02 14:23:35.057 [main][TPush] [4.32][com.dts.freefireth:xg_service_v4]:setAndAllowWhileIdle [class java.lang.Integer, class java.lang.Long, class android.app.PendingIntent]
D/2019-12-02 14:23:35.169 [main][TPush] [4.32][com.dts.freefireth:xg_service_v4]:com.dts.freefireth.AUTH_XGPUSH,com.dts.freefireth,com.tencent.android.tpush.XGPushProvider
I/2019-12-02 14:23:35.186 [main][TPush] [4.32][com.dts.freefireth:xg_service_v4]:heartbeat to com.dts.freefireth
I/2019-12-02 14:23:35.258 [main][TPush] [4.32][com.dts.freefireth:xg_service_v4]:heartbeat com.dts.freefireth 
I/2019-12-02 14:23:35.276 [main][TpnsChannel] [4.32][com.dts.freefireth:xg_service_v4]:Service bi state {"srv_stime":1575265647176,"srv_etime":1575275015259,"srv_startTime":7,"srv_freason":[".stop_connect",".stop_connect",".keepalive",".keepalive",".keepalive",".keepalive",".start_slave"],"hb_suc":0,"hb_failed":0,"con_suc":1,"con_failed":3,"con_freason":[{"errorCode":10101,"np":-1},{"errorCode":10101,"np":-1},{"errorCode":10101,"np":-1}]}
D/2019-12-02 14:23:35.418 [TpnsClient][TpnsClient] [4.32][com.dts.freefireth:xg_service_v4]:####Read one pkg with length = 61
D/2019-12-02 14:23:35.444 [TpnsClient][TpnsChannel] [4.32][com.dts.freefireth:xg_service_v4]:Action -> clientDidReceivePacket packet : g protocol = 1 command = TPNS_COMMAND_PUSH isResponse = false packetLength = 46
D/2019-12-02 14:23:35.464 [TpnsClient][TpnsChannel] [4.32][com.dts.freefireth:xg_service_v4]:Action -> clientDidReceivePacket PushMessageRunnable NEV1 : g protocol = 1 command = TPNS_COMMAND_PUSH isResponse = false packetLength = 46
W/2019-12-02 14:23:35.486 [TpnsClient][TPush] [4.32][com.dts.freefireth:xg_service_v4]:setAndAllowWhileIdle [class java.lang.Integer, class java.lang.Long, class android.app.PendingIntent]
V/2019-12-02 14:23:35.486 [tpush.working.thread][SrvMessageManager] [4.32][com.dts.freefireth:xg_service_v4]:receive msg from service msgId = 0 pkg =  size = 1
D/2019-12-02 14:23:35.507 [tpush.working.thread][SrvMessageManager] [4.32][com.dts.freefireth:xg_service_v4]:distributeFromServer : accid=0 ,channelId=0,busiId=0,pkg=,msgId=0,type=0,ts=0,multi=0,date=,serverTime=0,ttl=0, size = 1
V/2019-12-02 14:23:35.518 [tpush.working.thread][XGService] [4.32][com.dts.freefireth:xg_service_v4]:@@ msgServiceAck: Not add LocalMsg
D/2019-12-02 14:23:35.531 [tpush.working.thread][SrvMessageManager] [4.32][com.dts.freefireth:xg_service_v4]:>> messageDistribute, msg.appPkgName is null!
D/2019-12-02 13:59:17.460 [tpush.working.thread][XG_fcm] [4.32][com.dts.freefireth]: GooglePlayServices service resultCode = 0
D/2019-12-02 13:59:17.508 [main][XG_fcm] [4.32][com.dts.freefireth]: OtherPushImpl registerFcmPush getToken= eWi4eiJT5PU:APA91bHwBmWv_fWK2yE6FsohOYSBa6P3uZNKjC9i9_ZdEBH40CikLO-0hxotUYzg9byY6sMfSemHYo4jLWw3i5RtLESzuev8hCzp59OYv7Ct6oaAOoRT9nxPqW2eVs896M2JlzbfytgQ
I/2019-12-02 13:59:17.712 [tpush.working.thread][XGOtherPush] [4.32][com.dts.freefireth]:get otherToken is : eWi4eiJT5PU:APA91bHwBmWv_fWK2yE6FsohOYSBa6P3uZNKjC9i9_ZdEBH40CikLO-0hxotUYzg9byY6sMfSemHYo4jLWw3i5RtLESzuev8hCzp59OYv7Ct6oaAOoRT9nxPqW2eVs896M2JlzbfytgQ
D/2019-12-02 13:59:17.770 [tpush.working.thread][TPush] [4.32][com.dts.freefireth]:channelId没有初始化
D/2019-12-02 13:59:17.770 [Thread-1755][TPush] [4.32][com.dts.freefireth]:com.dts.freefireth.AUTH_XGPUSH,com.dts.freefireth,com.tencent.android.tpush.XGPushProvider
I/2019-12-02 13:59:17.839 [tpush.working.thread][XGOtherPush] [4.32][com.dts.freefireth]:Reservert info: other push token is : eWi4eiJT5PU:APA91bHwBmWv_fWK2yE6FsohOYSBa6P3uZNKjC9i9_ZdEBH40CikLO-0hxotUYzg9byY6sMfSemHYo4jLWw3i5RtLESzuev8hCzp59OYv7Ct6oaAOoRT9nxPqW2eVs896M2JlzbfytgQ  other push type: fcm
D/2019-12-02 13:59:17.864 [tpush.working.thread][XGPushManager] [4.32][com.dts.freefireth]:url = null payload = null otherPushType 0 otherPushTokenOpType 1
I/2019-12-02 13:59:17.879 [tpush.working.thread][XGService] [4.32][com.dts.freefireth]:getSocketName: tencentxgpush
V/2019-12-02 13:59:17.895 [tpush.working.thread][TPush] [4.32][com.dts.freefireth]:MainService : socketName: 17b8f414a85dd456a15585b41d7f686f
I/2019-12-02 13:59:17.905 [tpush.working.thread][XGService] [4.32][com.dts.freefireth]:getSocketName: tencentxgpush
V/2019-12-02 13:59:17.921 [tpush.working.thread][TPush] [4.32][com.dts.freefireth]:MainService is Alive
V/2019-12-02 13:59:17.952 [tpush.working.thread][PushServiceManager] [4.32][com.dts.freefireth]:bindService ret:true
I/2019-12-02 13:59:18.625 [tpush.working.thread][f] [4.32][com.dts.freefireth]:not xg_service
I/2019-12-02 13:59:18.643 [tpush.working.thread][XGOtherPush] [4.32][com.dts.freefireth]:other push token is : eWi4eiJT5PU:APA91bHwBmWv_fWK2yE6FsohOYSBa6P3uZNKjC9i9_ZdEBH40CikLO-0hxotUYzg9byY6sMfSemHYo4jLWw3i5RtLESzuev8hCzp59OYv7Ct6oaAOoRT9nxPqW2eVs896M2JlzbfytgQ other push type: fcm
I/2019-12-02 13:59:18.648 [cloud control network thread][cloud control] [4.32][com.dts.freefireth]:未达到云控注册时间间隔，忽略这次注册
I/2019-12-02 13:59:18.651 [main][SdkStat] [4.32][com.dts.freefireth]:new reprot js{"suc_cnt":2,"failed_cnt":0,"details":[{"account":"ae6325ad68f096d1dd7a98832e494b81","ticket":"0","deviceId":"461cd78e57077d4042d1f10aa4706adc","ticketType":0,"token":"03fff04496b00ca64380acef2def0ddee94f133e","errorCode":0,"np":-1},{"account":"ae6325ad68f096d1dd7a98832e494b81","ticket":"0","deviceId":"461cd78e57077d4042d1f10aa4706adc","ticketType":0,"token":"03fff04496b00ca64380acef2def0ddee94f133e","errorCode":0,"np":1}]}
I/2019-12-02 14:02:31.306 [Binder_4][TPush] [4.32][com.dts.freefireth]:getType uri:content://com.dts.freefireth.AUTH_XGPUSH/heart,match:30
I/2019-12-02 14:05:31.752 [Binder_5][TPush] [4.32][com.dts.freefireth]:getType uri:content://com.dts.freefireth.AUTH_XGPUSH/heart,match:30
I/2019-12-02 14:08:32.252 [Binder_4][TPush] [4.32][com.dts.freefireth]:getType uri:content://com.dts.freefireth.AUTH_XGPUSH/heart,match:30
I/2019-12-02 14:11:32.793 [Binder_2][TPush] [4.32][com.dts.freefireth]:getType uri:content://com.dts.freefireth.AUTH_XGPUSH/heart,match:30
I/2019-12-02 14:14:33.565 [Binder_3][TPush] [4.32][com.dts.freefireth]:getType uri:content://com.dts.freefireth.AUTH_XGPUSH/heart,match:30
I/2019-12-02 14:17:34.121 [Binder_1][TPush] [4.32][com.dts.freefireth]:getType uri:content://com.dts.freefireth.AUTH_XGPUSH/heart,match:30
I/2019-12-02 14:20:34.665 [Binder_2][TPush] [4.32][com.dts.freefireth]:getType uri:content://com.dts.freefireth.AUTH_XGPUSH/heart,match:30
I/2019-12-02 14:23:35.199 [Binder_2][TPush] [4.32][com.dts.freefireth]:getType uri:content://com.dts.freefireth.AUTH_XGPUSH/heart,match:30
I/2019-12-02 14:26:35.644 [Binder_5][TPush] [4.32][com.dts.freefireth]:getType uri:content://com.dts.freefireth.AUTH_XGPUSH/heart,match:30
D/2019-12-02 14:26:35.477 [main][TpnsChannel] [4.32][com.dts.freefireth:xg_service_v4]:Action -> send heartbeat 
V/2019-12-02 14:26:35.493 [main][TpnsChannel] [4.32][com.dts.freefireth:xg_service_v4]:Action -> checkAndSetupClient( tpnsClient = a(ip:203.205.254.169,port:14000,protocol:tcp), isClientCreating = false)
W/2019-12-02 14:26:35.507 [main][TPush] [4.32][com.dts.freefireth:xg_service_v4]:setAndAllowWhileIdle [class java.lang.Integer, class java.lang.Long, class android.app.PendingIntent]
D/2019-12-02 14:26:35.617 [main][TPush] [4.32][com.dts.freefireth:xg_service_v4]:com.dts.freefireth.AUTH_XGPUSH,com.dts.freefireth,com.tencent.android.tpush.XGPushProvider
I/2019-12-02 14:26:35.632 [main][TPush] [4.32][com.dts.freefireth:xg_service_v4]:heartbeat to com.dts.freefireth
I/2019-12-02 14:26:35.694 [main][TPush] [4.32][com.dts.freefireth:xg_service_v4]:heartbeat com.dts.freefireth 
I/2019-12-02 14:26:35.761 [main][TpnsChannel] [4.32][com.dts.freefireth:xg_service_v4]:Service bi state {"srv_stime":1575265647176,"srv_etime":1575275195695,"srv_startTime":7,"srv_freason":[".stop_connect",".stop_connect",".keepalive",".keepalive",".keepalive",".keepalive",".start_slave"],"hb_suc":0,"hb_failed":0,"con_suc":1,"con_failed":3,"con_freason":[{"errorCode":10101,"np":-1},{"errorCode":10101,"np":-1},{"errorCode":10101,"np":-1}]}
D/2019-12-02 14:26:35.950 [TpnsClient][TpnsClient] [4.32][com.dts.freefireth:xg_service_v4]:####Read one pkg with length = 61
D/2019-12-02 14:26:35.988 [TpnsClient][TpnsChannel] [4.32][com.dts.freefireth:xg_service_v4]:Action -> clientDidReceivePacket packet : g protocol = 1 command = TPNS_COMMAND_PUSH isResponse = false packetLength = 46
D/2019-12-02 14:26:35.998 [TpnsClient][TpnsChannel] [4.32][com.dts.freefireth:xg_service_v4]:Action -> clientDidReceivePacket PushMessageRunnable NEV1 : g protocol = 1 command = TPNS_COMMAND_PUSH isResponse = false packetLength = 46
V/2019-12-02 14:26:36.014 [tpush.working.thread][SrvMessageManager] [4.32][com.dts.freefireth:xg_service_v4]:receive msg from service msgId = 0 pkg =  size = 1
W/2019-12-02 14:26:36.019 [TpnsClient][TPush] [4.32][com.dts.freefireth:xg_service_v4]:setAndAllowWhileIdle [class java.lang.Integer, class java.lang.Long, class android.app.PendingIntent]
D/2019-12-02 14:26:36.024 [tpush.working.thread][SrvMessageManager] [4.32][com.dts.freefireth:xg_service_v4]:distributeFromServer : accid=0 ,channelId=0,busiId=0,pkg=,msgId=0,type=0,ts=0,multi=0,date=,serverTime=0,ttl=0, size = 1
V/2019-12-02 14:26:36.031 [tpush.working.thread][XGService] [4.32][com.dts.freefireth:xg_service_v4]:@@ msgServiceAck: Not add LocalMsg
D/2019-12-02 14:26:36.045 [tpush.working.thread][SrvMessageManager] [4.32][com.dts.freefireth:xg_service_v4]:>> messageDistribute, msg.appPkgName is null!
D/2019-12-02 14:29:36.015 [main][TpnsChannel] [4.32][com.dts.freefireth:xg_service_v4]:Action -> send heartbeat 
V/2019-12-02 14:29:36.024 [main][TpnsChannel] [4.32][com.dts.freefireth:xg_service_v4]:Action -> checkAndSetupClient( tpnsClient = a(ip:203.205.254.169,port:14000,protocol:tcp), isClientCreating = false)
W/2019-12-02 14:29:36.036 [main][TPush] [4.32][com.dts.freefireth:xg_service_v4]:setAndAllowWhileIdle [class java.lang.Integer, class java.lang.Long, class android.app.PendingIntent]
D/2019-12-02 14:29:36.131 [main][TPush] [4.32][com.dts.freefireth:xg_service_v4]:com.dts.freefireth.AUTH_XGPUSH,com.dts.freefireth,com.tencent.android.tpush.XGPushProvider
I/2019-12-02 14:29:36.145 [main][TPush] [4.32][com.dts.freefireth:xg_service_v4]:heartbeat to com.dts.freefireth
I/2019-12-02 14:29:36.193 [main][TPush] [4.32][com.dts.freefireth:xg_service_v4]:heartbeat com.dts.freefireth 
I/2019-12-02 14:29:36.216 [main][TpnsChannel] [4.32][com.dts.freefireth:xg_service_v4]:Service bi state {"srv_stime":1575265647176,"srv_etime":1575275376194,"srv_startTime":7,"srv_freason":[".stop_connect",".stop_connect",".keepalive",".keepalive",".keepalive",".keepalive",".start_slave"],"hb_suc":0,"hb_failed":0,"con_suc":1,"con_failed":3,"con_freason":[{"errorCode":10101,"np":-1},{"errorCode":10101,"np":-1},{"errorCode":10101,"np":-1}]}
D/2019-12-02 14:29:36.363 [TpnsClient][TpnsClient] [4.32][com.dts.freefireth:xg_service_v4]:####Read one pkg with length = 61
D/2019-12-02 14:29:36.389 [TpnsClient][TpnsChannel] [4.32][com.dts.freefireth:xg_service_v4]:Action -> clientDidReceivePacket packet : g protocol = 1 command = TPNS_COMMAND_PUSH isResponse = false packetLength = 46
D/2019-12-02 14:29:36.402 [TpnsClient][TpnsChannel] [4.32][com.dts.freefireth:xg_service_v4]:Action -> clientDidReceivePacket PushMessageRunnable NEV1 : g protocol = 1 command = TPNS_COMMAND_PUSH isResponse = false packetLength = 46
V/2019-12-02 14:29:36.417 [tpush.working.thread][SrvMessageManager] [4.32][com.dts.freefireth:xg_service_v4]:receive msg from service msgId = 0 pkg =  size = 1
W/2019-12-02 14:29:36.418 [TpnsClient][TPush] [4.32][com.dts.freefireth:xg_service_v4]:setAndAllowWhileIdle [class java.lang.Integer, class java.lang.Long, class android.app.PendingIntent]
D/2019-12-02 14:29:36.428 [tpush.working.thread][SrvMessageManager] [4.32][com.dts.freefireth:xg_service_v4]:distributeFromServer : accid=0 ,channelId=0,busiId=0,pkg=,msgId=0,type=0,ts=0,multi=0,date=,serverTime=0,ttl=0, size = 1
V/2019-12-02 14:29:36.439 [tpush.working.thread][XGService] [4.32][com.dts.freefireth:xg_service_v4]:@@ msgServiceAck: Not add LocalMsg
D/2019-12-02 14:29:36.451 [tpush.working.thread][SrvMessageManager] [4.32][com.dts.freefireth:xg_service_v4]:>> messageDistribute, msg.appPkgName is null!
D/2019-12-02 14:32:36.416 [main][TpnsChannel] [4.32][com.dts.freefireth:xg_service_v4]:Action -> send heartbeat 
V/2019-12-02 14:32:36.440 [main][TpnsChannel] [4.32][com.dts.freefireth:xg_service_v4]:Action -> checkAndSetupClient( tpnsClient = a(ip:203.205.254.169,port:14000,protocol:tcp), isClientCreating = false)
W/2019-12-02 14:32:36.454 [main][TPush] [4.32][com.dts.freefireth:xg_service_v4]:setAndAllowWhileIdle [class java.lang.Integer, class java.lang.Long, class android.app.PendingIntent]
D/2019-12-02 14:32:36.563 [main][TPush] [4.32][com.dts.freefireth:xg_service_v4]:com.dts.freefireth.AUTH_XGPUSH,com.dts.freefireth,com.tencent.android.tpush.XGPushProvider
I/2019-12-02 14:32:36.575 [main][TPush] [4.32][com.dts.freefireth:xg_service_v4]:heartbeat to com.dts.freefireth
I/2019-12-02 14:32:36.619 [main][TPush] [4.32][com.dts.freefireth:xg_service_v4]:heartbeat com.dts.freefireth 
I/2019-12-02 14:32:36.644 [main][TpnsChannel] [4.32][com.dts.freefireth:xg_service_v4]:Service bi state {"srv_stime":1575265647176,"srv_etime":1575275556620,"srv_startTime":7,"srv_freason":[".stop_connect",".stop_connect",".keepalive",".keepalive",".keepalive",".keepalive",".start_slave"],"hb_suc":0,"hb_failed":0,"con_suc":1,"con_failed":3,"con_freason":[{"errorCode":10101,"np":-1},{"errorCode":10101,"np":-1},{"errorCode":10101,"np":-1}]}
D/2019-12-02 14:32:36.789 [TpnsClient][TpnsClient] [4.32][com.dts.freefireth:xg_service_v4]:####Read one pkg with length = 61
D/2019-12-02 14:32:36.816 [TpnsClient][TpnsChannel] [4.32][com.dts.freefireth:xg_service_v4]:Action -> clientDidReceivePacket packet : g protocol = 1 command = TPNS_COMMAND_PUSH isResponse = false packetLength = 46
D/2019-12-02 14:32:36.842 [TpnsClient][TpnsChannel] [4.32][com.dts.freefireth:xg_service_v4]:Action -> clientDidReceivePacket PushMessageRunnable NEV1 : g protocol = 1 command = TPNS_COMMAND_PUSH isResponse = false packetLength = 46
V/2019-12-02 14:32:36.854 [tpush.working.thread][SrvMessageManager] [4.32][com.dts.freefireth:xg_service_v4]:receive msg from service msgId = 0 pkg =  size = 1
W/2019-12-02 14:32:36.863 [TpnsClient][TPush] [4.32][com.dts.freefireth:xg_service_v4]:setAndAllowWhileIdle [class java.lang.Integer, class java.lang.Long, class android.app.PendingIntent]
D/2019-12-02 14:32:36.866 [tpush.working.thread][SrvMessageManager] [4.32][com.dts.freefireth:xg_service_v4]:distributeFromServer : accid=0 ,channelId=0,busiId=0,pkg=,msgId=0,type=0,ts=0,multi=0,date=,serverTime=0,ttl=0, size = 1
V/2019-12-02 14:32:36.893 [tpush.working.thread][XGService] [4.32][com.dts.freefireth:xg_service_v4]:@@ msgServiceAck: Not add LocalMsg
D/2019-12-02 14:32:36.906 [tpush.working.thread][SrvMessageManager] [4.32][com.dts.freefireth:xg_service_v4]:>> messageDistribute, msg.appPkgName is null!
D/2019-12-02 14:35:36.865 [main][TpnsChannel] [4.32][com.dts.freefireth:xg_service_v4]:Action -> send heartbeat 
V/2019-12-02 14:35:36.878 [main][TpnsChannel] [4.32][com.dts.freefireth:xg_service_v4]:Action -> checkAndSetupClient( tpnsClient = a(ip:203.205.254.169,port:14000,protocol:tcp), isClientCreating = false)
W/2019-12-02 14:35:36.886 [main][TPush] [4.32][com.dts.freefireth:xg_service_v4]:setAndAllowWhileIdle [class java.lang.Integer, class java.lang.Long, class android.app.PendingIntent]
D/2019-12-02 14:35:36.995 [main][TPush] [4.32][com.dts.freefireth:xg_service_v4]:com.dts.freefireth.AUTH_XGPUSH,com.dts.freefireth,com.tencent.android.tpush.XGPushProvider
I/2019-12-02 14:35:37.010 [main][TPush] [4.32][com.dts.freefireth:xg_service_v4]:heartbeat to com.dts.freefireth
I/2019-12-02 14:35:37.052 [main][TPush] [4.32][com.dts.freefireth:xg_service_v4]:heartbeat com.dts.freefireth 
I/2019-12-02 14:35:37.070 [main][TpnsChannel] [4.32][com.dts.freefireth:xg_service_v4]:Service bi state {"srv_stime":1575265647176,"srv_etime":1575275737053,"srv_startTime":7,"srv_freason":[".stop_connect",".stop_connect",".keepalive",".keepalive",".keepalive",".keepalive",".start_slave"],"hb_suc":0,"hb_failed":0,"con_suc":1,"con_failed":3,"con_freason":[{"errorCode":10101,"np":-1},{"errorCode":10101,"np":-1},{"errorCode":10101,"np":-1}]}
D/2019-12-02 14:35:37.223 [TpnsClient][TpnsClient] [4.32][com.dts.freefireth:xg_service_v4]:####Read one pkg with length = 61
D/2019-12-02 14:35:37.245 [TpnsClient][TpnsChannel] [4.32][com.dts.freefireth:xg_service_v4]:Action -> clientDidReceivePacket packet : g protocol = 1 command = TPNS_COMMAND_PUSH isResponse = false packetLength = 46
D/2019-12-02 14:35:37.252 [TpnsClient][TpnsChannel] [4.32][com.dts.freefireth:xg_service_v4]:Action -> clientDidReceivePacket PushMessageRunnable NEV1 : g protocol = 1 command = TPNS_COMMAND_PUSH isResponse = false packetLength = 46
V/2019-12-02 14:35:37.261 [tpush.working.thread][SrvMessageManager] [4.32][com.dts.freefireth:xg_service_v4]:receive msg from service msgId = 0 pkg =  size = 1
W/2019-12-02 14:35:37.261 [TpnsClient][TPush] [4.32][com.dts.freefireth:xg_service_v4]:setAndAllowWhileIdle [class java.lang.Integer, class java.lang.Long, class android.app.PendingIntent]
D/2019-12-02 14:35:37.269 [tpush.working.thread][SrvMessageManager] [4.32][com.dts.freefireth:xg_service_v4]:distributeFromServer : accid=0 ,channelId=0,busiId=0,pkg=,msgId=0,type=0,ts=0,multi=0,date=,serverTime=0,ttl=0, size = 1
V/2019-12-02 14:35:37.281 [tpush.working.thread][XGService] [4.32][com.dts.freefireth:xg_service_v4]:@@ msgServiceAck: Not add LocalMsg
D/2019-12-02 14:35:37.291 [tpush.working.thread][SrvMessageManager] [4.32][com.dts.freefireth:xg_service_v4]:>> messageDistribute, msg.appPkgName is null!
D/2019-12-02 14:38:37.263 [main][TpnsChannel] [4.32][com.dts.freefireth:xg_service_v4]:Action -> send heartbeat 
V/2019-12-02 14:38:37.270 [main][TpnsChannel] [4.32][com.dts.freefireth:xg_service_v4]:Action -> checkAndSetupClient( tpnsClient = a(ip:203.205.254.169,port:14000,protocol:tcp), isClientCreating = false)
W/2019-12-02 14:38:37.298 [main][TPush] [4.32][com.dts.freefireth:xg_service_v4]:setAndAllowWhileIdle [class java.lang.Integer, class java.lang.Long, class android.app.PendingIntent]
D/2019-12-02 14:38:37.413 [main][TPush] [4.32][com.dts.freefireth:xg_service_v4]:com.dts.freefireth.AUTH_XGPUSH,com.dts.freefireth,com.tencent.android.tpush.XGPushProvider
I/2019-12-02 14:38:37.423 [main][TPush] [4.32][com.dts.freefireth:xg_service_v4]:heartbeat to com.dts.freefireth
I/2019-12-02 14:38:37.486 [main][TPush] [4.32][com.dts.freefireth:xg_service_v4]:heartbeat com.dts.freefireth 
I/2019-12-02 14:38:37.511 [main][TpnsChannel] [4.32][com.dts.freefireth:xg_service_v4]:Service bi state {"srv_stime":1575265647176,"srv_etime":1575275917486,"srv_startTime":7,"srv_freason":[".stop_connect",".stop_connect",".keepalive",".keepalive",".keepalive",".keepalive",".start_slave"],"hb_suc":0,"hb_failed":0,"con_suc":1,"con_failed":3,"con_freason":[{"errorCode":10101,"np":-1},{"errorCode":10101,"np":-1},{"errorCode":10101,"np":-1}]}
D/2019-12-02 14:38:37.651 [TpnsClient][TpnsClient] [4.32][com.dts.freefireth:xg_service_v4]:####Read one pkg with length = 61
D/2019-12-02 14:38:37.683 [TpnsClient][TpnsChannel] [4.32][com.dts.freefireth:xg_service_v4]:Action -> clientDidReceivePacket packet : g protocol = 1 command = TPNS_COMMAND_PUSH isResponse = false packetLength = 46
D/2019-12-02 14:38:37.691 [TpnsClient][TpnsChannel] [4.32][com.dts.freefireth:xg_service_v4]:Action -> clientDidReceivePacket PushMessageRunnable NEV1 : g protocol = 1 command = TPNS_COMMAND_PUSH isResponse = false packetLength = 46
V/2019-12-02 14:38:37.701 [tpush.working.thread][SrvMessageManager] [4.32][com.dts.freefireth:xg_service_v4]:receive msg from service msgId = 0 pkg =  size = 1
W/2019-12-02 14:38:37.701 [TpnsClient][TPush] [4.32][com.dts.freefireth:xg_service_v4]:setAndAllowWhileIdle [class java.lang.Integer, class java.lang.Long, class android.app.PendingIntent]
D/2019-12-02 14:38:37.714 [tpush.working.thread][SrvMessageManager] [4.32][com.dts.freefireth:xg_service_v4]:distributeFromServer : accid=0 ,channelId=0,busiId=0,pkg=,msgId=0,type=0,ts=0,multi=0,date=,serverTime=0,ttl=0, size = 1
V/2019-12-02 14:38:37.726 [tpush.working.thread][XGService] [4.32][com.dts.freefireth:xg_service_v4]:@@ msgServiceAck: Not add LocalMsg
D/2019-12-02 14:38:37.735 [tpush.working.thread][SrvMessageManager] [4.32][com.dts.freefireth:xg_service_v4]:>> messageDistribute, msg.appPkgName is null!
D/2019-12-02 14:41:37.706 [main][TpnsChannel] [4.32][com.dts.freefireth:xg_service_v4]:Action -> send heartbeat 
V/2019-12-02 14:41:37.718 [main][TpnsChannel] [4.32][com.dts.freefireth:xg_service_v4]:Action -> checkAndSetupClient( tpnsClient = a(ip:203.205.254.169,port:14000,protocol:tcp), isClientCreating = false)
W/2019-12-02 14:41:37.736 [main][TPush] [4.32][com.dts.freefireth:xg_service_v4]:setAndAllowWhileIdle [class java.lang.Integer, class java.lang.Long, class android.app.PendingIntent]
D/2019-12-02 14:41:37.852 [main][TPush] [4.32][com.dts.freefireth:xg_service_v4]:com.dts.freefireth.AUTH_XGPUSH,com.dts.freefireth,com.tencent.android.tpush.XGPushProvider
I/2019-12-02 14:41:37.875 [main][TPush] [4.32][com.dts.freefireth:xg_service_v4]:heartbeat to com.dts.freefireth
I/2019-12-02 14:41:37.942 [main][TPush] [4.32][com.dts.freefireth:xg_service_v4]:heartbeat com.dts.freefireth 
I/2019-12-02 14:41:37.972 [main][TpnsChannel] [4.32][com.dts.freefireth:xg_service_v4]:Service bi state {"srv_stime":1575265647176,"srv_etime":1575276097943,"srv_startTime":7,"srv_freason":[".stop_connect",".stop_connect",".keepalive",".keepalive",".keepalive",".keepalive",".start_slave"],"hb_suc":0,"hb_failed":0,"con_suc":1,"con_failed":3,"con_freason":[{"errorCode":10101,"np":-1},{"errorCode":10101,"np":-1},{"errorCode":10101,"np":-1}]}
D/2019-12-02 14:41:38.112 [TpnsClient][TpnsClient] [4.32][com.dts.freefireth:xg_service_v4]:####Read one pkg with length = 61
D/2019-12-02 14:41:38.146 [TpnsClient][TpnsChannel] [4.32][com.dts.freefireth:xg_service_v4]:Action -> clientDidReceivePacket packet : g protocol = 1 command = TPNS_COMMAND_PUSH isResponse = false packetLength = 46
D/2019-12-02 14:41:38.164 [TpnsClient][TpnsChannel] [4.32][com.dts.freefireth:xg_service_v4]:Action -> clientDidReceivePacket PushMessageRunnable NEV1 : g protocol = 1 command = TPNS_COMMAND_PUSH isResponse = false packetLength = 46
V/2019-12-02 14:41:38.180 [tpush.working.thread][SrvMessageManager] [4.32][com.dts.freefireth:xg_service_v4]:receive msg from service msgId = 0 pkg =  size = 1
W/2019-12-02 14:41:38.185 [TpnsClient][TPush] [4.32][com.dts.freefireth:xg_service_v4]:setAndAllowWhileIdle [class java.lang.Integer, class java.lang.Long, class android.app.PendingIntent]
D/2019-12-02 14:41:38.198 [tpush.working.thread][SrvMessageManager] [4.32][com.dts.freefireth:xg_service_v4]:distributeFromServer : accid=0 ,channelId=0,busiId=0,pkg=,msgId=0,type=0,ts=0,multi=0,date=,serverTime=0,ttl=0, size = 1
V/2019-12-02 14:41:38.208 [tpush.working.thread][XGService] [4.32][com.dts.freefireth:xg_service_v4]:@@ msgServiceAck: Not add LocalMsg
D/2019-12-02 14:41:38.219 [tpush.working.thread][SrvMessageManager] [4.32][com.dts.freefireth:xg_service_v4]:>> messageDistribute, msg.appPkgName is null!
D/2019-12-02 14:44:38.182 [main][TpnsChannel] [4.32][com.dts.freefireth:xg_service_v4]:Action -> send heartbeat 
V/2019-12-02 14:44:38.195 [main][TpnsChannel] [4.32][com.dts.freefireth:xg_service_v4]:Action -> checkAndSetupClient( tpnsClient = a(ip:203.205.254.169,port:14000,protocol:tcp), isClientCreating = false)
W/2019-12-02 14:44:38.211 [main][TPush] [4.32][com.dts.freefireth:xg_service_v4]:setAndAllowWhileIdle [class java.lang.Integer, class java.lang.Long, class android.app.PendingIntent]
D/2019-12-02 14:44:38.308 [main][TPush] [4.32][com.dts.freefireth:xg_service_v4]:com.dts.freefireth.AUTH_XGPUSH,com.dts.freefireth,com.tencent.android.tpush.XGPushProvider
I/2019-12-02 14:44:38.320 [main][TPush] [4.32][com.dts.freefireth:xg_service_v4]:heartbeat to com.dts.freefireth
I/2019-12-02 14:44:38.386 [main][TPush] [4.32][com.dts.freefireth:xg_service_v4]:heartbeat com.dts.freefireth 
I/2019-12-02 14:44:38.404 [main][TpnsChannel] [4.32][com.dts.freefireth:xg_service_v4]:Service bi state {"srv_stime":1575265647176,"srv_etime":1575276278388,"srv_startTime":7,"srv_freason":[".stop_connect",".stop_connect",".keepalive",".keepalive",".keepalive",".keepalive",".start_slave"],"hb_suc":0,"hb_failed":0,"con_suc":1,"con_failed":3,"con_freason":[{"errorCode":10101,"np":-1},{"errorCode":10101,"np":-1},{"errorCode":10101,"np":-1}]}
E/2019-12-02 14:44:58.046 [TpnsClient][TpnsClient] [4.32][com.dts.freefireth:xg_service_v4]:<<< Run <<< socketChannel IOException
* Exception : 
java.net.SocketException: recvfrom failed: ETIMEDOUT (Connection timed out)
	at libcore.io.IoBridge.maybeThrowAfterRecvfrom(IoBridge.java:625)
	at libcore.io.IoBridge.recvfrom(IoBridge.java:599)
	at java.nio.SocketChannelImpl.readImpl(SocketChannelImpl.java:342)
	at java.nio.SocketChannelImpl.read(SocketChannelImpl.java:304)
	at com.tencent.android.tpush.service.channel.a.a.run(ProGuard:225)
Caused by: android.system.ErrnoException: recvfrom failed: ETIMEDOUT (Connection timed out)
	at libcore.io.Posix.recvfromBytes(Native Method)
	at libcore.io.Posix.recvfrom(Posix.java:179)
	at libcore.io.BlockGuardOs.recvfrom(BlockGuardOs.java:245)
	at libcore.io.IoBridge.recvfrom(IoBridge.java:596)
	... 3 more

E/2019-12-02 14:44:58.135 [TpnsClient][TpnsClient] [4.32][com.dts.freefireth:xg_service_v4]:delegate.clientExceptionOccurs <<< Run <<< exit!!! cause: com.tencent.android.tpush.service.channel.exception.ChannelException: TpnsClient发生IO异常，链路可能被关闭
E/2019-12-02 14:44:59.233 [TpnsClient][TpnsChannel] [4.32][com.dts.freefireth:xg_service_v4]:clientExceptionOccurs(isHttpClient : false,com.tencent.android.tpush.service.channel.exception.ChannelException: TpnsClient发生IO异常，链路可能被关闭)
D/2019-12-02 14:45:00.040 [main][a] [4.32][com.dts.freefireth:xg_service_v4]:network chanced:Intent { act=android.net.conn.CONNECTIVITY_CHANGE flg=0x4000010 (has extras) }
D/2019-12-02 14:45:00.243 [main][OptimalLinkSelector] [4.32][com.dts.freefireth:xg_service_v4]:Connection state changed to - [type: WIFI[], state: DISCONNECTED/DISCONNECTED, reason: (unspecified), extra: <unknown ssid>, roaming: false, failover: false, isAvailable: true]
D/2019-12-02 14:45:00.323 [main][OptimalLinkSelector] [4.32][com.dts.freefireth:xg_service_v4]:DisConnected with network type WIFI
I/2019-12-02 14:45:00.346 [main][PushServiceManager] [4.32][com.dts.freefireth:xg_service_v4]:Action -> stop Current Connect
D/2019-12-02 14:45:00.925 [main][XGPushReceiver] [4.32][com.dts.freefireth:xg_service_v4]:PushReceiver received android.net.conn.CONNECTIVITY_CHANGE @@ com.dts.freefireth
D/2019-12-02 14:45:00.938 [main][OptimalLinkSelector] [4.32][com.dts.freefireth:xg_service_v4]:Connection state changed to - [type: WIFI[], state: DISCONNECTED/DISCONNECTED, reason: (unspecified), extra: <unknown ssid>, roaming: false, failover: false, isAvailable: true]
D/2019-12-02 14:45:00.954 [main][OptimalLinkSelector] [4.32][com.dts.freefireth:xg_service_v4]:DisConnected with network type WIFI
I/2019-12-02 14:45:00.993 [main][PushServiceManager] [4.32][com.dts.freefireth:xg_service_v4]:Action -> stop Current Connect
D/2019-12-02 14:45:02.029 [main][a] [4.32][com.dts.freefireth:xg_service_v4]:network chanced:Intent { act=android.net.conn.CONNECTIVITY_CHANGE flg=0x4000010 (has extras) }
D/2019-12-02 14:45:02.079 [main][OptimalLinkSelector] [4.32][com.dts.freefireth:xg_service_v4]:Connection state changed to - [type: WIFI[], state: CONNECTED/CONNECTED, reason: (unspecified), extra: "stardust", roaming: false, failover: false, isAvailable: true]
D/2019-12-02 14:45:02.105 [main][OptimalLinkSelector] [4.32][com.dts.freefireth:xg_service_v4]:Connected with network type WIFI
V/2019-12-02 14:45:04.183 [main][TpnsChannel] [4.32][com.dts.freefireth:xg_service_v4]:Action -> checkAndSetupClient( tpnsClient = null, isClientCreating = false)
D/2019-12-02 14:45:04.208 [tpush.working.thread][XGHorse] [4.32][com.dts.freefireth:xg_service_v4]:Action ->  createOptimalSocketChannel run
D/2019-12-02 14:45:04.223 [tpush.working.thread][XGHorse] [4.32][com.dts.freefireth:xg_service_v4]:Action ->  createOptimalSocketChannel run
D/2019-12-02 14:45:04.501 [tpush.working.thread][httpDns] [4.32][com.dts.freefireth:xg_service_v4]:cacheResult:{"ips":"203.205.254.169;203.205.254.117","ttl":300,"exp":1575273368888},diff:-2935534
W/2019-12-02 14:45:04.623 [tpush.working.thread][httpDns] [4.32][com.dts.freefireth:xg_service_v4]:cacheResult Exp.
D/2019-12-02 14:45:04.752 [main][a] [4.32][com.dts.freefireth:xg_service_v4]:network chanced:Intent { act=android.net.conn.CONNECTIVITY_CHANGE flg=0x4000010 (has extras) }
D/2019-12-02 14:45:04.875 [main][OptimalLinkSelector] [4.32][com.dts.freefireth:xg_service_v4]:Connection state changed to - [type: WIFI[], state: DISCONNECTED/DISCONNECTED, reason: (unspecified), extra: <unknown ssid>, roaming: false, failover: false, isAvailable: true]
D/2019-12-02 14:45:04.900 [main][OptimalLinkSelector] [4.32][com.dts.freefireth:xg_service_v4]:DisConnected with network type WIFI
E/2019-12-02 14:45:04.936 [tpush.working.thread][XGService] [4.32][com.dts.freefireth:xg_service_v4]:
* Exception : 

I/2019-12-02 14:45:04.966 [main][PushServiceManager] [4.32][com.dts.freefireth:xg_service_v4]:Action -> stop Current Connect
E/2019-12-02 14:45:05.035 [tpush.working.thread][XGService] [4.32][com.dts.freefireth:xg_service_v4]:getStrategyItems is null
D/2019-12-02 14:45:05.064 [tpush.working.thread][SocketClient] [4.32][com.dts.freefireth:xg_service_v4]:httpdns error use defulltitems serverIp=183.232.98.178,serverPort=14000, proxyIp=,proxyPort=80, protocolType=tcp, redirect=0
D/2019-12-02 14:45:05.084 [tpush.working.thread][SocketClient] [4.32][com.dts.freefireth:xg_service_v4]:connect to 183.232.98.178:14000
E/2019-12-02 14:45:05.106 [tpush.working.thread][SocketClient] [4.32][com.dts.freefireth:xg_service_v4]:socket connect error
* Exception : 
java.net.ConnectException: failed to connect to /183.232.98.178 (port 14000) after 30000ms: connect failed: ENETUNREACH (Network is unreachable)
	at libcore.io.IoBridge.connect(IoBridge.java:129)
	at java.net.PlainSocketImpl.connect(PlainSocketImpl.java:188)
	at java.net.PlainSocketImpl.connect(PlainSocketImpl.java:457)
	at java.net.Socket.connect(Socket.java:927)
	at java.nio.SocketChannelImpl$SocketAdapter.connect(SocketChannelImpl.java:531)
	at com.tencent.android.tpush.horse.e.a(ProGuard:134)
	at com.tencent.android.tpush.horse.d$1.run(ProGuard:107)
	at android.os.Handler.handleCallback(Handler.java:815)
	at android.os.Handler.dispatchMessage(Handler.java:104)
	at android.os.Looper.loop(Looper.java:207)
	at android.os.HandlerThread.run(HandlerThread.java:61)
Caused by: android.system.ErrnoException: connect failed: ENETUNREACH (Network is unreachable)
	at libcore.io.Posix.connect(Native Method)
	at libcore.io.BlockGuardOs.connect(BlockGuardOs.java:111)
	at libcore.io.IoBridge.connectErrno(IoBridge.java:170)
	at libcore.io.IoBridge.connect(IoBridge.java:127)
	... 10 more

E/2019-12-02 14:45:05.159 [tpush.working.thread][SocketClient] [4.32][com.dts.freefireth:xg_service_v4]:notifyFail
* Exception : 
java.util.NoSuchElementException
	at java.util.AbstractQueue.remove(AbstractQueue.java:88)
	at com.tencent.android.tpush.horse.e.d(ProGuard:222)
	at com.tencent.android.tpush.horse.e.a(ProGuard:142)
	at com.tencent.android.tpush.horse.d$1.run(ProGuard:107)
	at android.os.Handler.handleCallback(Handler.java:815)
	at android.os.Handler.dispatchMessage(Handler.java:104)
	at android.os.Looper.loop(Looper.java:207)
	at android.os.HandlerThread.run(HandlerThread.java:61)

E/2019-12-02 14:45:05.196 [tpush.working.thread][XGHorse] [4.32][com.dts.freefireth:xg_service_v4]:createOptimalSocketChannel error
* Exception : 
com.tencent.android.tpush.service.channel.exception.HorseIgnoreException: null
	at com.tencent.android.tpush.horse.e.a(ProGuard:144)
	at com.tencent.android.tpush.horse.d$1.run(ProGuard:107)
	at android.os.Handler.handleCallback(Handler.java:815)
	at android.os.Handler.dispatchMessage(Handler.java:104)
	at android.os.Looper.loop(Looper.java:207)
	at android.os.HandlerThread.run(HandlerThread.java:61)
Caused by: java.net.ConnectException: failed to connect to /183.232.98.178 (port 14000) after 30000ms: connect failed: ENETUNREACH (Network is unreachable)
	at libcore.io.IoBridge.connect(IoBridge.java:129)
	at java.net.PlainSocketImpl.connect(PlainSocketImpl.java:188)
	at java.net.PlainSocketImpl.connect(PlainSocketImpl.java:457)
	at java.net.Socket.connect(Socket.java:927)
	at java.nio.SocketChannelImpl$SocketAdapter.connect(SocketChannelImpl.java:531)
	at com.tencent.android.tpush.horse.e.a(ProGuard:134)
	... 5 more
Caused by: android.system.ErrnoException: connect failed: ENETUNREACH (Network is unreachable)
	at libcore.io.Posix.connect(Native Method)
	at libcore.io.BlockGuardOs.connect(BlockGuardOs.java:111)
	at libcore.io.IoBridge.connectErrno(IoBridge.java:170)
	at libcore.io.IoBridge.connect(IoBridge.java:127)
	... 10 more

E/2019-12-02 14:45:05.269 [tpush.working.thread][TpnsChannel] [4.32][com.dts.freefireth:xg_service_v4]:ICreateSocketChannelCallback onFailure(10101,create tcp channel fail!)
I/2019-12-02 14:45:05.305 [tpush.working.thread][TpnsChannel] [4.32][com.dts.freefireth:xg_service_v4]:Connect to Xinge Server failed!
D/2019-12-02 14:45:07.042 [main][a] [4.32][com.dts.freefireth:xg_service_v4]:network chanced:Intent { act=android.net.conn.CONNECTIVITY_CHANGE flg=0x4000010 (has extras) }
D/2019-12-02 14:45:07.062 [main][OptimalLinkSelector] [4.32][com.dts.freefireth:xg_service_v4]:Connection state changed to - [type: WIFI[], state: CONNECTED/CONNECTED, reason: (unspecified), extra: "ASUS_A8", roaming: false, failover: false, isAvailable: true]
D/2019-12-02 14:45:07.109 [main][OptimalLinkSelector] [4.32][com.dts.freefireth:xg_service_v4]:Connected with network type WIFI
V/2019-12-02 14:45:09.263 [main][TpnsChannel] [4.32][com.dts.freefireth:xg_service_v4]:Action -> checkAndSetupClient( tpnsClient = null, isClientCreating = false)
D/2019-12-02 14:45:09.279 [tpush.working.thread][XGHorse] [4.32][com.dts.freefireth:xg_service_v4]:Action ->  createOptimalSocketChannel run
D/2019-12-02 14:45:09.303 [tpush.working.thread][XGHorse] [4.32][com.dts.freefireth:xg_service_v4]:Action ->  createOptimalSocketChannel run
D/2019-12-02 14:45:11.357 [main][XGPushReceiver] [4.32][com.dts.freefireth:xg_service_v4]:PushReceiver received android.net.conn.CONNECTIVITY_CHANGE @@ com.dts.freefireth
D/2019-12-02 14:45:11.375 [main][OptimalLinkSelector] [4.32][com.dts.freefireth:xg_service_v4]:Connection state changed to - [type: WIFI[], state: CONNECTED/CONNECTED, reason: (unspecified), extra: "stardust", roaming: false, failover: false, isAvailable: true]
D/2019-12-02 14:45:11.386 [main][OptimalLinkSelector] [4.32][com.dts.freefireth:xg_service_v4]:Connected with network type WIFI
V/2019-12-02 14:45:13.573 [main][TpnsChannel] [4.32][com.dts.freefireth:xg_service_v4]:Action -> checkAndSetupClient( tpnsClient = null, isClientCreating = true)
D/2019-12-02 14:45:16.944 [main][XGPushReceiver] [4.32][com.dts.freefireth:xg_service_v4]:PushReceiver received android.net.conn.CONNECTIVITY_CHANGE @@ com.dts.freefireth
D/2019-12-02 14:45:16.955 [main][OptimalLinkSelector] [4.32][com.dts.freefireth:xg_service_v4]:Connection state changed to - [type: WIFI[], state: DISCONNECTED/DISCONNECTED, reason: (unspecified), extra: <unknown ssid>, roaming: false, failover: false, isAvailable: true]
D/2019-12-02 14:45:16.966 [main][OptimalLinkSelector] [4.32][com.dts.freefireth:xg_service_v4]:DisConnected with network type WIFI
I/2019-12-02 14:45:16.979 [main][PushServiceManager] [4.32][com.dts.freefireth:xg_service_v4]:Action -> stop Current Connect
D/2019-12-02 14:45:20.080 [main][XGPushReceiver] [4.32][com.dts.freefireth:xg_service_v4]:PushReceiver received android.net.conn.CONNECTIVITY_CHANGE @@ com.dts.freefireth
D/2019-12-02 14:45:20.095 [main][OptimalLinkSelector] [4.32][com.dts.freefireth:xg_service_v4]:Connection state changed to - [type: WIFI[], state: CONNECTED/CONNECTED, reason: (unspecified), extra: "ASUS_A8", roaming: false, failover: false, isAvailable: true]
D/2019-12-02 14:45:20.105 [main][OptimalLinkSelector] [4.32][com.dts.freefireth:xg_service_v4]:Connected with network type WIFI
V/2019-12-02 14:45:22.246 [main][TpnsChannel] [4.32][com.dts.freefireth:xg_service_v4]:Action -> checkAndSetupClient( tpnsClient = null, isClientCreating = false)
E/2019-12-02 14:45:49.715 [tpush.working.thread][XGService] [4.32][com.dts.freefireth:xg_service_v4]:
* Exception : 

E/2019-12-02 14:45:49.743 [tpush.working.thread][XGService] [4.32][com.dts.freefireth:xg_service_v4]:getStrategyItems is null
D/2019-12-02 14:45:49.767 [tpush.working.thread][SocketClient] [4.32][com.dts.freefireth:xg_service_v4]:httpdns error use defulltitems serverIp=183.232.98.178,serverPort=14000, proxyIp=,proxyPort=80, protocolType=tcp, redirect=0
D/2019-12-02 14:45:49.782 [tpush.working.thread][SocketClient] [4.32][com.dts.freefireth:xg_service_v4]:connect to 183.232.98.178:14000
E/2019-12-02 14:45:49.809 [tpush.working.thread][SocketClient] [4.32][com.dts.freefireth:xg_service_v4]:socket connect error
* Exception : 
java.net.ConnectException: failed to connect to /183.232.98.178 (port 14000) after 30000ms: isConnected failed: ENETUNREACH (Network is unreachable)
	at libcore.io.IoBridge.isConnected(IoBridge.java:257)
	at libcore.io.IoBridge.connectErrno(IoBridge.java:193)
	at libcore.io.IoBridge.connect(IoBridge.java:127)
	at java.net.PlainSocketImpl.connect(PlainSocketImpl.java:188)
	at java.net.PlainSocketImpl.connect(PlainSocketImpl.java:457)
	at java.net.Socket.connect(Socket.java:927)
	at java.nio.SocketChannelImpl$SocketAdapter.connect(SocketChannelImpl.java:531)
	at com.tencent.android.tpush.horse.e.a(ProGuard:134)
	at com.tencent.android.tpush.horse.d$1.run(ProGuard:107)
	at android.os.Handler.handleCallback(Handler.java:815)
	at android.os.Handler.dispatchMessage(Handler.java:104)
	at android.os.Looper.loop(Looper.java:207)
	at android.os.HandlerThread.run(HandlerThread.java:61)
Caused by: android.system.ErrnoException: isConnected failed: ENETUNREACH (Network is unreachable)
	at libcore.io.IoBridge.isConnected(IoBridge.java:246)
	... 12 more

E/2019-12-02 14:45:49.824 [tpush.working.thread][SocketClient] [4.32][com.dts.freefireth:xg_service_v4]:notifyFail
* Exception : 
java.util.NoSuchElementException
	at java.util.AbstractQueue.remove(AbstractQueue.java:88)
	at com.tencent.android.tpush.horse.e.d(ProGuard:222)
	at com.tencent.android.tpush.horse.e.a(ProGuard:142)
	at com.tencent.android.tpush.horse.d$1.run(ProGuard:107)
	at android.os.Handler.handleCallback(Handler.java:815)
	at android.os.Handler.dispatchMessage(Handler.java:104)
	at android.os.Looper.loop(Looper.java:207)
	at android.os.HandlerThread.run(HandlerThread.java:61)

E/2019-12-02 14:45:49.836 [tpush.working.thread][XGHorse] [4.32][com.dts.freefireth:xg_service_v4]:createOptimalSocketChannel error
* Exception : 
com.tencent.android.tpush.service.channel.exception.HorseIgnoreException: null
	at com.tencent.android.tpush.horse.e.a(ProGuard:144)
	at com.tencent.android.tpush.horse.d$1.run(ProGuard:107)
	at android.os.Handler.handleCallback(Handler.java:815)
	at android.os.Handler.dispatchMessage(Handler.java:104)
	at android.os.Looper.loop(Looper.java:207)
	at android.os.HandlerThread.run(HandlerThread.java:61)
Caused by: java.net.ConnectException: failed to connect to /183.232.98.178 (port 14000) after 30000ms: isConnected failed: ENETUNREACH (Network is unreachable)
	at libcore.io.IoBridge.isConnected(IoBridge.java:257)
	at libcore.io.IoBridge.connectErrno(IoBridge.java:193)
	at libcore.io.IoBridge.connect(IoBridge.java:127)
	at java.net.PlainSocketImpl.connect(PlainSocketImpl.java:188)
	at java.net.PlainSocketImpl.connect(PlainSocketImpl.java:457)
	at java.net.Socket.connect(Socket.java:927)
	at java.nio.SocketChannelImpl$SocketAdapter.connect(SocketChannelImpl.java:531)
	at com.tencent.android.tpush.horse.e.a(ProGuard:134)
	... 5 more
Caused by: android.system.ErrnoException: isConnected failed: ENETUNREACH (Network is unreachable)
	at libcore.io.IoBridge.isConnected(IoBridge.java:246)
	... 12 more

E/2019-12-02 14:45:49.860 [tpush.working.thread][TpnsChannel] [4.32][com.dts.freefireth:xg_service_v4]:ICreateSocketChannelCallback onFailure(10101,create tcp channel fail!)
D/2019-12-02 14:45:49.924 [tpush.working.thread][TpnsChannel] [4.32][com.dts.freefireth:xg_service_v4]:onDisconnected and retry HANDLER_CHECKANDSETUP 2000 retry times = 1
D/2019-12-02 14:45:49.961 [tpush.working.thread][XGHorse] [4.32][com.dts.freefireth:xg_service_v4]:Action ->  createOptimalSocketChannel run
D/2019-12-02 14:45:49.985 [tpush.working.thread][XGHorse] [4.32][com.dts.freefireth:xg_service_v4]:Action ->  createOptimalSocketChannel run
E/2019-12-02 14:45:50.041 [tpush.working.thread][XGService] [4.32][com.dts.freefireth:xg_service_v4]:
* Exception : 

E/2019-12-02 14:45:50.084 [tpush.working.thread][XGService] [4.32][com.dts.freefireth:xg_service_v4]:getStrategyItems is null
D/2019-12-02 14:45:50.096 [tpush.working.thread][SocketClient] [4.32][com.dts.freefireth:xg_service_v4]:httpdns error use defulltitems serverIp=183.232.98.178,serverPort=443, proxyIp=,proxyPort=80, protocolType=tcp, redirect=0
D/2019-12-02 14:45:50.112 [tpush.working.thread][SocketClient] [4.32][com.dts.freefireth:xg_service_v4]:connect to 183.232.98.178:443
E/2019-12-02 14:45:50.126 [tpush.working.thread][SocketClient] [4.32][com.dts.freefireth:xg_service_v4]:socket connect error
* Exception : 
java.net.ConnectException: failed to connect to /183.232.98.178 (port 443) after 30000ms: isConnected failed: ENETUNREACH (Network is unreachable)
	at libcore.io.IoBridge.isConnected(IoBridge.java:257)
	at libcore.io.IoBridge.connectErrno(IoBridge.java:193)
	at libcore.io.IoBridge.connect(IoBridge.java:127)
	at java.net.PlainSocketImpl.connect(PlainSocketImpl.java:188)
	at java.net.PlainSocketImpl.connect(PlainSocketImpl.java:457)
	at java.net.Socket.connect(Socket.java:927)
	at java.nio.SocketChannelImpl$SocketAdapter.connect(SocketChannelImpl.java:531)
	at com.tencent.android.tpush.horse.e.a(ProGuard:134)
	at com.tencent.android.tpush.horse.d$1.run(ProGuard:107)
	at android.os.Handler.handleCallback(Handler.java:815)
	at android.os.Handler.dispatchMessage(Handler.java:104)
	at android.os.Looper.loop(Looper.java:207)
	at android.os.HandlerThread.run(HandlerThread.java:61)
Caused by: android.system.ErrnoException: isConnected failed: ENETUNREACH (Network is unreachable)
	at libcore.io.IoBridge.isConnected(IoBridge.java:246)
	... 12 more

E/2019-12-02 14:45:50.138 [tpush.working.thread][SocketClient] [4.32][com.dts.freefireth:xg_service_v4]:notifyFail
* Exception : 
java.util.NoSuchElementException
	at java.util.AbstractQueue.remove(AbstractQueue.java:88)
	at com.tencent.android.tpush.horse.e.d(ProGuard:222)
	at com.tencent.android.tpush.horse.e.a(ProGuard:142)
	at com.tencent.android.tpush.horse.d$1.run(ProGuard:107)
	at android.os.Handler.handleCallback(Handler.java:815)
	at android.os.Handler.dispatchMessage(Handler.java:104)
	at android.os.Looper.loop(Looper.java:207)
	at android.os.HandlerThread.run(HandlerThread.java:61)

E/2019-12-02 14:45:50.157 [tpush.working.thread][XGHorse] [4.32][com.dts.freefireth:xg_service_v4]:createOptimalSocketChannel error
* Exception : 
com.tencent.android.tpush.service.channel.exception.HorseIgnoreException: null
	at com.tencent.android.tpush.horse.e.a(ProGuard:144)
	at com.tencent.android.tpush.horse.d$1.run(ProGuard:107)
	at android.os.Handler.handleCallback(Handler.java:815)
	at android.os.Handler.dispatchMessage(Handler.java:104)
	at android.os.Looper.loop(Looper.java:207)
	at android.os.HandlerThread.run(HandlerThread.java:61)
Caused by: java.net.ConnectException: failed to connect to /183.232.98.178 (port 443) after 30000ms: isConnected failed: ENETUNREACH (Network is unreachable)
	at libcore.io.IoBridge.isConnected(IoBridge.java:257)
	at libcore.io.IoBridge.connectErrno(IoBridge.java:193)
	at libcore.io.IoBridge.connect(IoBridge.java:127)
	at java.net.PlainSocketImpl.connect(PlainSocketImpl.java:188)
	at java.net.PlainSocketImpl.connect(PlainSocketImpl.java:457)
	at java.net.Socket.connect(Socket.java:927)
	at java.nio.SocketChannelImpl$SocketAdapter.connect(SocketChannelImpl.java:531)
	at com.tencent.android.tpush.horse.e.a(ProGuard:134)
	... 5 more
Caused by: android.system.ErrnoException: isConnected failed: ENETUNREACH (Network is unreachable)
	at libcore.io.IoBridge.isConnected(IoBridge.java:246)
	... 12 more

E/2019-12-02 14:45:50.173 [tpush.working.thread][TpnsChannel] [4.32][com.dts.freefireth:xg_service_v4]:ICreateSocketChannelCallback onFailure(10101,create tcp channel fail!)
V/2019-12-02 14:45:51.938 [main][TpnsChannel] [4.32][com.dts.freefireth:xg_service_v4]:Action -> checkAndSetupClient( tpnsClient = null, isClientCreating = false)
D/2019-12-02 14:45:51.952 [tpush.working.thread][XGHorse] [4.32][com.dts.freefireth:xg_service_v4]:Action ->  createOptimalSocketChannel run
D/2019-12-02 14:45:51.963 [tpush.working.thread][XGHorse] [4.32][com.dts.freefireth:xg_service_v4]:Action ->  createOptimalSocketChannel run
E/2019-12-02 14:46:02.138 [tpush.working.thread][XGService] [4.32][com.dts.freefireth:xg_service_v4]:getStrategyItems is null
D/2019-12-02 14:46:02.160 [tpush.working.thread][SocketClient] [4.32][com.dts.freefireth:xg_service_v4]:httpdns error use defulltitems serverIp=203.205.254.117,serverPort=80, proxyIp=,proxyPort=80, protocolType=tcp, redirect=0
D/2019-12-02 14:46:02.177 [tpush.working.thread][SocketClient] [4.32][com.dts.freefireth:xg_service_v4]:connect to 203.205.254.117:80
V/2019-12-02 14:46:02.357 [tpush.working.thread][TpnsChannel] [4.32][com.dts.freefireth:xg_service_v4]:ICreateSocketChannelCallback onSuccess(java.nio.SocketChannelImpl@6911148,java.nio.SocketChannelImpl@6911148)
I/2019-12-02 14:46:02.391 [tpush.working.thread][TpnsClient] [4.32][com.dts.freefireth:xg_service_v4]:Connect to Xinge Server succeed!
D/2019-12-02 14:46:02.551 [tpush.working.thread][TpnsChannel] [4.32][com.dts.freefireth:xg_service_v4]:Action -> sendReconnMessage with token - 03fff04496b00ca64380acef2def0ddee94f133e
V/2019-12-02 14:46:02.561 [tpush.working.thread][TpnsChannel] [4.32][com.dts.freefireth:xg_service_v4]:Action -> checkAndSetupClient( tpnsClient = a(ip:203.205.254.117,port:80,protocol:tcp), isClientCreating = false)
I/2019-12-02 14:46:02.579 [TpnsClient][TpnsClient] [4.32][com.dts.freefireth:xg_service_v4]:TpnsClient is running and ready for send and recevie msg.
D/2019-12-02 14:46:02.610 [TpnsClient][TpnsChannel] [4.32][com.dts.freefireth:xg_service_v4]:Action -> clientDidSendPacket packet : h protocol = 1 command = TPNS_COMMAND_RECONNECT isResponse = false packetLength = 410
D/2019-12-02 14:46:02.768 [TpnsClient][TpnsClient] [4.32][com.dts.freefireth:xg_service_v4]:####Read one pkg with length = 35
D/2019-12-02 14:46:02.796 [TpnsClient][TpnsChannel] [4.32][com.dts.freefireth:xg_service_v4]:Action -> clientDidReceivePacket packet : g protocol = 1 command = TPNS_COMMAND_RECONNECT isResponse = true packetLength = 20
D/2019-12-02 14:46:02.815 [TpnsClient][TpnsChannel] [4.32][com.dts.freefireth:xg_service_v4]:Action -> clientDidReceivePacket RequestSuccRunnable NEV1 : g protocol = 1 command = TPNS_COMMAND_RECONNECT isResponse = true packetLength = 20
D/2019-12-02 14:46:02.835 [tpush.working.thread][PushServiceNetworkHandler] [4.32][com.dts.freefireth:xg_service_v4]:reconnCallback onResponse request:token: 03fff04496b00ca64380acef2def0ddee94f133e
deviceId: 461cd78e57077d4042d1f10aa4706adc
networkType: 1
unregInfoList: 0, []
recvMsgList: 0, []
mutableInfo: {
	ssid: "ASUS_A8"
	bssid: 04:92:26:66:a3:a8
	mac: 02:00:00:00:00:00
	wflist: 
}
deviceType: 0
msgClickList: null	sdkVersion: 4.32
reserved: {"new_mid":"03fff04496b00ca64380acef2def0ddee94f133e","new_mid_v":"4.07","app_accessids":[2100275588]}
connVersion: 4
guid: 9053918568
ts: 0
configVersion: -1
, responseCode:0, response:confVersion: 32
appOfflinePushMsgList: 0, []
timeUs: 1575276363763159

W/2019-12-02 14:46:02.836 [TpnsClient][TPush] [4.32][com.dts.freefireth:xg_service_v4]:setAndAllowWhileIdle [class java.lang.Integer, class java.lang.Long, class android.app.PendingIntent]
D/2019-12-02 14:46:02.861 [tpush.working.thread][PushServiceNetworkHandler] [4.32][com.dts.freefireth:xg_service_v4]:reconnCallback onResponse rsp==null?:false
D/2019-12-02 14:46:02.871 [tpush.working.thread][PushServiceNetworkHandler] [4.32][com.dts.freefireth:xg_service_v4]:loadIPList :32
D/2019-12-02 14:49:02.829 [main][TpnsChannel] [4.32][com.dts.freefireth:xg_service_v4]:Action -> send heartbeat 
V/2019-12-02 14:49:02.850 [main][TpnsChannel] [4.32][com.dts.freefireth:xg_service_v4]:Action -> checkAndSetupClient( tpnsClient = a(ip:203.205.254.117,port:80,protocol:tcp), isClientCreating = false)
W/2019-12-02 14:49:02.863 [main][TPush] [4.32][com.dts.freefireth:xg_service_v4]:setAndAllowWhileIdle [class java.lang.Integer, class java.lang.Long, class android.app.PendingIntent]
D/2019-12-02 14:49:02.972 [main][TPush] [4.32][com.dts.freefireth:xg_service_v4]:com.dts.freefireth.AUTH_XGPUSH,com.dts.freefireth,com.tencent.android.tpush.XGPushProvider
I/2019-12-02 14:49:02.988 [main][TPush] [4.32][com.dts.freefireth:xg_service_v4]:heartbeat to com.dts.freefireth
I/2019-12-02 14:49:03.064 [main][TPush] [4.32][com.dts.freefireth:xg_service_v4]:heartbeat com.dts.freefireth 
I/2019-12-02 14:49:03.099 [main][TpnsChannel] [4.32][com.dts.freefireth:xg_service_v4]:Service bi state {"srv_stime":1575265647176,"srv_etime":1575276543065,"srv_startTime":15,"srv_freason":[".stop_connect",".stop_connect",".keepalive",".keepalive",".keepalive",".keepalive",".start_slave",".stop_connect",".stop_connect",".keepalive"],"hb_suc":0,"hb_failed":0,"con_suc":2,"con_failed":7,"con_freason":[{"errorCode":10101,"np":-1},{"errorCode":10101,"np":-1},{"errorCode":10101,"np":-1},{"errorCode":10103,"np":-1},{"errorCode":10101,"np":-1},{"errorCode":10101,"np":1},{"errorCode":10101,"np":1}]}
D/2019-12-02 14:49:03.244 [TpnsClient][TpnsClient] [4.32][com.dts.freefireth:xg_service_v4]:####Read one pkg with length = 61
D/2019-12-02 14:49:03.265 [TpnsClient][TpnsChannel] [4.32][com.dts.freefireth:xg_service_v4]:Action -> clientDidReceivePacket packet : g protocol = 1 command = TPNS_COMMAND_PUSH isResponse = false packetLength = 46
D/2019-12-02 14:49:03.289 [TpnsClient][TpnsChannel] [4.32][com.dts.freefireth:xg_service_v4]:Action -> clientDidReceivePacket PushMessageRunnable NEV1 : g protocol = 1 command = TPNS_COMMAND_PUSH isResponse = false packetLength = 46
W/2019-12-02 14:49:03.330 [TpnsClient][TPush] [4.32][com.dts.freefireth:xg_service_v4]:setAndAllowWhileIdle [class java.lang.Integer, class java.lang.Long, class android.app.PendingIntent]
V/2019-12-02 14:49:03.347 [tpush.working.thread][SrvMessageManager] [4.32][com.dts.freefireth:xg_service_v4]:receive msg from service msgId = 0 pkg =  size = 1
D/2019-12-02 14:49:03.357 [tpush.working.thread][SrvMessageManager] [4.32][com.dts.freefireth:xg_service_v4]:distributeFromServer : accid=0 ,channelId=0,busiId=0,pkg=,msgId=0,type=0,ts=0,multi=0,date=,serverTime=0,ttl=0, size = 1
V/2019-12-02 14:49:03.377 [tpush.working.thread][XGService] [4.32][com.dts.freefireth:xg_service_v4]:@@ msgServiceAck: Not add LocalMsg
D/2019-12-02 14:49:03.393 [tpush.working.thread][SrvMessageManager] [4.32][com.dts.freefireth:xg_service_v4]:>> messageDistribute, msg.appPkgName is null!
D/2019-12-02 14:52:03.302 [main][TpnsChannel] [4.32][com.dts.freefireth:xg_service_v4]:Action -> send heartbeat 
V/2019-12-02 14:52:03.316 [main][TpnsChannel] [4.32][com.dts.freefireth:xg_service_v4]:Action -> checkAndSetupClient( tpnsClient = a(ip:203.205.254.117,port:80,protocol:tcp), isClientCreating = false)
W/2019-12-02 14:52:03.329 [main][TPush] [4.32][com.dts.freefireth:xg_service_v4]:setAndAllowWhileIdle [class java.lang.Integer, class java.lang.Long, class android.app.PendingIntent]
D/2019-12-02 14:52:03.420 [main][TPush] [4.32][com.dts.freefireth:xg_service_v4]:com.dts.freefireth.AUTH_XGPUSH,com.dts.freefireth,com.tencent.android.tpush.XGPushProvider
I/2019-12-02 14:52:03.429 [main][TPush] [4.32][com.dts.freefireth:xg_service_v4]:heartbeat to com.dts.freefireth
I/2019-12-02 14:52:03.528 [main][TPush] [4.32][com.dts.freefireth:xg_service_v4]:heartbeat com.dts.freefireth 
I/2019-12-02 14:52:03.556 [main][TpnsChannel] [4.32][com.dts.freefireth:xg_service_v4]:Service bi state {"srv_stime":1575265647176,"srv_etime":1575276723528,"srv_startTime":15,"srv_freason":[".stop_connect",".stop_connect",".keepalive",".keepalive",".keepalive",".keepalive",".start_slave",".stop_connect",".stop_connect",".keepalive"],"hb_suc":0,"hb_failed":0,"con_suc":2,"con_failed":7,"con_freason":[{"errorCode":10101,"np":-1},{"errorCode":10101,"np":-1},{"errorCode":10101,"np":-1},{"errorCode":10103,"np":-1},{"errorCode":10101,"np":-1},{"errorCode":10101,"np":1},{"errorCode":10101,"np":1}]}
D/2019-12-02 14:52:03.702 [TpnsClient][TpnsClient] [4.32][com.dts.freefireth:xg_service_v4]:####Read one pkg with length = 61
D/2019-12-02 14:52:03.755 [TpnsClient][TpnsChannel] [4.32][com.dts.freefireth:xg_service_v4]:Action -> clientDidReceivePacket packet : g protocol = 1 command = TPNS_COMMAND_PUSH isResponse = false packetLength = 46
D/2019-12-02 14:52:03.773 [TpnsClient][TpnsChannel] [4.32][com.dts.freefireth:xg_service_v4]:Action -> clientDidReceivePacket PushMessageRunnable NEV1 : g protocol = 1 command = TPNS_COMMAND_PUSH isResponse = false packetLength = 46
V/2019-12-02 14:52:03.786 [tpush.working.thread][SrvMessageManager] [4.32][com.dts.freefireth:xg_service_v4]:receive msg from service msgId = 0 pkg =  size = 1
W/2019-12-02 14:52:03.787 [TpnsClient][TPush] [4.32][com.dts.freefireth:xg_service_v4]:setAndAllowWhileIdle [class java.lang.Integer, class java.lang.Long, class android.app.PendingIntent]
D/2019-12-02 14:52:03.808 [tpush.working.thread][SrvMessageManager] [4.32][com.dts.freefireth:xg_service_v4]:distributeFromServer : accid=0 ,channelId=0,busiId=0,pkg=,msgId=0,type=0,ts=0,multi=0,date=,serverTime=0,ttl=0, size = 1
V/2019-12-02 14:52:03.818 [tpush.working.thread][XGService] [4.32][com.dts.freefireth:xg_service_v4]:@@ msgServiceAck: Not add LocalMsg
D/2019-12-02 14:52:03.826 [tpush.working.thread][SrvMessageManager] [4.32][com.dts.freefireth:xg_service_v4]:>> messageDistribute, msg.appPkgName is null!
D/2019-12-02 14:55:03.815 [main][TpnsChannel] [4.32][com.dts.freefireth:xg_service_v4]:Action -> send heartbeat 
V/2019-12-02 14:55:03.839 [main][TpnsChannel] [4.32][com.dts.freefireth:xg_service_v4]:Action -> checkAndSetupClient( tpnsClient = a(ip:203.205.254.117,port:80,protocol:tcp), isClientCreating = false)
W/2019-12-02 14:55:03.858 [main][TPush] [4.32][com.dts.freefireth:xg_service_v4]:setAndAllowWhileIdle [class java.lang.Integer, class java.lang.Long, class android.app.PendingIntent]
D/2019-12-02 14:55:03.982 [main][TPush] [4.32][com.dts.freefireth:xg_service_v4]:com.dts.freefireth.AUTH_XGPUSH,com.dts.freefireth,com.tencent.android.tpush.XGPushProvider
I/2019-12-02 14:55:03.997 [main][TPush] [4.32][com.dts.freefireth:xg_service_v4]:heartbeat to com.dts.freefireth
I/2019-12-02 14:55:04.104 [main][TPush] [4.32][com.dts.freefireth:xg_service_v4]:heartbeat com.dts.freefireth 
I/2019-12-02 14:55:04.122 [main][TpnsChannel] [4.32][com.dts.freefireth:xg_service_v4]:Service bi state {"srv_stime":1575265647176,"srv_etime":1575276904107,"srv_startTime":15,"srv_freason":[".stop_connect",".stop_connect",".keepalive",".keepalive",".keepalive",".keepalive",".start_slave",".stop_connect",".stop_connect",".keepalive"],"hb_suc":0,"hb_failed":0,"con_suc":2,"con_failed":7,"con_freason":[{"errorCode":10101,"np":-1},{"errorCode":10101,"np":-1},{"errorCode":10101,"np":-1},{"errorCode":10103,"np":-1},{"errorCode":10101,"np":-1},{"errorCode":10101,"np":1},{"errorCode":10101,"np":1}]}
D/2019-12-02 14:55:04.272 [TpnsClient][TpnsClient] [4.32][com.dts.freefireth:xg_service_v4]:####Read one pkg with length = 61
D/2019-12-02 14:55:04.362 [TpnsClient][TpnsChannel] [4.32][com.dts.freefireth:xg_service_v4]:Action -> clientDidReceivePacket packet : g protocol = 1 command = TPNS_COMMAND_PUSH isResponse = false packetLength = 46
D/2019-12-02 14:55:04.377 [TpnsClient][TpnsChannel] [4.32][com.dts.freefireth:xg_service_v4]:Action -> clientDidReceivePacket PushMessageRunnable NEV1 : g protocol = 1 command = TPNS_COMMAND_PUSH isResponse = false packetLength = 46
W/2019-12-02 14:55:04.395 [TpnsClient][TPush] [4.32][com.dts.freefireth:xg_service_v4]:setAndAllowWhileIdle [class java.lang.Integer, class java.lang.Long, class android.app.PendingIntent]
V/2019-12-02 14:55:04.400 [tpush.working.thread][SrvMessageManager] [4.32][com.dts.freefireth:xg_service_v4]:receive msg from service msgId = 0 pkg =  size = 1
D/2019-12-02 14:55:04.422 [tpush.working.thread][SrvMessageManager] [4.32][com.dts.freefireth:xg_service_v4]:distributeFromServer : accid=0 ,channelId=0,busiId=0,pkg=,msgId=0,type=0,ts=0,multi=0,date=,serverTime=0,ttl=0, size = 1
V/2019-12-02 14:55:04.439 [tpush.working.thread][XGService] [4.32][com.dts.freefireth:xg_service_v4]:@@ msgServiceAck: Not add LocalMsg
D/2019-12-02 14:55:04.458 [tpush.working.thread][SrvMessageManager] [4.32][com.dts.freefireth:xg_service_v4]:>> messageDistribute, msg.appPkgName is null!
D/2019-12-02 14:58:04.395 [main][TpnsChannel] [4.32][com.dts.freefireth:xg_service_v4]:Action -> send heartbeat 
V/2019-12-02 14:58:04.402 [main][TpnsChannel] [4.32][com.dts.freefireth:xg_service_v4]:Action -> checkAndSetupClient( tpnsClient = a(ip:203.205.254.117,port:80,protocol:tcp), isClientCreating = false)
