W/2019-12-02 16:06:44.120 [main][Util] [4.32][com.dts.freefireth:xg_service_v4]:Util -> initGlobal can not find provider com.tencent.mid.api.MidProvider with authority com.dts.freefireth.TENCENT.MID.V3
W/2019-12-02 16:06:44.150 [main][Util] [4.32][com.dts.freefireth:xg_service_v4]:Maybe have not contentprovider: com.tencent.mid.api.MidProvider
E/2019-12-02 16:06:44.172 [main][PushServiceManager] [4.32][com.dts.freefireth:xg_service_v4]:startService failed, intent:Intent { act=com.tencent.android.tpush.action.keepalive cmp=com.dts.freefireth/com.tencent.android.tpush.service.XGPushServiceV4 }, ex:android.content.ReceiverCallNotAllowedException: BroadcastReceiver components are not allowed to bind to services
W/2019-12-02 16:07:02.984 [main][Util] [4.32][com.dts.freefireth:xg_service_v4]:Util -> initGlobal can not find provider com.tencent.mid.api.MidProvider with authority com.dts.freefireth.TENCENT.MID.V3
W/2019-12-02 16:07:03.018 [main][Util] [4.32][com.dts.freefireth:xg_service_v4]:Maybe have not contentprovider: com.tencent.mid.api.MidProvider
V/2019-12-02 16:07:03.375 [main][PushServiceManager] [4.32][com.dts.freefireth:xg_service_v4]:bindService ret:true
D/2019-12-02 16:07:03.888 [main][XGPushService] [4.32][com.dts.freefireth:xg_service_v4]:reportLastServiceState {"srv_stime":1575265647176,"srv_etime":1575280331394,"srv_startTime":15,"srv_freason":[".stop_connect",".stop_connect",".keepalive",".keepalive",".keepalive",".keepalive",".start_slave",".stop_connect",".stop_connect",".keepalive"],"hb_suc":0,"hb_failed":3,"hb_freason":[{"errorCode":10101,"np":-1},{"errorCode":10101,"np":-1},{"errorCode":10101,"np":-1}],"con_suc":2,"con_failed":11,"con_freason":[{"errorCode":10101,"np":-1},{"errorCode":10101,"np":-1},{"errorCode":10101,"np":-1},{"errorCode":10103,"np":-1},{"errorCode":10101,"np":-1},{"errorCode":10101,"np":1},{"errorCode":10101,"np":1},{"errorCode":10103,"np":-1},{"errorCode":10101,"np":-1},{"errorCode":10101,"np":-1}]}
D/2019-12-02 16:07:04.316 [Thread-2748][TPush] [4.32][com.dts.freefireth:xg_service_v4]:com.dts.freefireth.AUTH_XGPUSH,com.dts.freefireth,com.tencent.android.tpush.XGPushProvider
D/2019-12-02 16:07:04.527 [main][a] [4.32][com.dts.freefireth:xg_service_v4]:network chanced:Intent { act=android.net.conn.CONNECTIVITY_CHANGE flg=0x4000010 (has extras) }
D/2019-12-02 16:07:04.540 [main][OptimalLinkSelector] [4.32][com.dts.freefireth:xg_service_v4]:Connection state changed to - [type: WIFI[], state: CONNECTED/CONNECTED, reason: (unspecified), extra: "ASUS_A8", roaming: false, failover: false, isAvailable: true]
D/2019-12-02 16:07:04.558 [main][OptimalLinkSelector] [4.32][com.dts.freefireth:xg_service_v4]:Connected with network type WIFI
V/2019-12-02 16:07:04.875 [main][PushServiceManager] [4.32][com.dts.freefireth:xg_service_v4]:(ignore) running v4 service count 0
I/2019-12-02 16:07:04.886 [main][XGService] [4.32][com.dts.freefireth:xg_service_v4]:getSocketName: tencentxgpush
I/2019-12-02 16:07:04.926 [main][XGService] [4.32][com.dts.freefireth:xg_service_v4]:getSocketName: tencentxgpush
V/2019-12-02 16:07:04.937 [main][PushServiceManager] [4.32][com.dts.freefireth:xg_service_v4]:tryToKeepServiceAlive socketFinalName:17b8f414a85dd456a15585b41d7f686f03fff04496b00ca64380acef2def0ddee94f133e
I/2019-12-02 16:07:05.002 [main][f] [4.32][com.dts.freefireth:xg_service_v4]:is xg_service
I/2019-12-02 16:07:05.011 [main][PushServiceManager] [4.32][com.dts.freefireth:xg_service_v4]:start as main service......
I/2019-12-02 16:07:05.022 [main][PushServiceManager] [4.32][com.dts.freefireth:xg_service_v4]:Service's first running at com.dts.freefireth version : 4.32
I/2019-12-02 16:07:05.032 [main][a] [4.32][com.dts.freefireth:xg_service_v4]:handleServiceInited, beforeInitedIntents size:0
V/2019-12-02 16:07:05.154 [main][TpnsChannel] [4.32][com.dts.freefireth:xg_service_v4]:Action -> checkAndSetupClient( tpnsClient = null, isClientCreating = false)
D/2019-12-02 16:07:05.177 [tpush.working.thread][XGHorse] [4.32][com.dts.freefireth:xg_service_v4]:Action ->  createOptimalSocketChannel run
D/2019-12-02 16:07:05.191 [tpush.working.thread][XGHorse] [4.32][com.dts.freefireth:xg_service_v4]:Action ->  createOptimalSocketChannel run
D/2019-12-02 16:07:05.401 [main][TPush] [4.32][com.dts.freefireth:xg_service_v4]:com.dts.freefireth.AUTH_XGPUSH,com.dts.freefireth,com.tencent.android.tpush.XGPushProvider
D/2019-12-02 16:07:05.436 [tpush.working.thread][httpDns] [4.32][com.dts.freefireth:xg_service_v4]:cacheResult:{"ips":"203.205.254.169;203.205.254.117","ttl":300,"exp":1575273368888},diff:-7856539
W/2019-12-02 16:07:05.445 [tpush.working.thread][httpDns] [4.32][com.dts.freefireth:xg_service_v4]:cacheResult Exp.
E/2019-12-02 16:07:06.770 [tpush.working.thread][XGService] [4.32][com.dts.freefireth:xg_service_v4]:getStrategyItems is null
D/2019-12-02 16:07:06.797 [tpush.working.thread][SocketClient] [4.32][com.dts.freefireth:xg_service_v4]:httpdns error use defulltitems serverIp=203.205.254.117,serverPort=443, proxyIp=,proxyPort=80, protocolType=tcp, redirect=0
D/2019-12-02 16:07:06.806 [tpush.working.thread][SocketClient] [4.32][com.dts.freefireth:xg_service_v4]:connect to 203.205.254.117:443
V/2019-12-02 16:07:07.747 [main][TpnsChannel] [4.32][com.dts.freefireth:xg_service_v4]:Action -> checkAndSetupClient( tpnsClient = null, isClientCreating = true)
E/2019-12-02 16:07:07.920 [tpush.working.thread][SocketClient] [4.32][com.dts.freefireth:xg_service_v4]:socket connect error
* Exception : 
java.net.ConnectException: failed to connect to /203.205.254.117 (port 443) after 30000ms: isConnected failed: ECONNREFUSED (Connection refused)
	at libcore.io.IoBridge.isConnected(IoBridge.java:257)
	at libcore.io.IoBridge.connectErrno(IoBridge.java:193)
	at libcore.io.IoBridge.connect(IoBridge.java:127)
	at java.net.PlainSocketImpl.connect(PlainSocketImpl.java:188)
	at java.net.PlainSocketImpl.connect(PlainSocketImpl.java:457)
	at java.net.Socket.connect(Socket.java:927)
	at java.nio.SocketChannelImpl$SocketAdapter.connect(SocketChannelImpl.java:531)
	at com.tencent.android.tpush.horse.e.a(ProGuard:134)
	at com.tencent.android.tpush.horse.d$1.run(ProGuard:107)
	at android.os.Handler.handleCallback(Handler.java:815)
	at android.os.Handler.dispatchMessage(Handler.java:104)
	at android.os.Looper.loop(Looper.java:207)
	at android.os.HandlerThread.run(HandlerThread.java:61)
Caused by: android.system.ErrnoException: isConnected failed: ECONNREFUSED (Connection refused)
	at libcore.io.IoBridge.isConnected(IoBridge.java:246)
	... 12 more

E/2019-12-02 16:07:07.949 [tpush.working.thread][SocketClient] [4.32][com.dts.freefireth:xg_service_v4]:notifyFail
* Exception : 
java.util.NoSuchElementException
	at java.util.AbstractQueue.remove(AbstractQueue.java:88)
	at com.tencent.android.tpush.horse.e.d(ProGuard:222)
	at com.tencent.android.tpush.horse.e.a(ProGuard:142)
	at com.tencent.android.tpush.horse.d$1.run(ProGuard:107)
	at android.os.Handler.handleCallback(Handler.java:815)
	at android.os.Handler.dispatchMessage(Handler.java:104)
	at android.os.Looper.loop(Looper.java:207)
	at android.os.HandlerThread.run(HandlerThread.java:61)

E/2019-12-02 16:07:07.976 [tpush.working.thread][XGHorse] [4.32][com.dts.freefireth:xg_service_v4]:createOptimalSocketChannel error
* Exception : 
com.tencent.android.tpush.service.channel.exception.HorseIgnoreException: null
	at com.tencent.android.tpush.horse.e.a(ProGuard:144)
	at com.tencent.android.tpush.horse.d$1.run(ProGuard:107)
	at android.os.Handler.handleCallback(Handler.java:815)
	at android.os.Handler.dispatchMessage(Handler.java:104)
	at android.os.Looper.loop(Looper.java:207)
	at android.os.HandlerThread.run(HandlerThread.java:61)
Caused by: java.net.ConnectException: failed to connect to /203.205.254.117 (port 443) after 30000ms: isConnected failed: ECONNREFUSED (Connection refused)
	at libcore.io.IoBridge.isConnected(IoBridge.java:257)
	at libcore.io.IoBridge.connectErrno(IoBridge.java:193)
	at libcore.io.IoBridge.connect(IoBridge.java:127)
	at java.net.PlainSocketImpl.connect(PlainSocketImpl.java:188)
	at java.net.PlainSocketImpl.connect(PlainSocketImpl.java:457)
	at java.net.Socket.connect(Socket.java:927)
	at java.nio.SocketChannelImpl$SocketAdapter.connect(SocketChannelImpl.java:531)
	at com.tencent.android.tpush.horse.e.a(ProGuard:134)
	... 5 more
Caused by: android.system.ErrnoException: isConnected failed: ECONNREFUSED (Connection refused)
	at libcore.io.IoBridge.isConnected(IoBridge.java:246)
	... 12 more

E/2019-12-02 16:07:07.993 [tpush.working.thread][TpnsChannel] [4.32][com.dts.freefireth:xg_service_v4]:ICreateSocketChannelCallback onFailure(10101,create tcp channel fail!)
W/2019-12-02 16:07:26.278 [main][Util] [4.32][com.dts.freefireth]:Util -> initGlobal can not find provider com.tencent.mid.api.MidProvider with authority com.dts.freefireth.TENCENT.MID.V3
W/2019-12-02 16:07:26.310 [main][Util] [4.32][com.dts.freefireth]:Maybe have not contentprovider: com.tencent.mid.api.MidProvider
I/2019-12-02 16:07:26.326 [main][TPush] [4.32][com.dts.freefireth]:XGPushProvider onCreate
I/2019-12-02 16:07:26.462 [Binder_2][TPush] [4.32][com.dts.freefireth]:getType uri:content://com.dts.freefireth.AUTH_XGPUSH/heart,match:30
I/2019-12-02 16:07:08.011 [tpush.working.thread][TpnsChannel] [4.32][com.dts.freefireth:xg_service_v4]:Connect to Xinge Server failed!
I/2019-12-02 16:07:25.191 [tpush.working.thread][PushServiceManager] [4.32][com.dts.freefireth:xg_service_v4]:main service pull up sloveSerice
D/2019-12-02 16:07:25.361 [tpush.working.thread][TPush] [4.32][com.dts.freefireth:xg_service_v4]:com.dts.freefireth.AUTH_XGPUSH,com.dts.freefireth,com.tencent.android.tpush.XGPushProvider
I/2019-12-02 16:07:25.382 [tpush.working.thread][TPush] [4.32][com.dts.freefireth:xg_service_v4]:heartbeat to com.dts.freefireth
I/2019-12-02 16:07:26.676 [tpush.working.thread][TPush] [4.32][com.dts.freefireth:xg_service_v4]:heartbeat com.dts.freefireth 
W/2019-12-02 16:07:26.897 [tpush.working.thread][Util] [4.32][com.dts.freefireth:xg_service_v4]:pullUpOtherServiceByProviderAndActivityJSONOject com.tencent.mtt:service
W/2019-12-02 16:07:26.912 [tpush.working.thread][Util] [4.32][com.dts.freefireth:xg_service_v4]:pullUpOtherServiceByProviderAndActivityJSONOject com.qq.xg4all:xg_vip_service
W/2019-12-02 16:07:26.924 [tpush.working.thread][Util] [4.32][com.dts.freefireth:xg_service_v4]:pullUpOtherServiceByProviderAndActivityJSONOject com.xiaotun.doorbell:xg_vip_service
W/2019-12-02 16:07:26.931 [tpush.working.thread][Util] [4.32][com.dts.freefireth:xg_service_v4]:pullUpOtherServiceByProviderAndActivityJSONOject com.yoosee:xg_vip_service
W/2019-12-02 16:07:26.946 [tpush.working.thread][Util] [4.32][com.dts.freefireth:xg_service_v4]:pullUpOtherServiceByProviderAndActivityJSONOject com.bcm.poc:xg_vip_service
W/2019-12-02 16:07:26.958 [tpush.working.thread][Util] [4.32][com.dts.freefireth:xg_service_v4]:pullUpOtherServiceByProviderAndActivityJSONOject com.wosai.cashbar.beta2:xg_vip_service
W/2019-12-02 16:07:26.965 [tpush.working.thread][Util] [4.32][com.dts.freefireth:xg_service_v4]:pullUpOtherServiceByProviderAndActivityJSONOject com.wosai.cashbar:xg_vip_service
D/2019-12-02 16:32:15.235 [main][XGPushReceiver] [4.32][com.dts.freefireth:xg_service_v4]:PushReceiver received android.intent.action.ACTION_POWER_CONNECTED @@ com.dts.freefireth
V/2019-12-02 16:32:15.523 [main][TpnsChannel] [4.32][com.dts.freefireth:xg_service_v4]:Action -> checkAndSetupClient( tpnsClient = null, isClientCreating = false)
D/2019-12-02 16:32:15.557 [tpush.working.thread][XGHorse] [4.32][com.dts.freefireth:xg_service_v4]:Action ->  createOptimalSocketChannel run
D/2019-12-02 16:32:15.567 [tpush.working.thread][XGHorse] [4.32][com.dts.freefireth:xg_service_v4]:Action ->  createOptimalSocketChannel run
D/2019-12-02 16:32:15.981 [tpush.working.thread][httpDns] [4.32][com.dts.freefireth:xg_service_v4]:cacheResult:{"ips":"203.205.254.169;203.205.254.117","ttl":300,"exp":1575273368888},diff:-9367076
W/2019-12-02 16:32:15.998 [tpush.working.thread][httpDns] [4.32][com.dts.freefireth:xg_service_v4]:cacheResult Exp.
D/2019-12-02 16:32:16.578 [tpush.working.thread][httpDns] [4.32][com.dts.freefireth:xg_service_v4]:getAddrByName line:3eeef9bfa6f89c85271d9e300f3c33953eeef9bfa6f89c85072c570b2bce139568bb18fa1cb96703
D/2019-12-02 16:32:16.681 [tpush.working.thread][httpDns] [4.32][com.dts.freefireth:xg_service_v4]:ttl:300,300
D/2019-12-02 16:32:16.786 [tpush.working.thread][httpDns] [4.32][com.dts.freefireth:xg_service_v4]:cacheResult:{"ips":"203.205.254.169;203.205.254.117","ttl":300,"exp":1575283036682},diff:299921
D/2019-12-02 16:32:16.800 [tpush.working.thread][SocketClient] [4.32][com.dts.freefireth:xg_service_v4]:use httpdns StrategyItem:203.205.254.117:443
D/2019-12-02 16:32:16.821 [tpush.working.thread][SocketClient] [4.32][com.dts.freefireth:xg_service_v4]:connect to 203.205.254.117:443
V/2019-12-02 16:32:17.060 [tpush.working.thread][TpnsChannel] [4.32][com.dts.freefireth:xg_service_v4]:ICreateSocketChannelCallback onSuccess(java.nio.SocketChannelImpl@e1be769,java.nio.SocketChannelImpl@e1be769)
I/2019-12-02 16:32:17.099 [tpush.working.thread][TpnsClient] [4.32][com.dts.freefireth:xg_service_v4]:Connect to Xinge Server succeed!
D/2019-12-02 16:32:17.405 [tpush.working.thread][TpnsChannel] [4.32][com.dts.freefireth:xg_service_v4]:Action -> sendReconnMessage with token - 03fff04496b00ca64380acef2def0ddee94f133e
W/2019-12-02 16:32:15.117 [main][Util] [4.32][com.dts.freefireth]:Util -> initGlobal can not find provider com.tencent.mid.api.MidProvider with authority com.dts.freefireth.TENCENT.MID.V3
W/2019-12-02 16:32:15.127 [main][Util] [4.32][com.dts.freefireth]:Maybe have not contentprovider: com.tencent.mid.api.MidProvider
I/2019-12-02 16:32:15.136 [main][TPush] [4.32][com.dts.freefireth]:XGPushProvider onCreate
V/2019-12-02 16:32:17.417 [tpush.working.thread][TpnsChannel] [4.32][com.dts.freefireth:xg_service_v4]:Action -> checkAndSetupClient( tpnsClient = a(ip:203.205.254.117,port:443,protocol:tcp), isClientCreating = false)
I/2019-12-02 16:32:17.433 [TpnsClient][TpnsClient] [4.32][com.dts.freefireth:xg_service_v4]:TpnsClient is running and ready for send and recevie msg.
D/2019-12-02 16:32:17.492 [TpnsClient][TpnsChannel] [4.32][com.dts.freefireth:xg_service_v4]:Action -> clientDidSendPacket packet : h protocol = 1 command = TPNS_COMMAND_RECONNECT isResponse = false packetLength = 410
D/2019-12-02 16:32:17.818 [TpnsClient][TpnsClient] [4.32][com.dts.freefireth:xg_service_v4]:####Read one pkg with length = 35
D/2019-12-02 16:32:17.886 [TpnsClient][TpnsChannel] [4.32][com.dts.freefireth:xg_service_v4]:Action -> clientDidReceivePacket packet : g protocol = 1 command = TPNS_COMMAND_RECONNECT isResponse = true packetLength = 20
D/2019-12-02 16:32:17.894 [TpnsClient][TpnsChannel] [4.32][com.dts.freefireth:xg_service_v4]:Action -> clientDidReceivePacket RequestSuccRunnable NEV1 : g protocol = 1 command = TPNS_COMMAND_RECONNECT isResponse = true packetLength = 20
D/2019-12-02 16:32:17.909 [tpush.working.thread][PushServiceNetworkHandler] [4.32][com.dts.freefireth:xg_service_v4]:reconnCallback onResponse request:token: 03fff04496b00ca64380acef2def0ddee94f133e
deviceId: 461cd78e57077d4042d1f10aa4706adc
networkType: 1
unregInfoList: 0, []
recvMsgList: 0, []
mutableInfo: {
	ssid: "ASUS_A8"
	bssid: 04:92:26:66:a3:a8
	mac: 02:00:00:00:00:00
	wflist: 
}
deviceType: 0
msgClickList: null	sdkVersion: 4.32
reserved: {"new_mid":"03fff04496b00ca64380acef2def0ddee94f133e","new_mid_v":"4.07","app_accessids":[2100275588]}
connVersion: 4
guid: 9053918568
ts: 0
configVersion: -1
, responseCode:0, response:confVersion: 32
appOfflinePushMsgList: 0, []
timeUs: 1575282739575318

D/2019-12-02 16:32:17.934 [tpush.working.thread][PushServiceNetworkHandler] [4.32][com.dts.freefireth:xg_service_v4]:reconnCallback onResponse rsp==null?:false
D/2019-12-02 16:32:17.943 [tpush.working.thread][PushServiceNetworkHandler] [4.32][com.dts.freefireth:xg_service_v4]:loadIPList :32
W/2019-12-02 16:32:18.005 [TpnsClient][TPush] [4.32][com.dts.freefireth:xg_service_v4]:setAndAllowWhileIdle [class java.lang.Integer, class java.lang.Long, class android.app.PendingIntent]
D/2019-12-02 16:32:51.383 [main][XGPushReceiver] [4.32][com.dts.freefireth:xg_service_v4]:PushReceiver received android.intent.action.USER_PRESENT @@ com.dts.freefireth
V/2019-12-02 16:32:51.798 [main][TpnsChannel] [4.32][com.dts.freefireth:xg_service_v4]:Action -> checkAndSetupClient( tpnsClient = a(ip:203.205.254.117,port:443,protocol:tcp), isClientCreating = false)
D/2019-12-02 16:35:18.357 [main][TpnsChannel] [4.32][com.dts.freefireth:xg_service_v4]:Action -> send heartbeat 
V/2019-12-02 16:35:18.474 [main][TpnsChannel] [4.32][com.dts.freefireth:xg_service_v4]:Action -> checkAndSetupClient( tpnsClient = a(ip:203.205.254.117,port:443,protocol:tcp), isClientCreating = false)
W/2019-12-02 16:35:18.696 [main][TPush] [4.32][com.dts.freefireth:xg_service_v4]:setAndAllowWhileIdle [class java.lang.Integer, class java.lang.Long, class android.app.PendingIntent]
D/2019-12-02 16:35:19.024 [main][TPush] [4.32][com.dts.freefireth:xg_service_v4]:com.dts.freefireth.AUTH_XGPUSH,com.dts.freefireth,com.tencent.android.tpush.XGPushProvider
I/2019-12-02 16:35:19.044 [main][TPush] [4.32][com.dts.freefireth:xg_service_v4]:heartbeat to com.dts.freefireth
I/2019-12-02 16:35:20.783 [main][TPush] [4.32][com.dts.freefireth:xg_service_v4]:heartbeat com.dts.freefireth 
I/2019-12-02 16:35:20.992 [main][TpnsChannel] [4.32][com.dts.freefireth:xg_service_v4]:Service bi state {"srv_stime":1575281223585,"srv_etime":1575282920800,"srv_startTime":4,"srv_freason":[".keepalive",".keepalive",".keepalive",".keepalive"],"hb_suc":0,"hb_failed":0,"con_suc":1,"con_failed":1,"con_freason":[{"errorCode":10101,"np":-1}]}
D/2019-12-02 16:35:21.418 [TpnsClient][TpnsClient] [4.32][com.dts.freefireth:xg_service_v4]:####Read one pkg with length = 61
D/2019-12-02 16:35:21.505 [TpnsClient][TpnsChannel] [4.32][com.dts.freefireth:xg_service_v4]:Action -> clientDidReceivePacket packet : g protocol = 1 command = TPNS_COMMAND_PUSH isResponse = false packetLength = 46
W/2019-12-02 16:35:20.384 [main][Util] [4.32][com.dts.freefireth]:Util -> initGlobal can not find provider com.tencent.mid.api.MidProvider with authority com.dts.freefireth.TENCENT.MID.V3
W/2019-12-02 16:35:20.406 [main][Util] [4.32][com.dts.freefireth]:Maybe have not contentprovider: com.tencent.mid.api.MidProvider
I/2019-12-02 16:35:20.433 [main][TPush] [4.32][com.dts.freefireth]:XGPushProvider onCreate
I/2019-12-02 16:35:20.525 [Binder_2][TPush] [4.32][com.dts.freefireth]:getType uri:content://com.dts.freefireth.AUTH_XGPUSH/heart,match:30
D/2019-12-02 16:35:21.591 [TpnsClient][TpnsChannel] [4.32][com.dts.freefireth:xg_service_v4]:Action -> clientDidReceivePacket PushMessageRunnable NEV1 : g protocol = 1 command = TPNS_COMMAND_PUSH isResponse = false packetLength = 46
W/2019-12-02 16:35:21.631 [TpnsClient][TPush] [4.32][com.dts.freefireth:xg_service_v4]:setAndAllowWhileIdle [class java.lang.Integer, class java.lang.Long, class android.app.PendingIntent]
V/2019-12-02 16:35:21.690 [tpush.working.thread][SrvMessageManager] [4.32][com.dts.freefireth:xg_service_v4]:receive msg from service msgId = 0 pkg =  size = 1
D/2019-12-02 16:35:21.719 [tpush.working.thread][SrvMessageManager] [4.32][com.dts.freefireth:xg_service_v4]:distributeFromServer : accid=0 ,channelId=0,busiId=0,pkg=,msgId=0,type=0,ts=0,multi=0,date=,serverTime=0,ttl=0, size = 1
V/2019-12-02 16:35:21.735 [tpush.working.thread][XGService] [4.32][com.dts.freefireth:xg_service_v4]:@@ msgServiceAck: Not add LocalMsg
D/2019-12-02 16:35:21.758 [tpush.working.thread][SrvMessageManager] [4.32][com.dts.freefireth:xg_service_v4]:>> messageDistribute, msg.appPkgName is null!
D/2019-12-02 16:38:21.610 [main][TpnsChannel] [4.32][com.dts.freefireth:xg_service_v4]:Action -> send heartbeat 
V/2019-12-02 16:38:21.618 [main][TpnsChannel] [4.32][com.dts.freefireth:xg_service_v4]:Action -> checkAndSetupClient( tpnsClient = a(ip:203.205.254.117,port:443,protocol:tcp), isClientCreating = false)
W/2019-12-02 16:38:21.634 [main][TPush] [4.32][com.dts.freefireth:xg_service_v4]:setAndAllowWhileIdle [class java.lang.Integer, class java.lang.Long, class android.app.PendingIntent]
D/2019-12-02 16:38:21.774 [main][TPush] [4.32][com.dts.freefireth:xg_service_v4]:com.dts.freefireth.AUTH_XGPUSH,com.dts.freefireth,com.tencent.android.tpush.XGPushProvider
I/2019-12-02 16:38:21.792 [main][TPush] [4.32][com.dts.freefireth:xg_service_v4]:heartbeat to com.dts.freefireth
I/2019-12-02 16:38:21.891 [main][TPush] [4.32][com.dts.freefireth:xg_service_v4]:heartbeat com.dts.freefireth 
I/2019-12-02 16:38:21.962 [main][TpnsChannel] [4.32][com.dts.freefireth:xg_service_v4]:Service bi state {"srv_stime":1575281223585,"srv_etime":1575283101891,"srv_startTime":4,"srv_freason":[".keepalive",".keepalive",".keepalive",".keepalive"],"hb_suc":0,"hb_failed":0,"con_suc":1,"con_failed":1,"con_freason":[{"errorCode":10101,"np":-1}]}
D/2019-12-02 16:38:22.295 [TpnsClient][TpnsClient] [4.32][com.dts.freefireth:xg_service_v4]:####Read one pkg with length = 61
D/2019-12-02 16:38:22.378 [TpnsClient][TpnsChannel] [4.32][com.dts.freefireth:xg_service_v4]:Action -> clientDidReceivePacket packet : g protocol = 1 command = TPNS_COMMAND_PUSH isResponse = false packetLength = 46
D/2019-12-02 16:38:22.393 [TpnsClient][TpnsChannel] [4.32][com.dts.freefireth:xg_service_v4]:Action -> clientDidReceivePacket PushMessageRunnable NEV1 : g protocol = 1 command = TPNS_COMMAND_PUSH isResponse = false packetLength = 46
V/2019-12-02 16:38:22.405 [tpush.working.thread][SrvMessageManager] [4.32][com.dts.freefireth:xg_service_v4]:receive msg from service msgId = 0 pkg =  size = 1
W/2019-12-02 16:38:22.408 [TpnsClient][TPush] [4.32][com.dts.freefireth:xg_service_v4]:setAndAllowWhileIdle [class java.lang.Integer, class java.lang.Long, class android.app.PendingIntent]
D/2019-12-02 16:38:22.504 [tpush.working.thread][SrvMessageManager] [4.32][com.dts.freefireth:xg_service_v4]:distributeFromServer : accid=0 ,channelId=0,busiId=0,pkg=,msgId=0,type=0,ts=0,multi=0,date=,serverTime=0,ttl=0, size = 1
V/2019-12-02 16:38:22.533 [tpush.working.thread][XGService] [4.32][com.dts.freefireth:xg_service_v4]:@@ msgServiceAck: Not add LocalMsg
D/2019-12-02 16:38:22.544 [tpush.working.thread][SrvMessageManager] [4.32][com.dts.freefireth:xg_service_v4]:>> messageDistribute, msg.appPkgName is null!
E/2019-12-02 16:39:55.035 [TpnsClient][TpnsClient] [4.32][com.dts.freefireth:xg_service_v4]:<<< Run <<< socketChannel IOException
* Exception : 
java.net.SocketException: recvfrom failed: ETIMEDOUT (Connection timed out)
	at libcore.io.IoBridge.maybeThrowAfterRecvfrom(IoBridge.java:625)
	at libcore.io.IoBridge.recvfrom(IoBridge.java:599)
	at java.nio.SocketChannelImpl.readImpl(SocketChannelImpl.java:342)
	at java.nio.SocketChannelImpl.read(SocketChannelImpl.java:304)
	at com.tencent.android.tpush.service.channel.a.a.run(ProGuard:225)
Caused by: android.system.ErrnoException: recvfrom failed: ETIMEDOUT (Connection timed out)
	at libcore.io.Posix.recvfromBytes(Native Method)
	at libcore.io.Posix.recvfrom(Posix.java:179)
	at libcore.io.BlockGuardOs.recvfrom(BlockGuardOs.java:245)
	at libcore.io.IoBridge.recvfrom(IoBridge.java:596)
	... 3 more

E/2019-12-02 16:39:55.247 [TpnsClient][TpnsClient] [4.32][com.dts.freefireth:xg_service_v4]:delegate.clientExceptionOccurs <<< Run <<< exit!!! cause: com.tencent.android.tpush.service.channel.exception.ChannelException: TpnsClient发生IO异常，链路可能被关闭
E/2019-12-02 16:39:55.272 [TpnsClient][TpnsChannel] [4.32][com.dts.freefireth:xg_service_v4]:clientExceptionOccurs(isHttpClient : false,com.tencent.android.tpush.service.channel.exception.ChannelException: TpnsClient发生IO异常，链路可能被关闭)
D/2019-12-02 16:39:55.468 [main][a] [4.32][com.dts.freefireth:xg_service_v4]:network chanced:Intent { act=android.net.conn.CONNECTIVITY_CHANGE flg=0x4000010 (has extras) }
I/2019-12-02 16:39:55.665 [TpnsClient][TpnsChannel] [4.32][com.dts.freefireth:xg_service_v4]:Service bi state {"srv_stime":1575281223585,"srv_etime":1575283195294,"srv_startTime":4,"srv_freason":[".keepalive",".keepalive",".keepalive",".keepalive"],"hb_suc":0,"hb_failed":0,"con_suc":1,"con_failed":2,"con_freason":[{"errorCode":10101,"np":-1},{"errorCode":10103,"np":-1}]}
D/2019-12-02 16:39:55.692 [main][OptimalLinkSelector] [4.32][com.dts.freefireth:xg_service_v4]:Connection state changed to - [type: WIFI[], state: DISCONNECTED/DISCONNECTED, reason: (unspecified), extra: <unknown ssid>, roaming: false, failover: false, isAvailable: true]
D/2019-12-02 16:39:55.752 [main][OptimalLinkSelector] [4.32][com.dts.freefireth:xg_service_v4]:DisConnected with network type WIFI
I/2019-12-02 16:39:55.771 [main][PushServiceManager] [4.32][com.dts.freefireth:xg_service_v4]:Action -> stop Current Connect
D/2019-12-02 16:39:55.979 [main][XGPushReceiver] [4.32][com.dts.freefireth:xg_service_v4]:PushReceiver received android.net.conn.CONNECTIVITY_CHANGE @@ com.dts.freefireth
D/2019-12-02 16:39:55.991 [main][OptimalLinkSelector] [4.32][com.dts.freefireth:xg_service_v4]:Connection state changed to - [type: WIFI[], state: DISCONNECTED/DISCONNECTED, reason: (unspecified), extra: <unknown ssid>, roaming: false, failover: false, isAvailable: true]
D/2019-12-02 16:39:56.004 [main][OptimalLinkSelector] [4.32][com.dts.freefireth:xg_service_v4]:DisConnected with network type WIFI
I/2019-12-02 16:39:56.025 [main][PushServiceManager] [4.32][com.dts.freefireth:xg_service_v4]:Action -> stop Current Connect
D/2019-12-02 16:40:07.510 [main][XGPushReceiver] [4.32][com.dts.freefireth:xg_service_v4]:PushReceiver received android.intent.action.USER_PRESENT @@ com.dts.freefireth
V/2019-12-02 16:40:07.687 [main][TpnsChannel] [4.32][com.dts.freefireth:xg_service_v4]:Action -> checkAndSetupClient( tpnsClient = null, isClientCreating = false)
D/2019-12-02 16:40:07.800 [tpush.working.thread][XGHorse] [4.32][com.dts.freefireth:xg_service_v4]:Action ->  createOptimalSocketChannel run
D/2019-12-02 16:40:07.831 [tpush.working.thread][XGHorse] [4.32][com.dts.freefireth:xg_service_v4]:Action ->  createOptimalSocketChannel run
D/2019-12-02 16:40:07.979 [tpush.working.thread][httpDns] [4.32][com.dts.freefireth:xg_service_v4]:cacheResult:{"ips":"203.205.254.169;203.205.254.117","ttl":300,"exp":1575283036682},diff:-171270
W/2019-12-02 16:40:07.996 [tpush.working.thread][httpDns] [4.32][com.dts.freefireth:xg_service_v4]:cacheResult Exp.
E/2019-12-02 16:40:08.093 [tpush.working.thread][XGService] [4.32][com.dts.freefireth:xg_service_v4]:
* Exception : 

E/2019-12-02 16:40:08.226 [tpush.working.thread][XGService] [4.32][com.dts.freefireth:xg_service_v4]:getStrategyItems is null
D/2019-12-02 16:40:08.234 [tpush.working.thread][SocketClient] [4.32][com.dts.freefireth:xg_service_v4]:httpdns error use defulltitems serverIp=183.232.98.178,serverPort=8080, proxyIp=,proxyPort=80, protocolType=tcp, redirect=0
D/2019-12-02 16:40:08.242 [tpush.working.thread][SocketClient] [4.32][com.dts.freefireth:xg_service_v4]:connect to 183.232.98.178:8080
E/2019-12-02 16:40:08.250 [tpush.working.thread][SocketClient] [4.32][com.dts.freefireth:xg_service_v4]:socket connect error
* Exception : 
java.net.ConnectException: failed to connect to /183.232.98.178 (port 8080) after 30000ms: connect failed: ENETUNREACH (Network is unreachable)
	at libcore.io.IoBridge.connect(IoBridge.java:129)
	at java.net.PlainSocketImpl.connect(PlainSocketImpl.java:188)
	at java.net.PlainSocketImpl.connect(PlainSocketImpl.java:457)
	at java.net.Socket.connect(Socket.java:927)
	at java.nio.SocketChannelImpl$SocketAdapter.connect(SocketChannelImpl.java:531)
	at com.tencent.android.tpush.horse.e.a(ProGuard:134)
	at com.tencent.android.tpush.horse.d$1.run(ProGuard:107)
	at android.os.Handler.handleCallback(Handler.java:815)
	at android.os.Handler.dispatchMessage(Handler.java:104)
	at android.os.Looper.loop(Looper.java:207)
	at android.os.HandlerThread.run(HandlerThread.java:61)
Caused by: android.system.ErrnoException: connect failed: ENETUNREACH (Network is unreachable)
	at libcore.io.Posix.connect(Native Method)
	at libcore.io.BlockGuardOs.connect(BlockGuardOs.java:111)
	at libcore.io.IoBridge.connectErrno(IoBridge.java:170)
	at libcore.io.IoBridge.connect(IoBridge.java:127)
	... 10 more

E/2019-12-02 16:40:08.263 [tpush.working.thread][SocketClient] [4.32][com.dts.freefireth:xg_service_v4]:notifyFail
* Exception : 
java.util.NoSuchElementException
	at java.util.AbstractQueue.remove(AbstractQueue.java:88)
	at com.tencent.android.tpush.horse.e.d(ProGuard:222)
	at com.tencent.android.tpush.horse.e.a(ProGuard:142)
	at com.tencent.android.tpush.horse.d$1.run(ProGuard:107)
	at android.os.Handler.handleCallback(Handler.java:815)
	at android.os.Handler.dispatchMessage(Handler.java:104)
	at android.os.Looper.loop(Looper.java:207)
	at android.os.HandlerThread.run(HandlerThread.java:61)

E/2019-12-02 16:40:08.273 [tpush.working.thread][XGHorse] [4.32][com.dts.freefireth:xg_service_v4]:createOptimalSocketChannel error
* Exception : 
com.tencent.android.tpush.service.channel.exception.HorseIgnoreException: null
	at com.tencent.android.tpush.horse.e.a(ProGuard:144)
	at com.tencent.android.tpush.horse.d$1.run(ProGuard:107)
	at android.os.Handler.handleCallback(Handler.java:815)
	at android.os.Handler.dispatchMessage(Handler.java:104)
	at android.os.Looper.loop(Looper.java:207)
	at android.os.HandlerThread.run(HandlerThread.java:61)
Caused by: java.net.ConnectException: failed to connect to /183.232.98.178 (port 8080) after 30000ms: connect failed: ENETUNREACH (Network is unreachable)
	at libcore.io.IoBridge.connect(IoBridge.java:129)
	at java.net.PlainSocketImpl.connect(PlainSocketImpl.java:188)
	at java.net.PlainSocketImpl.connect(PlainSocketImpl.java:457)
	at java.net.Socket.connect(Socket.java:927)
	at java.nio.SocketChannelImpl$SocketAdapter.connect(SocketChannelImpl.java:531)
	at com.tencent.android.tpush.horse.e.a(ProGuard:134)
	... 5 more
Caused by: android.system.ErrnoException: connect failed: ENETUNREACH (Network is unreachable)
	at libcore.io.Posix.connect(Native Method)
	at libcore.io.BlockGuardOs.connect(BlockGuardOs.java:111)
	at libcore.io.IoBridge.connectErrno(IoBridge.java:170)
	at libcore.io.IoBridge.connect(IoBridge.java:127)
	... 10 more

E/2019-12-02 16:40:08.311 [tpush.working.thread][TpnsChannel] [4.32][com.dts.freefireth:xg_service_v4]:ICreateSocketChannelCallback onFailure(10101,create tcp channel fail!)
W/2019-12-02 16:40:07.352 [main][Util] [4.32][com.dts.freefireth]:Util -> initGlobal can not find provider com.tencent.mid.api.MidProvider with authority com.dts.freefireth.TENCENT.MID.V3
W/2019-12-02 16:40:07.364 [main][Util] [4.32][com.dts.freefireth]:Maybe have not contentprovider: com.tencent.mid.api.MidProvider
I/2019-12-02 16:40:07.381 [main][TPush] [4.32][com.dts.freefireth]:XGPushProvider onCreate
I/2019-12-02 16:40:08.327 [tpush.working.thread][TpnsChannel] [4.32][com.dts.freefireth:xg_service_v4]:Connect to Xinge Server failed!
D/2019-12-02 16:41:22.405 [main][TpnsChannel] [4.32][com.dts.freefireth:xg_service_v4]:Action -> send heartbeat 
V/2019-12-02 16:41:22.412 [main][TpnsChannel] [4.32][com.dts.freefireth:xg_service_v4]:Action -> checkAndSetupClient( tpnsClient = null, isClientCreating = false)
D/2019-12-02 16:41:22.420 [tpush.working.thread][XGHorse] [4.32][com.dts.freefireth:xg_service_v4]:Action ->  createOptimalSocketChannel run
D/2019-12-02 16:41:22.427 [tpush.working.thread][XGHorse] [4.32][com.dts.freefireth:xg_service_v4]:Action ->  createOptimalSocketChannel run
W/2019-12-02 16:41:22.438 [main][TPush] [4.32][com.dts.freefireth:xg_service_v4]:setAndAllowWhileIdle [class java.lang.Integer, class java.lang.Long, class android.app.PendingIntent]
D/2019-12-02 16:41:22.572 [main][TPush] [4.32][com.dts.freefireth:xg_service_v4]:com.dts.freefireth.AUTH_XGPUSH,com.dts.freefireth,com.tencent.android.tpush.XGPushProvider
I/2019-12-02 16:41:22.581 [main][TPush] [4.32][com.dts.freefireth:xg_service_v4]:heartbeat to com.dts.freefireth
D/2019-12-02 16:41:23.374 [tpush.working.thread][httpDns] [4.32][com.dts.freefireth:xg_service_v4]:cacheResult:{"ips":"203.205.254.169;203.205.254.117","ttl":300,"exp":1575283036682},diff:-246657
W/2019-12-02 16:41:23.402 [tpush.working.thread][httpDns] [4.32][com.dts.freefireth:xg_service_v4]:cacheResult Exp.
I/2019-12-02 16:41:23.406 [main][TPush] [4.32][com.dts.freefireth:xg_service_v4]:heartbeat com.dts.freefireth 
I/2019-12-02 16:41:23.443 [main][TpnsChannel] [4.32][com.dts.freefireth:xg_service_v4]:Service bi state {"srv_stime":1575281223585,"srv_etime":1575283283407,"srv_startTime":7,"srv_freason":[".keepalive",".keepalive",".keepalive",".keepalive",".stop_connect",".stop_connect",".keepalive"],"hb_suc":0,"hb_failed":0,"con_suc":1,"con_failed":3,"con_freason":[{"errorCode":10101,"np":-1},{"errorCode":10103,"np":-1},{"errorCode":10101,"np":-1}]}
E/2019-12-02 16:41:23.503 [tpush.working.thread][XGService] [4.32][com.dts.freefireth:xg_service_v4]:
* Exception : 

E/2019-12-02 16:41:23.674 [tpush.working.thread][XGService] [4.32][com.dts.freefireth:xg_service_v4]:getStrategyItems is null
D/2019-12-02 16:41:23.700 [tpush.working.thread][SocketClient] [4.32][com.dts.freefireth:xg_service_v4]:httpdns error use defulltitems serverIp=183.232.98.178,serverPort=80, proxyIp=,proxyPort=80, protocolType=tcp, redirect=0
D/2019-12-02 16:41:23.710 [tpush.working.thread][SocketClient] [4.32][com.dts.freefireth:xg_service_v4]:connect to 183.232.98.178:80
E/2019-12-02 16:41:23.720 [tpush.working.thread][SocketClient] [4.32][com.dts.freefireth:xg_service_v4]:socket connect error
* Exception : 
java.net.ConnectException: failed to connect to /183.232.98.178 (port 80) after 30000ms: connect failed: ENETUNREACH (Network is unreachable)
	at libcore.io.IoBridge.connect(IoBridge.java:129)
	at java.net.PlainSocketImpl.connect(PlainSocketImpl.java:188)
	at java.net.PlainSocketImpl.connect(PlainSocketImpl.java:457)
	at java.net.Socket.connect(Socket.java:927)
	at java.nio.SocketChannelImpl$SocketAdapter.connect(SocketChannelImpl.java:531)
	at com.tencent.android.tpush.horse.e.a(ProGuard:134)
	at com.tencent.android.tpush.horse.d$1.run(ProGuard:107)
	at android.os.Handler.handleCallback(Handler.java:815)
	at android.os.Handler.dispatchMessage(Handler.java:104)
	at android.os.Looper.loop(Looper.java:207)
	at android.os.HandlerThread.run(HandlerThread.java:61)
Caused by: android.system.ErrnoException: connect failed: ENETUNREACH (Network is unreachable)
	at libcore.io.Posix.connect(Native Method)
	at libcore.io.BlockGuardOs.connect(BlockGuardOs.java:111)
	at libcore.io.IoBridge.connectErrno(IoBridge.java:170)
	at libcore.io.IoBridge.connect(IoBridge.java:127)
	... 10 more

E/2019-12-02 16:41:23.736 [tpush.working.thread][SocketClient] [4.32][com.dts.freefireth:xg_service_v4]:notifyFail
* Exception : 
java.util.NoSuchElementException
	at java.util.AbstractQueue.remove(AbstractQueue.java:88)
	at com.tencent.android.tpush.horse.e.d(ProGuard:222)
	at com.tencent.android.tpush.horse.e.a(ProGuard:142)
	at com.tencent.android.tpush.horse.d$1.run(ProGuard:107)
	at android.os.Handler.handleCallback(Handler.java:815)
	at android.os.Handler.dispatchMessage(Handler.java:104)
	at android.os.Looper.loop(Looper.java:207)
	at android.os.HandlerThread.run(HandlerThread.java:61)

E/2019-12-02 16:41:23.744 [tpush.working.thread][XGHorse] [4.32][com.dts.freefireth:xg_service_v4]:createOptimalSocketChannel error
* Exception : 
com.tencent.android.tpush.service.channel.exception.HorseIgnoreException: null
	at com.tencent.android.tpush.horse.e.a(ProGuard:144)
	at com.tencent.android.tpush.horse.d$1.run(ProGuard:107)
	at android.os.Handler.handleCallback(Handler.java:815)
	at android.os.Handler.dispatchMessage(Handler.java:104)
	at android.os.Looper.loop(Looper.java:207)
	at android.os.HandlerThread.run(HandlerThread.java:61)
Caused by: java.net.ConnectException: failed to connect to /183.232.98.178 (port 80) after 30000ms: connect failed: ENETUNREACH (Network is unreachable)
	at libcore.io.IoBridge.connect(IoBridge.java:129)
	at java.net.PlainSocketImpl.connect(PlainSocketImpl.java:188)
	at java.net.PlainSocketImpl.connect(PlainSocketImpl.java:457)
	at java.net.Socket.connect(Socket.java:927)
	at java.nio.SocketChannelImpl$SocketAdapter.connect(SocketChannelImpl.java:531)
	at com.tencent.android.tpush.horse.e.a(ProGuard:134)
	... 5 more
Caused by: android.system.ErrnoException: connect failed: ENETUNREACH (Network is unreachable)
	at libcore.io.Posix.connect(Native Method)
	at libcore.io.BlockGuardOs.connect(BlockGuardOs.java:111)
	at libcore.io.IoBridge.connectErrno(IoBridge.java:170)
	at libcore.io.IoBridge.connect(IoBridge.java:127)
	... 10 more

E/2019-12-02 16:41:23.752 [tpush.working.thread][TpnsChannel] [4.32][com.dts.freefireth:xg_service_v4]:ICreateSocketChannelCallback onFailure(10101,create tcp channel fail!)
I/2019-12-02 16:41:23.760 [tpush.working.thread][TpnsChannel] [4.32][com.dts.freefireth:xg_service_v4]:Connect to Xinge Server failed!
E/2019-12-02 16:41:23.768 [tpush.working.thread][TpnsChannel] [4.32][com.dts.freefireth:xg_service_v4]:heartbeat failed onMessageSendFailed 10101,create tcp channel fail!
W/2019-12-02 16:41:23.206 [main][Util] [4.32][com.dts.freefireth]:Util -> initGlobal can not find provider com.tencent.mid.api.MidProvider with authority com.dts.freefireth.TENCENT.MID.V3
W/2019-12-02 16:41:23.217 [main][Util] [4.32][com.dts.freefireth]:Maybe have not contentprovider: com.tencent.mid.api.MidProvider
I/2019-12-02 16:41:23.227 [main][TPush] [4.32][com.dts.freefireth]:XGPushProvider onCreate
I/2019-12-02 16:41:23.293 [Binder_1][TPush] [4.32][com.dts.freefireth]:getType uri:content://com.dts.freefireth.AUTH_XGPUSH/heart,match:30
D/2019-12-02 16:44:22.555 [main][TpnsChannel] [4.32][com.dts.freefireth:xg_service_v4]:Action -> send heartbeat 
V/2019-12-02 16:44:22.563 [main][TpnsChannel] [4.32][com.dts.freefireth:xg_service_v4]:Action -> checkAndSetupClient( tpnsClient = null, isClientCreating = false)
D/2019-12-02 16:44:22.631 [tpush.working.thread][XGHorse] [4.32][com.dts.freefireth:xg_service_v4]:Action ->  createOptimalSocketChannel run
D/2019-12-02 16:44:22.702 [tpush.working.thread][XGHorse] [4.32][com.dts.freefireth:xg_service_v4]:Action ->  createOptimalSocketChannel run
W/2019-12-02 16:44:22.736 [main][TPush] [4.32][com.dts.freefireth:xg_service_v4]:setAndAllowWhileIdle [class java.lang.Integer, class java.lang.Long, class android.app.PendingIntent]
D/2019-12-02 16:44:22.777 [tpush.working.thread][httpDns] [4.32][com.dts.freefireth:xg_service_v4]:cacheResult:{"ips":"203.205.254.169;203.205.254.117","ttl":300,"exp":1575283036682},diff:-426058
W/2019-12-02 16:44:22.785 [tpush.working.thread][httpDns] [4.32][com.dts.freefireth:xg_service_v4]:cacheResult Exp.
E/2019-12-02 16:44:22.840 [tpush.working.thread][XGService] [4.32][com.dts.freefireth:xg_service_v4]:
* Exception : 

E/2019-12-02 16:44:22.861 [tpush.working.thread][XGService] [4.32][com.dts.freefireth:xg_service_v4]:getStrategyItems is null
D/2019-12-02 16:44:22.875 [tpush.working.thread][SocketClient] [4.32][com.dts.freefireth:xg_service_v4]:httpdns error use defulltitems serverIp=183.232.98.178,serverPort=80, proxyIp=,proxyPort=80, protocolType=tcp, redirect=0
D/2019-12-02 16:44:22.904 [tpush.working.thread][SocketClient] [4.32][com.dts.freefireth:xg_service_v4]:connect to 183.232.98.178:80
D/2019-12-02 16:44:22.910 [main][TPush] [4.32][com.dts.freefireth:xg_service_v4]:com.dts.freefireth.AUTH_XGPUSH,com.dts.freefireth,com.tencent.android.tpush.XGPushProvider
E/2019-12-02 16:44:22.914 [tpush.working.thread][SocketClient] [4.32][com.dts.freefireth:xg_service_v4]:socket connect error
* Exception : 
java.net.ConnectException: failed to connect to /183.232.98.178 (port 80) after 30000ms: connect failed: ENETUNREACH (Network is unreachable)
	at libcore.io.IoBridge.connect(IoBridge.java:129)
	at java.net.PlainSocketImpl.connect(PlainSocketImpl.java:188)
	at java.net.PlainSocketImpl.connect(PlainSocketImpl.java:457)
	at java.net.Socket.connect(Socket.java:927)
	at java.nio.SocketChannelImpl$SocketAdapter.connect(SocketChannelImpl.java:531)
	at com.tencent.android.tpush.horse.e.a(ProGuard:134)
	at com.tencent.android.tpush.horse.d$1.run(ProGuard:107)
	at android.os.Handler.handleCallback(Handler.java:815)
	at android.os.Handler.dispatchMessage(Handler.java:104)
	at android.os.Looper.loop(Looper.java:207)
	at android.os.HandlerThread.run(HandlerThread.java:61)
Caused by: android.system.ErrnoException: connect failed: ENETUNREACH (Network is unreachable)
	at libcore.io.Posix.connect(Native Method)
	at libcore.io.BlockGuardOs.connect(BlockGuardOs.java:111)
	at libcore.io.IoBridge.connectErrno(IoBridge.java:170)
	at libcore.io.IoBridge.connect(IoBridge.java:127)
	... 10 more

I/2019-12-02 16:44:22.920 [main][TPush] [4.32][com.dts.freefireth:xg_service_v4]:heartbeat to com.dts.freefireth
E/2019-12-02 16:44:22.923 [tpush.working.thread][SocketClient] [4.32][com.dts.freefireth:xg_service_v4]:notifyFail
* Exception : 
java.util.NoSuchElementException
	at java.util.AbstractQueue.remove(AbstractQueue.java:88)
	at com.tencent.android.tpush.horse.e.d(ProGuard:222)
	at com.tencent.android.tpush.horse.e.a(ProGuard:142)
	at com.tencent.android.tpush.horse.d$1.run(ProGuard:107)
	at android.os.Handler.handleCallback(Handler.java:815)
	at android.os.Handler.dispatchMessage(Handler.java:104)
	at android.os.Looper.loop(Looper.java:207)
	at android.os.HandlerThread.run(HandlerThread.java:61)

E/2019-12-02 16:44:22.944 [tpush.working.thread][XGHorse] [4.32][com.dts.freefireth:xg_service_v4]:createOptimalSocketChannel error
* Exception : 
com.tencent.android.tpush.service.channel.exception.HorseIgnoreException: null
	at com.tencent.android.tpush.horse.e.a(ProGuard:144)
	at com.tencent.android.tpush.horse.d$1.run(ProGuard:107)
	at android.os.Handler.handleCallback(Handler.java:815)
	at android.os.Handler.dispatchMessage(Handler.java:104)
	at android.os.Looper.loop(Looper.java:207)
	at android.os.HandlerThread.run(HandlerThread.java:61)
Caused by: java.net.ConnectException: failed to connect to /183.232.98.178 (port 80) after 30000ms: connect failed: ENETUNREACH (Network is unreachable)
	at libcore.io.IoBridge.connect(IoBridge.java:129)
	at java.net.PlainSocketImpl.connect(PlainSocketImpl.java:188)
	at java.net.PlainSocketImpl.connect(PlainSocketImpl.java:457)
	at java.net.Socket.connect(Socket.java:927)
	at java.nio.SocketChannelImpl$SocketAdapter.connect(SocketChannelImpl.java:531)
	at com.tencent.android.tpush.horse.e.a(ProGuard:134)
	... 5 more
Caused by: android.system.ErrnoException: connect failed: ENETUNREACH (Network is unreachable)
	at libcore.io.Posix.connect(Native Method)
	at libcore.io.BlockGuardOs.connect(BlockGuardOs.java:111)
	at libcore.io.IoBridge.connectErrno(IoBridge.java:170)
	at libcore.io.IoBridge.connect(IoBridge.java:127)
	... 10 more

E/2019-12-02 16:44:22.957 [tpush.working.thread][TpnsChannel] [4.32][com.dts.freefireth:xg_service_v4]:ICreateSocketChannelCallback onFailure(10101,create tcp channel fail!)
I/2019-12-02 16:44:22.963 [main][TPush] [4.32][com.dts.freefireth:xg_service_v4]:heartbeat com.dts.freefireth 
I/2019-12-02 16:44:22.976 [main][TpnsChannel] [4.32][com.dts.freefireth:xg_service_v4]:Service bi state {"srv_stime":1575281223585,"srv_etime":1575283462964,"srv_startTime":7,"srv_freason":[".keepalive",".keepalive",".keepalive",".keepalive",".stop_connect",".stop_connect",".keepalive"],"hb_suc":0,"hb_failed":1,"hb_freason":[{"errorCode":10101,"np":-1}],"con_suc":1,"con_failed":4,"con_freason":[{"errorCode":10101,"np":-1},{"errorCode":10103,"np":-1},{"errorCode":10101,"np":-1},{"errorCode":10101,"np":-1}]}
I/2019-12-02 16:44:22.987 [tpush.working.thread][TpnsChannel] [4.32][com.dts.freefireth:xg_service_v4]:Connect to Xinge Server failed!
E/2019-12-02 16:44:22.995 [tpush.working.thread][TpnsChannel] [4.32][com.dts.freefireth:xg_service_v4]:heartbeat failed onMessageSendFailed 10101,create tcp channel fail!
D/2019-12-02 16:49:10.837 [main][TpnsChannel] [4.32][com.dts.freefireth:xg_service_v4]:Action -> send heartbeat 
V/2019-12-02 16:49:10.844 [main][TpnsChannel] [4.32][com.dts.freefireth:xg_service_v4]:Action -> checkAndSetupClient( tpnsClient = null, isClientCreating = false)
W/2019-12-02 16:49:10.858 [main][TPush] [4.32][com.dts.freefireth:xg_service_v4]:setAndAllowWhileIdle [class java.lang.Integer, class java.lang.Long, class android.app.PendingIntent]
D/2019-12-02 16:49:10.861 [tpush.working.thread][XGHorse] [4.32][com.dts.freefireth:xg_service_v4]:Action ->  createOptimalSocketChannel run
D/2019-12-02 16:49:10.867 [tpush.working.thread][XGHorse] [4.32][com.dts.freefireth:xg_service_v4]:Action ->  createOptimalSocketChannel run
D/2019-12-02 16:49:11.008 [main][TPush] [4.32][com.dts.freefireth:xg_service_v4]:com.dts.freefireth.AUTH_XGPUSH,com.dts.freefireth,com.tencent.android.tpush.XGPushProvider
I/2019-12-02 16:49:11.031 [main][TPush] [4.32][com.dts.freefireth:xg_service_v4]:heartbeat to com.dts.freefireth
I/2019-12-02 16:49:11.202 [main][TPush] [4.32][com.dts.freefireth:xg_service_v4]:heartbeat com.dts.freefireth 
E/2019-12-02 16:49:11.209 [tpush.working.thread][XGService] [4.32][com.dts.freefireth:xg_service_v4]:
* Exception : 

I/2019-12-02 16:49:11.226 [main][TpnsChannel] [4.32][com.dts.freefireth:xg_service_v4]:Service bi state {"srv_stime":1575281223585,"srv_etime":1575283751203,"srv_startTime":7,"srv_freason":[".keepalive",".keepalive",".keepalive",".keepalive",".stop_connect",".stop_connect",".keepalive"],"hb_suc":0,"hb_failed":2,"hb_freason":[{"errorCode":10101,"np":-1},{"errorCode":10101,"np":-1}],"con_suc":1,"con_failed":5,"con_freason":[{"errorCode":10101,"np":-1},{"errorCode":10103,"np":-1},{"errorCode":10101,"np":-1},{"errorCode":10101,"np":-1},{"errorCode":10101,"np":-1}]}
E/2019-12-02 16:49:11.371 [tpush.working.thread][XGService] [4.32][com.dts.freefireth:xg_service_v4]:getStrategyItems is null
D/2019-12-02 16:49:11.380 [tpush.working.thread][SocketClient] [4.32][com.dts.freefireth:xg_service_v4]:httpdns error use defulltitems serverIp=183.232.98.178,serverPort=14000, proxyIp=,proxyPort=80, protocolType=tcp, redirect=0
D/2019-12-02 16:49:11.412 [tpush.working.thread][SocketClient] [4.32][com.dts.freefireth:xg_service_v4]:connect to 183.232.98.178:14000
E/2019-12-02 16:49:11.435 [tpush.working.thread][SocketClient] [4.32][com.dts.freefireth:xg_service_v4]:socket connect error
* Exception : 
java.net.ConnectException: failed to connect to /183.232.98.178 (port 14000) after 30000ms: connect failed: ENETUNREACH (Network is unreachable)
	at libcore.io.IoBridge.connect(IoBridge.java:129)
	at java.net.PlainSocketImpl.connect(PlainSocketImpl.java:188)
	at java.net.PlainSocketImpl.connect(PlainSocketImpl.java:457)
	at java.net.Socket.connect(Socket.java:927)
	at java.nio.SocketChannelImpl$SocketAdapter.connect(SocketChannelImpl.java:531)
	at com.tencent.android.tpush.horse.e.a(ProGuard:134)
	at com.tencent.android.tpush.horse.d$1.run(ProGuard:107)
	at android.os.Handler.handleCallback(Handler.java:815)
	at android.os.Handler.dispatchMessage(Handler.java:104)
	at android.os.Looper.loop(Looper.java:207)
	at android.os.HandlerThread.run(HandlerThread.java:61)
Caused by: android.system.ErrnoException: connect failed: ENETUNREACH (Network is unreachable)
	at libcore.io.Posix.connect(Native Method)
	at libcore.io.BlockGuardOs.connect(BlockGuardOs.java:111)
	at libcore.io.IoBridge.connectErrno(IoBridge.java:170)
	at libcore.io.IoBridge.connect(IoBridge.java:127)
	... 10 more

E/2019-12-02 16:49:11.491 [tpush.working.thread][SocketClient] [4.32][com.dts.freefireth:xg_service_v4]:notifyFail
* Exception : 
java.util.NoSuchElementException
	at java.util.AbstractQueue.remove(AbstractQueue.java:88)
	at com.tencent.android.tpush.horse.e.d(ProGuard:222)
	at com.tencent.android.tpush.horse.e.a(ProGuard:142)
	at com.tencent.android.tpush.horse.d$1.run(ProGuard:107)
	at android.os.Handler.handleCallback(Handler.java:815)
	at android.os.Handler.dispatchMessage(Handler.java:104)
	at android.os.Looper.loop(Looper.java:207)
	at android.os.HandlerThread.run(HandlerThread.java:61)

E/2019-12-02 16:49:11.503 [tpush.working.thread][XGHorse] [4.32][com.dts.freefireth:xg_service_v4]:createOptimalSocketChannel error
* Exception : 
com.tencent.android.tpush.service.channel.exception.HorseIgnoreException: null
	at com.tencent.android.tpush.horse.e.a(ProGuard:144)
	at com.tencent.android.tpush.horse.d$1.run(ProGuard:107)
	at android.os.Handler.handleCallback(Handler.java:815)
	at android.os.Handler.dispatchMessage(Handler.java:104)
	at android.os.Looper.loop(Looper.java:207)
	at android.os.HandlerThread.run(HandlerThread.java:61)
Caused by: java.net.ConnectException: failed to connect to /183.232.98.178 (port 14000) after 30000ms: connect failed: ENETUNREACH (Network is unreachable)
	at libcore.io.IoBridge.connect(IoBridge.java:129)
	at java.net.PlainSocketImpl.connect(PlainSocketImpl.java:188)
	at java.net.PlainSocketImpl.connect(PlainSocketImpl.java:457)
	at java.net.Socket.connect(Socket.java:927)
	at java.nio.SocketChannelImpl$SocketAdapter.connect(SocketChannelImpl.java:531)
	at com.tencent.android.tpush.horse.e.a(ProGuard:134)
	... 5 more
Caused by: android.system.ErrnoException: connect failed: ENETUNREACH (Network is unreachable)
	at libcore.io.Posix.connect(Native Method)
	at libcore.io.BlockGuardOs.connect(BlockGuardOs.java:111)
	at libcore.io.IoBridge.connectErrno(IoBridge.java:170)
	at libcore.io.IoBridge.connect(IoBridge.java:127)
	... 10 more

E/2019-12-02 16:49:11.513 [tpush.working.thread][TpnsChannel] [4.32][com.dts.freefireth:xg_service_v4]:ICreateSocketChannelCallback onFailure(10101,create tcp channel fail!)
I/2019-12-02 16:49:11.523 [tpush.working.thread][TpnsChannel] [4.32][com.dts.freefireth:xg_service_v4]:Connect to Xinge Server failed!
E/2019-12-02 16:49:11.538 [tpush.working.thread][TpnsChannel] [4.32][com.dts.freefireth:xg_service_v4]:heartbeat failed onMessageSendFailed 10101,create tcp channel fail!
D/2019-12-02 16:54:24.753 [main][TpnsChannel] [4.32][com.dts.freefireth:xg_service_v4]:Action -> send heartbeat 
V/2019-12-02 16:54:24.775 [main][TpnsChannel] [4.32][com.dts.freefireth:xg_service_v4]:Action -> checkAndSetupClient( tpnsClient = null, isClientCreating = false)
D/2019-12-02 16:54:24.786 [tpush.working.thread][XGHorse] [4.32][com.dts.freefireth:xg_service_v4]:Action ->  createOptimalSocketChannel run
W/2019-12-02 16:54:24.797 [main][TPush] [4.32][com.dts.freefireth:xg_service_v4]:setAndAllowWhileIdle [class java.lang.Integer, class java.lang.Long, class android.app.PendingIntent]
D/2019-12-02 16:54:24.805 [tpush.working.thread][XGHorse] [4.32][com.dts.freefireth:xg_service_v4]:Action ->  createOptimalSocketChannel run
E/2019-12-02 16:54:24.899 [tpush.working.thread][XGService] [4.32][com.dts.freefireth:xg_service_v4]:
* Exception : 

E/2019-12-02 16:54:24.925 [tpush.working.thread][XGService] [4.32][com.dts.freefireth:xg_service_v4]:getStrategyItems is null
D/2019-12-02 16:54:24.938 [tpush.working.thread][SocketClient] [4.32][com.dts.freefireth:xg_service_v4]:httpdns error use defulltitems serverIp=183.232.98.178,serverPort=8080, proxyIp=,proxyPort=80, protocolType=tcp, redirect=0
D/2019-12-02 16:54:24.972 [tpush.working.thread][SocketClient] [4.32][com.dts.freefireth:xg_service_v4]:connect to 183.232.98.178:8080
E/2019-12-02 16:54:25.001 [tpush.working.thread][SocketClient] [4.32][com.dts.freefireth:xg_service_v4]:socket connect error
* Exception : 
java.net.ConnectException: failed to connect to /183.232.98.178 (port 8080) after 30000ms: connect failed: ENETUNREACH (Network is unreachable)
	at libcore.io.IoBridge.connect(IoBridge.java:129)
	at java.net.PlainSocketImpl.connect(PlainSocketImpl.java:188)
	at java.net.PlainSocketImpl.connect(PlainSocketImpl.java:457)
	at java.net.Socket.connect(Socket.java:927)
	at java.nio.SocketChannelImpl$SocketAdapter.connect(SocketChannelImpl.java:531)
	at com.tencent.android.tpush.horse.e.a(ProGuard:134)
	at com.tencent.android.tpush.horse.d$1.run(ProGuard:107)
	at android.os.Handler.handleCallback(Handler.java:815)
	at android.os.Handler.dispatchMessage(Handler.java:104)
	at android.os.Looper.loop(Looper.java:207)
	at android.os.HandlerThread.run(HandlerThread.java:61)
Caused by: android.system.ErrnoException: connect failed: ENETUNREACH (Network is unreachable)
	at libcore.io.Posix.connect(Native Method)
	at libcore.io.BlockGuardOs.connect(BlockGuardOs.java:111)
	at libcore.io.IoBridge.connectErrno(IoBridge.java:170)
	at libcore.io.IoBridge.connect(IoBridge.java:127)
	... 10 more

E/2019-12-02 16:54:25.035 [tpush.working.thread][SocketClient] [4.32][com.dts.freefireth:xg_service_v4]:notifyFail
* Exception : 
java.util.NoSuchElementException
	at java.util.AbstractQueue.remove(AbstractQueue.java:88)
	at com.tencent.android.tpush.horse.e.d(ProGuard:222)
	at com.tencent.android.tpush.horse.e.a(ProGuard:142)
	at com.tencent.android.tpush.horse.d$1.run(ProGuard:107)
	at android.os.Handler.handleCallback(Handler.java:815)
	at android.os.Handler.dispatchMessage(Handler.java:104)
	at android.os.Looper.loop(Looper.java:207)
	at android.os.HandlerThread.run(HandlerThread.java:61)

E/2019-12-02 16:54:25.043 [tpush.working.thread][XGHorse] [4.32][com.dts.freefireth:xg_service_v4]:createOptimalSocketChannel error
* Exception : 
com.tencent.android.tpush.service.channel.exception.HorseIgnoreException: null
	at com.tencent.android.tpush.horse.e.a(ProGuard:144)
	at com.tencent.android.tpush.horse.d$1.run(ProGuard:107)
	at android.os.Handler.handleCallback(Handler.java:815)
	at android.os.Handler.dispatchMessage(Handler.java:104)
	at android.os.Looper.loop(Looper.java:207)
	at android.os.HandlerThread.run(HandlerThread.java:61)
Caused by: java.net.ConnectException: failed to connect to /183.232.98.178 (port 8080) after 30000ms: connect failed: ENETUNREACH (Network is unreachable)
	at libcore.io.IoBridge.connect(IoBridge.java:129)
	at java.net.PlainSocketImpl.connect(PlainSocketImpl.java:188)
	at java.net.PlainSocketImpl.connect(PlainSocketImpl.java:457)
	at java.net.Socket.connect(Socket.java:927)
	at java.nio.SocketChannelImpl$SocketAdapter.connect(SocketChannelImpl.java:531)
	at com.tencent.android.tpush.horse.e.a(ProGuard:134)
	... 5 more
Caused by: android.system.ErrnoException: connect failed: ENETUNREACH (Network is unreachable)
	at libcore.io.Posix.connect(Native Method)
	at libcore.io.BlockGuardOs.connect(BlockGuardOs.java:111)
	at libcore.io.IoBridge.connectErrno(IoBridge.java:170)
	at libcore.io.IoBridge.connect(IoBridge.java:127)
	... 10 more

E/2019-12-02 16:54:25.134 [tpush.working.thread][TpnsChannel] [4.32][com.dts.freefireth:xg_service_v4]:ICreateSocketChannelCallback onFailure(10101,create tcp channel fail!)
D/2019-12-02 16:54:25.188 [main][TPush] [4.32][com.dts.freefireth:xg_service_v4]:com.dts.freefireth.AUTH_XGPUSH,com.dts.freefireth,com.tencent.android.tpush.XGPushProvider
I/2019-12-02 16:54:25.199 [main][TPush] [4.32][com.dts.freefireth:xg_service_v4]:heartbeat to com.dts.freefireth
I/2019-12-02 16:54:25.229 [main][TPush] [4.32][com.dts.freefireth:xg_service_v4]:heartbeat com.dts.freefireth 
I/2019-12-02 16:54:25.306 [main][TpnsChannel] [4.32][com.dts.freefireth:xg_service_v4]:Service bi state {"srv_stime":1575281223585,"srv_etime":1575284065230,"srv_startTime":7,"srv_freason":[".keepalive",".keepalive",".keepalive",".keepalive",".stop_connect",".stop_connect",".keepalive"],"hb_suc":0,"hb_failed":3,"hb_freason":[{"errorCode":10101,"np":-1},{"errorCode":10101,"np":-1},{"errorCode":10101,"np":-1}],"con_suc":1,"con_failed":6,"con_freason":[{"errorCode":10101,"np":-1},{"errorCode":10103,"np":-1},{"errorCode":10101,"np":-1},{"errorCode":10101,"np":-1},{"errorCode":10101,"np":-1},{"errorCode":10101,"np":-1}]}
I/2019-12-02 16:54:25.345 [tpush.working.thread][TpnsChannel] [4.32][com.dts.freefireth:xg_service_v4]:Connect to Xinge Server failed!
E/2019-12-02 16:54:25.373 [tpush.working.thread][TpnsChannel] [4.32][com.dts.freefireth:xg_service_v4]:heartbeat failed onMessageSendFailed 10101,create tcp channel fail!
D/2019-12-02 16:57:25.216 [main][TpnsChannel] [4.32][com.dts.freefireth:xg_service_v4]:Action -> send heartbeat 
V/2019-12-02 16:57:25.250 [main][TpnsChannel] [4.32][com.dts.freefireth:xg_service_v4]:Action -> checkAndSetupClient( tpnsClient = null, isClientCreating = false)
W/2019-12-02 16:57:25.283 [main][TPush] [4.32][com.dts.freefireth:xg_service_v4]:setAndAllowWhileIdle [class java.lang.Integer, class java.lang.Long, class android.app.PendingIntent]
D/2019-12-02 16:57:25.311 [tpush.working.thread][XGHorse] [4.32][com.dts.freefireth:xg_service_v4]:Action ->  createOptimalSocketChannel run
D/2019-12-02 16:57:25.334 [tpush.working.thread][XGHorse] [4.32][com.dts.freefireth:xg_service_v4]:Action ->  createOptimalSocketChannel run
D/2019-12-02 16:57:25.398 [main][TPush] [4.32][com.dts.freefireth:xg_service_v4]:com.dts.freefireth.AUTH_XGPUSH,com.dts.freefireth,com.tencent.android.tpush.XGPushProvider
I/2019-12-02 16:57:25.408 [main][TPush] [4.32][com.dts.freefireth:xg_service_v4]:heartbeat to com.dts.freefireth
I/2019-12-02 16:57:26.188 [main][TPush] [4.32][com.dts.freefireth:xg_service_v4]:heartbeat com.dts.freefireth 
I/2019-12-02 16:57:26.220 [main][TpnsChannel] [4.32][com.dts.freefireth:xg_service_v4]:Service bi state {"srv_stime":1575281223585,"srv_etime":1575284246189,"srv_startTime":7,"srv_freason":[".keepalive",".keepalive",".keepalive",".keepalive",".stop_connect",".stop_connect",".keepalive"],"hb_suc":0,"hb_failed":4,"hb_freason":[{"errorCode":10101,"np":-1},{"errorCode":10101,"np":-1},{"errorCode":10101,"np":-1},{"errorCode":10101,"np":-1}],"con_suc":1,"con_failed":7,"con_freason":[{"errorCode":10101,"np":-1},{"errorCode":10103,"np":-1},{"errorCode":10101,"np":-1},{"errorCode":10101,"np":-1},{"errorCode":10101,"np":-1},{"errorCode":10101,"np":-1},{"errorCode":10101,"np":-1}]}
E/2019-12-02 16:57:26.234 [tpush.working.thread][XGService] [4.32][com.dts.freefireth:xg_service_v4]:
* Exception : 

E/2019-12-02 16:57:26.291 [tpush.working.thread][XGService] [4.32][com.dts.freefireth:xg_service_v4]:getStrategyItems is null
D/2019-12-02 16:57:26.308 [tpush.working.thread][SocketClient] [4.32][com.dts.freefireth:xg_service_v4]:httpdns error use defulltitems serverIp=183.232.98.178,serverPort=14000, proxyIp=,proxyPort=80, protocolType=tcp, redirect=0
D/2019-12-02 16:57:26.320 [tpush.working.thread][SocketClient] [4.32][com.dts.freefireth:xg_service_v4]:connect to 183.232.98.178:14000
E/2019-12-02 16:57:26.333 [tpush.working.thread][SocketClient] [4.32][com.dts.freefireth:xg_service_v4]:socket connect error
* Exception : 
java.net.ConnectException: failed to connect to /183.232.98.178 (port 14000) after 30000ms: connect failed: ENETUNREACH (Network is unreachable)
	at libcore.io.IoBridge.connect(IoBridge.java:129)
	at java.net.PlainSocketImpl.connect(PlainSocketImpl.java:188)
	at java.net.PlainSocketImpl.connect(PlainSocketImpl.java:457)
	at java.net.Socket.connect(Socket.java:927)
	at java.nio.SocketChannelImpl$SocketAdapter.connect(SocketChannelImpl.java:531)
	at com.tencent.android.tpush.horse.e.a(ProGuard:134)
	at com.tencent.android.tpush.horse.d$1.run(ProGuard:107)
	at android.os.Handler.handleCallback(Handler.java:815)
	at android.os.Handler.dispatchMessage(Handler.java:104)
	at android.os.Looper.loop(Looper.java:207)
	at android.os.HandlerThread.run(HandlerThread.java:61)
Caused by: android.system.ErrnoException: connect failed: ENETUNREACH (Network is unreachable)
	at libcore.io.Posix.connect(Native Method)
	at libcore.io.BlockGuardOs.connect(BlockGuardOs.java:111)
	at libcore.io.IoBridge.connectErrno(IoBridge.java:170)
	at libcore.io.IoBridge.connect(IoBridge.java:127)
	... 10 more

E/2019-12-02 16:57:26.342 [tpush.working.thread][SocketClient] [4.32][com.dts.freefireth:xg_service_v4]:notifyFail
* Exception : 
java.util.NoSuchElementException
	at java.util.AbstractQueue.remove(AbstractQueue.java:88)
	at com.tencent.android.tpush.horse.e.d(ProGuard:222)
	at com.tencent.android.tpush.horse.e.a(ProGuard:142)
	at com.tencent.android.tpush.horse.d$1.run(ProGuard:107)
	at android.os.Handler.handleCallback(Handler.java:815)
	at android.os.Handler.dispatchMessage(Handler.java:104)
	at android.os.Looper.loop(Looper.java:207)
	at android.os.HandlerThread.run(HandlerThread.java:61)

E/2019-12-02 16:57:26.350 [tpush.working.thread][XGHorse] [4.32][com.dts.freefireth:xg_service_v4]:createOptimalSocketChannel error
* Exception : 
com.tencent.android.tpush.service.channel.exception.HorseIgnoreException: null
	at com.tencent.android.tpush.horse.e.a(ProGuard:144)
	at com.tencent.android.tpush.horse.d$1.run(ProGuard:107)
	at android.os.Handler.handleCallback(Handler.java:815)
	at android.os.Handler.dispatchMessage(Handler.java:104)
	at android.os.Looper.loop(Looper.java:207)
	at android.os.HandlerThread.run(HandlerThread.java:61)
Caused by: java.net.ConnectException: failed to connect to /183.232.98.178 (port 14000) after 30000ms: connect failed: ENETUNREACH (Network is unreachable)
	at libcore.io.IoBridge.connect(IoBridge.java:129)
	at java.net.PlainSocketImpl.connect(PlainSocketImpl.java:188)
	at java.net.PlainSocketImpl.connect(PlainSocketImpl.java:457)
	at java.net.Socket.connect(Socket.java:927)
	at java.nio.SocketChannelImpl$SocketAdapter.connect(SocketChannelImpl.java:531)
	at com.tencent.android.tpush.horse.e.a(ProGuard:134)
	... 5 more
Caused by: android.system.ErrnoException: connect failed: ENETUNREACH (Network is unreachable)
	at libcore.io.Posix.connect(Native Method)
	at libcore.io.BlockGuardOs.connect(BlockGuardOs.java:111)
	at libcore.io.IoBridge.connectErrno(IoBridge.java:170)
	at libcore.io.IoBridge.connect(IoBridge.java:127)
	... 10 more

E/2019-12-02 16:57:26.367 [tpush.working.thread][TpnsChannel] [4.32][com.dts.freefireth:xg_service_v4]:ICreateSocketChannelCallback onFailure(10101,create tcp channel fail!)
I/2019-12-02 16:57:26.376 [tpush.working.thread][TpnsChannel] [4.32][com.dts.freefireth:xg_service_v4]:Connect to Xinge Server failed!
E/2019-12-02 16:57:26.382 [tpush.working.thread][TpnsChannel] [4.32][com.dts.freefireth:xg_service_v4]:heartbeat failed onMessageSendFailed 10101,create tcp channel fail!
W/2019-12-02 16:57:26.047 [main][Util] [4.32][com.dts.freefireth]:Util -> initGlobal can not find provider com.tencent.mid.api.MidProvider with authority com.dts.freefireth.TENCENT.MID.V3
W/2019-12-02 16:57:26.055 [main][Util] [4.32][com.dts.freefireth]:Maybe have not contentprovider: com.tencent.mid.api.MidProvider
I/2019-12-02 16:57:26.064 [main][TPush] [4.32][com.dts.freefireth]:XGPushProvider onCreate
I/2019-12-02 16:57:26.129 [Binder_2][TPush] [4.32][com.dts.freefireth]:getType uri:content://com.dts.freefireth.AUTH_XGPUSH/heart,match:30
