W/2019-12-07 07:53:47.817 [main][Util] [4.32][com.dts.freefireth:xg_service_v4]:Util -> initGlobal can not find provider com.tencent.mid.api.MidProvider with authority com.dts.freefireth.TENCENT.MID.V3
W/2019-12-07 07:53:47.876 [main][Util] [4.32][com.dts.freefireth:xg_service_v4]:Maybe have not contentprovider: com.tencent.mid.api.MidProvider
V/2019-12-07 07:53:48.141 [main][PushServiceManager] [4.32][com.dts.freefireth:xg_service_v4]:bindService ret:true
D/2019-12-07 07:53:48.912 [main][XGPushService] [4.32][com.dts.freefireth:xg_service_v4]:reportLastServiceState {"srv_stime":1575648331369,"srv_etime":1575649569210,"srv_startTime":12,"srv_freason":[".keepalive",".stop_connect",".stop_connect",".keepalive",".keepalive",".keepalive",".keepalive",".keepalive",".keepalive",".keepalive"],"hb_suc":0,"hb_failed":0,"con_suc":1,"con_failed":1,"con_freason":[{"errorCode":10101,"np":-1}]}
D/2019-12-07 07:53:49.254 [Thread-540][TPush] [4.32][com.dts.freefireth:xg_service_v4]:com.dts.freefireth.AUTH_XGPUSH,com.dts.freefireth,com.tencent.android.tpush.XGPushProvider
D/2019-12-07 07:53:49.644 [main][a] [4.32][com.dts.freefireth:xg_service_v4]:network chanced:Intent { act=android.net.conn.CONNECTIVITY_CHANGE flg=0x4000010 (has extras) }
D/2019-12-07 07:53:49.682 [main][OptimalLinkSelector] [4.32][com.dts.freefireth:xg_service_v4]:Connection state changed to - [type: WIFI[], state: CONNECTED/CONNECTED, reason: (unspecified), extra: "ASUS_A8", roaming: false, failover: false, isAvailable: true]
D/2019-12-07 07:53:49.692 [main][OptimalLinkSelector] [4.32][com.dts.freefireth:xg_service_v4]:Connected with network type WIFI
V/2019-12-07 07:53:49.958 [main][PushServiceManager] [4.32][com.dts.freefireth:xg_service_v4]:(ignore) running v4 service count 0
I/2019-12-07 07:53:50.123 [main][XGService] [4.32][com.dts.freefireth:xg_service_v4]:getSocketName: tencentxgpush
I/2019-12-07 07:53:50.160 [main][XGService] [4.32][com.dts.freefireth:xg_service_v4]:getSocketName: tencentxgpush
V/2019-12-07 07:53:50.186 [main][PushServiceManager] [4.32][com.dts.freefireth:xg_service_v4]:tryToKeepServiceAlive socketFinalName:17b8f414a85dd456a15585b41d7f686f03fff04496b00ca64380acef2def0ddee94f133e
I/2019-12-07 07:53:50.308 [main][f] [4.32][com.dts.freefireth:xg_service_v4]:is xg_service
I/2019-12-07 07:53:50.322 [main][PushServiceManager] [4.32][com.dts.freefireth:xg_service_v4]:start as main service......
I/2019-12-07 07:53:50.333 [main][PushServiceManager] [4.32][com.dts.freefireth:xg_service_v4]:Service's first running at com.dts.freefireth version : 4.32
I/2019-12-07 07:53:50.355 [main][a] [4.32][com.dts.freefireth:xg_service_v4]:handleServiceInited, beforeInitedIntents size:0
V/2019-12-07 07:53:50.423 [main][TpnsChannel] [4.32][com.dts.freefireth:xg_service_v4]:Action -> checkAndSetupClient( tpnsClient = null, isClientCreating = false)
D/2019-12-07 07:53:50.466 [tpush.working.thread][XGHorse] [4.32][com.dts.freefireth:xg_service_v4]:Action ->  createOptimalSocketChannel run
D/2019-12-07 07:53:50.637 [tpush.working.thread][XGHorse] [4.32][com.dts.freefireth:xg_service_v4]:Action ->  createOptimalSocketChannel run
D/2019-12-07 07:53:50.865 [main][TPush] [4.32][com.dts.freefireth:xg_service_v4]:com.dts.freefireth.AUTH_XGPUSH,com.dts.freefireth,com.tencent.android.tpush.XGPushProvider
D/2019-12-07 07:53:51.637 [tpush.working.thread][httpDns] [4.32][com.dts.freefireth:xg_service_v4]:cacheResult:{"ips":"203.205.254.169;203.205.254.117","ttl":300,"exp":1575648658436},diff:-34973176
W/2019-12-07 07:53:51.667 [tpush.working.thread][httpDns] [4.32][com.dts.freefireth:xg_service_v4]:cacheResult Exp.
D/2019-12-07 07:53:52.254 [tpush.working.thread][httpDns] [4.32][com.dts.freefireth:xg_service_v4]:getAddrByName line:3eeef9bfa6f89c851d78fc98210e80223eeef9bfa6f89c8584763a1edb85511368bb18fa1cb96703
D/2019-12-07 07:53:52.387 [tpush.working.thread][httpDns] [4.32][com.dts.freefireth:xg_service_v4]:ttl:300,300
D/2019-12-07 07:53:52.492 [tpush.working.thread][httpDns] [4.32][com.dts.freefireth:xg_service_v4]:cacheResult:{"ips":"203.205.254.117;203.205.254.169","ttl":300,"exp":1575683932388},diff:299910
D/2019-12-07 07:53:52.535 [tpush.working.thread][SocketClient] [4.32][com.dts.freefireth:xg_service_v4]:use httpdns StrategyItem:203.205.254.169:14000
D/2019-12-07 07:53:52.548 [tpush.working.thread][SocketClient] [4.32][com.dts.freefireth:xg_service_v4]:connect to 203.205.254.169:14000
V/2019-12-07 07:53:52.760 [tpush.working.thread][TpnsChannel] [4.32][com.dts.freefireth:xg_service_v4]:ICreateSocketChannelCallback onSuccess(java.nio.SocketChannelImpl@e4507df,java.nio.SocketChannelImpl@e4507df)
I/2019-12-07 07:53:52.794 [tpush.working.thread][TpnsClient] [4.32][com.dts.freefireth:xg_service_v4]:Connect to Xinge Server succeed!
V/2019-12-07 07:53:52.920 [main][TpnsChannel] [4.32][com.dts.freefireth:xg_service_v4]:Action -> checkAndSetupClient( tpnsClient = a(ip:203.205.254.169,port:14000,protocol:tcp), isClientCreating = false)
D/2019-12-07 07:53:53.246 [tpush.working.thread][TpnsChannel] [4.32][com.dts.freefireth:xg_service_v4]:Action -> sendReconnMessage with token - 03fff04496b00ca64380acef2def0ddee94f133e
V/2019-12-07 07:53:53.260 [tpush.working.thread][TpnsChannel] [4.32][com.dts.freefireth:xg_service_v4]:Action -> checkAndSetupClient( tpnsClient = a(ip:203.205.254.169,port:14000,protocol:tcp), isClientCreating = false)
I/2019-12-07 07:53:53.314 [TpnsClient][TpnsClient] [4.32][com.dts.freefireth:xg_service_v4]:TpnsClient is running and ready for send and recevie msg.
D/2019-12-07 07:53:53.405 [TpnsClient][TpnsChannel] [4.32][com.dts.freefireth:xg_service_v4]:Action -> clientDidSendPacket packet : h protocol = 1 command = TPNS_COMMAND_RECONNECT isResponse = false packetLength = 410
D/2019-12-07 07:53:53.733 [TpnsClient][TpnsClient] [4.32][com.dts.freefireth:xg_service_v4]:####Read one pkg with length = 35
D/2019-12-07 07:53:53.946 [TpnsClient][TpnsChannel] [4.32][com.dts.freefireth:xg_service_v4]:Action -> clientDidReceivePacket packet : g protocol = 1 command = TPNS_COMMAND_RECONNECT isResponse = true packetLength = 20
D/2019-12-07 07:53:54.011 [TpnsClient][TpnsChannel] [4.32][com.dts.freefireth:xg_service_v4]:Action -> clientDidReceivePacket RequestSuccRunnable NEV1 : g protocol = 1 command = TPNS_COMMAND_RECONNECT isResponse = true packetLength = 20
D/2019-12-07 07:53:54.093 [tpush.working.thread][PushServiceNetworkHandler] [4.32][com.dts.freefireth:xg_service_v4]:reconnCallback onResponse request:token: 03fff04496b00ca64380acef2def0ddee94f133e
deviceId: 461cd78e57077d4042d1f10aa4706adc
networkType: 1
unregInfoList: 0, []
recvMsgList: 0, []
mutableInfo: {
	ssid: "ASUS_A8"
	bssid: 04:92:26:66:a3:a8
	mac: 02:00:00:00:00:00
	wflist: 
}
deviceType: 0
msgClickList: null	sdkVersion: 4.32
reserved: {"new_mid":"03fff04496b00ca64380acef2def0ddee94f133e","new_mid_v":"4.07","app_accessids":[2100275588]}
connVersion: 4
guid: 9053918568
ts: 0
configVersion: -1
, responseCode:0, response:confVersion: 32
appOfflinePushMsgList: 0, []
timeUs: 1575683634388441

D/2019-12-07 07:53:54.108 [tpush.working.thread][PushServiceNetworkHandler] [4.32][com.dts.freefireth:xg_service_v4]:reconnCallback onResponse rsp==null?:false
D/2019-12-07 07:53:54.125 [tpush.working.thread][PushServiceNetworkHandler] [4.32][com.dts.freefireth:xg_service_v4]:loadIPList :32
W/2019-12-07 07:53:54.310 [TpnsClient][TPush] [4.32][com.dts.freefireth:xg_service_v4]:setAndAllowWhileIdle [class java.lang.Integer, class java.lang.Long, class android.app.PendingIntent]
D/2019-12-07 07:53:55.036 [tpush.working.thread][PushServiceNetworkHandler] [4.32][com.dts.freefireth:xg_service_v4]:sendMessage TpnsGetApListReq:netInfo: {
	ip: 0
	network: 1
	op: 0
}

V/2019-12-07 07:53:55.078 [tpush.working.thread][TpnsChannel] [4.32][com.dts.freefireth:xg_service_v4]:Action -> checkAndSetupClient( tpnsClient = a(ip:203.205.254.169,port:14000,protocol:tcp), isClientCreating = false)
D/2019-12-07 07:53:55.182 [TpnsClient][TpnsChannel] [4.32][com.dts.freefireth:xg_service_v4]:Action -> clientDidSendPacket packet : h protocol = 1 command = TPNS_COMMAND_GET_APLIST isResponse = false packetLength = 28
D/2019-12-07 07:53:55.613 [TpnsClient][TpnsClient] [4.32][com.dts.freefireth:xg_service_v4]:####Read one pkg with length = 146
D/2019-12-07 07:53:55.921 [TpnsClient][TpnsChannel] [4.32][com.dts.freefireth:xg_service_v4]:Action -> clientDidReceivePacket packet : g protocol = 1 command = TPNS_COMMAND_GET_APLIST isResponse = true packetLength = 131
D/2019-12-07 07:53:56.022 [TpnsClient][TpnsChannel] [4.32][com.dts.freefireth:xg_service_v4]:Action -> clientDidReceivePacket RequestSuccRunnable NEV1 : g protocol = 1 command = TPNS_COMMAND_GET_APLIST isResponse = true packetLength = 131
D/2019-12-07 07:53:56.095 [tpush.working.thread][TPush] [4.32][com.dts.freefireth:xg_service_v4]:apList.primary serverItem ip:203.205.146.122,port:14000
W/2019-12-07 07:53:56.096 [TpnsClient][TPush] [4.32][com.dts.freefireth:xg_service_v4]:setAndAllowWhileIdle [class java.lang.Integer, class java.lang.Long, class android.app.PendingIntent]
D/2019-12-07 07:53:56.116 [tpush.working.thread][TPush] [4.32][com.dts.freefireth:xg_service_v4]:apList.primary serverItem ip:203.205.146.122,port:443
D/2019-12-07 07:53:56.132 [tpush.working.thread][TPush] [4.32][com.dts.freefireth:xg_service_v4]:apList.primary serverItem ip:203.205.146.122,port:80
D/2019-12-07 07:53:56.170 [tpush.working.thread][TPush] [4.32][com.dts.freefireth:xg_service_v4]:apList.primary serverItem ip:203.205.146.122,port:8080
D/2019-12-07 07:53:56.316 [tpush.working.thread][TPush] [4.32][com.dts.freefireth:xg_service_v4]:apList.primary serverItem ip:203.205.146.122,port:14000
D/2019-12-07 07:53:56.331 [tpush.working.thread][TPush] [4.32][com.dts.freefireth:xg_service_v4]:apList.primary serverItem ip:203.205.146.122,port:443
D/2019-12-07 07:53:56.343 [tpush.working.thread][TPush] [4.32][com.dts.freefireth:xg_service_v4]:apList.primary serverItem ip:203.205.146.122,port:80
D/2019-12-07 07:53:56.438 [tpush.working.thread][TPush] [4.32][com.dts.freefireth:xg_service_v4]:apList.primary serverItem ip:203.205.146.122,port:8080
D/2019-12-07 07:53:56.509 [tpush.working.thread][TPush] [4.32][com.dts.freefireth:xg_service_v4]:apList.primary serverItem ip:203.205.146.122,port:14000
D/2019-12-07 07:53:56.553 [tpush.working.thread][TPush] [4.32][com.dts.freefireth:xg_service_v4]:apList.primary serverItem ip:203.205.146.122,port:443
D/2019-12-07 07:53:56.567 [tpush.working.thread][TPush] [4.32][com.dts.freefireth:xg_service_v4]:apList.primary serverItem ip:203.205.146.122,port:80
D/2019-12-07 07:53:56.610 [tpush.working.thread][TPush] [4.32][com.dts.freefireth:xg_service_v4]:apList.primary serverItem ip:203.205.146.122,port:8080
D/2019-12-07 07:53:56.722 [tpush.working.thread][TPush] [4.32][com.dts.freefireth:xg_service_v4]:apList.secondary serverItem ip:183.3.234.243,port:14000
D/2019-12-07 07:53:56.739 [tpush.working.thread][TPush] [4.32][com.dts.freefireth:xg_service_v4]:apList.secondary serverItem ip:183.3.234.243,port:443
D/2019-12-07 07:53:56.958 [tpush.working.thread][TPush] [4.32][com.dts.freefireth:xg_service_v4]:apList.secondary serverItem ip:183.3.234.243,port:80
D/2019-12-07 07:53:56.989 [tpush.working.thread][TPush] [4.32][com.dts.freefireth:xg_service_v4]:apList.secondary serverItem ip:183.3.234.243,port:8080
D/2019-12-07 07:53:57.109 [tpush.working.thread][TPush] [4.32][com.dts.freefireth:xg_service_v4]:apList.secondary serverItem ip:183.232.98.178,port:14000
D/2019-12-07 07:53:57.130 [tpush.working.thread][TPush] [4.32][com.dts.freefireth:xg_service_v4]:apList.secondary serverItem ip:183.232.98.178,port:443
D/2019-12-07 07:53:57.153 [tpush.working.thread][TPush] [4.32][com.dts.freefireth:xg_service_v4]:apList.secondary serverItem ip:183.232.98.178,port:80
D/2019-12-07 07:53:57.183 [tpush.working.thread][TPush] [4.32][com.dts.freefireth:xg_service_v4]:apList.secondary serverItem ip:183.232.98.178,port:8080
D/2019-12-07 07:53:57.284 [tpush.working.thread][TPush] [4.32][com.dts.freefireth:xg_service_v4]:apList.secondary serverItem ip:58.251.81.126,port:14000
D/2019-12-07 07:53:57.455 [tpush.working.thread][TPush] [4.32][com.dts.freefireth:xg_service_v4]:apList.secondary serverItem ip:58.251.81.126,port:443
D/2019-12-07 07:53:57.491 [main][XGPushReceiver] [4.32][com.dts.freefireth:xg_service_v4]:PushReceiver received android.intent.action.ACTION_POWER_DISCONNECTED @@ com.dts.freefireth
D/2019-12-07 07:53:57.559 [tpush.working.thread][TPush] [4.32][com.dts.freefireth:xg_service_v4]:apList.secondary serverItem ip:58.251.81.126,port:80
D/2019-12-07 07:53:57.572 [tpush.working.thread][TPush] [4.32][com.dts.freefireth:xg_service_v4]:apList.secondary serverItem ip:58.251.81.126,port:8080
V/2019-12-07 07:53:57.774 [main][TpnsChannel] [4.32][com.dts.freefireth:xg_service_v4]:Action -> checkAndSetupClient( tpnsClient = a(ip:203.205.254.169,port:14000,protocol:tcp), isClientCreating = false)
D/2019-12-07 07:53:59.469 [tpush.working.thread][TPush] [4.32][com.dts.freefireth:xg_service_v4]:apList.speedTestIpList serverItem ip:2056441291,port:14000
D/2019-12-07 07:53:59.485 [tpush.working.thread][TPush] [4.32][com.dts.freefireth:xg_service_v4]:apList.speedTestIpList serverItem ip:2056441291,port:443
D/2019-12-07 07:53:59.523 [tpush.working.thread][TPush] [4.32][com.dts.freefireth:xg_service_v4]:apList.speedTestIpList serverItem ip:2056441291,port:80
D/2019-12-07 07:53:59.552 [tpush.working.thread][TPush] [4.32][com.dts.freefireth:xg_service_v4]:apList.speedTestIpList serverItem ip:2056441291,port:8080
D/2019-12-07 07:53:59.924 [tpush.working.thread][TPush] [4.32][com.dts.freefireth:xg_service_v4]:apList.speedTestIpList serverItem ip:2056441291,port:14000
D/2019-12-07 07:54:00.040 [tpush.working.thread][TPush] [4.32][com.dts.freefireth:xg_service_v4]:apList.speedTestIpList serverItem ip:2056441291,port:443
D/2019-12-07 07:54:00.054 [tpush.working.thread][TPush] [4.32][com.dts.freefireth:xg_service_v4]:apList.speedTestIpList serverItem ip:2056441291,port:80
D/2019-12-07 07:54:00.065 [tpush.working.thread][TPush] [4.32][com.dts.freefireth:xg_service_v4]:apList.speedTestIpList serverItem ip:2056441291,port:8080
D/2019-12-07 07:54:00.080 [tpush.working.thread][TPush] [4.32][com.dts.freefireth:xg_service_v4]:apList.speedTestIpList serverItem ip:2056441291,port:14000
D/2019-12-07 07:54:00.133 [tpush.working.thread][TPush] [4.32][com.dts.freefireth:xg_service_v4]:apList.speedTestIpList serverItem ip:2056441291,port:443
D/2019-12-07 07:54:00.193 [tpush.working.thread][TPush] [4.32][com.dts.freefireth:xg_service_v4]:apList.speedTestIpList serverItem ip:2056441291,port:80
D/2019-12-07 07:54:00.235 [tpush.working.thread][TPush] [4.32][com.dts.freefireth:xg_service_v4]:apList.speedTestIpList serverItem ip:2056441291,port:8080
D/2019-12-07 07:54:00.249 [tpush.working.thread][TPush] [4.32][com.dts.freefireth:xg_service_v4]:apList.speedTestIpList serverItem ip:4092199863,port:14000
D/2019-12-07 07:54:00.259 [tpush.working.thread][TPush] [4.32][com.dts.freefireth:xg_service_v4]:apList.speedTestIpList serverItem ip:4092199863,port:443
D/2019-12-07 07:54:00.279 [tpush.working.thread][TPush] [4.32][com.dts.freefireth:xg_service_v4]:apList.speedTestIpList serverItem ip:4092199863,port:80
D/2019-12-07 07:54:00.296 [tpush.working.thread][TPush] [4.32][com.dts.freefireth:xg_service_v4]:apList.speedTestIpList serverItem ip:4092199863,port:8080
D/2019-12-07 07:54:00.368 [tpush.working.thread][TPush] [4.32][com.dts.freefireth:xg_service_v4]:apList.speedTestIpList serverItem ip:2119301946,port:14000
D/2019-12-07 07:54:00.380 [tpush.working.thread][TPush] [4.32][com.dts.freefireth:xg_service_v4]:apList.speedTestIpList serverItem ip:2119301946,port:443
D/2019-12-07 07:54:00.394 [tpush.working.thread][TPush] [4.32][com.dts.freefireth:xg_service_v4]:apList.speedTestIpList serverItem ip:2119301946,port:80
D/2019-12-07 07:54:00.435 [tpush.working.thread][TPush] [4.32][com.dts.freefireth:xg_service_v4]:apList.speedTestIpList serverItem ip:2119301946,port:8080
D/2019-12-07 07:54:00.471 [tpush.working.thread][TPush] [4.32][com.dts.freefireth:xg_service_v4]:apList.speedTestIpList serverItem ip:2992826551,port:14000
D/2019-12-07 07:54:00.685 [tpush.working.thread][TPush] [4.32][com.dts.freefireth:xg_service_v4]:apList.speedTestIpList serverItem ip:2992826551,port:443
D/2019-12-07 07:54:00.724 [tpush.working.thread][TPush] [4.32][com.dts.freefireth:xg_service_v4]:apList.speedTestIpList serverItem ip:2992826551,port:80
D/2019-12-07 07:54:00.739 [tpush.working.thread][TPush] [4.32][com.dts.freefireth:xg_service_v4]:apList.speedTestIpList serverItem ip:2992826551,port:8080
W/2019-12-07 07:53:44.054 [main][Util] [4.32][com.dts.freefireth]:Util -> initGlobal can not find provider com.tencent.mid.api.MidProvider with authority com.dts.freefireth.TENCENT.MID.V3
W/2019-12-07 07:53:44.099 [main][Util] [4.32][com.dts.freefireth]:Maybe have not contentprovider: com.tencent.mid.api.MidProvider
I/2019-12-07 07:53:44.174 [main][TPush] [4.32][com.dts.freefireth]:XGPushProvider onCreate
D/2019-12-07 07:54:04.312 [main][XGPushReceiver] [4.32][com.dts.freefireth:xg_service_v4]:PushReceiver received android.intent.action.ACTION_POWER_CONNECTED @@ com.dts.freefireth
V/2019-12-07 07:54:04.659 [main][TpnsChannel] [4.32][com.dts.freefireth:xg_service_v4]:Action -> checkAndSetupClient( tpnsClient = a(ip:203.205.254.169,port:14000,protocol:tcp), isClientCreating = false)
E/2019-12-07 07:54:09.247 [TpnsClient][TpnsClient] [4.32][com.dts.freefireth:xg_service_v4]:<<< Run <<< socketChannel IOException
* Exception : 
java.net.SocketException: recvfrom failed: ETIMEDOUT (Connection timed out)
	at libcore.io.IoBridge.maybeThrowAfterRecvfrom(IoBridge.java:625)
	at libcore.io.IoBridge.recvfrom(IoBridge.java:599)
	at java.nio.SocketChannelImpl.readImpl(SocketChannelImpl.java:342)
	at java.nio.SocketChannelImpl.read(SocketChannelImpl.java:304)
	at com.tencent.android.tpush.service.channel.a.a.run(ProGuard:225)
Caused by: android.system.ErrnoException: recvfrom failed: ETIMEDOUT (Connection timed out)
	at libcore.io.Posix.recvfromBytes(Native Method)
	at libcore.io.Posix.recvfrom(Posix.java:179)
	at libcore.io.BlockGuardOs.recvfrom(BlockGuardOs.java:245)
	at libcore.io.IoBridge.recvfrom(IoBridge.java:596)
	... 3 more

E/2019-12-07 07:54:09.560 [TpnsClient][TpnsClient] [4.32][com.dts.freefireth:xg_service_v4]:delegate.clientExceptionOccurs <<< Run <<< exit!!! cause: com.tencent.android.tpush.service.channel.exception.ChannelException: TpnsClient发生IO异常，链路可能被关闭
E/2019-12-07 07:54:09.573 [TpnsClient][TpnsChannel] [4.32][com.dts.freefireth:xg_service_v4]:clientExceptionOccurs(isHttpClient : false,com.tencent.android.tpush.service.channel.exception.ChannelException: TpnsClient发生IO异常，链路可能被关闭)
W/2019-12-07 07:57:25.714 [main][Util] [4.32][com.dts.freefireth:xg_service_v4]:Util -> initGlobal can not find provider com.tencent.mid.api.MidProvider with authority com.dts.freefireth.TENCENT.MID.V3
W/2019-12-07 07:57:25.742 [main][Util] [4.32][com.dts.freefireth:xg_service_v4]:Maybe have not contentprovider: com.tencent.mid.api.MidProvider
V/2019-12-07 07:57:25.806 [main][PushServiceManager] [4.32][com.dts.freefireth:xg_service_v4]:bindService ret:true
D/2019-12-07 07:57:26.224 [main][XGPushService] [4.32][com.dts.freefireth:xg_service_v4]:reportLastServiceState {"srv_stime":1575683628230,"srv_etime":1575683649578,"srv_startTime":4,"srv_freason":[".keepalive",".keepalive",".keepalive",".keepalive"],"hb_suc":0,"hb_failed":0,"con_suc":1,"con_failed":1,"con_freason":[{"errorCode":10103,"np":-1}]}
D/2019-12-07 07:57:26.716 [Thread-933][TPush] [4.32][com.dts.freefireth:xg_service_v4]:com.dts.freefireth.AUTH_XGPUSH,com.dts.freefireth,com.tencent.android.tpush.XGPushProvider
D/2019-12-07 07:57:26.897 [main][a] [4.32][com.dts.freefireth:xg_service_v4]:network chanced:Intent { act=android.net.conn.CONNECTIVITY_CHANGE flg=0x4000010 (has extras) }
D/2019-12-07 07:57:26.909 [main][OptimalLinkSelector] [4.32][com.dts.freefireth:xg_service_v4]:Connection state changed to - [type: WIFI[], state: CONNECTED/CONNECTED, reason: (unspecified), extra: "ASUS_A8", roaming: false, failover: false, isAvailable: true]
D/2019-12-07 07:57:26.929 [main][OptimalLinkSelector] [4.32][com.dts.freefireth:xg_service_v4]:Connected with network type WIFI
V/2019-12-07 07:57:27.096 [main][PushServiceManager] [4.32][com.dts.freefireth:xg_service_v4]:(ignore) running v4 service count 0
I/2019-12-07 07:57:27.159 [main][XGService] [4.32][com.dts.freefireth:xg_service_v4]:getSocketName: tencentxgpush
I/2019-12-07 07:57:27.185 [main][XGService] [4.32][com.dts.freefireth:xg_service_v4]:getSocketName: tencentxgpush
V/2019-12-07 07:57:27.204 [main][PushServiceManager] [4.32][com.dts.freefireth:xg_service_v4]:tryToKeepServiceAlive socketFinalName:17b8f414a85dd456a15585b41d7f686f03fff04496b00ca64380acef2def0ddee94f133e
I/2019-12-07 07:57:27.329 [main][f] [4.32][com.dts.freefireth:xg_service_v4]:is xg_service
I/2019-12-07 07:57:27.353 [main][PushServiceManager] [4.32][com.dts.freefireth:xg_service_v4]:start as main service......
I/2019-12-07 07:57:27.367 [main][PushServiceManager] [4.32][com.dts.freefireth:xg_service_v4]:Service's first running at com.dts.freefireth version : 4.32
I/2019-12-07 07:57:27.402 [main][a] [4.32][com.dts.freefireth:xg_service_v4]:handleServiceInited, beforeInitedIntents size:0
V/2019-12-07 07:57:27.433 [main][TpnsChannel] [4.32][com.dts.freefireth:xg_service_v4]:Action -> checkAndSetupClient( tpnsClient = null, isClientCreating = false)
D/2019-12-07 07:57:27.473 [tpush.working.thread][XGHorse] [4.32][com.dts.freefireth:xg_service_v4]:Action ->  createOptimalSocketChannel run
D/2019-12-07 07:57:27.510 [tpush.working.thread][XGHorse] [4.32][com.dts.freefireth:xg_service_v4]:Action ->  createOptimalSocketChannel run
D/2019-12-07 07:57:27.890 [main][TPush] [4.32][com.dts.freefireth:xg_service_v4]:com.dts.freefireth.AUTH_XGPUSH,com.dts.freefireth,com.tencent.android.tpush.XGPushProvider
D/2019-12-07 07:57:27.943 [tpush.working.thread][httpDns] [4.32][com.dts.freefireth:xg_service_v4]:cacheResult:{"ips":"203.205.254.117;203.205.254.169","ttl":300,"exp":1575683932388},diff:84478
D/2019-12-07 07:57:28.057 [tpush.working.thread][SocketClient] [4.32][com.dts.freefireth:xg_service_v4]:use httpdns StrategyItem:203.205.254.117:14000
D/2019-12-07 07:57:28.070 [tpush.working.thread][SocketClient] [4.32][com.dts.freefireth:xg_service_v4]:connect to 203.205.254.117:14000
V/2019-12-07 07:57:28.280 [tpush.working.thread][TpnsChannel] [4.32][com.dts.freefireth:xg_service_v4]:ICreateSocketChannelCallback onSuccess(java.nio.SocketChannelImpl@951ee94,java.nio.SocketChannelImpl@951ee94)
I/2019-12-07 07:57:28.375 [tpush.working.thread][TpnsClient] [4.32][com.dts.freefireth:xg_service_v4]:Connect to Xinge Server succeed!
D/2019-12-07 07:57:28.855 [tpush.working.thread][TpnsChannel] [4.32][com.dts.freefireth:xg_service_v4]:Action -> sendReconnMessage with token - 03fff04496b00ca64380acef2def0ddee94f133e
V/2019-12-07 07:57:28.880 [tpush.working.thread][TpnsChannel] [4.32][com.dts.freefireth:xg_service_v4]:Action -> checkAndSetupClient( tpnsClient = a(ip:203.205.254.117,port:14000,protocol:tcp), isClientCreating = false)
I/2019-12-07 07:57:28.910 [TpnsClient][TpnsClient] [4.32][com.dts.freefireth:xg_service_v4]:TpnsClient is running and ready for send and recevie msg.
D/2019-12-07 07:57:29.018 [TpnsClient][TpnsChannel] [4.32][com.dts.freefireth:xg_service_v4]:Action -> clientDidSendPacket packet : h protocol = 1 command = TPNS_COMMAND_RECONNECT isResponse = false packetLength = 410
D/2019-12-07 07:57:29.197 [TpnsClient][TpnsClient] [4.32][com.dts.freefireth:xg_service_v4]:####Read one pkg with length = 35
D/2019-12-07 07:57:29.253 [TpnsClient][TpnsChannel] [4.32][com.dts.freefireth:xg_service_v4]:Action -> clientDidReceivePacket packet : g protocol = 1 command = TPNS_COMMAND_RECONNECT isResponse = true packetLength = 20
D/2019-12-07 07:57:29.271 [TpnsClient][TpnsChannel] [4.32][com.dts.freefireth:xg_service_v4]:Action -> clientDidReceivePacket RequestSuccRunnable NEV1 : g protocol = 1 command = TPNS_COMMAND_RECONNECT isResponse = true packetLength = 20
D/2019-12-07 07:57:29.311 [tpush.working.thread][PushServiceNetworkHandler] [4.32][com.dts.freefireth:xg_service_v4]:reconnCallback onResponse request:token: 03fff04496b00ca64380acef2def0ddee94f133e
deviceId: 461cd78e57077d4042d1f10aa4706adc
networkType: 1
unregInfoList: 0, []
recvMsgList: 0, []
mutableInfo: {
	ssid: "ASUS_A8"
	bssid: 04:92:26:66:a3:a8
	mac: 02:00:00:00:00:00
	wflist: 
}
deviceType: 0
msgClickList: null	sdkVersion: 4.32
reserved: {"new_mid":"03fff04496b00ca64380acef2def0ddee94f133e","new_mid_v":"4.07","app_accessids":[2100275588]}
connVersion: 4
guid: 9053918568
ts: 0
configVersion: -1
, responseCode:0, response:confVersion: 32
appOfflinePushMsgList: 0, []
timeUs: 1575683849108756

D/2019-12-07 07:57:29.347 [tpush.working.thread][PushServiceNetworkHandler] [4.32][com.dts.freefireth:xg_service_v4]:reconnCallback onResponse rsp==null?:false
D/2019-12-07 07:57:29.360 [tpush.working.thread][PushServiceNetworkHandler] [4.32][com.dts.freefireth:xg_service_v4]:loadIPList :32
W/2019-12-07 07:57:29.375 [TpnsClient][TPush] [4.32][com.dts.freefireth:xg_service_v4]:setAndAllowWhileIdle [class java.lang.Integer, class java.lang.Long, class android.app.PendingIntent]
V/2019-12-07 07:57:29.950 [main][TpnsChannel] [4.32][com.dts.freefireth:xg_service_v4]:Action -> checkAndSetupClient( tpnsClient = a(ip:203.205.254.117,port:14000,protocol:tcp), isClientCreating = false)
I/2019-12-07 07:57:47.459 [tpush.working.thread][PushServiceManager] [4.32][com.dts.freefireth:xg_service_v4]:main service pull up sloveSerice
D/2019-12-07 07:57:47.584 [tpush.working.thread][TPush] [4.32][com.dts.freefireth:xg_service_v4]:com.dts.freefireth.AUTH_XGPUSH,com.dts.freefireth,com.tencent.android.tpush.XGPushProvider
I/2019-12-07 07:57:47.596 [tpush.working.thread][TPush] [4.32][com.dts.freefireth:xg_service_v4]:heartbeat to com.dts.freefireth
I/2019-12-07 07:57:55.214 [tpush.working.thread][TPush] [4.32][com.dts.freefireth:xg_service_v4]:heartbeat com.dts.freefireth 
W/2019-12-07 07:57:55.248 [tpush.working.thread][Util] [4.32][com.dts.freefireth:xg_service_v4]:pullUpOtherServiceByProviderAndActivityJSONOject com.tencent.mtt:service
W/2019-12-07 07:57:55.257 [tpush.working.thread][Util] [4.32][com.dts.freefireth:xg_service_v4]:pullUpOtherServiceByProviderAndActivityJSONOject com.qq.xg4all:xg_vip_service
W/2019-12-07 07:57:55.266 [tpush.working.thread][Util] [4.32][com.dts.freefireth:xg_service_v4]:pullUpOtherServiceByProviderAndActivityJSONOject com.xiaotun.doorbell:xg_vip_service
W/2019-12-07 07:57:55.279 [tpush.working.thread][Util] [4.32][com.dts.freefireth:xg_service_v4]:pullUpOtherServiceByProviderAndActivityJSONOject com.yoosee:xg_vip_service
W/2019-12-07 07:57:55.297 [tpush.working.thread][Util] [4.32][com.dts.freefireth:xg_service_v4]:pullUpOtherServiceByProviderAndActivityJSONOject com.bcm.poc:xg_vip_service
W/2019-12-07 07:57:55.325 [tpush.working.thread][Util] [4.32][com.dts.freefireth:xg_service_v4]:pullUpOtherServiceByProviderAndActivityJSONOject com.wosai.cashbar.beta2:xg_vip_service
