D/2019-12-05 09:58:02.322 [TpnsClient][TpnsClient] [4.32][com.dts.freefireth:xg_service_v4]:####Read one pkg with length = 61
D/2019-12-05 09:58:02.352 [TpnsClient][TpnsChannel] [4.32][com.dts.freefireth:xg_service_v4]:Action -> clientDidReceivePacket packet : g protocol = 1 command = TPNS_COMMAND_PUSH isResponse = false packetLength = 46
D/2019-12-05 09:58:02.358 [TpnsClient][TpnsChannel] [4.32][com.dts.freefireth:xg_service_v4]:Action -> clientDidReceivePacket PushMessageRunnable NEV1 : g protocol = 1 command = TPNS_COMMAND_PUSH isResponse = false packetLength = 46
W/2019-12-05 09:58:02.365 [TpnsClient][TPush] [4.32][com.dts.freefireth:xg_service_v4]:setAndAllowWhileIdle [class java.lang.Integer, class java.lang.Long, class android.app.PendingIntent]
V/2019-12-05 09:58:02.366 [tpush.working.thread][SrvMessageManager] [4.32][com.dts.freefireth:xg_service_v4]:receive msg from service msgId = 0 pkg =  size = 1
D/2019-12-05 09:58:02.372 [tpush.working.thread][SrvMessageManager] [4.32][com.dts.freefireth:xg_service_v4]:distributeFromServer : accid=0 ,channelId=0,busiId=0,pkg=,msgId=0,type=0,ts=0,multi=0,date=,serverTime=0,ttl=0, size = 1
V/2019-12-05 09:58:02.379 [tpush.working.thread][XGService] [4.32][com.dts.freefireth:xg_service_v4]:@@ msgServiceAck: Not add LocalMsg
D/2019-12-05 09:58:02.385 [tpush.working.thread][SrvMessageManager] [4.32][com.dts.freefireth:xg_service_v4]:>> messageDistribute, msg.appPkgName is null!
D/2019-12-05 10:01:41.522 [main][TpnsChannel] [4.32][com.dts.freefireth:xg_service_v4]:Action -> send heartbeat 
V/2019-12-05 10:01:41.531 [main][TpnsChannel] [4.32][com.dts.freefireth:xg_service_v4]:Action -> checkAndSetupClient( tpnsClient = a(ip:203.205.254.169,port:8080,protocol:tcp), isClientCreating = false)
W/2019-12-05 10:01:41.539 [main][TPush] [4.32][com.dts.freefireth:xg_service_v4]:setAndAllowWhileIdle [class java.lang.Integer, class java.lang.Long, class android.app.PendingIntent]
D/2019-12-05 10:01:41.643 [main][TPush] [4.32][com.dts.freefireth:xg_service_v4]:com.dts.freefireth.AUTH_XGPUSH,com.dts.freefireth,com.tencent.android.tpush.XGPushProvider
I/2019-12-05 10:01:41.655 [main][TPush] [4.32][com.dts.freefireth:xg_service_v4]:heartbeat to com.dts.freefireth
I/2019-12-05 10:01:41.713 [main][TPush] [4.32][com.dts.freefireth:xg_service_v4]:heartbeat com.dts.freefireth 
I/2019-12-05 10:01:41.740 [main][TpnsChannel] [4.32][com.dts.freefireth:xg_service_v4]:Service bi state {"srv_stime":1575517547840,"srv_etime":1575518501714,"srv_startTime":2,"srv_freason":[".keepalive",".keepalive"],"hb_suc":0,"hb_failed":0,"con_suc":1,"con_failed":0}
D/2019-12-05 10:01:41.900 [TpnsClient][TpnsClient] [4.32][com.dts.freefireth:xg_service_v4]:####Read one pkg with length = 61
D/2019-12-05 10:01:41.928 [TpnsClient][TpnsChannel] [4.32][com.dts.freefireth:xg_service_v4]:Action -> clientDidReceivePacket packet : g protocol = 1 command = TPNS_COMMAND_PUSH isResponse = false packetLength = 46
D/2019-12-05 10:01:41.934 [TpnsClient][TpnsChannel] [4.32][com.dts.freefireth:xg_service_v4]:Action -> clientDidReceivePacket PushMessageRunnable NEV1 : g protocol = 1 command = TPNS_COMMAND_PUSH isResponse = false packetLength = 46
V/2019-12-05 10:01:41.941 [tpush.working.thread][SrvMessageManager] [4.32][com.dts.freefireth:xg_service_v4]:receive msg from service msgId = 0 pkg =  size = 1
W/2019-12-05 10:01:41.942 [TpnsClient][TPush] [4.32][com.dts.freefireth:xg_service_v4]:setAndAllowWhileIdle [class java.lang.Integer, class java.lang.Long, class android.app.PendingIntent]
D/2019-12-05 10:01:41.948 [tpush.working.thread][SrvMessageManager] [4.32][com.dts.freefireth:xg_service_v4]:distributeFromServer : accid=0 ,channelId=0,busiId=0,pkg=,msgId=0,type=0,ts=0,multi=0,date=,serverTime=0,ttl=0, size = 1
V/2019-12-05 10:01:41.955 [tpush.working.thread][XGService] [4.32][com.dts.freefireth:xg_service_v4]:@@ msgServiceAck: Not add LocalMsg
D/2019-12-05 10:01:41.961 [tpush.working.thread][SrvMessageManager] [4.32][com.dts.freefireth:xg_service_v4]:>> messageDistribute, msg.appPkgName is null!
D/2019-12-05 10:04:43.544 [main][TpnsChannel] [4.32][com.dts.freefireth:xg_service_v4]:Action -> send heartbeat 
V/2019-12-05 10:04:43.555 [main][TpnsChannel] [4.32][com.dts.freefireth:xg_service_v4]:Action -> checkAndSetupClient( tpnsClient = a(ip:203.205.254.169,port:8080,protocol:tcp), isClientCreating = false)
W/2019-12-05 10:04:43.569 [main][TPush] [4.32][com.dts.freefireth:xg_service_v4]:setAndAllowWhileIdle [class java.lang.Integer, class java.lang.Long, class android.app.PendingIntent]
D/2019-12-05 10:04:43.695 [main][TPush] [4.32][com.dts.freefireth:xg_service_v4]:com.dts.freefireth.AUTH_XGPUSH,com.dts.freefireth,com.tencent.android.tpush.XGPushProvider
I/2019-12-05 10:04:43.705 [main][TPush] [4.32][com.dts.freefireth:xg_service_v4]:heartbeat to com.dts.freefireth
I/2019-12-05 10:04:43.886 [main][TPush] [4.32][com.dts.freefireth:xg_service_v4]:heartbeat com.dts.freefireth 
I/2019-12-05 10:04:43.901 [main][TpnsChannel] [4.32][com.dts.freefireth:xg_service_v4]:Service bi state {"srv_stime":1575517547840,"srv_etime":1575518683887,"srv_startTime":2,"srv_freason":[".keepalive",".keepalive"],"hb_suc":0,"hb_failed":0,"con_suc":1,"con_failed":0}
D/2019-12-05 10:04:44.066 [TpnsClient][TpnsClient] [4.32][com.dts.freefireth:xg_service_v4]:####Read one pkg with length = 61
D/2019-12-05 10:04:44.102 [TpnsClient][TpnsChannel] [4.32][com.dts.freefireth:xg_service_v4]:Action -> clientDidReceivePacket packet : g protocol = 1 command = TPNS_COMMAND_PUSH isResponse = false packetLength = 46
D/2019-12-05 10:04:44.112 [TpnsClient][TpnsChannel] [4.32][com.dts.freefireth:xg_service_v4]:Action -> clientDidReceivePacket PushMessageRunnable NEV1 : g protocol = 1 command = TPNS_COMMAND_PUSH isResponse = false packetLength = 46
W/2019-12-05 10:04:44.126 [TpnsClient][TPush] [4.32][com.dts.freefireth:xg_service_v4]:setAndAllowWhileIdle [class java.lang.Integer, class java.lang.Long, class android.app.PendingIntent]
V/2019-12-05 10:04:44.126 [tpush.working.thread][SrvMessageManager] [4.32][com.dts.freefireth:xg_service_v4]:receive msg from service msgId = 0 pkg =  size = 1
D/2019-12-05 10:04:44.137 [tpush.working.thread][SrvMessageManager] [4.32][com.dts.freefireth:xg_service_v4]:distributeFromServer : accid=0 ,channelId=0,busiId=0,pkg=,msgId=0,type=0,ts=0,multi=0,date=,serverTime=0,ttl=0, size = 1
V/2019-12-05 10:04:44.236 [tpush.working.thread][XGService] [4.32][com.dts.freefireth:xg_service_v4]:@@ msgServiceAck: Not add LocalMsg
D/2019-12-05 10:04:44.277 [tpush.working.thread][SrvMessageManager] [4.32][com.dts.freefireth:xg_service_v4]:>> messageDistribute, msg.appPkgName is null!
D/2019-12-05 10:07:45.452 [main][TpnsChannel] [4.32][com.dts.freefireth:xg_service_v4]:Action -> send heartbeat 
V/2019-12-05 10:07:45.472 [main][TpnsChannel] [4.32][com.dts.freefireth:xg_service_v4]:Action -> checkAndSetupClient( tpnsClient = a(ip:203.205.254.169,port:8080,protocol:tcp), isClientCreating = false)
W/2019-12-05 10:07:45.489 [main][TPush] [4.32][com.dts.freefireth:xg_service_v4]:setAndAllowWhileIdle [class java.lang.Integer, class java.lang.Long, class android.app.PendingIntent]
D/2019-12-05 10:07:45.622 [main][TPush] [4.32][com.dts.freefireth:xg_service_v4]:com.dts.freefireth.AUTH_XGPUSH,com.dts.freefireth,com.tencent.android.tpush.XGPushProvider
I/2019-12-05 10:07:45.631 [main][TPush] [4.32][com.dts.freefireth:xg_service_v4]:heartbeat to com.dts.freefireth
I/2019-12-05 10:07:45.721 [main][TPush] [4.32][com.dts.freefireth:xg_service_v4]:heartbeat com.dts.freefireth 
I/2019-12-05 10:07:45.744 [main][TpnsChannel] [4.32][com.dts.freefireth:xg_service_v4]:Service bi state {"srv_stime":1575517547840,"srv_etime":1575518865722,"srv_startTime":2,"srv_freason":[".keepalive",".keepalive"],"hb_suc":0,"hb_failed":0,"con_suc":1,"con_failed":0}
D/2019-12-05 10:07:45.898 [TpnsClient][TpnsClient] [4.32][com.dts.freefireth:xg_service_v4]:####Read one pkg with length = 61
D/2019-12-05 10:07:45.938 [TpnsClient][TpnsChannel] [4.32][com.dts.freefireth:xg_service_v4]:Action -> clientDidReceivePacket packet : g protocol = 1 command = TPNS_COMMAND_PUSH isResponse = false packetLength = 46
D/2019-12-05 10:07:45.948 [TpnsClient][TpnsChannel] [4.32][com.dts.freefireth:xg_service_v4]:Action -> clientDidReceivePacket PushMessageRunnable NEV1 : g protocol = 1 command = TPNS_COMMAND_PUSH isResponse = false packetLength = 46
W/2019-12-05 10:07:45.959 [TpnsClient][TPush] [4.32][com.dts.freefireth:xg_service_v4]:setAndAllowWhileIdle [class java.lang.Integer, class java.lang.Long, class android.app.PendingIntent]
V/2019-12-05 10:07:45.959 [tpush.working.thread][SrvMessageManager] [4.32][com.dts.freefireth:xg_service_v4]:receive msg from service msgId = 0 pkg =  size = 1
D/2019-12-05 10:07:45.967 [tpush.working.thread][SrvMessageManager] [4.32][com.dts.freefireth:xg_service_v4]:distributeFromServer : accid=0 ,channelId=0,busiId=0,pkg=,msgId=0,type=0,ts=0,multi=0,date=,serverTime=0,ttl=0, size = 1
V/2019-12-05 10:07:45.974 [tpush.working.thread][XGService] [4.32][com.dts.freefireth:xg_service_v4]:@@ msgServiceAck: Not add LocalMsg
D/2019-12-05 10:07:45.983 [tpush.working.thread][SrvMessageManager] [4.32][com.dts.freefireth:xg_service_v4]:>> messageDistribute, msg.appPkgName is null!
D/2019-12-05 10:08:17.336 [main][XGPushReceiver] [4.32][com.dts.freefireth:xg_service_v4]:PushReceiver received android.intent.action.USER_PRESENT @@ com.dts.freefireth
V/2019-12-05 10:08:17.498 [main][TpnsChannel] [4.32][com.dts.freefireth:xg_service_v4]:Action -> checkAndSetupClient( tpnsClient = a(ip:203.205.254.169,port:8080,protocol:tcp), isClientCreating = false)
D/2019-12-05 10:10:45.976 [main][TpnsChannel] [4.32][com.dts.freefireth:xg_service_v4]:Action -> send heartbeat 
V/2019-12-05 10:10:45.989 [main][TpnsChannel] [4.32][com.dts.freefireth:xg_service_v4]:Action -> checkAndSetupClient( tpnsClient = a(ip:203.205.254.169,port:8080,protocol:tcp), isClientCreating = false)
W/2019-12-05 10:10:46.000 [main][TPush] [4.32][com.dts.freefireth:xg_service_v4]:setAndAllowWhileIdle [class java.lang.Integer, class java.lang.Long, class android.app.PendingIntent]
D/2019-12-05 10:10:46.100 [main][TPush] [4.32][com.dts.freefireth:xg_service_v4]:com.dts.freefireth.AUTH_XGPUSH,com.dts.freefireth,com.tencent.android.tpush.XGPushProvider
I/2019-12-05 10:10:46.108 [main][TPush] [4.32][com.dts.freefireth:xg_service_v4]:heartbeat to com.dts.freefireth
I/2019-12-05 10:10:46.166 [main][TPush] [4.32][com.dts.freefireth:xg_service_v4]:heartbeat com.dts.freefireth 
I/2019-12-05 10:10:46.179 [main][TpnsChannel] [4.32][com.dts.freefireth:xg_service_v4]:Service bi state {"srv_stime":1575517547840,"srv_etime":1575519046167,"srv_startTime":3,"srv_freason":[".keepalive",".keepalive",".keepalive"],"hb_suc":0,"hb_failed":0,"con_suc":1,"con_failed":0}
D/2019-12-05 10:10:46.360 [TpnsClient][TpnsClient] [4.32][com.dts.freefireth:xg_service_v4]:####Read one pkg with length = 61
D/2019-12-05 10:10:46.535 [TpnsClient][TpnsChannel] [4.32][com.dts.freefireth:xg_service_v4]:Action -> clientDidReceivePacket packet : g protocol = 1 command = TPNS_COMMAND_PUSH isResponse = false packetLength = 46
D/2019-12-05 10:10:46.560 [TpnsClient][TpnsChannel] [4.32][com.dts.freefireth:xg_service_v4]:Action -> clientDidReceivePacket PushMessageRunnable NEV1 : g protocol = 1 command = TPNS_COMMAND_PUSH isResponse = false packetLength = 46
V/2019-12-05 10:10:46.579 [tpush.working.thread][SrvMessageManager] [4.32][com.dts.freefireth:xg_service_v4]:receive msg from service msgId = 0 pkg =  size = 1
W/2019-12-05 10:10:46.595 [TpnsClient][TPush] [4.32][com.dts.freefireth:xg_service_v4]:setAndAllowWhileIdle [class java.lang.Integer, class java.lang.Long, class android.app.PendingIntent]
D/2019-12-05 10:10:46.598 [tpush.working.thread][SrvMessageManager] [4.32][com.dts.freefireth:xg_service_v4]:distributeFromServer : accid=0 ,channelId=0,busiId=0,pkg=,msgId=0,type=0,ts=0,multi=0,date=,serverTime=0,ttl=0, size = 1
V/2019-12-05 10:10:46.611 [tpush.working.thread][XGService] [4.32][com.dts.freefireth:xg_service_v4]:@@ msgServiceAck: Not add LocalMsg
D/2019-12-05 10:10:46.626 [tpush.working.thread][SrvMessageManager] [4.32][com.dts.freefireth:xg_service_v4]:>> messageDistribute, msg.appPkgName is null!
D/2019-12-05 10:13:46.573 [main][TpnsChannel] [4.32][com.dts.freefireth:xg_service_v4]:Action -> send heartbeat 
V/2019-12-05 10:13:46.584 [main][TpnsChannel] [4.32][com.dts.freefireth:xg_service_v4]:Action -> checkAndSetupClient( tpnsClient = a(ip:203.205.254.169,port:8080,protocol:tcp), isClientCreating = false)
D/2019-12-05 09:45:47.238 [tpush.working.thread][XG_fcm] [4.32][com.dts.freefireth]: GooglePlayServices service resultCode = 0
D/2019-12-05 09:45:47.294 [main][XG_fcm] [4.32][com.dts.freefireth]: OtherPushImpl registerFcmPush getToken= eWi4eiJT5PU:APA91bHwBmWv_fWK2yE6FsohOYSBa6P3uZNKjC9i9_ZdEBH40CikLO-0hxotUYzg9byY6sMfSemHYo4jLWw3i5RtLESzuev8hCzp59OYv7Ct6oaAOoRT9nxPqW2eVs896M2JlzbfytgQ
D/2019-12-05 09:45:47.414 [Thread-1555][TPush] [4.32][com.dts.freefireth]:com.dts.freefireth.AUTH_XGPUSH,com.dts.freefireth,com.tencent.android.tpush.XGPushProvider
I/2019-12-05 09:45:47.488 [tpush.working.thread][XGOtherPush] [4.32][com.dts.freefireth]:get otherToken is : eWi4eiJT5PU:APA91bHwBmWv_fWK2yE6FsohOYSBa6P3uZNKjC9i9_ZdEBH40CikLO-0hxotUYzg9byY6sMfSemHYo4jLWw3i5RtLESzuev8hCzp59OYv7Ct6oaAOoRT9nxPqW2eVs896M2JlzbfytgQ
D/2019-12-05 09:45:47.528 [tpush.working.thread][TPush] [4.32][com.dts.freefireth]:channelId没有初始化
I/2019-12-05 09:45:47.555 [tpush.working.thread][XGOtherPush] [4.32][com.dts.freefireth]:Reservert info: other push token is : eWi4eiJT5PU:APA91bHwBmWv_fWK2yE6FsohOYSBa6P3uZNKjC9i9_ZdEBH40CikLO-0hxotUYzg9byY6sMfSemHYo4jLWw3i5RtLESzuev8hCzp59OYv7Ct6oaAOoRT9nxPqW2eVs896M2JlzbfytgQ  other push type: fcm
D/2019-12-05 09:45:47.575 [tpush.working.thread][XGPushManager] [4.32][com.dts.freefireth]:url = null payload = null otherPushType 0 otherPushTokenOpType 1
V/2019-12-05 09:45:47.648 [tpush.working.thread][PushServiceManager] [4.32][com.dts.freefireth]:bindService ret:true
V/2019-12-05 09:45:47.661 [tpush.working.thread][Util] [4.32][com.dts.freefireth]:Action -> start Local Service()
I/2019-12-05 09:45:50.134 [tpush.working.thread][f] [4.32][com.dts.freefireth]:not xg_service
I/2019-12-05 09:45:50.151 [main][SdkStat] [4.32][com.dts.freefireth]:new reprot js{"suc_cnt":2,"failed_cnt":0,"details":[{"account":"ae6325ad68f096d1dd7a98832e494b81","ticket":"0","deviceId":"461cd78e57077d4042d1f10aa4706adc","ticketType":0,"token":"03fff04496b00ca64380acef2def0ddee94f133e","errorCode":0,"np":-1},{"account":"ae6325ad68f096d1dd7a98832e494b81","ticket":"0","deviceId":"461cd78e57077d4042d1f10aa4706adc","ticketType":0,"token":"03fff04496b00ca64380acef2def0ddee94f133e","errorCode":0,"np":1}]}
I/2019-12-05 09:45:50.159 [tpush.working.thread][XGOtherPush] [4.32][com.dts.freefireth]:other push token is : eWi4eiJT5PU:APA91bHwBmWv_fWK2yE6FsohOYSBa6P3uZNKjC9i9_ZdEBH40CikLO-0hxotUYzg9byY6sMfSemHYo4jLWw3i5RtLESzuev8hCzp59OYv7Ct6oaAOoRT9nxPqW2eVs896M2JlzbfytgQ other push type: fcm
I/2019-12-05 09:45:50.181 [cloud control network thread][cloud control] [4.32][com.dts.freefireth]:未达到云控注册时间间隔，忽略这次注册
I/2019-12-05 09:46:08.843 [Binder_2][TPush] [4.32][com.dts.freefireth]:getType uri:content://com.dts.freefireth.AUTH_XGPUSH/heart,match:30
I/2019-12-05 09:48:59.091 [Binder_4][TPush] [4.32][com.dts.freefireth]:getType uri:content://com.dts.freefireth.AUTH_XGPUSH/heart,match:30
I/2019-12-05 09:52:00.581 [Binder_5][TPush] [4.32][com.dts.freefireth]:getType uri:content://com.dts.freefireth.AUTH_XGPUSH/heart,match:30
I/2019-12-05 09:55:01.292 [Binder_3][TPush] [4.32][com.dts.freefireth]:getType uri:content://com.dts.freefireth.AUTH_XGPUSH/heart,match:30
I/2019-12-05 09:58:01.881 [Binder_5][TPush] [4.32][com.dts.freefireth]:getType uri:content://com.dts.freefireth.AUTH_XGPUSH/heart,match:30
I/2019-12-05 10:01:41.690 [Binder_2][TPush] [4.32][com.dts.freefireth]:getType uri:content://com.dts.freefireth.AUTH_XGPUSH/heart,match:30
I/2019-12-05 10:04:43.836 [Binder_3][TPush] [4.32][com.dts.freefireth]:getType uri:content://com.dts.freefireth.AUTH_XGPUSH/heart,match:30
I/2019-12-05 10:07:45.687 [Binder_2][TPush] [4.32][com.dts.freefireth]:getType uri:content://com.dts.freefireth.AUTH_XGPUSH/heart,match:30
I/2019-12-05 10:10:46.136 [Binder_5][TPush] [4.32][com.dts.freefireth]:getType uri:content://com.dts.freefireth.AUTH_XGPUSH/heart,match:30
I/2019-12-05 10:13:46.770 [Binder_5][TPush] [4.32][com.dts.freefireth]:getType uri:content://com.dts.freefireth.AUTH_XGPUSH/heart,match:30
I/2019-12-05 10:16:47.513 [Binder_1][TPush] [4.32][com.dts.freefireth]:getType uri:content://com.dts.freefireth.AUTH_XGPUSH/heart,match:30
W/2019-12-05 10:13:46.597 [main][TPush] [4.32][com.dts.freefireth:xg_service_v4]:setAndAllowWhileIdle [class java.lang.Integer, class java.lang.Long, class android.app.PendingIntent]
D/2019-12-05 10:13:46.713 [main][TPush] [4.32][com.dts.freefireth:xg_service_v4]:com.dts.freefireth.AUTH_XGPUSH,com.dts.freefireth,com.tencent.android.tpush.XGPushProvider
I/2019-12-05 10:13:46.722 [main][TPush] [4.32][com.dts.freefireth:xg_service_v4]:heartbeat to com.dts.freefireth
I/2019-12-05 10:13:46.821 [main][TPush] [4.32][com.dts.freefireth:xg_service_v4]:heartbeat com.dts.freefireth 
I/2019-12-05 10:13:46.838 [main][TpnsChannel] [4.32][com.dts.freefireth:xg_service_v4]:Service bi state {"srv_stime":1575517547840,"srv_etime":1575519226822,"srv_startTime":3,"srv_freason":[".keepalive",".keepalive",".keepalive"],"hb_suc":0,"hb_failed":0,"con_suc":1,"con_failed":0}
D/2019-12-05 10:13:47.050 [TpnsClient][TpnsClient] [4.32][com.dts.freefireth:xg_service_v4]:####Read one pkg with length = 61
D/2019-12-05 10:13:47.199 [TpnsClient][TpnsChannel] [4.32][com.dts.freefireth:xg_service_v4]:Action -> clientDidReceivePacket packet : g protocol = 1 command = TPNS_COMMAND_PUSH isResponse = false packetLength = 46
D/2019-12-05 10:13:47.216 [TpnsClient][TpnsChannel] [4.32][com.dts.freefireth:xg_service_v4]:Action -> clientDidReceivePacket PushMessageRunnable NEV1 : g protocol = 1 command = TPNS_COMMAND_PUSH isResponse = false packetLength = 46
V/2019-12-05 10:13:47.244 [tpush.working.thread][SrvMessageManager] [4.32][com.dts.freefireth:xg_service_v4]:receive msg from service msgId = 0 pkg =  size = 1
W/2019-12-05 10:13:47.274 [TpnsClient][TPush] [4.32][com.dts.freefireth:xg_service_v4]:setAndAllowWhileIdle [class java.lang.Integer, class java.lang.Long, class android.app.PendingIntent]
D/2019-12-05 10:13:47.286 [tpush.working.thread][SrvMessageManager] [4.32][com.dts.freefireth:xg_service_v4]:distributeFromServer : accid=0 ,channelId=0,busiId=0,pkg=,msgId=0,type=0,ts=0,multi=0,date=,serverTime=0,ttl=0, size = 1
V/2019-12-05 10:13:47.317 [tpush.working.thread][XGService] [4.32][com.dts.freefireth:xg_service_v4]:@@ msgServiceAck: Not add LocalMsg
D/2019-12-05 10:13:47.342 [tpush.working.thread][SrvMessageManager] [4.32][com.dts.freefireth:xg_service_v4]:>> messageDistribute, msg.appPkgName is null!
D/2019-12-05 10:16:47.233 [main][TpnsChannel] [4.32][com.dts.freefireth:xg_service_v4]:Action -> send heartbeat 
V/2019-12-05 10:16:47.242 [main][TpnsChannel] [4.32][com.dts.freefireth:xg_service_v4]:Action -> checkAndSetupClient( tpnsClient = a(ip:203.205.254.169,port:8080,protocol:tcp), isClientCreating = false)
W/2019-12-05 10:16:47.266 [main][TPush] [4.32][com.dts.freefireth:xg_service_v4]:setAndAllowWhileIdle [class java.lang.Integer, class java.lang.Long, class android.app.PendingIntent]
D/2019-12-05 10:16:47.432 [main][TPush] [4.32][com.dts.freefireth:xg_service_v4]:com.dts.freefireth.AUTH_XGPUSH,com.dts.freefireth,com.tencent.android.tpush.XGPushProvider
I/2019-12-05 10:16:47.448 [main][TPush] [4.32][com.dts.freefireth:xg_service_v4]:heartbeat to com.dts.freefireth
I/2019-12-05 10:16:47.614 [main][TPush] [4.32][com.dts.freefireth:xg_service_v4]:heartbeat com.dts.freefireth 
I/2019-12-05 10:16:47.651 [main][TpnsChannel] [4.32][com.dts.freefireth:xg_service_v4]:Service bi state {"srv_stime":1575517547840,"srv_etime":1575519407615,"srv_startTime":3,"srv_freason":[".keepalive",".keepalive",".keepalive"],"hb_suc":0,"hb_failed":0,"con_suc":1,"con_failed":0}
D/2019-12-05 10:16:47.816 [TpnsClient][TpnsClient] [4.32][com.dts.freefireth:xg_service_v4]:####Read one pkg with length = 61
D/2019-12-05 10:16:48.001 [TpnsClient][TpnsChannel] [4.32][com.dts.freefireth:xg_service_v4]:Action -> clientDidReceivePacket packet : g protocol = 1 command = TPNS_COMMAND_PUSH isResponse = false packetLength = 46
D/2019-12-05 10:16:48.020 [TpnsClient][TpnsChannel] [4.32][com.dts.freefireth:xg_service_v4]:Action -> clientDidReceivePacket PushMessageRunnable NEV1 : g protocol = 1 command = TPNS_COMMAND_PUSH isResponse = false packetLength = 46
W/2019-12-05 10:16:48.032 [TpnsClient][TPush] [4.32][com.dts.freefireth:xg_service_v4]:setAndAllowWhileIdle [class java.lang.Integer, class java.lang.Long, class android.app.PendingIntent]
V/2019-12-05 10:16:48.036 [tpush.working.thread][SrvMessageManager] [4.32][com.dts.freefireth:xg_service_v4]:receive msg from service msgId = 0 pkg =  size = 1
D/2019-12-05 10:16:48.053 [tpush.working.thread][SrvMessageManager] [4.32][com.dts.freefireth:xg_service_v4]:distributeFromServer : accid=0 ,channelId=0,busiId=0,pkg=,msgId=0,type=0,ts=0,multi=0,date=,serverTime=0,ttl=0, size = 1
V/2019-12-05 10:16:48.063 [tpush.working.thread][XGService] [4.32][com.dts.freefireth:xg_service_v4]:@@ msgServiceAck: Not add LocalMsg
D/2019-12-05 10:16:48.070 [tpush.working.thread][SrvMessageManager] [4.32][com.dts.freefireth:xg_service_v4]:>> messageDistribute, msg.appPkgName is null!
D/2019-12-05 10:19:48.447 [main][TpnsChannel] [4.32][com.dts.freefireth:xg_service_v4]:Action -> send heartbeat 
V/2019-12-05 10:19:48.463 [main][TpnsChannel] [4.32][com.dts.freefireth:xg_service_v4]:Action -> checkAndSetupClient( tpnsClient = a(ip:203.205.254.169,port:8080,protocol:tcp), isClientCreating = false)
W/2019-12-05 10:19:48.477 [main][TPush] [4.32][com.dts.freefireth:xg_service_v4]:setAndAllowWhileIdle [class java.lang.Integer, class java.lang.Long, class android.app.PendingIntent]
D/2019-12-05 10:19:48.603 [main][TPush] [4.32][com.dts.freefireth:xg_service_v4]:com.dts.freefireth.AUTH_XGPUSH,com.dts.freefireth,com.tencent.android.tpush.XGPushProvider
I/2019-12-05 10:19:48.617 [main][TPush] [4.32][com.dts.freefireth:xg_service_v4]:heartbeat to com.dts.freefireth
I/2019-12-05 10:19:48.679 [main][TPush] [4.32][com.dts.freefireth:xg_service_v4]:heartbeat com.dts.freefireth 
I/2019-12-05 10:19:48.711 [main][TpnsChannel] [4.32][com.dts.freefireth:xg_service_v4]:Service bi state {"srv_stime":1575517547840,"srv_etime":1575519588680,"srv_startTime":3,"srv_freason":[".keepalive",".keepalive",".keepalive"],"hb_suc":0,"hb_failed":0,"con_suc":1,"con_failed":0}
D/2019-12-05 10:19:48.887 [TpnsClient][TpnsClient] [4.32][com.dts.freefireth:xg_service_v4]:####Read one pkg with length = 61
D/2019-12-05 10:19:49.076 [TpnsClient][TpnsChannel] [4.32][com.dts.freefireth:xg_service_v4]:Action -> clientDidReceivePacket packet : g protocol = 1 command = TPNS_COMMAND_PUSH isResponse = false packetLength = 46
D/2019-12-05 10:19:49.085 [TpnsClient][TpnsChannel] [4.32][com.dts.freefireth:xg_service_v4]:Action -> clientDidReceivePacket PushMessageRunnable NEV1 : g protocol = 1 command = TPNS_COMMAND_PUSH isResponse = false packetLength = 46
W/2019-12-05 10:19:49.112 [TpnsClient][TPush] [4.32][com.dts.freefireth:xg_service_v4]:setAndAllowWhileIdle [class java.lang.Integer, class java.lang.Long, class android.app.PendingIntent]
V/2019-12-05 10:19:49.118 [tpush.working.thread][SrvMessageManager] [4.32][com.dts.freefireth:xg_service_v4]:receive msg from service msgId = 0 pkg =  size = 1
D/2019-12-05 10:19:49.136 [tpush.working.thread][SrvMessageManager] [4.32][com.dts.freefireth:xg_service_v4]:distributeFromServer : accid=0 ,channelId=0,busiId=0,pkg=,msgId=0,type=0,ts=0,multi=0,date=,serverTime=0,ttl=0, size = 1
V/2019-12-05 10:19:49.151 [tpush.working.thread][XGService] [4.32][com.dts.freefireth:xg_service_v4]:@@ msgServiceAck: Not add LocalMsg
D/2019-12-05 10:19:49.171 [tpush.working.thread][SrvMessageManager] [4.32][com.dts.freefireth:xg_service_v4]:>> messageDistribute, msg.appPkgName is null!
D/2019-12-05 10:22:49.105 [main][TpnsChannel] [4.32][com.dts.freefireth:xg_service_v4]:Action -> send heartbeat 
V/2019-12-05 10:22:49.114 [main][TpnsChannel] [4.32][com.dts.freefireth:xg_service_v4]:Action -> checkAndSetupClient( tpnsClient = a(ip:203.205.254.169,port:8080,protocol:tcp), isClientCreating = false)
W/2019-12-05 10:22:49.123 [main][TPush] [4.32][com.dts.freefireth:xg_service_v4]:setAndAllowWhileIdle [class java.lang.Integer, class java.lang.Long, class android.app.PendingIntent]
D/2019-12-05 10:22:49.264 [main][TPush] [4.32][com.dts.freefireth:xg_service_v4]:com.dts.freefireth.AUTH_XGPUSH,com.dts.freefireth,com.tencent.android.tpush.XGPushProvider
I/2019-12-05 10:22:49.275 [main][TPush] [4.32][com.dts.freefireth:xg_service_v4]:heartbeat to com.dts.freefireth
I/2019-12-05 10:22:49.393 [main][TPush] [4.32][com.dts.freefireth:xg_service_v4]:heartbeat com.dts.freefireth 
I/2019-12-05 10:22:49.409 [main][TpnsChannel] [4.32][com.dts.freefireth:xg_service_v4]:Service bi state {"srv_stime":1575517547840,"srv_etime":1575519769396,"srv_startTime":3,"srv_freason":[".keepalive",".keepalive",".keepalive"],"hb_suc":0,"hb_failed":0,"con_suc":1,"con_failed":0}
D/2019-12-05 10:22:49.584 [TpnsClient][TpnsClient] [4.32][com.dts.freefireth:xg_service_v4]:####Read one pkg with length = 61
D/2019-12-05 10:22:49.662 [TpnsClient][TpnsChannel] [4.32][com.dts.freefireth:xg_service_v4]:Action -> clientDidReceivePacket packet : g protocol = 1 command = TPNS_COMMAND_PUSH isResponse = false packetLength = 46
D/2019-12-05 10:22:49.677 [TpnsClient][TpnsChannel] [4.32][com.dts.freefireth:xg_service_v4]:Action -> clientDidReceivePacket PushMessageRunnable NEV1 : g protocol = 1 command = TPNS_COMMAND_PUSH isResponse = false packetLength = 46
W/2019-12-05 10:22:49.697 [TpnsClient][TPush] [4.32][com.dts.freefireth:xg_service_v4]:setAndAllowWhileIdle [class java.lang.Integer, class java.lang.Long, class android.app.PendingIntent]
V/2019-12-05 10:22:49.705 [tpush.working.thread][SrvMessageManager] [4.32][com.dts.freefireth:xg_service_v4]:receive msg from service msgId = 0 pkg =  size = 1
D/2019-12-05 10:22:49.713 [tpush.working.thread][SrvMessageManager] [4.32][com.dts.freefireth:xg_service_v4]:distributeFromServer : accid=0 ,channelId=0,busiId=0,pkg=,msgId=0,type=0,ts=0,multi=0,date=,serverTime=0,ttl=0, size = 1
V/2019-12-05 10:22:49.722 [tpush.working.thread][XGService] [4.32][com.dts.freefireth:xg_service_v4]:@@ msgServiceAck: Not add LocalMsg
D/2019-12-05 10:22:49.729 [tpush.working.thread][SrvMessageManager] [4.32][com.dts.freefireth:xg_service_v4]:>> messageDistribute, msg.appPkgName is null!
D/2019-12-05 10:25:49.690 [main][TpnsChannel] [4.32][com.dts.freefireth:xg_service_v4]:Action -> send heartbeat 
V/2019-12-05 10:25:49.700 [main][TpnsChannel] [4.32][com.dts.freefireth:xg_service_v4]:Action -> checkAndSetupClient( tpnsClient = a(ip:203.205.254.169,port:8080,protocol:tcp), isClientCreating = false)
W/2019-12-05 10:25:49.707 [main][TPush] [4.32][com.dts.freefireth:xg_service_v4]:setAndAllowWhileIdle [class java.lang.Integer, class java.lang.Long, class android.app.PendingIntent]
D/2019-12-05 10:25:49.797 [main][TPush] [4.32][com.dts.freefireth:xg_service_v4]:com.dts.freefireth.AUTH_XGPUSH,com.dts.freefireth,com.tencent.android.tpush.XGPushProvider
I/2019-12-05 10:25:49.806 [main][TPush] [4.32][com.dts.freefireth:xg_service_v4]:heartbeat to com.dts.freefireth
I/2019-12-05 10:25:49.868 [main][TPush] [4.32][com.dts.freefireth:xg_service_v4]:heartbeat com.dts.freefireth 
I/2019-12-05 10:25:49.892 [main][TpnsChannel] [4.32][com.dts.freefireth:xg_service_v4]:Service bi state {"srv_stime":1575517547840,"srv_etime":1575519949869,"srv_startTime":3,"srv_freason":[".keepalive",".keepalive",".keepalive"],"hb_suc":0,"hb_failed":0,"con_suc":1,"con_failed":0}
D/2019-12-05 10:25:50.042 [TpnsClient][TpnsClient] [4.32][com.dts.freefireth:xg_service_v4]:####Read one pkg with length = 61
D/2019-12-05 10:25:50.074 [TpnsClient][TpnsChannel] [4.32][com.dts.freefireth:xg_service_v4]:Action -> clientDidReceivePacket packet : g protocol = 1 command = TPNS_COMMAND_PUSH isResponse = false packetLength = 46
D/2019-12-05 10:25:50.082 [TpnsClient][TpnsChannel] [4.32][com.dts.freefireth:xg_service_v4]:Action -> clientDidReceivePacket PushMessageRunnable NEV1 : g protocol = 1 command = TPNS_COMMAND_PUSH isResponse = false packetLength = 46
W/2019-12-05 10:25:50.088 [TpnsClient][TPush] [4.32][com.dts.freefireth:xg_service_v4]:setAndAllowWhileIdle [class java.lang.Integer, class java.lang.Long, class android.app.PendingIntent]
V/2019-12-05 10:25:50.092 [tpush.working.thread][SrvMessageManager] [4.32][com.dts.freefireth:xg_service_v4]:receive msg from service msgId = 0 pkg =  size = 1
D/2019-12-05 10:25:50.098 [tpush.working.thread][SrvMessageManager] [4.32][com.dts.freefireth:xg_service_v4]:distributeFromServer : accid=0 ,channelId=0,busiId=0,pkg=,msgId=0,type=0,ts=0,multi=0,date=,serverTime=0,ttl=0, size = 1
V/2019-12-05 10:25:50.105 [tpush.working.thread][XGService] [4.32][com.dts.freefireth:xg_service_v4]:@@ msgServiceAck: Not add LocalMsg
D/2019-12-05 10:25:50.112 [tpush.working.thread][SrvMessageManager] [4.32][com.dts.freefireth:xg_service_v4]:>> messageDistribute, msg.appPkgName is null!
D/2019-12-05 10:28:50.094 [main][TpnsChannel] [4.32][com.dts.freefireth:xg_service_v4]:Action -> send heartbeat 
V/2019-12-05 10:28:50.111 [main][TpnsChannel] [4.32][com.dts.freefireth:xg_service_v4]:Action -> checkAndSetupClient( tpnsClient = a(ip:203.205.254.169,port:8080,protocol:tcp), isClientCreating = false)
W/2019-12-05 10:28:50.123 [main][TPush] [4.32][com.dts.freefireth:xg_service_v4]:setAndAllowWhileIdle [class java.lang.Integer, class java.lang.Long, class android.app.PendingIntent]
D/2019-12-05 10:28:50.219 [main][TPush] [4.32][com.dts.freefireth:xg_service_v4]:com.dts.freefireth.AUTH_XGPUSH,com.dts.freefireth,com.tencent.android.tpush.XGPushProvider
I/2019-12-05 10:28:50.231 [main][TPush] [4.32][com.dts.freefireth:xg_service_v4]:heartbeat to com.dts.freefireth
I/2019-12-05 10:28:50.325 [main][TPush] [4.32][com.dts.freefireth:xg_service_v4]:heartbeat com.dts.freefireth 
I/2019-12-05 10:28:50.344 [main][TpnsChannel] [4.32][com.dts.freefireth:xg_service_v4]:Service bi state {"srv_stime":1575517547840,"srv_etime":1575520130326,"srv_startTime":3,"srv_freason":[".keepalive",".keepalive",".keepalive"],"hb_suc":0,"hb_failed":0,"con_suc":1,"con_failed":0}
D/2019-12-05 10:28:50.501 [TpnsClient][TpnsClient] [4.32][com.dts.freefireth:xg_service_v4]:####Read one pkg with length = 61
D/2019-12-05 10:28:50.563 [TpnsClient][TpnsChannel] [4.32][com.dts.freefireth:xg_service_v4]:Action -> clientDidReceivePacket packet : g protocol = 1 command = TPNS_COMMAND_PUSH isResponse = false packetLength = 46
D/2019-12-05 10:28:50.574 [TpnsClient][TpnsChannel] [4.32][com.dts.freefireth:xg_service_v4]:Action -> clientDidReceivePacket PushMessageRunnable NEV1 : g protocol = 1 command = TPNS_COMMAND_PUSH isResponse = false packetLength = 46
W/2019-12-05 10:28:50.585 [TpnsClient][TPush] [4.32][com.dts.freefireth:xg_service_v4]:setAndAllowWhileIdle [class java.lang.Integer, class java.lang.Long, class android.app.PendingIntent]
V/2019-12-05 10:28:50.587 [tpush.working.thread][SrvMessageManager] [4.32][com.dts.freefireth:xg_service_v4]:receive msg from service msgId = 0 pkg =  size = 1
D/2019-12-05 10:28:50.595 [tpush.working.thread][SrvMessageManager] [4.32][com.dts.freefireth:xg_service_v4]:distributeFromServer : accid=0 ,channelId=0,busiId=0,pkg=,msgId=0,type=0,ts=0,multi=0,date=,serverTime=0,ttl=0, size = 1
V/2019-12-05 10:28:50.602 [tpush.working.thread][XGService] [4.32][com.dts.freefireth:xg_service_v4]:@@ msgServiceAck: Not add LocalMsg
D/2019-12-05 10:28:50.610 [tpush.working.thread][SrvMessageManager] [4.32][com.dts.freefireth:xg_service_v4]:>> messageDistribute, msg.appPkgName is null!
D/2019-12-05 10:31:50.593 [main][TpnsChannel] [4.32][com.dts.freefireth:xg_service_v4]:Action -> send heartbeat 
V/2019-12-05 10:31:50.601 [main][TpnsChannel] [4.32][com.dts.freefireth:xg_service_v4]:Action -> checkAndSetupClient( tpnsClient = a(ip:203.205.254.169,port:8080,protocol:tcp), isClientCreating = false)
W/2019-12-05 10:31:50.610 [main][TPush] [4.32][com.dts.freefireth:xg_service_v4]:setAndAllowWhileIdle [class java.lang.Integer, class java.lang.Long, class android.app.PendingIntent]
D/2019-12-05 10:31:50.720 [main][TPush] [4.32][com.dts.freefireth:xg_service_v4]:com.dts.freefireth.AUTH_XGPUSH,com.dts.freefireth,com.tencent.android.tpush.XGPushProvider
I/2019-12-05 10:31:50.734 [main][TPush] [4.32][com.dts.freefireth:xg_service_v4]:heartbeat to com.dts.freefireth
I/2019-12-05 10:31:50.852 [main][TPush] [4.32][com.dts.freefireth:xg_service_v4]:heartbeat com.dts.freefireth 
I/2019-12-05 10:31:50.882 [main][TpnsChannel] [4.32][com.dts.freefireth:xg_service_v4]:Service bi state {"srv_stime":1575517547840,"srv_etime":1575520310853,"srv_startTime":3,"srv_freason":[".keepalive",".keepalive",".keepalive"],"hb_suc":0,"hb_failed":0,"con_suc":1,"con_failed":0}
D/2019-12-05 10:31:51.047 [TpnsClient][TpnsClient] [4.32][com.dts.freefireth:xg_service_v4]:####Read one pkg with length = 61
D/2019-12-05 10:31:51.129 [TpnsClient][TpnsChannel] [4.32][com.dts.freefireth:xg_service_v4]:Action -> clientDidReceivePacket packet : g protocol = 1 command = TPNS_COMMAND_PUSH isResponse = false packetLength = 46
D/2019-12-05 10:31:51.151 [TpnsClient][TpnsChannel] [4.32][com.dts.freefireth:xg_service_v4]:Action -> clientDidReceivePacket PushMessageRunnable NEV1 : g protocol = 1 command = TPNS_COMMAND_PUSH isResponse = false packetLength = 46
V/2019-12-05 10:31:51.172 [tpush.working.thread][SrvMessageManager] [4.32][com.dts.freefireth:xg_service_v4]:receive msg from service msgId = 0 pkg =  size = 1
W/2019-12-05 10:31:51.182 [TpnsClient][TPush] [4.32][com.dts.freefireth:xg_service_v4]:setAndAllowWhileIdle [class java.lang.Integer, class java.lang.Long, class android.app.PendingIntent]
D/2019-12-05 10:31:51.191 [tpush.working.thread][SrvMessageManager] [4.32][com.dts.freefireth:xg_service_v4]:distributeFromServer : accid=0 ,channelId=0,busiId=0,pkg=,msgId=0,type=0,ts=0,multi=0,date=,serverTime=0,ttl=0, size = 1
V/2019-12-05 10:31:51.204 [tpush.working.thread][XGService] [4.32][com.dts.freefireth:xg_service_v4]:@@ msgServiceAck: Not add LocalMsg
D/2019-12-05 10:31:51.215 [tpush.working.thread][SrvMessageManager] [4.32][com.dts.freefireth:xg_service_v4]:>> messageDistribute, msg.appPkgName is null!
D/2019-12-05 10:34:51.166 [main][TpnsChannel] [4.32][com.dts.freefireth:xg_service_v4]:Action -> send heartbeat 
V/2019-12-05 10:34:51.174 [main][TpnsChannel] [4.32][com.dts.freefireth:xg_service_v4]:Action -> checkAndSetupClient( tpnsClient = a(ip:203.205.254.169,port:8080,protocol:tcp), isClientCreating = false)
W/2019-12-05 10:34:51.181 [main][TPush] [4.32][com.dts.freefireth:xg_service_v4]:setAndAllowWhileIdle [class java.lang.Integer, class java.lang.Long, class android.app.PendingIntent]
D/2019-12-05 10:34:51.277 [main][TPush] [4.32][com.dts.freefireth:xg_service_v4]:com.dts.freefireth.AUTH_XGPUSH,com.dts.freefireth,com.tencent.android.tpush.XGPushProvider
I/2019-12-05 10:34:51.286 [main][TPush] [4.32][com.dts.freefireth:xg_service_v4]:heartbeat to com.dts.freefireth
I/2019-12-05 10:34:51.339 [main][TPush] [4.32][com.dts.freefireth:xg_service_v4]:heartbeat com.dts.freefireth 
I/2019-12-05 10:34:51.364 [main][TpnsChannel] [4.32][com.dts.freefireth:xg_service_v4]:Service bi state {"srv_stime":1575517547840,"srv_etime":1575520491340,"srv_startTime":3,"srv_freason":[".keepalive",".keepalive",".keepalive"],"hb_suc":0,"hb_failed":0,"con_suc":1,"con_failed":0}
D/2019-12-05 10:34:51.520 [TpnsClient][TpnsClient] [4.32][com.dts.freefireth:xg_service_v4]:####Read one pkg with length = 61
D/2019-12-05 10:34:51.554 [TpnsClient][TpnsChannel] [4.32][com.dts.freefireth:xg_service_v4]:Action -> clientDidReceivePacket packet : g protocol = 1 command = TPNS_COMMAND_PUSH isResponse = false packetLength = 46
D/2019-12-05 10:34:51.563 [TpnsClient][TpnsChannel] [4.32][com.dts.freefireth:xg_service_v4]:Action -> clientDidReceivePacket PushMessageRunnable NEV1 : g protocol = 1 command = TPNS_COMMAND_PUSH isResponse = false packetLength = 46
W/2019-12-05 10:34:51.569 [TpnsClient][TPush] [4.32][com.dts.freefireth:xg_service_v4]:setAndAllowWhileIdle [class java.lang.Integer, class java.lang.Long, class android.app.PendingIntent]
V/2019-12-05 10:34:51.570 [tpush.working.thread][SrvMessageManager] [4.32][com.dts.freefireth:xg_service_v4]:receive msg from service msgId = 0 pkg =  size = 1
D/2019-12-05 10:34:51.587 [tpush.working.thread][SrvMessageManager] [4.32][com.dts.freefireth:xg_service_v4]:distributeFromServer : accid=0 ,channelId=0,busiId=0,pkg=,msgId=0,type=0,ts=0,multi=0,date=,serverTime=0,ttl=0, size = 1
V/2019-12-05 10:34:51.594 [tpush.working.thread][XGService] [4.32][com.dts.freefireth:xg_service_v4]:@@ msgServiceAck: Not add LocalMsg
D/2019-12-05 10:34:51.600 [tpush.working.thread][SrvMessageManager] [4.32][com.dts.freefireth:xg_service_v4]:>> messageDistribute, msg.appPkgName is null!
D/2019-12-05 10:37:51.576 [main][TpnsChannel] [4.32][com.dts.freefireth:xg_service_v4]:Action -> send heartbeat 
V/2019-12-05 10:37:51.586 [main][TpnsChannel] [4.32][com.dts.freefireth:xg_service_v4]:Action -> checkAndSetupClient( tpnsClient = a(ip:203.205.254.169,port:8080,protocol:tcp), isClientCreating = false)
W/2019-12-05 10:37:51.596 [main][TPush] [4.32][com.dts.freefireth:xg_service_v4]:setAndAllowWhileIdle [class java.lang.Integer, class java.lang.Long, class android.app.PendingIntent]
D/2019-12-05 10:37:51.746 [main][TPush] [4.32][com.dts.freefireth:xg_service_v4]:com.dts.freefireth.AUTH_XGPUSH,com.dts.freefireth,com.tencent.android.tpush.XGPushProvider
I/2019-12-05 10:37:51.759 [main][TPush] [4.32][com.dts.freefireth:xg_service_v4]:heartbeat to com.dts.freefireth
I/2019-12-05 10:37:51.824 [main][TPush] [4.32][com.dts.freefireth:xg_service_v4]:heartbeat com.dts.freefireth 
I/2019-12-05 10:37:51.843 [main][TpnsChannel] [4.32][com.dts.freefireth:xg_service_v4]:Service bi state {"srv_stime":1575517547840,"srv_etime":1575520671826,"srv_startTime":3,"srv_freason":[".keepalive",".keepalive",".keepalive"],"hb_suc":0,"hb_failed":0,"con_suc":1,"con_failed":0}
D/2019-12-05 10:37:52.310 [TpnsClient][TpnsClient] [4.32][com.dts.freefireth:xg_service_v4]:####Read one pkg with length = 61
D/2019-12-05 10:37:52.351 [TpnsClient][TpnsChannel] [4.32][com.dts.freefireth:xg_service_v4]:Action -> clientDidReceivePacket packet : g protocol = 1 command = TPNS_COMMAND_PUSH isResponse = false packetLength = 46
D/2019-12-05 10:37:52.359 [TpnsClient][TpnsChannel] [4.32][com.dts.freefireth:xg_service_v4]:Action -> clientDidReceivePacket PushMessageRunnable NEV1 : g protocol = 1 command = TPNS_COMMAND_PUSH isResponse = false packetLength = 46
V/2019-12-05 10:37:52.367 [tpush.working.thread][SrvMessageManager] [4.32][com.dts.freefireth:xg_service_v4]:receive msg from service msgId = 0 pkg =  size = 1
W/2019-12-05 10:37:52.371 [TpnsClient][TPush] [4.32][com.dts.freefireth:xg_service_v4]:setAndAllowWhileIdle [class java.lang.Integer, class java.lang.Long, class android.app.PendingIntent]
D/2019-12-05 10:37:52.378 [tpush.working.thread][SrvMessageManager] [4.32][com.dts.freefireth:xg_service_v4]:distributeFromServer : accid=0 ,channelId=0,busiId=0,pkg=,msgId=0,type=0,ts=0,multi=0,date=,serverTime=0,ttl=0, size = 1
V/2019-12-05 10:37:52.387 [tpush.working.thread][XGService] [4.32][com.dts.freefireth:xg_service_v4]:@@ msgServiceAck: Not add LocalMsg
D/2019-12-05 10:37:52.395 [tpush.working.thread][SrvMessageManager] [4.32][com.dts.freefireth:xg_service_v4]:>> messageDistribute, msg.appPkgName is null!
D/2019-12-05 10:40:52.412 [main][TpnsChannel] [4.32][com.dts.freefireth:xg_service_v4]:Action -> send heartbeat 
V/2019-12-05 10:40:52.426 [main][TpnsChannel] [4.32][com.dts.freefireth:xg_service_v4]:Action -> checkAndSetupClient( tpnsClient = a(ip:203.205.254.169,port:8080,protocol:tcp), isClientCreating = false)
W/2019-12-05 10:40:52.435 [main][TPush] [4.32][com.dts.freefireth:xg_service_v4]:setAndAllowWhileIdle [class java.lang.Integer, class java.lang.Long, class android.app.PendingIntent]
D/2019-12-05 10:40:52.560 [main][TPush] [4.32][com.dts.freefireth:xg_service_v4]:com.dts.freefireth.AUTH_XGPUSH,com.dts.freefireth,com.tencent.android.tpush.XGPushProvider
I/2019-12-05 10:40:52.573 [main][TPush] [4.32][com.dts.freefireth:xg_service_v4]:heartbeat to com.dts.freefireth
I/2019-12-05 10:40:52.651 [main][TPush] [4.32][com.dts.freefireth:xg_service_v4]:heartbeat com.dts.freefireth 
I/2019-12-05 10:40:52.670 [main][TpnsChannel] [4.32][com.dts.freefireth:xg_service_v4]:Service bi state {"srv_stime":1575517547840,"srv_etime":1575520852652,"srv_startTime":3,"srv_freason":[".keepalive",".keepalive",".keepalive"],"hb_suc":0,"hb_failed":0,"con_suc":1,"con_failed":0}
D/2019-12-05 10:40:52.825 [TpnsClient][TpnsClient] [4.32][com.dts.freefireth:xg_service_v4]:####Read one pkg with length = 61
D/2019-12-05 10:40:52.863 [TpnsClient][TpnsChannel] [4.32][com.dts.freefireth:xg_service_v4]:Action -> clientDidReceivePacket packet : g protocol = 1 command = TPNS_COMMAND_PUSH isResponse = false packetLength = 46
D/2019-12-05 10:40:52.877 [TpnsClient][TpnsChannel] [4.32][com.dts.freefireth:xg_service_v4]:Action -> clientDidReceivePacket PushMessageRunnable NEV1 : g protocol = 1 command = TPNS_COMMAND_PUSH isResponse = false packetLength = 46
W/2019-12-05 10:40:52.889 [TpnsClient][TPush] [4.32][com.dts.freefireth:xg_service_v4]:setAndAllowWhileIdle [class java.lang.Integer, class java.lang.Long, class android.app.PendingIntent]
V/2019-12-05 10:40:52.893 [tpush.working.thread][SrvMessageManager] [4.32][com.dts.freefireth:xg_service_v4]:receive msg from service msgId = 0 pkg =  size = 1
