I/2019-12-06 14:36:15.205 [tpush.working.thread][TpnsChannel] [4.32][com.dts.freefireth:xg_service_v4]:Connect to Xinge Server failed!
D/2019-12-06 15:17:55.057 [main][XGPushReceiver] [4.32][com.dts.freefireth:xg_service_v4]:PushReceiver received android.intent.action.USER_PRESENT @@ com.dts.freefireth
V/2019-12-06 15:17:55.306 [main][TpnsChannel] [4.32][com.dts.freefireth:xg_service_v4]:Action -> checkAndSetupClient( tpnsClient = null, isClientCreating = false)
D/2019-12-06 15:17:55.340 [tpush.working.thread][XGHorse] [4.32][com.dts.freefireth:xg_service_v4]:Action ->  createOptimalSocketChannel run
D/2019-12-06 15:17:55.369 [tpush.working.thread][XGHorse] [4.32][com.dts.freefireth:xg_service_v4]:Action ->  createOptimalSocketChannel run
E/2019-12-06 15:17:55.505 [tpush.working.thread][XGService] [4.32][com.dts.freefireth:xg_service_v4]:
* Exception : 

E/2019-12-06 15:17:55.612 [tpush.working.thread][XGService] [4.32][com.dts.freefireth:xg_service_v4]:getStrategyItems is null
D/2019-12-06 15:17:55.647 [tpush.working.thread][SocketClient] [4.32][com.dts.freefireth:xg_service_v4]:httpdns error use defulltitems serverIp=183.232.98.178,serverPort=14000, proxyIp=,proxyPort=80, protocolType=tcp, redirect=0
D/2019-12-06 15:17:55.667 [tpush.working.thread][SocketClient] [4.32][com.dts.freefireth:xg_service_v4]:connect to 183.232.98.178:14000
E/2019-12-06 15:17:55.682 [tpush.working.thread][SocketClient] [4.32][com.dts.freefireth:xg_service_v4]:socket connect error
* Exception : 
java.net.ConnectException: failed to connect to /183.232.98.178 (port 14000) after 30000ms: connect failed: ENETUNREACH (Network is unreachable)
	at libcore.io.IoBridge.connect(IoBridge.java:129)
	at java.net.PlainSocketImpl.connect(PlainSocketImpl.java:188)
	at java.net.PlainSocketImpl.connect(PlainSocketImpl.java:457)
	at java.net.Socket.connect(Socket.java:927)
	at java.nio.SocketChannelImpl$SocketAdapter.connect(SocketChannelImpl.java:531)
	at com.tencent.android.tpush.horse.e.a(ProGuard:134)
	at com.tencent.android.tpush.horse.d$1.run(ProGuard:107)
	at android.os.Handler.handleCallback(Handler.java:815)
	at android.os.Handler.dispatchMessage(Handler.java:104)
	at android.os.Looper.loop(Looper.java:207)
	at android.os.HandlerThread.run(HandlerThread.java:61)
Caused by: android.system.ErrnoException: connect failed: ENETUNREACH (Network is unreachable)
	at libcore.io.Posix.connect(Native Method)
	at libcore.io.BlockGuardOs.connect(BlockGuardOs.java:111)
	at libcore.io.IoBridge.connectErrno(IoBridge.java:170)
	at libcore.io.IoBridge.connect(IoBridge.java:127)
	... 10 more

E/2019-12-06 15:17:55.700 [tpush.working.thread][SocketClient] [4.32][com.dts.freefireth:xg_service_v4]:notifyFail
* Exception : 
java.util.NoSuchElementException
	at java.util.AbstractQueue.remove(AbstractQueue.java:88)
	at com.tencent.android.tpush.horse.e.d(ProGuard:222)
	at com.tencent.android.tpush.horse.e.a(ProGuard:142)
	at com.tencent.android.tpush.horse.d$1.run(ProGuard:107)
	at android.os.Handler.handleCallback(Handler.java:815)
	at android.os.Handler.dispatchMessage(Handler.java:104)
	at android.os.Looper.loop(Looper.java:207)
	at android.os.HandlerThread.run(HandlerThread.java:61)

E/2019-12-06 15:17:55.715 [tpush.working.thread][XGHorse] [4.32][com.dts.freefireth:xg_service_v4]:createOptimalSocketChannel error
* Exception : 
com.tencent.android.tpush.service.channel.exception.HorseIgnoreException: null
	at com.tencent.android.tpush.horse.e.a(ProGuard:144)
	at com.tencent.android.tpush.horse.d$1.run(ProGuard:107)
	at android.os.Handler.handleCallback(Handler.java:815)
	at android.os.Handler.dispatchMessage(Handler.java:104)
	at android.os.Looper.loop(Looper.java:207)
	at android.os.HandlerThread.run(HandlerThread.java:61)
Caused by: java.net.ConnectException: failed to connect to /183.232.98.178 (port 14000) after 30000ms: connect failed: ENETUNREACH (Network is unreachable)
	at libcore.io.IoBridge.connect(IoBridge.java:129)
	at java.net.PlainSocketImpl.connect(PlainSocketImpl.java:188)
	at java.net.PlainSocketImpl.connect(PlainSocketImpl.java:457)
	at java.net.Socket.connect(Socket.java:927)
	at java.nio.SocketChannelImpl$SocketAdapter.connect(SocketChannelImpl.java:531)
	at com.tencent.android.tpush.horse.e.a(ProGuard:134)
	... 5 more
Caused by: android.system.ErrnoException: connect failed: ENETUNREACH (Network is unreachable)
	at libcore.io.Posix.connect(Native Method)
	at libcore.io.BlockGuardOs.connect(BlockGuardOs.java:111)
	at libcore.io.IoBridge.connectErrno(IoBridge.java:170)
	at libcore.io.IoBridge.connect(IoBridge.java:127)
	... 10 more

E/2019-12-06 15:17:55.729 [tpush.working.thread][TpnsChannel] [4.32][com.dts.freefireth:xg_service_v4]:ICreateSocketChannelCallback onFailure(10101,create tcp channel fail!)
I/2019-12-06 15:17:55.740 [tpush.working.thread][TpnsChannel] [4.32][com.dts.freefireth:xg_service_v4]:Connect to Xinge Server failed!
D/2019-12-06 15:18:05.493 [main][a] [4.32][com.dts.freefireth:xg_service_v4]:network chanced:Intent { act=android.net.conn.CONNECTIVITY_CHANGE flg=0x4000010 (has extras) }
D/2019-12-06 15:18:05.581 [main][OptimalLinkSelector] [4.32][com.dts.freefireth:xg_service_v4]:Connection state changed to - [type: WIFI[], state: CONNECTED/CONNECTED, reason: (unspecified), extra: "ASUS_A8", roaming: false, failover: false, isAvailable: true]
D/2019-12-06 15:18:05.615 [main][OptimalLinkSelector] [4.32][com.dts.freefireth:xg_service_v4]:Connected with network type WIFI
D/2019-12-06 15:18:05.827 [main][XGPushReceiver] [4.32][com.dts.freefireth:xg_service_v4]:PushReceiver received android.net.conn.CONNECTIVITY_CHANGE @@ com.dts.freefireth
D/2019-12-06 15:18:05.834 [main][OptimalLinkSelector] [4.32][com.dts.freefireth:xg_service_v4]:Connection state changed to - [type: WIFI[], state: CONNECTED/CONNECTED, reason: (unspecified), extra: "ASUS_A8", roaming: false, failover: false, isAvailable: true]
D/2019-12-06 15:18:05.843 [main][OptimalLinkSelector] [4.32][com.dts.freefireth:xg_service_v4]:Connected with network type WIFI
V/2019-12-06 15:18:07.856 [main][TpnsChannel] [4.32][com.dts.freefireth:xg_service_v4]:Action -> checkAndSetupClient( tpnsClient = null, isClientCreating = false)
D/2019-12-06 15:18:07.864 [tpush.working.thread][XGHorse] [4.32][com.dts.freefireth:xg_service_v4]:Action ->  createOptimalSocketChannel run
D/2019-12-06 15:18:07.876 [tpush.working.thread][XGHorse] [4.32][com.dts.freefireth:xg_service_v4]:Action ->  createOptimalSocketChannel run
E/2019-12-06 15:18:08.158 [tpush.working.thread][XGService] [4.32][com.dts.freefireth:xg_service_v4]:getStrategyItems is null
