W/2019-12-06 08:49:09.348 [main][Util] [4.32][com.dts.freefireth:xg_service_v4]:Util -> initGlobal can not find provider com.tencent.mid.api.MidProvider with authority com.dts.freefireth.TENCENT.MID.V3
W/2019-12-06 08:49:09.413 [main][Util] [4.32][com.dts.freefireth:xg_service_v4]:Maybe have not contentprovider: com.tencent.mid.api.MidProvider
V/2019-12-06 08:49:09.492 [main][PushServiceManager] [4.32][com.dts.freefireth:xg_service_v4]:bindService ret:true
D/2019-12-06 08:49:09.646 [main][XGPushService] [4.32][com.dts.freefireth:xg_service_v4]:reportLastServiceState {"srv_stime":1575558732571,"srv_etime":1575561143061,"srv_startTime":8,"srv_freason":[".keepalive",".keepalive",".keepalive",".keepalive",".keepalive",".keepalive",".start_slave"],"hb_suc":0,"hb_failed":0,"con_suc":1,"con_failed":0}
D/2019-12-06 08:49:10.011 [Thread-721][TPush] [4.32][com.dts.freefireth:xg_service_v4]:com.dts.freefireth.AUTH_XGPUSH,com.dts.freefireth,com.tencent.android.tpush.XGPushProvider
D/2019-12-06 08:49:10.119 [main][a] [4.32][com.dts.freefireth:xg_service_v4]:network chanced:Intent { act=android.net.conn.CONNECTIVITY_CHANGE flg=0x4000010 (has extras) }
D/2019-12-06 08:49:10.134 [main][OptimalLinkSelector] [4.32][com.dts.freefireth:xg_service_v4]:Connection state changed to - [type: WIFI[], state: CONNECTED/CONNECTED, reason: (unspecified), extra: "ASUS_A8", roaming: false, failover: false, isAvailable: true]
D/2019-12-06 08:49:10.151 [main][OptimalLinkSelector] [4.32][com.dts.freefireth:xg_service_v4]:Connected with network type WIFI
V/2019-12-06 08:49:10.243 [main][PushServiceManager] [4.32][com.dts.freefireth:xg_service_v4]:(ignore) running v4 service count 0
I/2019-12-06 08:49:10.272 [main][XGService] [4.32][com.dts.freefireth:xg_service_v4]:getSocketName: tencentxgpush
I/2019-12-06 08:49:10.300 [main][XGService] [4.32][com.dts.freefireth:xg_service_v4]:getSocketName: tencentxgpush
V/2019-12-06 08:49:10.315 [main][PushServiceManager] [4.32][com.dts.freefireth:xg_service_v4]:tryToKeepServiceAlive socketFinalName:17b8f414a85dd456a15585b41d7f686f03fff04496b00ca64380acef2def0ddee94f133e
I/2019-12-06 08:49:10.432 [main][f] [4.32][com.dts.freefireth:xg_service_v4]:is xg_service
I/2019-12-06 08:49:10.512 [main][PushServiceManager] [4.32][com.dts.freefireth:xg_service_v4]:start as main service......
I/2019-12-06 08:49:10.524 [main][PushServiceManager] [4.32][com.dts.freefireth:xg_service_v4]:Service's first running at com.dts.freefireth version : 4.32
I/2019-12-06 08:49:10.538 [main][a] [4.32][com.dts.freefireth:xg_service_v4]:handleServiceInited, beforeInitedIntents size:0
V/2019-12-06 08:49:10.593 [main][TpnsChannel] [4.32][com.dts.freefireth:xg_service_v4]:Action -> checkAndSetupClient( tpnsClient = null, isClientCreating = false)
D/2019-12-06 08:49:10.611 [tpush.working.thread][XGHorse] [4.32][com.dts.freefireth:xg_service_v4]:Action ->  createOptimalSocketChannel run
D/2019-12-06 08:49:10.635 [tpush.working.thread][XGHorse] [4.32][com.dts.freefireth:xg_service_v4]:Action ->  createOptimalSocketChannel run
D/2019-12-06 08:49:10.725 [tpush.working.thread][httpDns] [4.32][com.dts.freefireth:xg_service_v4]:cacheResult:{"ips":"203.205.254.169;203.205.254.117","ttl":300,"exp":1575559035314},diff:-41515380
W/2019-12-06 08:49:10.748 [tpush.working.thread][httpDns] [4.32][com.dts.freefireth:xg_service_v4]:cacheResult Exp.
D/2019-12-06 08:49:10.870 [main][TPush] [4.32][com.dts.freefireth:xg_service_v4]:com.dts.freefireth.AUTH_XGPUSH,com.dts.freefireth,com.tencent.android.tpush.XGPushProvider
D/2019-12-06 08:49:11.319 [tpush.working.thread][httpDns] [4.32][com.dts.freefireth:xg_service_v4]:getAddrByName line:3eeef9bfa6f89c85271d9e300f3c33953eeef9bfa6f89c85072c570b2bce139568bb18fa1cb96703
D/2019-12-06 08:49:11.345 [tpush.working.thread][httpDns] [4.32][com.dts.freefireth:xg_service_v4]:ttl:300,300
D/2019-12-06 08:49:11.508 [tpush.working.thread][httpDns] [4.32][com.dts.freefireth:xg_service_v4]:cacheResult:{"ips":"203.205.254.169;203.205.254.117","ttl":300,"exp":1575600851346},diff:299859
D/2019-12-06 08:49:11.533 [tpush.working.thread][SocketClient] [4.32][com.dts.freefireth:xg_service_v4]:use httpdns StrategyItem:203.205.254.117:14000
D/2019-12-06 08:49:11.551 [tpush.working.thread][SocketClient] [4.32][com.dts.freefireth:xg_service_v4]:connect to 203.205.254.117:14000
V/2019-12-06 08:49:11.777 [tpush.working.thread][TpnsChannel] [4.32][com.dts.freefireth:xg_service_v4]:ICreateSocketChannelCallback onSuccess(java.nio.SocketChannelImpl@7fd5e1c,java.nio.SocketChannelImpl@7fd5e1c)
I/2019-12-06 08:49:11.802 [tpush.working.thread][TpnsClient] [4.32][com.dts.freefireth:xg_service_v4]:Connect to Xinge Server succeed!
D/2019-12-06 08:49:11.965 [tpush.working.thread][TpnsChannel] [4.32][com.dts.freefireth:xg_service_v4]:Action -> sendReconnMessage with token - 03fff04496b00ca64380acef2def0ddee94f133e
V/2019-12-06 08:49:11.976 [tpush.working.thread][TpnsChannel] [4.32][com.dts.freefireth:xg_service_v4]:Action -> checkAndSetupClient( tpnsClient = a(ip:203.205.254.117,port:14000,protocol:tcp), isClientCreating = false)
I/2019-12-06 08:49:11.987 [TpnsClient][TpnsClient] [4.32][com.dts.freefireth:xg_service_v4]:TpnsClient is running and ready for send and recevie msg.
D/2019-12-06 08:49:12.027 [TpnsClient][TpnsChannel] [4.32][com.dts.freefireth:xg_service_v4]:Action -> clientDidSendPacket packet : h protocol = 1 command = TPNS_COMMAND_RECONNECT isResponse = false packetLength = 410
D/2019-12-06 08:49:12.324 [TpnsClient][TpnsClient] [4.32][com.dts.freefireth:xg_service_v4]:####Read one pkg with length = 35
D/2019-12-06 08:49:12.521 [TpnsClient][TpnsChannel] [4.32][com.dts.freefireth:xg_service_v4]:Action -> clientDidReceivePacket packet : g protocol = 1 command = TPNS_COMMAND_RECONNECT isResponse = true packetLength = 20
D/2019-12-06 08:49:12.531 [TpnsClient][TpnsChannel] [4.32][com.dts.freefireth:xg_service_v4]:Action -> clientDidReceivePacket RequestSuccRunnable NEV1 : g protocol = 1 command = TPNS_COMMAND_RECONNECT isResponse = true packetLength = 20
D/2019-12-06 08:49:12.554 [tpush.working.thread][PushServiceNetworkHandler] [4.32][com.dts.freefireth:xg_service_v4]:reconnCallback onResponse request:token: 03fff04496b00ca64380acef2def0ddee94f133e
deviceId: 461cd78e57077d4042d1f10aa4706adc
networkType: 1
unregInfoList: 0, []
recvMsgList: 0, []
mutableInfo: {
	ssid: "ASUS_A8"
	bssid: 04:92:26:66:a3:a8
	mac: 02:00:00:00:00:00
	wflist: 
}
deviceType: 0
msgClickList: null	sdkVersion: 4.32
reserved: {"new_mid":"03fff04496b00ca64380acef2def0ddee94f133e","new_mid_v":"4.07","app_accessids":[2100275588]}
connVersion: 4
guid: 9053918568
ts: 0
configVersion: -1
, responseCode:0, response:confVersion: 32
appOfflinePushMsgList: 0, []
timeUs: 1575600552436804

D/2019-12-06 08:49:12.567 [tpush.working.thread][PushServiceNetworkHandler] [4.32][com.dts.freefireth:xg_service_v4]:reconnCallback onResponse rsp==null?:false
D/2019-12-06 08:49:12.581 [tpush.working.thread][PushServiceNetworkHandler] [4.32][com.dts.freefireth:xg_service_v4]:loadIPList :32
W/2019-12-06 08:49:12.582 [TpnsClient][TPush] [4.32][com.dts.freefireth:xg_service_v4]:setAndAllowWhileIdle [class java.lang.Integer, class java.lang.Long, class android.app.PendingIntent]
D/2019-12-06 08:49:12.798 [tpush.working.thread][PushServiceNetworkHandler] [4.32][com.dts.freefireth:xg_service_v4]:sendMessage TpnsGetApListReq:netInfo: {
	ip: 0
	network: 1
	op: 0
}

V/2019-12-06 08:49:12.806 [tpush.working.thread][TpnsChannel] [4.32][com.dts.freefireth:xg_service_v4]:Action -> checkAndSetupClient( tpnsClient = a(ip:203.205.254.117,port:14000,protocol:tcp), isClientCreating = false)
D/2019-12-06 08:49:12.818 [TpnsClient][TpnsChannel] [4.32][com.dts.freefireth:xg_service_v4]:Action -> clientDidSendPacket packet : h protocol = 1 command = TPNS_COMMAND_GET_APLIST isResponse = false packetLength = 28
V/2019-12-06 08:49:12.915 [main][TpnsChannel] [4.32][com.dts.freefireth:xg_service_v4]:Action -> checkAndSetupClient( tpnsClient = a(ip:203.205.254.117,port:14000,protocol:tcp), isClientCreating = false)
D/2019-12-06 08:49:13.148 [TpnsClient][TpnsClient] [4.32][com.dts.freefireth:xg_service_v4]:####Read one pkg with length = 146
D/2019-12-06 08:49:13.274 [TpnsClient][TpnsChannel] [4.32][com.dts.freefireth:xg_service_v4]:Action -> clientDidReceivePacket packet : g protocol = 1 command = TPNS_COMMAND_GET_APLIST isResponse = true packetLength = 131
D/2019-12-06 08:49:15.371 [main][XGPushService] [4.32][com.dts.freefireth:xg_service_v4]:reportLastServiceState 
D/2019-12-06 08:49:17.150 [Thread-759][TPush] [4.32][com.dts.freefireth:xg_service_v4]:com.dts.freefireth.AUTH_XGPUSH,com.dts.freefireth,com.tencent.android.tpush.XGPushProvider
W/2019-12-06 08:49:17.362 [main][Util] [4.32][com.dts.freefireth:xg_service_v4]:Util -> initGlobal can not find provider com.tencent.mid.api.MidProvider with authority com.dts.freefireth.TENCENT.MID.V3
W/2019-12-06 08:49:17.381 [main][Util] [4.32][com.dts.freefireth:xg_service_v4]:Maybe have not contentprovider: com.tencent.mid.api.MidProvider
D/2019-12-06 08:49:17.406 [main][a] [4.32][com.dts.freefireth:xg_service_v4]:network chanced:Intent { act=android.net.conn.CONNECTIVITY_CHANGE flg=0x4000010 (has extras) }
D/2019-12-06 08:49:17.418 [main][OptimalLinkSelector] [4.32][com.dts.freefireth:xg_service_v4]:Connection state changed to - [type: WIFI[], state: CONNECTED/CONNECTED, reason: (unspecified), extra: "ASUS_A8", roaming: false, failover: false, isAvailable: true]
D/2019-12-06 08:49:17.439 [main][OptimalLinkSelector] [4.32][com.dts.freefireth:xg_service_v4]:Connected with network type WIFI
V/2019-12-06 08:49:17.483 [main][PushServiceManager] [4.32][com.dts.freefireth:xg_service_v4]:bindService ret:true
V/2019-12-06 08:49:17.531 [main][PushServiceManager] [4.32][com.dts.freefireth:xg_service_v4]:(ignore) running v4 service count 0
I/2019-12-06 08:49:17.541 [main][XGService] [4.32][com.dts.freefireth:xg_service_v4]:getSocketName: tencentxgpush
I/2019-12-06 08:49:17.569 [main][XGService] [4.32][com.dts.freefireth:xg_service_v4]:getSocketName: tencentxgpush
V/2019-12-06 08:49:17.578 [main][PushServiceManager] [4.32][com.dts.freefireth:xg_service_v4]:tryToKeepServiceAlive socketFinalName:17b8f414a85dd456a15585b41d7f686f03fff04496b00ca64380acef2def0ddee94f133e
I/2019-12-06 08:49:17.593 [main][f] [4.32][com.dts.freefireth:xg_service_v4]:is xg_service
I/2019-12-06 08:49:17.607 [main][PushServiceManager] [4.32][com.dts.freefireth:xg_service_v4]:start as main service......
I/2019-12-06 08:49:17.668 [main][PushServiceManager] [4.32][com.dts.freefireth:xg_service_v4]:Service's first running at com.dts.freefireth version : 4.32
I/2019-12-06 08:49:17.689 [main][a] [4.32][com.dts.freefireth:xg_service_v4]:handleServiceInited, beforeInitedIntents size:0
V/2019-12-06 08:49:17.737 [main][TpnsChannel] [4.32][com.dts.freefireth:xg_service_v4]:Action -> checkAndSetupClient( tpnsClient = null, isClientCreating = false)
D/2019-12-06 08:49:17.763 [tpush.working.thread][XGHorse] [4.32][com.dts.freefireth:xg_service_v4]:Action ->  createOptimalSocketChannel run
D/2019-12-06 08:49:17.788 [tpush.working.thread][XGHorse] [4.32][com.dts.freefireth:xg_service_v4]:Action ->  createOptimalSocketChannel run
D/2019-12-06 08:49:17.862 [tpush.working.thread][httpDns] [4.32][com.dts.freefireth:xg_service_v4]:cacheResult:{"ips":"203.205.254.169;203.205.254.117","ttl":300,"exp":1575600851346},diff:293513
D/2019-12-06 08:49:17.878 [tpush.working.thread][SocketClient] [4.32][com.dts.freefireth:xg_service_v4]:use httpdns StrategyItem:203.205.254.169:14000
D/2019-12-06 08:49:17.895 [tpush.working.thread][SocketClient] [4.32][com.dts.freefireth:xg_service_v4]:connect to 203.205.254.169:14000
D/2019-12-06 08:49:17.990 [main][TPush] [4.32][com.dts.freefireth:xg_service_v4]:com.dts.freefireth.AUTH_XGPUSH,com.dts.freefireth,com.tencent.android.tpush.XGPushProvider
V/2019-12-06 08:49:18.098 [tpush.working.thread][TpnsChannel] [4.32][com.dts.freefireth:xg_service_v4]:ICreateSocketChannelCallback onSuccess(java.nio.SocketChannelImpl@7b2cf16,java.nio.SocketChannelImpl@7b2cf16)
I/2019-12-06 08:49:18.109 [tpush.working.thread][TpnsClient] [4.32][com.dts.freefireth:xg_service_v4]:Connect to Xinge Server succeed!
D/2019-12-06 08:49:18.259 [tpush.working.thread][TpnsChannel] [4.32][com.dts.freefireth:xg_service_v4]:Action -> sendReconnMessage with token - 03fff04496b00ca64380acef2def0ddee94f133e
V/2019-12-06 08:49:18.269 [tpush.working.thread][TpnsChannel] [4.32][com.dts.freefireth:xg_service_v4]:Action -> checkAndSetupClient( tpnsClient = a(ip:203.205.254.169,port:14000,protocol:tcp), isClientCreating = false)
I/2019-12-06 08:49:18.288 [TpnsClient][TpnsClient] [4.32][com.dts.freefireth:xg_service_v4]:TpnsClient is running and ready for send and recevie msg.
D/2019-12-06 08:49:18.327 [TpnsClient][TpnsChannel] [4.32][com.dts.freefireth:xg_service_v4]:Action -> clientDidSendPacket packet : h protocol = 1 command = TPNS_COMMAND_RECONNECT isResponse = false packetLength = 410
D/2019-12-06 08:49:18.490 [TpnsClient][TpnsClient] [4.32][com.dts.freefireth:xg_service_v4]:####Read one pkg with length = 35
D/2019-12-06 08:49:18.608 [TpnsClient][TpnsChannel] [4.32][com.dts.freefireth:xg_service_v4]:Action -> clientDidReceivePacket packet : g protocol = 1 command = TPNS_COMMAND_RECONNECT isResponse = true packetLength = 20
D/2019-12-06 08:49:18.633 [TpnsClient][TpnsChannel] [4.32][com.dts.freefireth:xg_service_v4]:Action -> clientDidReceivePacket RequestSuccRunnable NEV1 : g protocol = 1 command = TPNS_COMMAND_RECONNECT isResponse = true packetLength = 20
D/2019-12-06 08:49:18.692 [tpush.working.thread][PushServiceNetworkHandler] [4.32][com.dts.freefireth:xg_service_v4]:reconnCallback onResponse request:token: 03fff04496b00ca64380acef2def0ddee94f133e
deviceId: 461cd78e57077d4042d1f10aa4706adc
networkType: 1
unregInfoList: 0, []
recvMsgList: 0, []
mutableInfo: {
	ssid: "ASUS_A8"
	bssid: 04:92:26:66:a3:a8
	mac: 02:00:00:00:00:00
	wflist: 
}
deviceType: 0
msgClickList: null	sdkVersion: 4.32
reserved: {"new_mid":"03fff04496b00ca64380acef2def0ddee94f133e","new_mid_v":"4.07","app_accessids":[2100275588]}
connVersion: 4
guid: 9053918568
ts: 0
configVersion: -1
, responseCode:0, response:confVersion: 32
appOfflinePushMsgList: 0, []
timeUs: 1575600558714272

W/2019-12-06 08:49:18.701 [TpnsClient][TPush] [4.32][com.dts.freefireth:xg_service_v4]:setAndAllowWhileIdle [class java.lang.Integer, class java.lang.Long, class android.app.PendingIntent]
D/2019-12-06 08:49:18.707 [tpush.working.thread][PushServiceNetworkHandler] [4.32][com.dts.freefireth:xg_service_v4]:reconnCallback onResponse rsp==null?:false
D/2019-12-06 08:49:18.718 [tpush.working.thread][PushServiceNetworkHandler] [4.32][com.dts.freefireth:xg_service_v4]:loadIPList :32
D/2019-12-06 08:49:18.779 [tpush.working.thread][PushServiceNetworkHandler] [4.32][com.dts.freefireth:xg_service_v4]:sendMessage TpnsGetApListReq:netInfo: {
	ip: 0
	network: 1
	op: 0
}

V/2019-12-06 08:49:18.789 [tpush.working.thread][TpnsChannel] [4.32][com.dts.freefireth:xg_service_v4]:Action -> checkAndSetupClient( tpnsClient = a(ip:203.205.254.169,port:14000,protocol:tcp), isClientCreating = false)
D/2019-12-06 08:49:18.802 [TpnsClient][TpnsChannel] [4.32][com.dts.freefireth:xg_service_v4]:Action -> clientDidSendPacket packet : h protocol = 1 command = TPNS_COMMAND_GET_APLIST isResponse = false packetLength = 28
D/2019-12-06 08:49:19.085 [TpnsClient][TpnsClient] [4.32][com.dts.freefireth:xg_service_v4]:####Read one pkg with length = 146
D/2019-12-06 08:49:19.142 [TpnsClient][TpnsChannel] [4.32][com.dts.freefireth:xg_service_v4]:Action -> clientDidReceivePacket packet : g protocol = 1 command = TPNS_COMMAND_GET_APLIST isResponse = true packetLength = 131
D/2019-12-06 08:49:19.157 [TpnsClient][TpnsChannel] [4.32][com.dts.freefireth:xg_service_v4]:Action -> clientDidReceivePacket RequestSuccRunnable NEV1 : g protocol = 1 command = TPNS_COMMAND_GET_APLIST isResponse = true packetLength = 131
W/2019-12-06 08:49:19.192 [TpnsClient][TPush] [4.32][com.dts.freefireth:xg_service_v4]:setAndAllowWhileIdle [class java.lang.Integer, class java.lang.Long, class android.app.PendingIntent]
D/2019-12-06 08:49:19.193 [tpush.working.thread][TPush] [4.32][com.dts.freefireth:xg_service_v4]:apList.primary serverItem ip:203.205.146.122,port:80
D/2019-12-06 08:49:19.213 [tpush.working.thread][TPush] [4.32][com.dts.freefireth:xg_service_v4]:apList.primary serverItem ip:203.205.146.122,port:14000
D/2019-12-06 08:49:19.222 [tpush.working.thread][TPush] [4.32][com.dts.freefireth:xg_service_v4]:apList.primary serverItem ip:203.205.146.122,port:8080
D/2019-12-06 08:49:19.230 [tpush.working.thread][TPush] [4.32][com.dts.freefireth:xg_service_v4]:apList.primary serverItem ip:203.205.146.122,port:443
D/2019-12-06 08:49:19.238 [tpush.working.thread][TPush] [4.32][com.dts.freefireth:xg_service_v4]:apList.primary serverItem ip:203.205.146.122,port:80
D/2019-12-06 08:49:19.247 [tpush.working.thread][TPush] [4.32][com.dts.freefireth:xg_service_v4]:apList.primary serverItem ip:203.205.146.122,port:14000
D/2019-12-06 08:49:19.256 [tpush.working.thread][TPush] [4.32][com.dts.freefireth:xg_service_v4]:apList.primary serverItem ip:203.205.146.122,port:8080
D/2019-12-06 08:49:19.267 [tpush.working.thread][TPush] [4.32][com.dts.freefireth:xg_service_v4]:apList.primary serverItem ip:203.205.146.122,port:443
D/2019-12-06 08:49:19.289 [tpush.working.thread][TPush] [4.32][com.dts.freefireth:xg_service_v4]:apList.primary serverItem ip:203.205.146.122,port:80
D/2019-12-06 08:49:19.348 [tpush.working.thread][TPush] [4.32][com.dts.freefireth:xg_service_v4]:apList.primary serverItem ip:203.205.146.122,port:14000
D/2019-12-06 08:49:19.368 [tpush.working.thread][TPush] [4.32][com.dts.freefireth:xg_service_v4]:apList.primary serverItem ip:203.205.146.122,port:8080
D/2019-12-06 08:49:19.395 [tpush.working.thread][TPush] [4.32][com.dts.freefireth:xg_service_v4]:apList.primary serverItem ip:203.205.146.122,port:443
D/2019-12-06 08:49:19.407 [tpush.working.thread][TPush] [4.32][com.dts.freefireth:xg_service_v4]:apList.secondary serverItem ip:183.3.234.243,port:80
D/2019-12-06 08:49:19.443 [tpush.working.thread][TPush] [4.32][com.dts.freefireth:xg_service_v4]:apList.secondary serverItem ip:183.3.234.243,port:14000
D/2019-12-06 08:49:19.466 [tpush.working.thread][TPush] [4.32][com.dts.freefireth:xg_service_v4]:apList.secondary serverItem ip:183.3.234.243,port:8080
D/2019-12-06 08:49:19.478 [tpush.working.thread][TPush] [4.32][com.dts.freefireth:xg_service_v4]:apList.secondary serverItem ip:183.3.234.243,port:443
D/2019-12-06 08:49:19.508 [tpush.working.thread][TPush] [4.32][com.dts.freefireth:xg_service_v4]:apList.secondary serverItem ip:183.232.98.178,port:80
D/2019-12-06 08:49:19.558 [tpush.working.thread][TPush] [4.32][com.dts.freefireth:xg_service_v4]:apList.secondary serverItem ip:183.232.98.178,port:14000
D/2019-12-06 08:49:19.585 [tpush.working.thread][TPush] [4.32][com.dts.freefireth:xg_service_v4]:apList.secondary serverItem ip:183.232.98.178,port:8080
D/2019-12-06 08:49:19.603 [tpush.working.thread][TPush] [4.32][com.dts.freefireth:xg_service_v4]:apList.secondary serverItem ip:183.232.98.178,port:443
D/2019-12-06 08:49:19.617 [tpush.working.thread][TPush] [4.32][com.dts.freefireth:xg_service_v4]:apList.secondary serverItem ip:58.251.81.126,port:80
D/2019-12-06 08:49:19.630 [tpush.working.thread][TPush] [4.32][com.dts.freefireth:xg_service_v4]:apList.secondary serverItem ip:58.251.81.126,port:14000
D/2019-12-06 08:49:19.645 [tpush.working.thread][TPush] [4.32][com.dts.freefireth:xg_service_v4]:apList.secondary serverItem ip:58.251.81.126,port:8080
D/2019-12-06 08:49:19.681 [tpush.working.thread][TPush] [4.32][com.dts.freefireth:xg_service_v4]:apList.secondary serverItem ip:58.251.81.126,port:443
V/2019-12-06 08:49:20.014 [main][TpnsChannel] [4.32][com.dts.freefireth:xg_service_v4]:Action -> checkAndSetupClient( tpnsClient = a(ip:203.205.254.169,port:14000,protocol:tcp), isClientCreating = false)
D/2019-12-06 08:49:22.419 [tpush.working.thread][TPush] [4.32][com.dts.freefireth:xg_service_v4]:apList.speedTestIpList serverItem ip:2056441291,port:80
D/2019-12-06 08:49:22.437 [tpush.working.thread][TPush] [4.32][com.dts.freefireth:xg_service_v4]:apList.speedTestIpList serverItem ip:2056441291,port:14000
D/2019-12-06 08:49:22.454 [tpush.working.thread][TPush] [4.32][com.dts.freefireth:xg_service_v4]:apList.speedTestIpList serverItem ip:2056441291,port:8080
D/2019-12-06 08:49:22.471 [tpush.working.thread][TPush] [4.32][com.dts.freefireth:xg_service_v4]:apList.speedTestIpList serverItem ip:2056441291,port:443
D/2019-12-06 08:49:22.493 [tpush.working.thread][TPush] [4.32][com.dts.freefireth:xg_service_v4]:apList.speedTestIpList serverItem ip:2056441291,port:80
D/2019-12-06 08:49:22.531 [tpush.working.thread][TPush] [4.32][com.dts.freefireth:xg_service_v4]:apList.speedTestIpList serverItem ip:2056441291,port:14000
D/2019-12-06 08:49:22.554 [tpush.working.thread][TPush] [4.32][com.dts.freefireth:xg_service_v4]:apList.speedTestIpList serverItem ip:2056441291,port:8080
D/2019-12-06 08:49:22.566 [tpush.working.thread][TPush] [4.32][com.dts.freefireth:xg_service_v4]:apList.speedTestIpList serverItem ip:2056441291,port:443
D/2019-12-06 08:49:22.582 [tpush.working.thread][TPush] [4.32][com.dts.freefireth:xg_service_v4]:apList.speedTestIpList serverItem ip:2056441291,port:80
D/2019-12-06 08:49:22.593 [tpush.working.thread][TPush] [4.32][com.dts.freefireth:xg_service_v4]:apList.speedTestIpList serverItem ip:2056441291,port:14000
D/2019-12-06 08:49:22.604 [tpush.working.thread][TPush] [4.32][com.dts.freefireth:xg_service_v4]:apList.speedTestIpList serverItem ip:2056441291,port:8080
D/2019-12-06 08:49:22.615 [tpush.working.thread][TPush] [4.32][com.dts.freefireth:xg_service_v4]:apList.speedTestIpList serverItem ip:2056441291,port:443
D/2019-12-06 08:49:22.650 [tpush.working.thread][TPush] [4.32][com.dts.freefireth:xg_service_v4]:apList.speedTestIpList serverItem ip:4092199863,port:80
D/2019-12-06 08:49:22.668 [tpush.working.thread][TPush] [4.32][com.dts.freefireth:xg_service_v4]:apList.speedTestIpList serverItem ip:4092199863,port:14000
D/2019-12-06 08:49:22.697 [tpush.working.thread][TPush] [4.32][com.dts.freefireth:xg_service_v4]:apList.speedTestIpList serverItem ip:4092199863,port:8080
D/2019-12-06 08:49:22.706 [tpush.working.thread][TPush] [4.32][com.dts.freefireth:xg_service_v4]:apList.speedTestIpList serverItem ip:4092199863,port:443
D/2019-12-06 08:49:22.718 [tpush.working.thread][TPush] [4.32][com.dts.freefireth:xg_service_v4]:apList.speedTestIpList serverItem ip:2119301946,port:80
D/2019-12-06 08:49:22.768 [tpush.working.thread][TPush] [4.32][com.dts.freefireth:xg_service_v4]:apList.speedTestIpList serverItem ip:2119301946,port:14000
D/2019-12-06 08:49:22.796 [tpush.working.thread][TPush] [4.32][com.dts.freefireth:xg_service_v4]:apList.speedTestIpList serverItem ip:2119301946,port:8080
D/2019-12-06 08:49:22.808 [tpush.working.thread][TPush] [4.32][com.dts.freefireth:xg_service_v4]:apList.speedTestIpList serverItem ip:2119301946,port:443
D/2019-12-06 08:49:22.838 [tpush.working.thread][TPush] [4.32][com.dts.freefireth:xg_service_v4]:apList.speedTestIpList serverItem ip:2992826551,port:80
D/2019-12-06 08:49:22.851 [tpush.working.thread][TPush] [4.32][com.dts.freefireth:xg_service_v4]:apList.speedTestIpList serverItem ip:2992826551,port:14000
D/2019-12-06 08:49:22.875 [tpush.working.thread][TPush] [4.32][com.dts.freefireth:xg_service_v4]:apList.speedTestIpList serverItem ip:2992826551,port:8080
D/2019-12-06 08:49:22.890 [tpush.working.thread][TPush] [4.32][com.dts.freefireth:xg_service_v4]:apList.speedTestIpList serverItem ip:2992826551,port:443
I/2019-12-06 08:49:37.762 [tpush.working.thread][PushServiceManager] [4.32][com.dts.freefireth:xg_service_v4]:main service pull up sloveSerice
D/2019-12-06 08:49:38.015 [tpush.working.thread][TPush] [4.32][com.dts.freefireth:xg_service_v4]:com.dts.freefireth.AUTH_XGPUSH,com.dts.freefireth,com.tencent.android.tpush.XGPushProvider
I/2019-12-06 08:49:38.042 [tpush.working.thread][TPush] [4.32][com.dts.freefireth:xg_service_v4]:heartbeat to com.dts.freefireth
I/2019-12-06 08:49:38.191 [tpush.working.thread][TPush] [4.32][com.dts.freefireth:xg_service_v4]:heartbeat com.dts.freefireth 
W/2019-12-06 08:49:38.356 [tpush.working.thread][Util] [4.32][com.dts.freefireth:xg_service_v4]:pullUpOtherServiceByProviderAndActivityJSONOject com.tencent.mtt:service
W/2019-12-06 08:49:38.488 [tpush.working.thread][Util] [4.32][com.dts.freefireth:xg_service_v4]:pullUpOtherServiceByProviderAndActivityJSONOject com.qq.xg4all:xg_vip_service
W/2019-12-06 08:49:38.590 [tpush.working.thread][Util] [4.32][com.dts.freefireth:xg_service_v4]:pullUpOtherServiceByProviderAndActivityJSONOject com.xiaotun.doorbell:xg_vip_service
W/2019-12-06 08:49:38.647 [tpush.working.thread][Util] [4.32][com.dts.freefireth:xg_service_v4]:pullUpOtherServiceByProviderAndActivityJSONOject com.yoosee:xg_vip_service
W/2019-12-06 08:49:38.743 [tpush.working.thread][Util] [4.32][com.dts.freefireth:xg_service_v4]:pullUpOtherServiceByProviderAndActivityJSONOject com.bcm.poc:xg_vip_service
W/2019-12-06 08:53:01.342 [main][Util] [4.32][com.dts.freefireth]:Util -> initGlobal can not find provider com.tencent.mid.api.MidProvider with authority com.dts.freefireth.TENCENT.MID.V3
W/2019-12-06 08:53:01.350 [main][Util] [4.32][com.dts.freefireth]:Maybe have not contentprovider: com.tencent.mid.api.MidProvider
I/2019-12-06 08:53:01.362 [main][TPush] [4.32][com.dts.freefireth]:XGPushProvider onCreate
I/2019-12-06 08:53:01.406 [Binder_1][TPush] [4.32][com.dts.freefireth]:getType uri:content://com.dts.freefireth.AUTH_XGPUSH/heart,match:30
W/2019-12-06 08:49:38.762 [tpush.working.thread][Util] [4.32][com.dts.freefireth:xg_service_v4]:pullUpOtherServiceByProviderAndActivityJSONOject com.wosai.cashbar.beta2:xg_vip_service
W/2019-12-06 08:49:38.775 [tpush.working.thread][Util] [4.32][com.dts.freefireth:xg_service_v4]:pullUpOtherServiceByProviderAndActivityJSONOject com.wosai.cashbar:xg_vip_service
D/2019-12-06 08:53:00.350 [main][TpnsChannel] [4.32][com.dts.freefireth:xg_service_v4]:Action -> send heartbeat 
V/2019-12-06 08:53:00.362 [main][TpnsChannel] [4.32][com.dts.freefireth:xg_service_v4]:Action -> checkAndSetupClient( tpnsClient = a(ip:203.205.254.169,port:14000,protocol:tcp), isClientCreating = false)
W/2019-12-06 08:53:00.375 [main][TPush] [4.32][com.dts.freefireth:xg_service_v4]:setAndAllowWhileIdle [class java.lang.Integer, class java.lang.Long, class android.app.PendingIntent]
D/2019-12-06 08:53:00.507 [main][TPush] [4.32][com.dts.freefireth:xg_service_v4]:com.dts.freefireth.AUTH_XGPUSH,com.dts.freefireth,com.tencent.android.tpush.XGPushProvider
I/2019-12-06 08:53:00.524 [main][TPush] [4.32][com.dts.freefireth:xg_service_v4]:heartbeat to com.dts.freefireth
I/2019-12-06 08:53:01.523 [main][TPush] [4.32][com.dts.freefireth:xg_service_v4]:heartbeat com.dts.freefireth 
I/2019-12-06 08:53:01.566 [main][TpnsChannel] [4.32][com.dts.freefireth:xg_service_v4]:Service bi state {"srv_stime":1575600555241,"srv_etime":1575600781524,"srv_startTime":2,"srv_freason":[".keepalive"],"hb_suc":0,"hb_failed":0,"con_suc":1,"con_failed":0}
D/2019-12-06 08:53:01.819 [TpnsClient][TpnsClient] [4.32][com.dts.freefireth:xg_service_v4]:####Read one pkg with length = 61
D/2019-12-06 08:53:01.929 [TpnsClient][TpnsChannel] [4.32][com.dts.freefireth:xg_service_v4]:Action -> clientDidReceivePacket packet : g protocol = 1 command = TPNS_COMMAND_PUSH isResponse = false packetLength = 46
D/2019-12-06 08:53:01.940 [TpnsClient][TpnsChannel] [4.32][com.dts.freefireth:xg_service_v4]:Action -> clientDidReceivePacket PushMessageRunnable NEV1 : g protocol = 1 command = TPNS_COMMAND_PUSH isResponse = false packetLength = 46
W/2019-12-06 08:53:01.954 [TpnsClient][TPush] [4.32][com.dts.freefireth:xg_service_v4]:setAndAllowWhileIdle [class java.lang.Integer, class java.lang.Long, class android.app.PendingIntent]
V/2019-12-06 08:53:01.962 [tpush.working.thread][SrvMessageManager] [4.32][com.dts.freefireth:xg_service_v4]:receive msg from service msgId = 0 pkg =  size = 1
D/2019-12-06 08:53:01.980 [tpush.working.thread][SrvMessageManager] [4.32][com.dts.freefireth:xg_service_v4]:distributeFromServer : accid=0 ,channelId=0,busiId=0,pkg=,msgId=0,type=0,ts=0,multi=0,date=,serverTime=0,ttl=0, size = 1
V/2019-12-06 08:53:01.990 [tpush.working.thread][XGService] [4.32][com.dts.freefireth:xg_service_v4]:@@ msgServiceAck: Not add LocalMsg
D/2019-12-06 08:53:02.021 [tpush.working.thread][SrvMessageManager] [4.32][com.dts.freefireth:xg_service_v4]:>> messageDistribute, msg.appPkgName is null!
D/2019-12-06 08:55:04.360 [main][XGPushReceiver] [4.32][com.dts.freefireth:xg_service_v4]:PushReceiver received android.intent.action.USER_PRESENT @@ com.dts.freefireth
V/2019-12-06 08:55:04.644 [main][TpnsChannel] [4.32][com.dts.freefireth:xg_service_v4]:Action -> checkAndSetupClient( tpnsClient = a(ip:203.205.254.169,port:14000,protocol:tcp), isClientCreating = false)
D/2019-12-06 08:56:01.960 [main][TpnsChannel] [4.32][com.dts.freefireth:xg_service_v4]:Action -> send heartbeat 
V/2019-12-06 08:56:01.977 [main][TpnsChannel] [4.32][com.dts.freefireth:xg_service_v4]:Action -> checkAndSetupClient( tpnsClient = a(ip:203.205.254.169,port:14000,protocol:tcp), isClientCreating = false)
W/2019-12-06 08:56:01.988 [main][TPush] [4.32][com.dts.freefireth:xg_service_v4]:setAndAllowWhileIdle [class java.lang.Integer, class java.lang.Long, class android.app.PendingIntent]
D/2019-12-06 08:56:02.112 [main][TPush] [4.32][com.dts.freefireth:xg_service_v4]:com.dts.freefireth.AUTH_XGPUSH,com.dts.freefireth,com.tencent.android.tpush.XGPushProvider
I/2019-12-06 08:56:02.135 [main][TPush] [4.32][com.dts.freefireth:xg_service_v4]:heartbeat to com.dts.freefireth
I/2019-12-06 08:56:02.186 [main][TPush] [4.32][com.dts.freefireth:xg_service_v4]:heartbeat com.dts.freefireth 
I/2019-12-06 08:56:02.207 [main][TpnsChannel] [4.32][com.dts.freefireth:xg_service_v4]:Service bi state {"srv_stime":1575600555241,"srv_etime":1575600962187,"srv_startTime":3,"srv_freason":[".keepalive",".keepalive"],"hb_suc":0,"hb_failed":0,"con_suc":1,"con_failed":0}
D/2019-12-06 08:56:02.372 [TpnsClient][TpnsClient] [4.32][com.dts.freefireth:xg_service_v4]:####Read one pkg with length = 61
D/2019-12-06 08:56:02.400 [TpnsClient][TpnsChannel] [4.32][com.dts.freefireth:xg_service_v4]:Action -> clientDidReceivePacket packet : g protocol = 1 command = TPNS_COMMAND_PUSH isResponse = false packetLength = 46
D/2019-12-06 08:56:02.412 [TpnsClient][TpnsChannel] [4.32][com.dts.freefireth:xg_service_v4]:Action -> clientDidReceivePacket PushMessageRunnable NEV1 : g protocol = 1 command = TPNS_COMMAND_PUSH isResponse = false packetLength = 46
W/2019-12-06 08:56:02.421 [TpnsClient][TPush] [4.32][com.dts.freefireth:xg_service_v4]:setAndAllowWhileIdle [class java.lang.Integer, class java.lang.Long, class android.app.PendingIntent]
V/2019-12-06 08:56:02.422 [tpush.working.thread][SrvMessageManager] [4.32][com.dts.freefireth:xg_service_v4]:receive msg from service msgId = 0 pkg =  size = 1
D/2019-12-06 08:56:02.434 [tpush.working.thread][SrvMessageManager] [4.32][com.dts.freefireth:xg_service_v4]:distributeFromServer : accid=0 ,channelId=0,busiId=0,pkg=,msgId=0,type=0,ts=0,multi=0,date=,serverTime=0,ttl=0, size = 1
V/2019-12-06 08:56:02.446 [tpush.working.thread][XGService] [4.32][com.dts.freefireth:xg_service_v4]:@@ msgServiceAck: Not add LocalMsg
D/2019-12-06 08:56:02.454 [tpush.working.thread][SrvMessageManager] [4.32][com.dts.freefireth:xg_service_v4]:>> messageDistribute, msg.appPkgName is null!
D/2019-12-06 08:56:43.711 [TpnsClient][TpnsClient] [4.32][com.dts.freefireth:xg_service_v4]:####Read one pkg with length = 108
D/2019-12-06 08:56:43.754 [TpnsClient][TpnsChannel] [4.32][com.dts.freefireth:xg_service_v4]:Action -> clientDidReceivePacket packet : g protocol = 1 command = TPNS_COMMAND_REGISTER isResponse = true packetLength = 93
D/2019-12-06 08:56:43.768 [TpnsClient][TpnsChannel] [4.32][com.dts.freefireth:xg_service_v4]:Action -> clientDidReceivePacket RequestSuccRunnable NEV1 : g protocol = 1 command = TPNS_COMMAND_REGISTER isResponse = true packetLength = 93
W/2019-12-06 08:56:43.786 [TpnsClient][TPush] [4.32][com.dts.freefireth:xg_service_v4]:setAndAllowWhileIdle [class java.lang.Integer, class java.lang.Long, class android.app.PendingIntent]
D/2019-12-06 08:56:43.808 [TpnsClient][TpnsClient] [4.32][com.dts.freefireth:xg_service_v4]:####Read one pkg with length = 33
D/2019-12-06 08:56:43.815 [tpush.working.thread][a] [4.32][com.dts.freefireth:xg_service_v4]:>> Register [accId = 2100275588 , packName = com.dts.freefireth , rsp = 216]
D/2019-12-06 08:56:43.902 [TpnsClient][TpnsChannel] [4.32][com.dts.freefireth:xg_service_v4]:Action -> clientDidReceivePacket packet : g protocol = 1 command = TPNS_COMMAND_PUSH isResponse = false packetLength = 18
D/2019-12-06 08:56:43.911 [TpnsClient][TpnsChannel] [4.32][com.dts.freefireth:xg_service_v4]:Action -> clientDidReceivePacket PushMessageRunnable NEV1 : g protocol = 1 command = TPNS_COMMAND_PUSH isResponse = false packetLength = 18
D/2019-12-06 08:56:43.918 [tpush.working.thread][TpnsChannel] [4.32][com.dts.freefireth:xg_service_v4]:Action -> sendReconnMessage with token - 03fff04496b00ca64380acef2def0ddee94f133e
W/2019-12-06 08:56:43.928 [TpnsClient][TPush] [4.32][com.dts.freefireth:xg_service_v4]:setAndAllowWhileIdle [class java.lang.Integer, class java.lang.Long, class android.app.PendingIntent]
V/2019-12-06 08:56:43.951 [tpush.working.thread][TpnsChannel] [4.32][com.dts.freefireth:xg_service_v4]:Action -> checkAndSetupClient( tpnsClient = a(ip:203.205.254.169,port:14000,protocol:tcp), isClientCreating = false)
D/2019-12-06 08:56:43.972 [TpnsClient][TpnsChannel] [4.32][com.dts.freefireth:xg_service_v4]:Action -> clientDidSendPacket packet : h protocol = 1 command = TPNS_COMMAND_RECONNECT isResponse = false packetLength = 282
D/2019-12-06 08:56:44.133 [TpnsClient][TpnsClient] [4.32][com.dts.freefireth:xg_service_v4]:####Read one pkg with length = 35
D/2019-12-06 08:56:44.160 [TpnsClient][TpnsChannel] [4.32][com.dts.freefireth:xg_service_v4]:Action -> clientDidReceivePacket packet : g protocol = 1 command = TPNS_COMMAND_RECONNECT isResponse = true packetLength = 20
D/2019-12-06 08:56:44.172 [TpnsClient][TpnsChannel] [4.32][com.dts.freefireth:xg_service_v4]:Action -> clientDidReceivePacket RequestSuccRunnable NEV1 : g protocol = 1 command = TPNS_COMMAND_RECONNECT isResponse = true packetLength = 20
W/2019-12-06 08:56:44.190 [TpnsClient][TPush] [4.32][com.dts.freefireth:xg_service_v4]:setAndAllowWhileIdle [class java.lang.Integer, class java.lang.Long, class android.app.PendingIntent]
D/2019-12-06 08:56:44.198 [tpush.working.thread][PushServiceNetworkHandler] [4.32][com.dts.freefireth:xg_service_v4]:reconnCallback onResponse request:token: 03fff04496b00ca64380acef2def0ddee94f133e
deviceId: 461cd78e57077d4042d1f10aa4706adc
networkType: 1
unregInfoList: 0, []
recvMsgList: 0, []
mutableInfo: {
	ssid: "ASUS_A8"
	bssid: 04:92:26:66:a3:a8
	mac: 02:00:00:00:00:00
	wflist: 
}
deviceType: 0
msgClickList: null	sdkVersion: 4.32
reserved: {"new_mid":"03fff04496b00ca64380acef2def0ddee94f133e","new_mid_v":"4.07","app_accessids":[2100275588]}
connVersion: 4
guid: 9053918568
ts: 0
configVersion: -1
, responseCode:0, response:confVersion: 32
appOfflinePushMsgList: 0, []
timeUs: 1575601004355865

D/2019-12-06 08:56:44.212 [tpush.working.thread][PushServiceNetworkHandler] [4.32][com.dts.freefireth:xg_service_v4]:reconnCallback onResponse rsp==null?:false
D/2019-12-06 08:56:44.222 [tpush.working.thread][PushServiceNetworkHandler] [4.32][com.dts.freefireth:xg_service_v4]:loadIPList :32
I/2019-12-06 08:56:44.423 [tpush.working.thread][a] [4.32][com.dts.freefireth:xg_service_v4]:binder other push token with accid = 2100275588  token = 03fff04496b00ca64380acef2def0ddee94f133e otherPushType = fcm otherPushToken = eWi4eiJT5PU:APA91bHwBmWv_fWK2yE6FsohOYSBa6P3uZNKjC9i9_ZdEBH40CikLO-0hxotUYzg9byY6sMfSemHYo4jLWw3i5RtLESzuev8hCzp59OYv7Ct6oaAOoRT9nxPqW2eVs896M2JlzbfytgQ
I/2019-12-06 08:56:44.447 [tpush.working.thread][a] [4.32][com.dts.freefireth:xg_service_v4]:Already binder other push succeed token with accid = 2100275588  token = 03fff04496b00ca64380acef2def0ddee94f133e otherPushType = fcm otherPushToken = eWi4eiJT5PU:APA91bHwBmWv_fWK2yE6FsohOYSBa6P3uZNKjC9i9_ZdEBH40CikLO-0hxotUYzg9byY6sMfSemHYo4jLWw3i5RtLESzuev8hCzp59OYv7Ct6oaAOoRT9nxPqW2eVs896M2JlzbfytgQ
D/2019-12-06 08:56:44.466 [tpush.working.thread][PushServiceNetworkHandler] [4.32][com.dts.freefireth:xg_service_v4]:Action -> sendTag to server (2100275588,com.dts.freefireth)
V/2019-12-06 08:56:44.478 [tpush.working.thread][TpnsChannel] [4.32][com.dts.freefireth:xg_service_v4]:Action -> checkAndSetupClient( tpnsClient = a(ip:203.205.254.169,port:14000,protocol:tcp), isClientCreating = false)
D/2019-12-06 08:56:44.490 [TpnsClient][TpnsChannel] [4.32][com.dts.freefireth:xg_service_v4]:Action -> clientDidSendPacket packet : h protocol = 1 command = TPNS_COMMAND_TAG isResponse = false packetLength = 106
D/2019-12-06 08:56:44.684 [TpnsClient][TpnsClient] [4.32][com.dts.freefireth:xg_service_v4]:####Read one pkg with length = 23
D/2019-12-06 08:56:44.712 [TpnsClient][TpnsChannel] [4.32][com.dts.freefireth:xg_service_v4]:Action -> clientDidReceivePacket packet : g protocol = 1 command = TPNS_COMMAND_TAG isResponse = true packetLength = 8
D/2019-12-06 08:56:44.723 [TpnsClient][TpnsChannel] [4.32][com.dts.freefireth:xg_service_v4]:Action -> clientDidReceivePacket RequestSuccRunnable NEV1 : g protocol = 1 command = TPNS_COMMAND_TAG isResponse = true packetLength = 8
I/2019-12-06 08:56:44.734 [tpush.working.thread][a] [4.32][com.dts.freefireth:xg_service_v4]:Set tag ack success  [accId = 2100275588 , tagtype = 6 , tagName = in_clan_True language_en environment_live first_time_paid_True region_IND, tagReserved = , packName = com.dts.freefireth , rsp = 233]
W/2019-12-06 08:56:44.748 [TpnsClient][TPush] [4.32][com.dts.freefireth:xg_service_v4]:setAndAllowWhileIdle [class java.lang.Integer, class java.lang.Long, class android.app.PendingIntent]
