W/2019-12-01 16:08:04.125 [main][Util] [4.32][com.dts.freefireth:xg_service_v4]:Util -> initGlobal can not find provider com.tencent.mid.api.MidProvider with authority com.dts.freefireth.TENCENT.MID.V3
W/2019-12-01 16:08:04.168 [main][Util] [4.32][com.dts.freefireth:xg_service_v4]:Maybe have not contentprovider: com.tencent.mid.api.MidProvider
E/2019-12-01 16:08:04.188 [main][PushServiceManager] [4.32][com.dts.freefireth:xg_service_v4]:startService failed, intent:Intent { act=com.tencent.android.tpush.action.keepalive cmp=com.dts.freefireth/com.tencent.android.tpush.service.XGPushServiceV4 }, ex:android.content.ReceiverCallNotAllowedException: BroadcastReceiver components are not allowed to bind to services
W/2019-12-01 16:08:13.434 [main][Util] [4.32][com.dts.freefireth:xg_service_v4]:Util -> initGlobal can not find provider com.tencent.mid.api.MidProvider with authority com.dts.freefireth.TENCENT.MID.V3
W/2019-12-01 16:08:13.442 [main][Util] [4.32][com.dts.freefireth:xg_service_v4]:Maybe have not contentprovider: com.tencent.mid.api.MidProvider
V/2019-12-01 16:08:13.470 [main][PushServiceManager] [4.32][com.dts.freefireth:xg_service_v4]:bindService ret:true
D/2019-12-01 16:08:13.630 [main][XGPushService] [4.32][com.dts.freefireth:xg_service_v4]:reportLastServiceState {"srv_stime":1575187404979,"srv_etime":1575194296093,"srv_startTime":39,"srv_freason":[".keepalive",".keepalive",".keepalive",".keepalive",".start_slave",".keepalive",".stop_connect",".stop_connect",".keepalive",".keepalive"],"hb_suc":0,"hb_failed":4,"hb_freason":[{"errorCode":10101,"np":-1},{"errorCode":10101,"np":-1},{"errorCode":10101,"np":-1},{"errorCode":10101,"np":-1}],"con_suc":4,"con_failed":18,"con_freason":[{"errorCode":10103,"np":-1},{"errorCode":10101,"np":1},{"errorCode":10103,"np":1},{"errorCode":10103,"np":-1},{"errorCode":10103,"np":-1},{"errorCode":10101,"np":1},{"errorCode":10101,"np":1},{"errorCode":10101,"np":1},{"errorCode":10101,"np":-1},{"errorCode":10101,"np":-1}]}
D/2019-12-01 16:08:13.904 [Thread-2336][TPush] [4.32][com.dts.freefireth:xg_service_v4]:com.dts.freefireth.AUTH_XGPUSH,com.dts.freefireth,com.tencent.android.tpush.XGPushProvider
D/2019-12-01 16:08:13.957 [main][a] [4.32][com.dts.freefireth:xg_service_v4]:network chanced:Intent { act=android.net.conn.CONNECTIVITY_CHANGE flg=0x4000010 (has extras) }
D/2019-12-01 16:08:13.981 [main][OptimalLinkSelector] [4.32][com.dts.freefireth:xg_service_v4]:Connection state changed to - [type: WIFI[], state: CONNECTED/CONNECTED, reason: (unspecified), extra: "ASUS_A8", roaming: false, failover: false, isAvailable: true]
D/2019-12-01 16:08:14.059 [main][OptimalLinkSelector] [4.32][com.dts.freefireth:xg_service_v4]:Connected with network type WIFI
V/2019-12-01 16:08:14.258 [main][PushServiceManager] [4.32][com.dts.freefireth:xg_service_v4]:(ignore) running v4 service count 0
I/2019-12-01 16:08:14.278 [main][XGService] [4.32][com.dts.freefireth:xg_service_v4]:getSocketName: tencentxgpush
I/2019-12-01 16:08:14.297 [main][XGService] [4.32][com.dts.freefireth:xg_service_v4]:getSocketName: tencentxgpush
V/2019-12-01 16:08:14.338 [main][PushServiceManager] [4.32][com.dts.freefireth:xg_service_v4]:tryToKeepServiceAlive socketFinalName:17b8f414a85dd456a15585b41d7f686f03fff04496b00ca64380acef2def0ddee94f133e
I/2019-12-01 16:08:14.364 [main][f] [4.32][com.dts.freefireth:xg_service_v4]:is xg_service
I/2019-12-01 16:08:14.379 [main][PushServiceManager] [4.32][com.dts.freefireth:xg_service_v4]:start as main service......
I/2019-12-01 16:08:14.417 [main][PushServiceManager] [4.32][com.dts.freefireth:xg_service_v4]:Service's first running at com.dts.freefireth version : 4.32
I/2019-12-01 16:08:14.429 [main][a] [4.32][com.dts.freefireth:xg_service_v4]:handleServiceInited, beforeInitedIntents size:0
V/2019-12-01 16:08:14.594 [main][TpnsChannel] [4.32][com.dts.freefireth:xg_service_v4]:Action -> checkAndSetupClient( tpnsClient = null, isClientCreating = false)
D/2019-12-01 16:08:14.679 [tpush.working.thread][XGHorse] [4.32][com.dts.freefireth:xg_service_v4]:Action ->  createOptimalSocketChannel run
D/2019-12-01 16:08:14.696 [tpush.working.thread][XGHorse] [4.32][com.dts.freefireth:xg_service_v4]:Action ->  createOptimalSocketChannel run
D/2019-12-01 16:08:14.782 [tpush.working.thread][httpDns] [4.32][com.dts.freefireth:xg_service_v4]:cacheResult:{"ips":"203.205.254.169;203.205.254.117","ttl":300,"exp":1575193631379},diff:-1263391
W/2019-12-01 16:08:14.815 [tpush.working.thread][httpDns] [4.32][com.dts.freefireth:xg_service_v4]:cacheResult Exp.
D/2019-12-01 16:08:15.052 [main][TPush] [4.32][com.dts.freefireth:xg_service_v4]:com.dts.freefireth.AUTH_XGPUSH,com.dts.freefireth,com.tencent.android.tpush.XGPushProvider
V/2019-12-01 16:08:17.082 [main][TpnsChannel] [4.32][com.dts.freefireth:xg_service_v4]:Action -> checkAndSetupClient( tpnsClient = null, isClientCreating = true)
D/2019-12-01 16:08:22.410 [main][a] [4.32][com.dts.freefireth:xg_service_v4]:network chanced:Intent { act=android.net.conn.CONNECTIVITY_CHANGE flg=0x4000010 (has extras) }
D/2019-12-01 16:08:22.485 [main][OptimalLinkSelector] [4.32][com.dts.freefireth:xg_service_v4]:Connection state changed to - [type: WIFI[], state: DISCONNECTED/DISCONNECTED, reason: (unspecified), extra: "ASUS_A8", roaming: false, failover: false, isAvailable: true]
D/2019-12-01 16:08:22.495 [main][OptimalLinkSelector] [4.32][com.dts.freefireth:xg_service_v4]:NetworkInfo.State.DISCONNECTED with network type = WIFI
I/2019-12-01 16:08:22.534 [main][PushServiceManager] [4.32][com.dts.freefireth:xg_service_v4]:Action -> stop Current Connect
D/2019-12-01 16:08:22.576 [main][a] [4.32][com.dts.freefireth:xg_service_v4]:network chanced:Intent { act=android.net.conn.CONNECTIVITY_CHANGE flg=0x4000010 (has extras) }
D/2019-12-01 16:08:22.588 [main][OptimalLinkSelector] [4.32][com.dts.freefireth:xg_service_v4]:Connection state changed to - [type: MOBILE[HSPA], state: CONNECTED/CONNECTED, reason: (unspecified), extra: internet, roaming: false, failover: false, isAvailable: true]
D/2019-12-01 16:08:22.599 [main][OptimalLinkSelector] [4.32][com.dts.freefireth:xg_service_v4]:Connected with network type MOBILE
V/2019-12-01 16:08:24.715 [main][TpnsChannel] [4.32][com.dts.freefireth:xg_service_v4]:Action -> checkAndSetupClient( tpnsClient = null, isClientCreating = false)
D/2019-12-01 16:08:27.932 [main][XGPushReceiver] [4.32][com.dts.freefireth:xg_service_v4]:PushReceiver received android.net.conn.CONNECTIVITY_CHANGE @@ com.dts.freefireth
D/2019-12-01 16:08:27.965 [main][OptimalLinkSelector] [4.32][com.dts.freefireth:xg_service_v4]:Connection state changed to - [type: WIFI[], state: DISCONNECTED/DISCONNECTED, reason: (unspecified), extra: "ASUS_A8", roaming: false, failover: false, isAvailable: true]
D/2019-12-01 16:08:27.989 [main][OptimalLinkSelector] [4.32][com.dts.freefireth:xg_service_v4]:NetworkInfo.State.DISCONNECTED with network type = WIFI
D/2019-12-01 16:08:32.756 [main][XGPushReceiver] [4.32][com.dts.freefireth:xg_service_v4]:PushReceiver received android.net.conn.CONNECTIVITY_CHANGE @@ com.dts.freefireth
D/2019-12-01 16:08:32.772 [main][OptimalLinkSelector] [4.32][com.dts.freefireth:xg_service_v4]:Connection state changed to - [type: MOBILE[HSPA], state: CONNECTED/CONNECTED, reason: (unspecified), extra: internet, roaming: false, failover: false, isAvailable: true]
D/2019-12-01 16:08:32.783 [main][OptimalLinkSelector] [4.32][com.dts.freefireth:xg_service_v4]:Connected with network type MOBILE
V/2019-12-01 16:08:34.894 [main][TpnsChannel] [4.32][com.dts.freefireth:xg_service_v4]:Action -> checkAndSetupClient( tpnsClient = null, isClientCreating = true)
E/2019-12-01 16:08:36.302 [tpush.working.thread][XGService] [4.32][com.dts.freefireth:xg_service_v4]:
* Exception : 

E/2019-12-01 16:08:37.206 [tpush.working.thread][XGService] [4.32][com.dts.freefireth:xg_service_v4]:getStrategyItems is null
D/2019-12-01 16:08:37.216 [tpush.working.thread][SocketClient] [4.32][com.dts.freefireth:xg_service_v4]:httpdns error use defulltitems serverIp=183.232.98.178,serverPort=443, proxyIp=,proxyPort=80, protocolType=tcp, redirect=0
D/2019-12-01 16:08:37.226 [tpush.working.thread][SocketClient] [4.32][com.dts.freefireth:xg_service_v4]:connect to 183.232.98.178:443
E/2019-12-01 16:08:38.257 [tpush.working.thread][SocketClient] [4.32][com.dts.freefireth:xg_service_v4]:socket connect error
* Exception : 
java.net.ConnectException: failed to connect to /183.232.98.178 (port 443) after 30000ms: isConnected failed: ECONNREFUSED (Connection refused)
	at libcore.io.IoBridge.isConnected(IoBridge.java:257)
	at libcore.io.IoBridge.connectErrno(IoBridge.java:193)
	at libcore.io.IoBridge.connect(IoBridge.java:127)
	at java.net.PlainSocketImpl.connect(PlainSocketImpl.java:188)
	at java.net.PlainSocketImpl.connect(PlainSocketImpl.java:457)
	at java.net.Socket.connect(Socket.java:927)
	at java.nio.SocketChannelImpl$SocketAdapter.connect(SocketChannelImpl.java:531)
	at com.tencent.android.tpush.horse.e.a(ProGuard:134)
	at com.tencent.android.tpush.horse.d$1.run(ProGuard:107)
	at android.os.Handler.handleCallback(Handler.java:815)
	at android.os.Handler.dispatchMessage(Handler.java:104)
	at android.os.Looper.loop(Looper.java:207)
	at android.os.HandlerThread.run(HandlerThread.java:61)
Caused by: android.system.ErrnoException: isConnected failed: ECONNREFUSED (Connection refused)
	at libcore.io.IoBridge.isConnected(IoBridge.java:246)
	... 12 more

E/2019-12-01 16:08:38.266 [tpush.working.thread][SocketClient] [4.32][com.dts.freefireth:xg_service_v4]:notifyFail
* Exception : 
java.util.NoSuchElementException
	at java.util.AbstractQueue.remove(AbstractQueue.java:88)
	at com.tencent.android.tpush.horse.e.d(ProGuard:222)
	at com.tencent.android.tpush.horse.e.a(ProGuard:142)
	at com.tencent.android.tpush.horse.d$1.run(ProGuard:107)
	at android.os.Handler.handleCallback(Handler.java:815)
	at android.os.Handler.dispatchMessage(Handler.java:104)
	at android.os.Looper.loop(Looper.java:207)
	at android.os.HandlerThread.run(HandlerThread.java:61)

E/2019-12-01 16:08:38.276 [tpush.working.thread][XGHorse] [4.32][com.dts.freefireth:xg_service_v4]:createOptimalSocketChannel error
* Exception : 
com.tencent.android.tpush.service.channel.exception.HorseIgnoreException: null
	at com.tencent.android.tpush.horse.e.a(ProGuard:144)
	at com.tencent.android.tpush.horse.d$1.run(ProGuard:107)
	at android.os.Handler.handleCallback(Handler.java:815)
	at android.os.Handler.dispatchMessage(Handler.java:104)
	at android.os.Looper.loop(Looper.java:207)
	at android.os.HandlerThread.run(HandlerThread.java:61)
Caused by: java.net.ConnectException: failed to connect to /183.232.98.178 (port 443) after 30000ms: isConnected failed: ECONNREFUSED (Connection refused)
	at libcore.io.IoBridge.isConnected(IoBridge.java:257)
	at libcore.io.IoBridge.connectErrno(IoBridge.java:193)
	at libcore.io.IoBridge.connect(IoBridge.java:127)
	at java.net.PlainSocketImpl.connect(PlainSocketImpl.java:188)
	at java.net.PlainSocketImpl.connect(PlainSocketImpl.java:457)
	at java.net.Socket.connect(Socket.java:927)
	at java.nio.SocketChannelImpl$SocketAdapter.connect(SocketChannelImpl.java:531)
	at com.tencent.android.tpush.horse.e.a(ProGuard:134)
	... 5 more
Caused by: android.system.ErrnoException: isConnected failed: ECONNREFUSED (Connection refused)
	at libcore.io.IoBridge.isConnected(IoBridge.java:246)
	... 12 more

E/2019-12-01 16:08:38.285 [tpush.working.thread][TpnsChannel] [4.32][com.dts.freefireth:xg_service_v4]:ICreateSocketChannelCallback onFailure(10101,create tcp channel fail!)
I/2019-12-01 16:08:38.293 [tpush.working.thread][TpnsChannel] [4.32][com.dts.freefireth:xg_service_v4]:Connect to Xinge Server failed!
D/2019-12-01 16:08:38.479 [tpush.working.thread][XGHorse] [4.32][com.dts.freefireth:xg_service_v4]:Action ->  createOptimalSocketChannel run
D/2019-12-01 16:08:38.492 [tpush.working.thread][XGHorse] [4.32][com.dts.freefireth:xg_service_v4]:Action ->  createOptimalSocketChannel run
D/2019-12-01 16:08:38.565 [tpush.working.thread][httpDns] [4.32][com.dts.freefireth:xg_service_v4]:cacheResult:{"ips":"203.205.254.169;203.205.254.117","ttl":300,"exp":1575193631379},diff:-1287179
W/2019-12-01 16:08:38.572 [tpush.working.thread][httpDns] [4.32][com.dts.freefireth:xg_service_v4]:cacheResult Exp.
E/2019-12-01 16:08:39.654 [tpush.working.thread][XGService] [4.32][com.dts.freefireth:xg_service_v4]:getStrategyItems is null
D/2019-12-01 16:08:39.662 [tpush.working.thread][SocketClient] [4.32][com.dts.freefireth:xg_service_v4]:httpdns error use defulltitems serverIp=203.205.254.117,serverPort=443, proxyIp=,proxyPort=80, protocolType=tcp, redirect=0
D/2019-12-01 16:08:39.669 [tpush.working.thread][SocketClient] [4.32][com.dts.freefireth:xg_service_v4]:connect to 203.205.254.117:443
E/2019-12-01 16:08:40.676 [tpush.working.thread][SocketClient] [4.32][com.dts.freefireth:xg_service_v4]:socket connect error
* Exception : 
java.net.ConnectException: failed to connect to /203.205.254.117 (port 443) after 30000ms: isConnected failed: ECONNREFUSED (Connection refused)
	at libcore.io.IoBridge.isConnected(IoBridge.java:257)
	at libcore.io.IoBridge.connectErrno(IoBridge.java:193)
	at libcore.io.IoBridge.connect(IoBridge.java:127)
	at java.net.PlainSocketImpl.connect(PlainSocketImpl.java:188)
	at java.net.PlainSocketImpl.connect(PlainSocketImpl.java:457)
	at java.net.Socket.connect(Socket.java:927)
	at java.nio.SocketChannelImpl$SocketAdapter.connect(SocketChannelImpl.java:531)
	at com.tencent.android.tpush.horse.e.a(ProGuard:134)
	at com.tencent.android.tpush.horse.d$1.run(ProGuard:107)
	at android.os.Handler.handleCallback(Handler.java:815)
	at android.os.Handler.dispatchMessage(Handler.java:104)
	at android.os.Looper.loop(Looper.java:207)
	at android.os.HandlerThread.run(HandlerThread.java:61)
Caused by: android.system.ErrnoException: isConnected failed: ECONNREFUSED (Connection refused)
	at libcore.io.IoBridge.isConnected(IoBridge.java:246)
	... 12 more

E/2019-12-01 16:08:40.683 [tpush.working.thread][SocketClient] [4.32][com.dts.freefireth:xg_service_v4]:notifyFail
* Exception : 
java.util.NoSuchElementException
	at java.util.AbstractQueue.remove(AbstractQueue.java:88)
	at com.tencent.android.tpush.horse.e.d(ProGuard:222)
	at com.tencent.android.tpush.horse.e.a(ProGuard:142)
	at com.tencent.android.tpush.horse.d$1.run(ProGuard:107)
	at android.os.Handler.handleCallback(Handler.java:815)
	at android.os.Handler.dispatchMessage(Handler.java:104)
	at android.os.Looper.loop(Looper.java:207)
	at android.os.HandlerThread.run(HandlerThread.java:61)

E/2019-12-01 16:08:40.690 [tpush.working.thread][XGHorse] [4.32][com.dts.freefireth:xg_service_v4]:createOptimalSocketChannel error
* Exception : 
com.tencent.android.tpush.service.channel.exception.HorseIgnoreException: null
	at com.tencent.android.tpush.horse.e.a(ProGuard:144)
	at com.tencent.android.tpush.horse.d$1.run(ProGuard:107)
	at android.os.Handler.handleCallback(Handler.java:815)
	at android.os.Handler.dispatchMessage(Handler.java:104)
	at android.os.Looper.loop(Looper.java:207)
	at android.os.HandlerThread.run(HandlerThread.java:61)
Caused by: java.net.ConnectException: failed to connect to /203.205.254.117 (port 443) after 30000ms: isConnected failed: ECONNREFUSED (Connection refused)
	at libcore.io.IoBridge.isConnected(IoBridge.java:257)
	at libcore.io.IoBridge.connectErrno(IoBridge.java:193)
	at libcore.io.IoBridge.connect(IoBridge.java:127)
	at java.net.PlainSocketImpl.connect(PlainSocketImpl.java:188)
	at java.net.PlainSocketImpl.connect(PlainSocketImpl.java:457)
	at java.net.Socket.connect(Socket.java:927)
	at java.nio.SocketChannelImpl$SocketAdapter.connect(SocketChannelImpl.java:531)
	at com.tencent.android.tpush.horse.e.a(ProGuard:134)
	... 5 more
Caused by: android.system.ErrnoException: isConnected failed: ECONNREFUSED (Connection refused)
	at libcore.io.IoBridge.isConnected(IoBridge.java:246)
	... 12 more

E/2019-12-01 16:08:40.698 [tpush.working.thread][TpnsChannel] [4.32][com.dts.freefireth:xg_service_v4]:ICreateSocketChannelCallback onFailure(10101,create tcp channel fail!)
W/2019-12-01 16:08:37.092 [main][Util] [4.32][com.dts.freefireth]:Util -> initGlobal can not find provider com.tencent.mid.api.MidProvider with authority com.dts.freefireth.TENCENT.MID.V3
W/2019-12-01 16:08:37.099 [main][Util] [4.32][com.dts.freefireth]:Maybe have not contentprovider: com.tencent.mid.api.MidProvider
I/2019-12-01 16:08:37.107 [main][TPush] [4.32][com.dts.freefireth]:XGPushProvider onCreate
I/2019-12-01 16:08:40.926 [Binder_2][TPush] [4.32][com.dts.freefireth]:getType uri:content://com.dts.freefireth.AUTH_XGPUSH/heart,match:30
I/2019-12-01 16:08:40.705 [tpush.working.thread][TpnsChannel] [4.32][com.dts.freefireth:xg_service_v4]:Connect to Xinge Server failed!
I/2019-12-01 16:08:40.733 [tpush.working.thread][PushServiceManager] [4.32][com.dts.freefireth:xg_service_v4]:main service pull up sloveSerice
D/2019-12-01 16:08:40.871 [tpush.working.thread][TPush] [4.32][com.dts.freefireth:xg_service_v4]:com.dts.freefireth.AUTH_XGPUSH,com.dts.freefireth,com.tencent.android.tpush.XGPushProvider
I/2019-12-01 16:08:40.884 [tpush.working.thread][TPush] [4.32][com.dts.freefireth:xg_service_v4]:heartbeat to com.dts.freefireth
I/2019-12-01 16:08:40.983 [tpush.working.thread][TPush] [4.32][com.dts.freefireth:xg_service_v4]:heartbeat com.dts.freefireth 
W/2019-12-01 16:08:41.003 [tpush.working.thread][Util] [4.32][com.dts.freefireth:xg_service_v4]:pullUpOtherServiceByProviderAndActivityJSONOject com.tencent.mtt:service
W/2019-12-01 16:08:41.011 [tpush.working.thread][Util] [4.32][com.dts.freefireth:xg_service_v4]:pullUpOtherServiceByProviderAndActivityJSONOject com.qq.xg4all:xg_vip_service
W/2019-12-01 16:08:41.016 [tpush.working.thread][Util] [4.32][com.dts.freefireth:xg_service_v4]:pullUpOtherServiceByProviderAndActivityJSONOject com.xiaotun.doorbell:xg_vip_service
W/2019-12-01 16:08:41.022 [tpush.working.thread][Util] [4.32][com.dts.freefireth:xg_service_v4]:pullUpOtherServiceByProviderAndActivityJSONOject com.yoosee:xg_vip_service
W/2019-12-01 16:08:41.030 [tpush.working.thread][Util] [4.32][com.dts.freefireth:xg_service_v4]:pullUpOtherServiceByProviderAndActivityJSONOject com.bcm.poc:xg_vip_service
W/2019-12-01 16:08:41.035 [tpush.working.thread][Util] [4.32][com.dts.freefireth:xg_service_v4]:pullUpOtherServiceByProviderAndActivityJSONOject com.wosai.cashbar.beta2:xg_vip_service
W/2019-12-01 16:08:41.041 [tpush.working.thread][Util] [4.32][com.dts.freefireth:xg_service_v4]:pullUpOtherServiceByProviderAndActivityJSONOject com.wosai.cashbar:xg_vip_service
D/2019-12-01 16:09:01.977 [main][a] [4.32][com.dts.freefireth:xg_service_v4]:network chanced:Intent { act=android.net.conn.CONNECTIVITY_CHANGE flg=0x4000010 (has extras) }
D/2019-12-01 16:09:02.075 [main][OptimalLinkSelector] [4.32][com.dts.freefireth:xg_service_v4]:Connection state changed to - [type: MOBILE[HSPA+], state: DISCONNECTED/DISCONNECTED, reason: connected, extra: internet, roaming: false, failover: false, isAvailable: true]
D/2019-12-01 16:09:02.111 [main][OptimalLinkSelector] [4.32][com.dts.freefireth:xg_service_v4]:NetworkInfo.State.DISCONNECTED with network type = MOBILE
I/2019-12-01 16:09:02.177 [main][PushServiceManager] [4.32][com.dts.freefireth:xg_service_v4]:Action -> stop Current Connect
D/2019-12-01 16:09:02.225 [main][XGPushReceiver] [4.32][com.dts.freefireth:xg_service_v4]:PushReceiver received android.net.conn.CONNECTIVITY_CHANGE @@ com.dts.freefireth
D/2019-12-01 16:09:02.238 [main][OptimalLinkSelector] [4.32][com.dts.freefireth:xg_service_v4]:Connection state changed to - [type: MOBILE[HSPA+], state: DISCONNECTED/DISCONNECTED, reason: connected, extra: internet, roaming: false, failover: false, isAvailable: true]
D/2019-12-01 16:09:02.264 [main][OptimalLinkSelector] [4.32][com.dts.freefireth:xg_service_v4]:NetworkInfo.State.DISCONNECTED with network type = MOBILE
I/2019-12-01 16:09:02.276 [main][PushServiceManager] [4.32][com.dts.freefireth:xg_service_v4]:Action -> stop Current Connect
D/2019-12-01 16:09:02.298 [main][a] [4.32][com.dts.freefireth:xg_service_v4]:network chanced:Intent { act=android.net.conn.CONNECTIVITY_CHANGE flg=0x4000010 (has extras) }
D/2019-12-01 16:09:02.313 [main][OptimalLinkSelector] [4.32][com.dts.freefireth:xg_service_v4]:Connection state changed to - [type: WIFI[], state: CONNECTED/CONNECTED, reason: (unspecified), extra: "ASUS_A8", roaming: false, failover: false, isAvailable: true]
D/2019-12-01 16:09:02.330 [main][OptimalLinkSelector] [4.32][com.dts.freefireth:xg_service_v4]:Connected with network type WIFI
D/2019-12-01 16:09:04.775 [main][XGPushReceiver] [4.32][com.dts.freefireth:xg_service_v4]:PushReceiver received android.net.conn.CONNECTIVITY_CHANGE @@ com.dts.freefireth
D/2019-12-01 16:09:04.784 [main][OptimalLinkSelector] [4.32][com.dts.freefireth:xg_service_v4]:Connection state changed to - [type: WIFI[], state: CONNECTED/CONNECTED, reason: (unspecified), extra: "ASUS_A8", roaming: false, failover: false, isAvailable: true]
D/2019-12-01 16:09:04.797 [main][OptimalLinkSelector] [4.32][com.dts.freefireth:xg_service_v4]:Connected with network type WIFI
V/2019-12-01 16:09:04.809 [main][TpnsChannel] [4.32][com.dts.freefireth:xg_service_v4]:Action -> checkAndSetupClient( tpnsClient = null, isClientCreating = false)
D/2019-12-01 16:09:04.821 [tpush.working.thread][XGHorse] [4.32][com.dts.freefireth:xg_service_v4]:Action ->  createOptimalSocketChannel run
D/2019-12-01 16:09:04.829 [tpush.working.thread][XGHorse] [4.32][com.dts.freefireth:xg_service_v4]:Action ->  createOptimalSocketChannel run
D/2019-12-01 16:09:05.107 [tpush.working.thread][httpDns] [4.32][com.dts.freefireth:xg_service_v4]:cacheResult:{"ips":"203.205.254.169;203.205.254.117","ttl":300,"exp":1575193631379},diff:-1313721
W/2019-12-01 16:09:05.115 [tpush.working.thread][httpDns] [4.32][com.dts.freefireth:xg_service_v4]:cacheResult Exp.
V/2019-12-01 16:09:06.947 [main][TpnsChannel] [4.32][com.dts.freefireth:xg_service_v4]:Action -> checkAndSetupClient( tpnsClient = null, isClientCreating = true)
E/2019-12-01 16:09:46.247 [tpush.working.thread][XGService] [4.32][com.dts.freefireth:xg_service_v4]:
* Exception : 

E/2019-12-01 16:09:47.161 [tpush.working.thread][XGService] [4.32][com.dts.freefireth:xg_service_v4]:getStrategyItems is null
D/2019-12-01 16:09:47.179 [tpush.working.thread][SocketClient] [4.32][com.dts.freefireth:xg_service_v4]:httpdns error use defulltitems serverIp=183.232.98.178,serverPort=80, proxyIp=,proxyPort=80, protocolType=tcp, redirect=0
D/2019-12-01 16:09:47.187 [tpush.working.thread][SocketClient] [4.32][com.dts.freefireth:xg_service_v4]:connect to 183.232.98.178:80
E/2019-12-01 16:09:48.197 [tpush.working.thread][SocketClient] [4.32][com.dts.freefireth:xg_service_v4]:socket connect error
* Exception : 
java.net.ConnectException: failed to connect to /183.232.98.178 (port 80) after 30000ms: isConnected failed: ECONNREFUSED (Connection refused)
	at libcore.io.IoBridge.isConnected(IoBridge.java:257)
	at libcore.io.IoBridge.connectErrno(IoBridge.java:193)
	at libcore.io.IoBridge.connect(IoBridge.java:127)
	at java.net.PlainSocketImpl.connect(PlainSocketImpl.java:188)
	at java.net.PlainSocketImpl.connect(PlainSocketImpl.java:457)
	at java.net.Socket.connect(Socket.java:927)
	at java.nio.SocketChannelImpl$SocketAdapter.connect(SocketChannelImpl.java:531)
	at com.tencent.android.tpush.horse.e.a(ProGuard:134)
	at com.tencent.android.tpush.horse.d$1.run(ProGuard:107)
	at android.os.Handler.handleCallback(Handler.java:815)
	at android.os.Handler.dispatchMessage(Handler.java:104)
	at android.os.Looper.loop(Looper.java:207)
	at android.os.HandlerThread.run(HandlerThread.java:61)
Caused by: android.system.ErrnoException: isConnected failed: ECONNREFUSED (Connection refused)
	at libcore.io.IoBridge.isConnected(IoBridge.java:246)
	... 12 more

E/2019-12-01 16:09:48.208 [tpush.working.thread][SocketClient] [4.32][com.dts.freefireth:xg_service_v4]:notifyFail
* Exception : 
java.util.NoSuchElementException
	at java.util.AbstractQueue.remove(AbstractQueue.java:88)
	at com.tencent.android.tpush.horse.e.d(ProGuard:222)
	at com.tencent.android.tpush.horse.e.a(ProGuard:142)
	at com.tencent.android.tpush.horse.d$1.run(ProGuard:107)
	at android.os.Handler.handleCallback(Handler.java:815)
	at android.os.Handler.dispatchMessage(Handler.java:104)
	at android.os.Looper.loop(Looper.java:207)
	at android.os.HandlerThread.run(HandlerThread.java:61)

E/2019-12-01 16:09:48.217 [tpush.working.thread][XGHorse] [4.32][com.dts.freefireth:xg_service_v4]:createOptimalSocketChannel error
* Exception : 
com.tencent.android.tpush.service.channel.exception.HorseIgnoreException: null
	at com.tencent.android.tpush.horse.e.a(ProGuard:144)
	at com.tencent.android.tpush.horse.d$1.run(ProGuard:107)
	at android.os.Handler.handleCallback(Handler.java:815)
	at android.os.Handler.dispatchMessage(Handler.java:104)
	at android.os.Looper.loop(Looper.java:207)
	at android.os.HandlerThread.run(HandlerThread.java:61)
Caused by: java.net.ConnectException: failed to connect to /183.232.98.178 (port 80) after 30000ms: isConnected failed: ECONNREFUSED (Connection refused)
	at libcore.io.IoBridge.isConnected(IoBridge.java:257)
	at libcore.io.IoBridge.connectErrno(IoBridge.java:193)
	at libcore.io.IoBridge.connect(IoBridge.java:127)
	at java.net.PlainSocketImpl.connect(PlainSocketImpl.java:188)
	at java.net.PlainSocketImpl.connect(PlainSocketImpl.java:457)
	at java.net.Socket.connect(Socket.java:927)
	at java.nio.SocketChannelImpl$SocketAdapter.connect(SocketChannelImpl.java:531)
	at com.tencent.android.tpush.horse.e.a(ProGuard:134)
	... 5 more
Caused by: android.system.ErrnoException: isConnected failed: ECONNREFUSED (Connection refused)
	at libcore.io.IoBridge.isConnected(IoBridge.java:246)
	... 12 more

E/2019-12-01 16:09:48.227 [tpush.working.thread][TpnsChannel] [4.32][com.dts.freefireth:xg_service_v4]:ICreateSocketChannelCallback onFailure(10101,create tcp channel fail!)
W/2019-12-01 16:09:47.035 [main][Util] [4.32][com.dts.freefireth]:Util -> initGlobal can not find provider com.tencent.mid.api.MidProvider with authority com.dts.freefireth.TENCENT.MID.V3
W/2019-12-01 16:09:47.043 [main][Util] [4.32][com.dts.freefireth]:Maybe have not contentprovider: com.tencent.mid.api.MidProvider
I/2019-12-01 16:09:47.054 [main][TPush] [4.32][com.dts.freefireth]:XGPushProvider onCreate
I/2019-12-01 16:09:48.237 [tpush.working.thread][TpnsChannel] [4.32][com.dts.freefireth:xg_service_v4]:Connect to Xinge Server failed!
D/2019-12-01 16:10:44.477 [main][a] [4.32][com.dts.freefireth:xg_service_v4]:network chanced:Intent { act=android.net.conn.CONNECTIVITY_CHANGE flg=0x4000010 (has extras) }
D/2019-12-01 16:10:44.611 [main][OptimalLinkSelector] [4.32][com.dts.freefireth:xg_service_v4]:Connection state changed to - [type: WIFI[], state: DISCONNECTED/DISCONNECTED, reason: (unspecified), extra: <unknown ssid>, roaming: false, failover: false, isAvailable: true]
D/2019-12-01 16:10:44.798 [main][OptimalLinkSelector] [4.32][com.dts.freefireth:xg_service_v4]:DisConnected with network type WIFI
I/2019-12-01 16:10:44.867 [main][PushServiceManager] [4.32][com.dts.freefireth:xg_service_v4]:Action -> stop Current Connect
D/2019-12-01 16:10:45.023 [main][XGPushReceiver] [4.32][com.dts.freefireth:xg_service_v4]:PushReceiver received android.net.conn.CONNECTIVITY_CHANGE @@ com.dts.freefireth
D/2019-12-01 16:10:45.030 [main][OptimalLinkSelector] [4.32][com.dts.freefireth:xg_service_v4]:Connection state changed to - [type: WIFI[], state: DISCONNECTED/DISCONNECTED, reason: (unspecified), extra: <unknown ssid>, roaming: false, failover: false, isAvailable: true]
D/2019-12-01 16:10:45.035 [main][OptimalLinkSelector] [4.32][com.dts.freefireth:xg_service_v4]:DisConnected with network type WIFI
I/2019-12-01 16:10:45.041 [main][PushServiceManager] [4.32][com.dts.freefireth:xg_service_v4]:Action -> stop Current Connect
D/2019-12-01 16:10:46.006 [main][a] [4.32][com.dts.freefireth:xg_service_v4]:network chanced:Intent { act=android.net.conn.CONNECTIVITY_CHANGE flg=0x4000010 (has extras) }
D/2019-12-01 16:10:46.060 [main][OptimalLinkSelector] [4.32][com.dts.freefireth:xg_service_v4]:Connection state changed to - [type: WIFI[], state: CONNECTED/CONNECTED, reason: (unspecified), extra: "stardust", roaming: false, failover: false, isAvailable: true]
D/2019-12-01 16:10:46.097 [main][OptimalLinkSelector] [4.32][com.dts.freefireth:xg_service_v4]:Connected with network type WIFI
D/2019-12-01 16:10:48.663 [main][XGPushReceiver] [4.32][com.dts.freefireth:xg_service_v4]:PushReceiver received android.net.conn.CONNECTIVITY_CHANGE @@ com.dts.freefireth
D/2019-12-01 16:10:48.670 [main][OptimalLinkSelector] [4.32][com.dts.freefireth:xg_service_v4]:Connection state changed to - [type: WIFI[], state: CONNECTED/CONNECTED, reason: (unspecified), extra: "stardust", roaming: false, failover: false, isAvailable: true]
D/2019-12-01 16:10:48.678 [main][OptimalLinkSelector] [4.32][com.dts.freefireth:xg_service_v4]:Connected with network type WIFI
V/2019-12-01 16:10:48.697 [main][TpnsChannel] [4.32][com.dts.freefireth:xg_service_v4]:Action -> checkAndSetupClient( tpnsClient = null, isClientCreating = false)
D/2019-12-01 16:10:48.707 [tpush.working.thread][XGHorse] [4.32][com.dts.freefireth:xg_service_v4]:Action ->  createOptimalSocketChannel run
D/2019-12-01 16:10:48.714 [tpush.working.thread][XGHorse] [4.32][com.dts.freefireth:xg_service_v4]:Action ->  createOptimalSocketChannel run
D/2019-12-01 16:10:48.914 [tpush.working.thread][httpDns] [4.32][com.dts.freefireth:xg_service_v4]:cacheResult:{"ips":"203.205.254.169;203.205.254.117","ttl":300,"exp":1575193631379},diff:-1417525
W/2019-12-01 16:10:48.924 [tpush.working.thread][httpDns] [4.32][com.dts.freefireth:xg_service_v4]:cacheResult Exp.
V/2019-12-01 16:10:50.742 [main][TpnsChannel] [4.32][com.dts.freefireth:xg_service_v4]:Action -> checkAndSetupClient( tpnsClient = null, isClientCreating = true)
D/2019-12-01 16:11:01.272 [main][a] [4.32][com.dts.freefireth:xg_service_v4]:network chanced:Intent { act=android.net.conn.CONNECTIVITY_CHANGE flg=0x4000010 (has extras) }
D/2019-12-01 16:11:01.339 [main][OptimalLinkSelector] [4.32][com.dts.freefireth:xg_service_v4]:Connection state changed to - [type: WIFI[], state: DISCONNECTED/DISCONNECTED, reason: (unspecified), extra: <unknown ssid>, roaming: false, failover: false, isAvailable: true]
D/2019-12-01 16:11:01.376 [main][OptimalLinkSelector] [4.32][com.dts.freefireth:xg_service_v4]:DisConnected with network type WIFI
I/2019-12-01 16:11:01.395 [main][PushServiceManager] [4.32][com.dts.freefireth:xg_service_v4]:Action -> stop Current Connect
D/2019-12-01 16:11:02.322 [main][XGPushReceiver] [4.32][com.dts.freefireth:xg_service_v4]:PushReceiver received android.net.conn.CONNECTIVITY_CHANGE @@ com.dts.freefireth
D/2019-12-01 16:11:02.338 [main][OptimalLinkSelector] [4.32][com.dts.freefireth:xg_service_v4]:Connection state changed to - [type: WIFI[], state: DISCONNECTED/DISCONNECTED, reason: (unspecified), extra: <unknown ssid>, roaming: false, failover: false, isAvailable: true]
D/2019-12-01 16:11:02.351 [main][OptimalLinkSelector] [4.32][com.dts.freefireth:xg_service_v4]:DisConnected with network type WIFI
I/2019-12-01 16:11:02.364 [main][PushServiceManager] [4.32][com.dts.freefireth:xg_service_v4]:Action -> stop Current Connect
D/2019-12-01 16:11:02.807 [main][a] [4.32][com.dts.freefireth:xg_service_v4]:network chanced:Intent { act=android.net.conn.CONNECTIVITY_CHANGE flg=0x4000010 (has extras) }
D/2019-12-01 16:11:02.871 [main][OptimalLinkSelector] [4.32][com.dts.freefireth:xg_service_v4]:Connection state changed to - [type: WIFI[], state: CONNECTED/CONNECTED, reason: (unspecified), extra: "ASUS_A8", roaming: false, failover: false, isAvailable: true]
D/2019-12-01 16:11:02.883 [main][OptimalLinkSelector] [4.32][com.dts.freefireth:xg_service_v4]:Connected with network type WIFI
V/2019-12-01 16:11:04.941 [main][TpnsChannel] [4.32][com.dts.freefireth:xg_service_v4]:Action -> checkAndSetupClient( tpnsClient = null, isClientCreating = false)
E/2019-12-01 16:11:05.078 [tpush.working.thread][XGService] [4.32][com.dts.freefireth:xg_service_v4]:
* Exception : 

D/2019-12-01 16:11:05.953 [main][XGPushReceiver] [4.32][com.dts.freefireth:xg_service_v4]:PushReceiver received android.net.conn.CONNECTIVITY_CHANGE @@ com.dts.freefireth
D/2019-12-01 16:11:05.963 [main][OptimalLinkSelector] [4.32][com.dts.freefireth:xg_service_v4]:Connection state changed to - [type: WIFI[], state: CONNECTED/CONNECTED, reason: (unspecified), extra: "ASUS_A8", roaming: false, failover: false, isAvailable: true]
E/2019-12-01 16:11:05.978 [tpush.working.thread][XGService] [4.32][com.dts.freefireth:xg_service_v4]:getStrategyItems is null
D/2019-12-01 16:11:05.980 [main][OptimalLinkSelector] [4.32][com.dts.freefireth:xg_service_v4]:Connected with network type WIFI
D/2019-12-01 16:11:05.996 [tpush.working.thread][SocketClient] [4.32][com.dts.freefireth:xg_service_v4]:httpdns error use defulltitems serverIp=183.232.98.178,serverPort=14000, proxyIp=,proxyPort=80, protocolType=tcp, redirect=0
D/2019-12-01 16:11:06.016 [tpush.working.thread][SocketClient] [4.32][com.dts.freefireth:xg_service_v4]:connect to 183.232.98.178:14000
E/2019-12-01 16:11:07.017 [tpush.working.thread][SocketClient] [4.32][com.dts.freefireth:xg_service_v4]:socket connect error
* Exception : 
java.net.ConnectException: failed to connect to /183.232.98.178 (port 14000) after 30000ms: isConnected failed: ECONNREFUSED (Connection refused)
	at libcore.io.IoBridge.isConnected(IoBridge.java:257)
	at libcore.io.IoBridge.connectErrno(IoBridge.java:193)
	at libcore.io.IoBridge.connect(IoBridge.java:127)
	at java.net.PlainSocketImpl.connect(PlainSocketImpl.java:188)
	at java.net.PlainSocketImpl.connect(PlainSocketImpl.java:457)
	at java.net.Socket.connect(Socket.java:927)
	at java.nio.SocketChannelImpl$SocketAdapter.connect(SocketChannelImpl.java:531)
	at com.tencent.android.tpush.horse.e.a(ProGuard:134)
	at com.tencent.android.tpush.horse.d$1.run(ProGuard:107)
	at android.os.Handler.handleCallback(Handler.java:815)
	at android.os.Handler.dispatchMessage(Handler.java:104)
	at android.os.Looper.loop(Looper.java:207)
	at android.os.HandlerThread.run(HandlerThread.java:61)
Caused by: android.system.ErrnoException: isConnected failed: ECONNREFUSED (Connection refused)
	at libcore.io.IoBridge.isConnected(IoBridge.java:246)
	... 12 more

E/2019-12-01 16:11:07.025 [tpush.working.thread][SocketClient] [4.32][com.dts.freefireth:xg_service_v4]:notifyFail
* Exception : 
java.util.NoSuchElementException
	at java.util.AbstractQueue.remove(AbstractQueue.java:88)
	at com.tencent.android.tpush.horse.e.d(ProGuard:222)
	at com.tencent.android.tpush.horse.e.a(ProGuard:142)
	at com.tencent.android.tpush.horse.d$1.run(ProGuard:107)
	at android.os.Handler.handleCallback(Handler.java:815)
	at android.os.Handler.dispatchMessage(Handler.java:104)
	at android.os.Looper.loop(Looper.java:207)
	at android.os.HandlerThread.run(HandlerThread.java:61)

E/2019-12-01 16:11:07.033 [tpush.working.thread][XGHorse] [4.32][com.dts.freefireth:xg_service_v4]:createOptimalSocketChannel error
* Exception : 
com.tencent.android.tpush.service.channel.exception.HorseIgnoreException: null
	at com.tencent.android.tpush.horse.e.a(ProGuard:144)
	at com.tencent.android.tpush.horse.d$1.run(ProGuard:107)
	at android.os.Handler.handleCallback(Handler.java:815)
	at android.os.Handler.dispatchMessage(Handler.java:104)
	at android.os.Looper.loop(Looper.java:207)
	at android.os.HandlerThread.run(HandlerThread.java:61)
Caused by: java.net.ConnectException: failed to connect to /183.232.98.178 (port 14000) after 30000ms: isConnected failed: ECONNREFUSED (Connection refused)
	at libcore.io.IoBridge.isConnected(IoBridge.java:257)
	at libcore.io.IoBridge.connectErrno(IoBridge.java:193)
	at libcore.io.IoBridge.connect(IoBridge.java:127)
	at java.net.PlainSocketImpl.connect(PlainSocketImpl.java:188)
	at java.net.PlainSocketImpl.connect(PlainSocketImpl.java:457)
	at java.net.Socket.connect(Socket.java:927)
	at java.nio.SocketChannelImpl$SocketAdapter.connect(SocketChannelImpl.java:531)
	at com.tencent.android.tpush.horse.e.a(ProGuard:134)
	... 5 more
Caused by: android.system.ErrnoException: isConnected failed: ECONNREFUSED (Connection refused)
	at libcore.io.IoBridge.isConnected(IoBridge.java:246)
	... 12 more

E/2019-12-01 16:11:07.047 [tpush.working.thread][TpnsChannel] [4.32][com.dts.freefireth:xg_service_v4]:ICreateSocketChannelCallback onFailure(10101,create tcp channel fail!)
I/2019-12-01 16:11:07.057 [tpush.working.thread][TpnsChannel] [4.32][com.dts.freefireth:xg_service_v4]:Connect to Xinge Server failed!
D/2019-12-01 16:11:07.255 [tpush.working.thread][XGHorse] [4.32][com.dts.freefireth:xg_service_v4]:Action ->  createOptimalSocketChannel run
D/2019-12-01 16:11:07.265 [tpush.working.thread][XGHorse] [4.32][com.dts.freefireth:xg_service_v4]:Action ->  createOptimalSocketChannel run
V/2019-12-01 16:11:08.093 [main][TpnsChannel] [4.32][com.dts.freefireth:xg_service_v4]:Action -> checkAndSetupClient( tpnsClient = null, isClientCreating = false)
E/2019-12-01 16:11:47.484 [tpush.working.thread][XGService] [4.32][com.dts.freefireth:xg_service_v4]:
* Exception : 

E/2019-12-01 16:11:48.342 [tpush.working.thread][XGService] [4.32][com.dts.freefireth:xg_service_v4]:getStrategyItems is null
D/2019-12-01 16:11:48.363 [tpush.working.thread][SocketClient] [4.32][com.dts.freefireth:xg_service_v4]:httpdns error use defulltitems serverIp=183.232.98.178,serverPort=14000, proxyIp=,proxyPort=80, protocolType=tcp, redirect=0
D/2019-12-01 16:11:48.387 [tpush.working.thread][SocketClient] [4.32][com.dts.freefireth:xg_service_v4]:connect to 183.232.98.178:14000
E/2019-12-01 16:11:49.399 [tpush.working.thread][SocketClient] [4.32][com.dts.freefireth:xg_service_v4]:socket connect error
* Exception : 
java.net.ConnectException: failed to connect to /183.232.98.178 (port 14000) after 30000ms: isConnected failed: ECONNREFUSED (Connection refused)
	at libcore.io.IoBridge.isConnected(IoBridge.java:257)
	at libcore.io.IoBridge.connectErrno(IoBridge.java:193)
	at libcore.io.IoBridge.connect(IoBridge.java:127)
	at java.net.PlainSocketImpl.connect(PlainSocketImpl.java:188)
	at java.net.PlainSocketImpl.connect(PlainSocketImpl.java:457)
	at java.net.Socket.connect(Socket.java:927)
	at java.nio.SocketChannelImpl$SocketAdapter.connect(SocketChannelImpl.java:531)
	at com.tencent.android.tpush.horse.e.a(ProGuard:134)
	at com.tencent.android.tpush.horse.d$1.run(ProGuard:107)
	at android.os.Handler.handleCallback(Handler.java:815)
	at android.os.Handler.dispatchMessage(Handler.java:104)
	at android.os.Looper.loop(Looper.java:207)
	at android.os.HandlerThread.run(HandlerThread.java:61)
Caused by: android.system.ErrnoException: isConnected failed: ECONNREFUSED (Connection refused)
	at libcore.io.IoBridge.isConnected(IoBridge.java:246)
	... 12 more

E/2019-12-01 16:11:49.416 [tpush.working.thread][SocketClient] [4.32][com.dts.freefireth:xg_service_v4]:notifyFail
* Exception : 
java.util.NoSuchElementException
	at java.util.AbstractQueue.remove(AbstractQueue.java:88)
	at com.tencent.android.tpush.horse.e.d(ProGuard:222)
	at com.tencent.android.tpush.horse.e.a(ProGuard:142)
	at com.tencent.android.tpush.horse.d$1.run(ProGuard:107)
	at android.os.Handler.handleCallback(Handler.java:815)
	at android.os.Handler.dispatchMessage(Handler.java:104)
	at android.os.Looper.loop(Looper.java:207)
	at android.os.HandlerThread.run(HandlerThread.java:61)

E/2019-12-01 16:11:49.429 [tpush.working.thread][XGHorse] [4.32][com.dts.freefireth:xg_service_v4]:createOptimalSocketChannel error
* Exception : 
com.tencent.android.tpush.service.channel.exception.HorseIgnoreException: null
	at com.tencent.android.tpush.horse.e.a(ProGuard:144)
	at com.tencent.android.tpush.horse.d$1.run(ProGuard:107)
	at android.os.Handler.handleCallback(Handler.java:815)
	at android.os.Handler.dispatchMessage(Handler.java:104)
	at android.os.Looper.loop(Looper.java:207)
	at android.os.HandlerThread.run(HandlerThread.java:61)
Caused by: java.net.ConnectException: failed to connect to /183.232.98.178 (port 14000) after 30000ms: isConnected failed: ECONNREFUSED (Connection refused)
	at libcore.io.IoBridge.isConnected(IoBridge.java:257)
	at libcore.io.IoBridge.connectErrno(IoBridge.java:193)
	at libcore.io.IoBridge.connect(IoBridge.java:127)
	at java.net.PlainSocketImpl.connect(PlainSocketImpl.java:188)
	at java.net.PlainSocketImpl.connect(PlainSocketImpl.java:457)
	at java.net.Socket.connect(Socket.java:927)
	at java.nio.SocketChannelImpl$SocketAdapter.connect(SocketChannelImpl.java:531)
	at com.tencent.android.tpush.horse.e.a(ProGuard:134)
	... 5 more
Caused by: android.system.ErrnoException: isConnected failed: ECONNREFUSED (Connection refused)
	at libcore.io.IoBridge.isConnected(IoBridge.java:246)
	... 12 more

E/2019-12-01 16:11:49.440 [tpush.working.thread][TpnsChannel] [4.32][com.dts.freefireth:xg_service_v4]:ICreateSocketChannelCallback onFailure(10101,create tcp channel fail!)
W/2019-12-01 16:11:48.238 [main][Util] [4.32][com.dts.freefireth]:Util -> initGlobal can not find provider com.tencent.mid.api.MidProvider with authority com.dts.freefireth.TENCENT.MID.V3
W/2019-12-01 16:11:48.245 [main][Util] [4.32][com.dts.freefireth]:Maybe have not contentprovider: com.tencent.mid.api.MidProvider
I/2019-12-01 16:11:48.256 [main][TPush] [4.32][com.dts.freefireth]:XGPushProvider onCreate
I/2019-12-01 16:11:49.454 [tpush.working.thread][TpnsChannel] [4.32][com.dts.freefireth:xg_service_v4]:Connect to Xinge Server failed!
D/2019-12-01 16:11:49.499 [tpush.working.thread][XGHorse] [4.32][com.dts.freefireth:xg_service_v4]:Action ->  createOptimalSocketChannel run
D/2019-12-01 16:11:49.508 [tpush.working.thread][XGHorse] [4.32][com.dts.freefireth:xg_service_v4]:Action ->  createOptimalSocketChannel run
E/2019-12-01 16:12:29.640 [tpush.working.thread][XGService] [4.32][com.dts.freefireth:xg_service_v4]:
* Exception : 

E/2019-12-01 16:12:29.675 [tpush.working.thread][XGService] [4.32][com.dts.freefireth:xg_service_v4]:getStrategyItems is null
D/2019-12-01 16:12:29.686 [tpush.working.thread][SocketClient] [4.32][com.dts.freefireth:xg_service_v4]:httpdns error use defulltitems serverIp=183.232.98.178,serverPort=8080, proxyIp=,proxyPort=80, protocolType=tcp, redirect=0
D/2019-12-01 16:12:29.695 [tpush.working.thread][SocketClient] [4.32][com.dts.freefireth:xg_service_v4]:connect to 183.232.98.178:8080
E/2019-12-01 16:12:30.697 [tpush.working.thread][SocketClient] [4.32][com.dts.freefireth:xg_service_v4]:socket connect error
* Exception : 
java.net.ConnectException: failed to connect to /183.232.98.178 (port 8080) after 30000ms: isConnected failed: ECONNREFUSED (Connection refused)
	at libcore.io.IoBridge.isConnected(IoBridge.java:257)
	at libcore.io.IoBridge.connectErrno(IoBridge.java:193)
	at libcore.io.IoBridge.connect(IoBridge.java:127)
	at java.net.PlainSocketImpl.connect(PlainSocketImpl.java:188)
	at java.net.PlainSocketImpl.connect(PlainSocketImpl.java:457)
	at java.net.Socket.connect(Socket.java:927)
	at java.nio.SocketChannelImpl$SocketAdapter.connect(SocketChannelImpl.java:531)
	at com.tencent.android.tpush.horse.e.a(ProGuard:134)
	at com.tencent.android.tpush.horse.d$1.run(ProGuard:107)
	at android.os.Handler.handleCallback(Handler.java:815)
	at android.os.Handler.dispatchMessage(Handler.java:104)
	at android.os.Looper.loop(Looper.java:207)
	at android.os.HandlerThread.run(HandlerThread.java:61)
Caused by: android.system.ErrnoException: isConnected failed: ECONNREFUSED (Connection refused)
	at libcore.io.IoBridge.isConnected(IoBridge.java:246)
	... 12 more

E/2019-12-01 16:12:30.707 [tpush.working.thread][SocketClient] [4.32][com.dts.freefireth:xg_service_v4]:notifyFail
* Exception : 
java.util.NoSuchElementException
	at java.util.AbstractQueue.remove(AbstractQueue.java:88)
	at com.tencent.android.tpush.horse.e.d(ProGuard:222)
	at com.tencent.android.tpush.horse.e.a(ProGuard:142)
	at com.tencent.android.tpush.horse.d$1.run(ProGuard:107)
	at android.os.Handler.handleCallback(Handler.java:815)
	at android.os.Handler.dispatchMessage(Handler.java:104)
	at android.os.Looper.loop(Looper.java:207)
	at android.os.HandlerThread.run(HandlerThread.java:61)

E/2019-12-01 16:12:30.715 [tpush.working.thread][XGHorse] [4.32][com.dts.freefireth:xg_service_v4]:createOptimalSocketChannel error
* Exception : 
com.tencent.android.tpush.service.channel.exception.HorseIgnoreException: null
	at com.tencent.android.tpush.horse.e.a(ProGuard:144)
	at com.tencent.android.tpush.horse.d$1.run(ProGuard:107)
	at android.os.Handler.handleCallback(Handler.java:815)
	at android.os.Handler.dispatchMessage(Handler.java:104)
	at android.os.Looper.loop(Looper.java:207)
	at android.os.HandlerThread.run(HandlerThread.java:61)
Caused by: java.net.ConnectException: failed to connect to /183.232.98.178 (port 8080) after 30000ms: isConnected failed: ECONNREFUSED (Connection refused)
	at libcore.io.IoBridge.isConnected(IoBridge.java:257)
	at libcore.io.IoBridge.connectErrno(IoBridge.java:193)
	at libcore.io.IoBridge.connect(IoBridge.java:127)
	at java.net.PlainSocketImpl.connect(PlainSocketImpl.java:188)
	at java.net.PlainSocketImpl.connect(PlainSocketImpl.java:457)
	at java.net.Socket.connect(Socket.java:927)
	at java.nio.SocketChannelImpl$SocketAdapter.connect(SocketChannelImpl.java:531)
	at com.tencent.android.tpush.horse.e.a(ProGuard:134)
	... 5 more
Caused by: android.system.ErrnoException: isConnected failed: ECONNREFUSED (Connection refused)
	at libcore.io.IoBridge.isConnected(IoBridge.java:246)
	... 12 more

E/2019-12-01 16:12:30.724 [tpush.working.thread][TpnsChannel] [4.32][com.dts.freefireth:xg_service_v4]:ICreateSocketChannelCallback onFailure(10101,create tcp channel fail!)
