W/2019-12-04 18:34:28.231 [main][Util] [4.32][com.dts.freefireth]:Util -> initGlobal can not find provider com.tencent.mid.api.MidProvider with authority com.dts.freefireth.TENCENT.MID.V3
W/2019-12-04 18:34:28.241 [main][Util] [4.32][com.dts.freefireth]:Maybe have not contentprovider: com.tencent.mid.api.MidProvider
I/2019-12-04 18:34:28.256 [main][TPush] [4.32][com.dts.freefireth]:XGPushProvider onCreate
I/2019-12-04 18:37:39.867 [main][PushServiceManager] [4.32][com.dts.freefireth:xg_service_v4]:Action -> stop Current Connect
W/2019-12-04 18:37:40.294 [main][Util] [4.32][com.dts.freefireth:xg_service_v4]:Util -> initGlobal can not find provider com.tencent.mid.api.MidProvider with authority com.dts.freefireth.TENCENT.MID.V3
W/2019-12-04 18:37:40.307 [main][Util] [4.32][com.dts.freefireth:xg_service_v4]:Maybe have not contentprovider: com.tencent.mid.api.MidProvider
V/2019-12-04 18:37:40.370 [main][PushServiceManager] [4.32][com.dts.freefireth:xg_service_v4]:bindService ret:true
D/2019-12-04 18:37:40.641 [main][XGPushService] [4.32][com.dts.freefireth:xg_service_v4]:reportLastServiceState {"srv_stime":1575444083623,"srv_etime":1575451647824,"srv_startTime":68,"srv_freason":[".keepalive",".keepalive",".keepalive",".keepalive",".keepalive",".keepalive",".start_slave",".keepalive",".keepalive",".keepalive"],"hb_suc":0,"hb_failed":11,"hb_freason":[{"errorCode":10101,"np":-1},{"errorCode":10101,"np":-1},{"errorCode":10101,"np":-1},{"errorCode":10101,"np":-1},{"errorCode":10101,"np":-1},{"errorCode":10101,"np":-1},{"errorCode":10101,"np":-1},{"errorCode":10101,"np":-1},{"errorCode":10101,"np":-1},{"errorCode":10101,"np":-1},{"errorCode":10101,"np":-1}],"con_suc":2,"con_failed":14,"con_freason":[{"errorCode":10103,"np":-1},{"errorCode":10101,"np":-1},{"errorCode":10101,"np":-1},{"errorCode":10101,"np":-1},{"errorCode":10101,"np":-1},{"errorCode":10101,"np":-1},{"errorCode":10101,"np":-1},{"errorCode":10101,"np":-1},{"errorCode":10101,"np":-1},{"errorCode":10101,"np":-1}]}
D/2019-12-04 18:37:40.929 [Thread-2397][TPush] [4.32][com.dts.freefireth:xg_service_v4]:com.dts.freefireth.AUTH_XGPUSH,com.dts.freefireth,com.tencent.android.tpush.XGPushProvider
D/2019-12-04 18:37:41.001 [main][a] [4.32][com.dts.freefireth:xg_service_v4]:network chanced:Intent { act=android.net.conn.CONNECTIVITY_CHANGE flg=0x4000010 (has extras) }
D/2019-12-04 18:37:41.015 [main][OptimalLinkSelector] [4.32][com.dts.freefireth:xg_service_v4]:Connection state changed to - [type: MOBILE[HSPA], state: CONNECTED/CONNECTED, reason: (unspecified), extra: internet, roaming: false, failover: false, isAvailable: true]
D/2019-12-04 18:37:41.041 [main][OptimalLinkSelector] [4.32][com.dts.freefireth:xg_service_v4]:Connected with network type MOBILE
V/2019-12-04 18:37:41.127 [main][PushServiceManager] [4.32][com.dts.freefireth:xg_service_v4]:(ignore) running v4 service count 0
I/2019-12-04 18:37:41.150 [main][XGService] [4.32][com.dts.freefireth:xg_service_v4]:getSocketName: tencentxgpush
I/2019-12-04 18:37:41.189 [main][XGService] [4.32][com.dts.freefireth:xg_service_v4]:getSocketName: tencentxgpush
V/2019-12-04 18:37:41.225 [main][PushServiceManager] [4.32][com.dts.freefireth:xg_service_v4]:tryToKeepServiceAlive socketFinalName:17b8f414a85dd456a15585b41d7f686f03fff04496b00ca64380acef2def0ddee94f133e
I/2019-12-04 18:37:41.265 [main][f] [4.32][com.dts.freefireth:xg_service_v4]:is xg_service
I/2019-12-04 18:37:41.277 [main][PushServiceManager] [4.32][com.dts.freefireth:xg_service_v4]:start as main service......
I/2019-12-04 18:37:41.287 [main][PushServiceManager] [4.32][com.dts.freefireth:xg_service_v4]:Service's first running at com.dts.freefireth version : 4.32
I/2019-12-04 18:37:41.303 [main][a] [4.32][com.dts.freefireth:xg_service_v4]:handleServiceInited, beforeInitedIntents size:0
V/2019-12-04 18:37:41.331 [main][TpnsChannel] [4.32][com.dts.freefireth:xg_service_v4]:Action -> checkAndSetupClient( tpnsClient = null, isClientCreating = false)
D/2019-12-04 18:37:41.351 [tpush.working.thread][XGHorse] [4.32][com.dts.freefireth:xg_service_v4]:Action ->  createOptimalSocketChannel run
D/2019-12-04 18:37:41.375 [tpush.working.thread][XGHorse] [4.32][com.dts.freefireth:xg_service_v4]:Action ->  createOptimalSocketChannel run
D/2019-12-04 18:37:41.530 [tpush.working.thread][httpDns] [4.32][com.dts.freefireth:xg_service_v4]:cacheResult:{"ips":"203.205.254.117;203.205.254.169","ttl":300,"exp":1575444386595},diff:-18674896
W/2019-12-04 18:37:41.543 [tpush.working.thread][httpDns] [4.32][com.dts.freefireth:xg_service_v4]:cacheResult Exp.
D/2019-12-04 18:37:41.587 [main][TPush] [4.32][com.dts.freefireth:xg_service_v4]:com.dts.freefireth.AUTH_XGPUSH,com.dts.freefireth,com.tencent.android.tpush.XGPushProvider
V/2019-12-04 18:37:43.601 [main][TpnsChannel] [4.32][com.dts.freefireth:xg_service_v4]:Action -> checkAndSetupClient( tpnsClient = null, isClientCreating = true)
D/2019-12-04 18:37:43.775 [tpush.working.thread][httpDns] [4.32][com.dts.freefireth:xg_service_v4]:getAddrByName line:3eeef9bfa6f89c85271d9e300f3c33953eeef9bfa6f89c85072c570b2bce139568bb18fa1cb96703
D/2019-12-04 18:37:43.831 [tpush.working.thread][httpDns] [4.32][com.dts.freefireth:xg_service_v4]:ttl:300,300
D/2019-12-04 18:37:43.980 [main][XGPushReceiver] [4.32][com.dts.freefireth:xg_service_v4]:PushReceiver received android.net.conn.CONNECTIVITY_CHANGE @@ com.dts.freefireth
D/2019-12-04 18:37:43.991 [main][OptimalLinkSelector] [4.32][com.dts.freefireth:xg_service_v4]:Connection state changed to - [type: MOBILE[HSPA], state: CONNECTED/CONNECTED, reason: (unspecified), extra: internet, roaming: false, failover: false, isAvailable: true]
D/2019-12-04 18:37:44.002 [tpush.working.thread][httpDns] [4.32][com.dts.freefireth:xg_service_v4]:cacheResult:{"ips":"203.205.254.169;203.205.254.117","ttl":300,"exp":1575463363832},diff:299864
D/2019-12-04 18:37:44.017 [main][OptimalLinkSelector] [4.32][com.dts.freefireth:xg_service_v4]:Connected with network type MOBILE
D/2019-12-04 18:37:44.039 [tpush.working.thread][SocketClient] [4.32][com.dts.freefireth:xg_service_v4]:use httpdns StrategyItem:203.205.254.169:8080
D/2019-12-04 18:37:44.060 [tpush.working.thread][SocketClient] [4.32][com.dts.freefireth:xg_service_v4]:connect to 203.205.254.169:8080
V/2019-12-04 18:37:44.469 [tpush.working.thread][TpnsChannel] [4.32][com.dts.freefireth:xg_service_v4]:ICreateSocketChannelCallback onSuccess(java.nio.SocketChannelImpl@ad750d9,java.nio.SocketChannelImpl@ad750d9)
I/2019-12-04 18:37:44.496 [tpush.working.thread][TpnsClient] [4.32][com.dts.freefireth:xg_service_v4]:Connect to Xinge Server succeed!
D/2019-12-04 18:37:44.797 [tpush.working.thread][TpnsChannel] [4.32][com.dts.freefireth:xg_service_v4]:Action -> sendReconnMessage with token - 03fff04496b00ca64380acef2def0ddee94f133e
V/2019-12-04 18:37:44.810 [tpush.working.thread][TpnsChannel] [4.32][com.dts.freefireth:xg_service_v4]:Action -> checkAndSetupClient( tpnsClient = a(ip:203.205.254.169,port:8080,protocol:tcp), isClientCreating = false)
I/2019-12-04 18:37:44.821 [TpnsClient][TpnsClient] [4.32][com.dts.freefireth:xg_service_v4]:TpnsClient is running and ready for send and recevie msg.
D/2019-12-04 18:37:44.853 [TpnsClient][TpnsChannel] [4.32][com.dts.freefireth:xg_service_v4]:Action -> clientDidSendPacket packet : h protocol = 1 command = TPNS_COMMAND_RECONNECT isResponse = false packetLength = 384
D/2019-12-04 18:37:45.037 [TpnsClient][TpnsClient] [4.32][com.dts.freefireth:xg_service_v4]:####Read one pkg with length = 35
D/2019-12-04 18:37:45.157 [TpnsClient][TpnsChannel] [4.32][com.dts.freefireth:xg_service_v4]:Action -> clientDidReceivePacket packet : g protocol = 1 command = TPNS_COMMAND_RECONNECT isResponse = true packetLength = 20
D/2019-12-04 18:37:45.164 [TpnsClient][TpnsChannel] [4.32][com.dts.freefireth:xg_service_v4]:Action -> clientDidReceivePacket RequestSuccRunnable NEV1 : g protocol = 1 command = TPNS_COMMAND_RECONNECT isResponse = true packetLength = 20
D/2019-12-04 18:37:45.191 [tpush.working.thread][PushServiceNetworkHandler] [4.32][com.dts.freefireth:xg_service_v4]:reconnCallback onResponse request:token: 03fff04496b00ca64380acef2def0ddee94f133e
deviceId: 461cd78e57077d4042d1f10aa4706adc
networkType: 3
unregInfoList: 0, []
recvMsgList: 0, []
mutableInfo: {
	ssid: 
	bssid: 
	mac: 02:00:00:00:00:00
	wflist: 
}
deviceType: 0
msgClickList: null	sdkVersion: 4.32
reserved: {"new_mid":"03fff04496b00ca64380acef2def0ddee94f133e","new_mid_v":"4.07","app_accessids":[2100275588]}
connVersion: 4
guid: 9053918568
ts: 0
configVersion: -1
, responseCode:0, response:confVersion: 32
appOfflinePushMsgList: 0, []
timeUs: 1575463065115726

D/2019-12-04 18:37:45.200 [tpush.working.thread][PushServiceNetworkHandler] [4.32][com.dts.freefireth:xg_service_v4]:reconnCallback onResponse rsp==null?:false
D/2019-12-04 18:37:45.212 [tpush.working.thread][PushServiceNetworkHandler] [4.32][com.dts.freefireth:xg_service_v4]:loadIPList :32
W/2019-12-04 18:37:45.671 [TpnsClient][TPush] [4.32][com.dts.freefireth:xg_service_v4]:setAndAllowWhileIdle [class java.lang.Integer, class java.lang.Long, class android.app.PendingIntent]
V/2019-12-04 18:37:46.247 [main][TpnsChannel] [4.32][com.dts.freefireth:xg_service_v4]:Action -> checkAndSetupClient( tpnsClient = a(ip:203.205.254.169,port:8080,protocol:tcp), isClientCreating = false)
I/2019-12-04 18:38:01.348 [tpush.working.thread][PushServiceManager] [4.32][com.dts.freefireth:xg_service_v4]:main service pull up sloveSerice
D/2019-12-04 18:38:01.434 [tpush.working.thread][TPush] [4.32][com.dts.freefireth:xg_service_v4]:com.dts.freefireth.AUTH_XGPUSH,com.dts.freefireth,com.tencent.android.tpush.XGPushProvider
I/2019-12-04 18:38:01.449 [tpush.working.thread][TPush] [4.32][com.dts.freefireth:xg_service_v4]:heartbeat to com.dts.freefireth
I/2019-12-04 18:38:01.515 [tpush.working.thread][TPush] [4.32][com.dts.freefireth:xg_service_v4]:heartbeat com.dts.freefireth 
W/2019-12-04 18:38:01.536 [tpush.working.thread][Util] [4.32][com.dts.freefireth:xg_service_v4]:pullUpOtherServiceByProviderAndActivityJSONOject com.tencent.mtt:service
W/2019-12-04 18:38:01.543 [tpush.working.thread][Util] [4.32][com.dts.freefireth:xg_service_v4]:pullUpOtherServiceByProviderAndActivityJSONOject com.qq.xg4all:xg_vip_service
W/2019-12-04 18:38:01.551 [tpush.working.thread][Util] [4.32][com.dts.freefireth:xg_service_v4]:pullUpOtherServiceByProviderAndActivityJSONOject com.xiaotun.doorbell:xg_vip_service
W/2019-12-04 18:38:01.558 [tpush.working.thread][Util] [4.32][com.dts.freefireth:xg_service_v4]:pullUpOtherServiceByProviderAndActivityJSONOject com.yoosee:xg_vip_service
W/2019-12-04 18:38:01.565 [tpush.working.thread][Util] [4.32][com.dts.freefireth:xg_service_v4]:pullUpOtherServiceByProviderAndActivityJSONOject com.bcm.poc:xg_vip_service
W/2019-12-04 18:38:01.574 [tpush.working.thread][Util] [4.32][com.dts.freefireth:xg_service_v4]:pullUpOtherServiceByProviderAndActivityJSONOject com.wosai.cashbar.beta2:xg_vip_service
W/2019-12-04 18:38:01.580 [tpush.working.thread][Util] [4.32][com.dts.freefireth:xg_service_v4]:pullUpOtherServiceByProviderAndActivityJSONOject com.wosai.cashbar:xg_vip_service
D/2019-12-04 18:39:21.019 [main][a] [4.32][com.dts.freefireth:xg_service_v4]:network chanced:Intent { act=android.net.conn.CONNECTIVITY_CHANGE flg=0x4000010 (has extras) }
E/2019-12-04 18:39:21.080 [TpnsClient][TpnsClient] [4.32][com.dts.freefireth:xg_service_v4]:<<< Run <<< socketChannel IOException
* Exception : 
java.net.SocketException: recvfrom failed: ETIMEDOUT (Connection timed out)
	at libcore.io.IoBridge.maybeThrowAfterRecvfrom(IoBridge.java:625)
	at libcore.io.IoBridge.recvfrom(IoBridge.java:599)
	at java.nio.SocketChannelImpl.readImpl(SocketChannelImpl.java:342)
	at java.nio.SocketChannelImpl.read(SocketChannelImpl.java:304)
	at com.tencent.android.tpush.service.channel.a.a.run(ProGuard:225)
Caused by: android.system.ErrnoException: recvfrom failed: ETIMEDOUT (Connection timed out)
	at libcore.io.Posix.recvfromBytes(Native Method)
	at libcore.io.Posix.recvfrom(Posix.java:179)
	at libcore.io.BlockGuardOs.recvfrom(BlockGuardOs.java:245)
	at libcore.io.IoBridge.recvfrom(IoBridge.java:596)
	... 3 more

D/2019-12-04 18:39:21.201 [main][OptimalLinkSelector] [4.32][com.dts.freefireth:xg_service_v4]:Connection state changed to - [type: MOBILE[HSPA], state: DISCONNECTED/DISCONNECTED, reason: specificDisabled, extra: internet, roaming: false, failover: false, isAvailable: true]
E/2019-12-04 18:39:21.283 [TpnsClient][TpnsClient] [4.32][com.dts.freefireth:xg_service_v4]:delegate.clientExceptionOccurs <<< Run <<< exit!!! cause: com.tencent.android.tpush.service.channel.exception.ChannelException: TpnsClient发生IO异常，链路可能被关闭
E/2019-12-04 18:39:21.319 [TpnsClient][TpnsChannel] [4.32][com.dts.freefireth:xg_service_v4]:clientExceptionOccurs(isHttpClient : false,com.tencent.android.tpush.service.channel.exception.ChannelException: TpnsClient发生IO异常，链路可能被关闭)
D/2019-12-04 18:39:21.318 [main][OptimalLinkSelector] [4.32][com.dts.freefireth:xg_service_v4]:DisConnected with network type MOBILE
I/2019-12-04 18:39:21.371 [main][PushServiceManager] [4.32][com.dts.freefireth:xg_service_v4]:Action -> stop Current Connect
I/2019-12-04 18:39:21.382 [TpnsClient][TpnsChannel] [4.32][com.dts.freefireth:xg_service_v4]:Service bi state {"srv_stime":1575463060483,"srv_etime":1575463161326,"srv_startTime":3,"srv_freason":[".stop_connect",".keepalive",".keepalive"],"hb_suc":0,"hb_failed":0,"con_suc":1,"con_failed":1,"con_freason":[{"errorCode":10103,"np":-1}]}
D/2019-12-04 18:39:21.412 [main][XGPushReceiver] [4.32][com.dts.freefireth:xg_service_v4]:PushReceiver received android.net.conn.CONNECTIVITY_CHANGE @@ com.dts.freefireth
D/2019-12-04 18:39:21.418 [main][OptimalLinkSelector] [4.32][com.dts.freefireth:xg_service_v4]:Connection state changed to - [type: MOBILE[HSPA], state: DISCONNECTED/DISCONNECTED, reason: specificDisabled, extra: internet, roaming: false, failover: false, isAvailable: true]
D/2019-12-04 18:39:21.424 [main][OptimalLinkSelector] [4.32][com.dts.freefireth:xg_service_v4]:DisConnected with network type MOBILE
I/2019-12-04 18:39:21.430 [main][PushServiceManager] [4.32][com.dts.freefireth:xg_service_v4]:Action -> stop Current Connect
D/2019-12-04 18:40:30.348 [main][a] [4.32][com.dts.freefireth:xg_service_v4]:network chanced:Intent { act=android.net.conn.CONNECTIVITY_CHANGE flg=0x4000010 (has extras) }
D/2019-12-04 18:40:30.384 [main][OptimalLinkSelector] [4.32][com.dts.freefireth:xg_service_v4]:Connection state changed to - [type: MOBILE[HSPA], state: CONNECTED/CONNECTED, reason: (unspecified), extra: internet, roaming: false, failover: false, isAvailable: true]
D/2019-12-04 18:40:30.424 [main][OptimalLinkSelector] [4.32][com.dts.freefireth:xg_service_v4]:Connected with network type MOBILE
D/2019-12-04 18:40:30.853 [main][XGPushReceiver] [4.32][com.dts.freefireth:xg_service_v4]:PushReceiver received android.net.conn.CONNECTIVITY_CHANGE @@ com.dts.freefireth
D/2019-12-04 18:40:30.889 [main][OptimalLinkSelector] [4.32][com.dts.freefireth:xg_service_v4]:Connection state changed to - [type: MOBILE[HSPA], state: CONNECTED/CONNECTED, reason: (unspecified), extra: internet, roaming: false, failover: false, isAvailable: true]
D/2019-12-04 18:40:30.953 [main][OptimalLinkSelector] [4.32][com.dts.freefireth:xg_service_v4]:Connected with network type MOBILE
V/2019-12-04 18:40:33.057 [main][TpnsChannel] [4.32][com.dts.freefireth:xg_service_v4]:Action -> checkAndSetupClient( tpnsClient = null, isClientCreating = false)
D/2019-12-04 18:40:33.068 [tpush.working.thread][XGHorse] [4.32][com.dts.freefireth:xg_service_v4]:Action ->  createOptimalSocketChannel run
D/2019-12-04 18:40:33.076 [tpush.working.thread][XGHorse] [4.32][com.dts.freefireth:xg_service_v4]:Action ->  createOptimalSocketChannel run
D/2019-12-04 18:40:33.205 [tpush.working.thread][httpDns] [4.32][com.dts.freefireth:xg_service_v4]:cacheResult:{"ips":"203.205.254.169;203.205.254.117","ttl":300,"exp":1575463363832},diff:130641
D/2019-12-04 18:40:33.224 [tpush.working.thread][SocketClient] [4.32][com.dts.freefireth:xg_service_v4]:use httpdns StrategyItem:203.205.254.117:80
D/2019-12-04 18:40:33.233 [tpush.working.thread][SocketClient] [4.32][com.dts.freefireth:xg_service_v4]:connect to 203.205.254.117:80
V/2019-12-04 18:40:33.371 [tpush.working.thread][TpnsChannel] [4.32][com.dts.freefireth:xg_service_v4]:ICreateSocketChannelCallback onSuccess(java.nio.SocketChannelImpl@d5c496a,java.nio.SocketChannelImpl@d5c496a)
I/2019-12-04 18:40:33.379 [tpush.working.thread][TpnsClient] [4.32][com.dts.freefireth:xg_service_v4]:Connect to Xinge Server succeed!
D/2019-12-04 18:40:33.427 [tpush.working.thread][TpnsChannel] [4.32][com.dts.freefireth:xg_service_v4]:Action -> sendReconnMessage with token - 03fff04496b00ca64380acef2def0ddee94f133e
V/2019-12-04 18:40:33.438 [tpush.working.thread][TpnsChannel] [4.32][com.dts.freefireth:xg_service_v4]:Action -> checkAndSetupClient( tpnsClient = a(ip:203.205.254.117,port:80,protocol:tcp), isClientCreating = false)
I/2019-12-04 18:40:33.453 [TpnsClient][TpnsClient] [4.32][com.dts.freefireth:xg_service_v4]:TpnsClient is running and ready for send and recevie msg.
D/2019-12-04 18:40:33.468 [TpnsClient][TpnsChannel] [4.32][com.dts.freefireth:xg_service_v4]:Action -> clientDidSendPacket packet : h protocol = 1 command = TPNS_COMMAND_RECONNECT isResponse = false packetLength = 384
D/2019-12-04 18:40:33.639 [TpnsClient][TpnsClient] [4.32][com.dts.freefireth:xg_service_v4]:####Read one pkg with length = 35
D/2019-12-04 18:40:33.777 [TpnsClient][TpnsChannel] [4.32][com.dts.freefireth:xg_service_v4]:Action -> clientDidReceivePacket packet : g protocol = 1 command = TPNS_COMMAND_RECONNECT isResponse = true packetLength = 20
D/2019-12-04 18:40:33.784 [TpnsClient][TpnsChannel] [4.32][com.dts.freefireth:xg_service_v4]:Action -> clientDidReceivePacket RequestSuccRunnable NEV1 : g protocol = 1 command = TPNS_COMMAND_RECONNECT isResponse = true packetLength = 20
W/2019-12-04 18:40:33.793 [TpnsClient][TPush] [4.32][com.dts.freefireth:xg_service_v4]:setAndAllowWhileIdle [class java.lang.Integer, class java.lang.Long, class android.app.PendingIntent]
D/2019-12-04 18:40:33.794 [tpush.working.thread][PushServiceNetworkHandler] [4.32][com.dts.freefireth:xg_service_v4]:reconnCallback onResponse request:token: 03fff04496b00ca64380acef2def0ddee94f133e
deviceId: 461cd78e57077d4042d1f10aa4706adc
networkType: 3
unregInfoList: 0, []
recvMsgList: 0, []
mutableInfo: {
	ssid: 
	bssid: 
	mac: 02:00:00:00:00:00
	wflist: 
}
deviceType: 0
msgClickList: null	sdkVersion: 4.32
reserved: {"new_mid":"03fff04496b00ca64380acef2def0ddee94f133e","new_mid_v":"4.07","app_accessids":[2100275588]}
connVersion: 4
guid: 9053918568
ts: 0
configVersion: -1
, responseCode:0, response:confVersion: 32
appOfflinePushMsgList: 0, []
timeUs: 1575463233725035

D/2019-12-04 18:40:33.803 [tpush.working.thread][PushServiceNetworkHandler] [4.32][com.dts.freefireth:xg_service_v4]:reconnCallback onResponse rsp==null?:false
D/2019-12-04 18:40:33.814 [tpush.working.thread][PushServiceNetworkHandler] [4.32][com.dts.freefireth:xg_service_v4]:loadIPList :32
D/2019-12-04 18:42:22.285 [main][a] [4.32][com.dts.freefireth:xg_service_v4]:network chanced:Intent { act=android.net.conn.CONNECTIVITY_CHANGE flg=0x4000010 (has extras) }
D/2019-12-04 18:42:22.355 [main][OptimalLinkSelector] [4.32][com.dts.freefireth:xg_service_v4]:Connection state changed to - [type: MOBILE[HSPA], state: DISCONNECTED/DISCONNECTED, reason: specificDisabled, extra: internet, roaming: false, failover: false, isAvailable: true]
E/2019-12-04 18:42:22.270 [TpnsClient][TpnsClient] [4.32][com.dts.freefireth:xg_service_v4]:<<< Run <<< socketChannel IOException
* Exception : 
java.net.SocketException: recvfrom failed: ETIMEDOUT (Connection timed out)
	at libcore.io.IoBridge.maybeThrowAfterRecvfrom(IoBridge.java:625)
	at libcore.io.IoBridge.recvfrom(IoBridge.java:599)
	at java.nio.SocketChannelImpl.readImpl(SocketChannelImpl.java:342)
	at java.nio.SocketChannelImpl.read(SocketChannelImpl.java:304)
	at com.tencent.android.tpush.service.channel.a.a.run(ProGuard:225)
Caused by: android.system.ErrnoException: recvfrom failed: ETIMEDOUT (Connection timed out)
	at libcore.io.Posix.recvfromBytes(Native Method)
	at libcore.io.Posix.recvfrom(Posix.java:179)
	at libcore.io.BlockGuardOs.recvfrom(BlockGuardOs.java:245)
	at libcore.io.IoBridge.recvfrom(IoBridge.java:596)
	... 3 more

E/2019-12-04 18:42:22.472 [TpnsClient][TpnsClient] [4.32][com.dts.freefireth:xg_service_v4]:delegate.clientExceptionOccurs <<< Run <<< exit!!! cause: com.tencent.android.tpush.service.channel.exception.ChannelException: TpnsClient发生IO异常，链路可能被关闭
D/2019-12-04 18:42:22.488 [main][OptimalLinkSelector] [4.32][com.dts.freefireth:xg_service_v4]:DisConnected with network type MOBILE
E/2019-12-04 18:42:22.493 [TpnsClient][TpnsChannel] [4.32][com.dts.freefireth:xg_service_v4]:clientExceptionOccurs(isHttpClient : false,com.tencent.android.tpush.service.channel.exception.ChannelException: TpnsClient发生IO异常，链路可能被关闭)
W/2019-12-04 18:48:20.177 [main][Util] [4.32][com.dts.freefireth]:Util -> initGlobal can not find provider com.tencent.mid.api.MidProvider with authority com.dts.freefireth.TENCENT.MID.V3
W/2019-12-04 18:48:20.185 [main][Util] [4.32][com.dts.freefireth]:Maybe have not contentprovider: com.tencent.mid.api.MidProvider
I/2019-12-04 18:48:20.197 [main][TPush] [4.32][com.dts.freefireth]:XGPushProvider onCreate
D/2019-12-04 18:49:23.729 [main][XGPushService] [4.32][com.dts.freefireth:xg_service_v4]:reportLastServiceState {"srv_stime":1575463060483,"srv_etime":1575463342496,"srv_startTime":7,"srv_freason":[".stop_connect",".keepalive",".keepalive",".stop_connect",".stop_connect",".keepalive",".keepalive"],"hb_suc":0,"hb_failed":0,"con_suc":2,"con_failed":2,"con_freason":[{"errorCode":10103,"np":-1},{"errorCode":10103,"np":-1}]}
D/2019-12-04 18:49:24.058 [Thread-2608][TPush] [4.32][com.dts.freefireth:xg_service_v4]:com.dts.freefireth.AUTH_XGPUSH,com.dts.freefireth,com.tencent.android.tpush.XGPushProvider
W/2019-12-04 18:49:24.233 [main][Util] [4.32][com.dts.freefireth:xg_service_v4]:Util -> initGlobal can not find provider com.tencent.mid.api.MidProvider with authority com.dts.freefireth.TENCENT.MID.V3
W/2019-12-04 18:49:24.241 [main][Util] [4.32][com.dts.freefireth:xg_service_v4]:Maybe have not contentprovider: com.tencent.mid.api.MidProvider
D/2019-12-04 18:49:24.253 [main][a] [4.32][com.dts.freefireth:xg_service_v4]:network chanced:Intent { act=android.net.conn.CONNECTIVITY_CHANGE flg=0x4000010 (has extras) }
D/2019-12-04 18:49:24.263 [main][OptimalLinkSelector] [4.32][com.dts.freefireth:xg_service_v4]:Connection state changed to - [type: WIFI[], state: CONNECTED/CONNECTED, reason: (unspecified), extra: "ASUS_A8", roaming: false, failover: false, isAvailable: true]
D/2019-12-04 18:49:24.268 [main][OptimalLinkSelector] [4.32][com.dts.freefireth:xg_service_v4]:Connected with network type WIFI
V/2019-12-04 18:49:24.282 [main][PushServiceManager] [4.32][com.dts.freefireth:xg_service_v4]:bindService ret:true
V/2019-12-04 18:49:24.298 [main][PushServiceManager] [4.32][com.dts.freefireth:xg_service_v4]:(ignore) running v4 service count 0
I/2019-12-04 18:49:24.304 [main][XGService] [4.32][com.dts.freefireth:xg_service_v4]:getSocketName: tencentxgpush
I/2019-12-04 18:49:24.316 [main][XGService] [4.32][com.dts.freefireth:xg_service_v4]:getSocketName: tencentxgpush
V/2019-12-04 18:49:24.324 [main][PushServiceManager] [4.32][com.dts.freefireth:xg_service_v4]:tryToKeepServiceAlive socketFinalName:17b8f414a85dd456a15585b41d7f686f03fff04496b00ca64380acef2def0ddee94f133e
I/2019-12-04 18:49:24.335 [main][f] [4.32][com.dts.freefireth:xg_service_v4]:is xg_service
I/2019-12-04 18:49:24.343 [main][PushServiceManager] [4.32][com.dts.freefireth:xg_service_v4]:start as main service......
I/2019-12-04 18:49:24.352 [main][PushServiceManager] [4.32][com.dts.freefireth:xg_service_v4]:Service's first running at com.dts.freefireth version : 4.32
I/2019-12-04 18:49:24.362 [main][a] [4.32][com.dts.freefireth:xg_service_v4]:handleServiceInited, beforeInitedIntents size:0
V/2019-12-04 18:49:24.417 [main][TpnsChannel] [4.32][com.dts.freefireth:xg_service_v4]:Action -> checkAndSetupClient( tpnsClient = null, isClientCreating = false)
D/2019-12-04 18:49:24.443 [tpush.working.thread][XGHorse] [4.32][com.dts.freefireth:xg_service_v4]:Action ->  createOptimalSocketChannel run
D/2019-12-04 18:49:24.465 [tpush.working.thread][XGHorse] [4.32][com.dts.freefireth:xg_service_v4]:Action ->  createOptimalSocketChannel run
D/2019-12-04 18:49:24.542 [tpush.working.thread][httpDns] [4.32][com.dts.freefireth:xg_service_v4]:cacheResult:{"ips":"203.205.254.169;203.205.254.117","ttl":300,"exp":1575463363832},diff:-400663
W/2019-12-04 18:49:24.557 [tpush.working.thread][httpDns] [4.32][com.dts.freefireth:xg_service_v4]:cacheResult Exp.
D/2019-12-04 18:49:24.650 [main][TPush] [4.32][com.dts.freefireth:xg_service_v4]:com.dts.freefireth.AUTH_XGPUSH,com.dts.freefireth,com.tencent.android.tpush.XGPushProvider
D/2019-12-04 18:49:25.119 [tpush.working.thread][httpDns] [4.32][com.dts.freefireth:xg_service_v4]:getAddrByName line:3eeef9bfa6f89c851d78fc98210e80223eeef9bfa6f89c8584763a1edb85511368bb18fa1cb96703
D/2019-12-04 18:49:25.152 [tpush.working.thread][httpDns] [4.32][com.dts.freefireth:xg_service_v4]:ttl:300,300
D/2019-12-04 18:49:25.199 [tpush.working.thread][httpDns] [4.32][com.dts.freefireth:xg_service_v4]:cacheResult:{"ips":"203.205.254.117;203.205.254.169","ttl":300,"exp":1575464065153},diff:299965
D/2019-12-04 18:49:25.215 [tpush.working.thread][SocketClient] [4.32][com.dts.freefireth:xg_service_v4]:use httpdns StrategyItem:203.205.254.169:80
D/2019-12-04 18:49:25.222 [tpush.working.thread][SocketClient] [4.32][com.dts.freefireth:xg_service_v4]:connect to 203.205.254.169:80
V/2019-12-04 18:49:25.387 [tpush.working.thread][TpnsChannel] [4.32][com.dts.freefireth:xg_service_v4]:ICreateSocketChannelCallback onSuccess(java.nio.SocketChannelImpl@3506ea1,java.nio.SocketChannelImpl@3506ea1)
I/2019-12-04 18:49:25.402 [tpush.working.thread][TpnsClient] [4.32][com.dts.freefireth:xg_service_v4]:Connect to Xinge Server succeed!
D/2019-12-04 18:49:25.536 [tpush.working.thread][TpnsChannel] [4.32][com.dts.freefireth:xg_service_v4]:Action -> sendReconnMessage with token - 03fff04496b00ca64380acef2def0ddee94f133e
V/2019-12-04 18:49:25.548 [tpush.working.thread][TpnsChannel] [4.32][com.dts.freefireth:xg_service_v4]:Action -> checkAndSetupClient( tpnsClient = a(ip:203.205.254.169,port:80,protocol:tcp), isClientCreating = false)
I/2019-12-04 18:49:25.570 [TpnsClient][TpnsClient] [4.32][com.dts.freefireth:xg_service_v4]:TpnsClient is running and ready for send and recevie msg.
D/2019-12-04 18:49:25.616 [TpnsClient][TpnsChannel] [4.32][com.dts.freefireth:xg_service_v4]:Action -> clientDidSendPacket packet : h protocol = 1 command = TPNS_COMMAND_RECONNECT isResponse = false packetLength = 410
V/2019-12-04 18:49:25.760 [tpush.working.thread][PushServiceNetworkHandler] [4.32][com.dts.freefireth:xg_service_v4]:Register(2100275588,461cd78e57077d4042d1f10aa4706adc,ae6325ad68f096d1dd7a98832e494b81,0,0),token: 03fff04496b00ca64380acef2def0ddee94f133e,payload:  channel id-1
V/2019-12-04 18:49:25.778 [tpush.working.thread][TpnsChannel] [4.32][com.dts.freefireth:xg_service_v4]:Action -> checkAndSetupClient( tpnsClient = a(ip:203.205.254.169,port:80,protocol:tcp), isClientCreating = false)
D/2019-12-04 18:49:25.780 [TpnsClient][TpnsClient] [4.32][com.dts.freefireth:xg_service_v4]:####Read one pkg with length = 35
D/2019-12-04 18:49:25.804 [TpnsClient][TpnsChannel] [4.32][com.dts.freefireth:xg_service_v4]:Action -> clientDidReceivePacket packet : g protocol = 1 command = TPNS_COMMAND_RECONNECT isResponse = true packetLength = 20
D/2019-12-04 18:49:25.814 [TpnsClient][TpnsChannel] [4.32][com.dts.freefireth:xg_service_v4]:Action -> clientDidReceivePacket RequestSuccRunnable NEV1 : g protocol = 1 command = TPNS_COMMAND_RECONNECT isResponse = true packetLength = 20
D/2019-12-04 18:49:25.839 [tpush.working.thread][PushServiceNetworkHandler] [4.32][com.dts.freefireth:xg_service_v4]:reconnCallback onResponse request:token: 03fff04496b00ca64380acef2def0ddee94f133e
deviceId: 461cd78e57077d4042d1f10aa4706adc
networkType: 1
unregInfoList: 0, []
recvMsgList: 0, []
mutableInfo: {
	ssid: "ASUS_A8"
	bssid: 04:92:26:66:a3:a8
	mac: 02:00:00:00:00:00
	wflist: 
}
deviceType: 0
msgClickList: null	sdkVersion: 4.32
reserved: {"new_mid":"03fff04496b00ca64380acef2def0ddee94f133e","new_mid_v":"4.07","app_accessids":[2100275588]}
connVersion: 4
guid: 9053918568
ts: 0
configVersion: -1
, responseCode:0, response:confVersion: 32
appOfflinePushMsgList: 0, []
timeUs: 1575463766667888

W/2019-12-04 18:49:25.842 [TpnsClient][TPush] [4.32][com.dts.freefireth:xg_service_v4]:setAndAllowWhileIdle [class java.lang.Integer, class java.lang.Long, class android.app.PendingIntent]
D/2019-12-04 18:49:25.851 [tpush.working.thread][PushServiceNetworkHandler] [4.32][com.dts.freefireth:xg_service_v4]:reconnCallback onResponse rsp==null?:false
D/2019-12-04 18:49:25.860 [tpush.working.thread][PushServiceNetworkHandler] [4.32][com.dts.freefireth:xg_service_v4]:loadIPList :32
D/2019-12-04 18:49:25.881 [TpnsClient][TpnsChannel] [4.32][com.dts.freefireth:xg_service_v4]:Action -> clientDidSendPacket packet : h protocol = 1 command = TPNS_COMMAND_REGISTER isResponse = false packetLength = 667
D/2019-12-04 18:49:26.016 [TpnsClient][TpnsClient] [4.32][com.dts.freefireth:xg_service_v4]:####Read one pkg with length = 108
D/2019-12-04 18:49:26.037 [TpnsClient][TpnsChannel] [4.32][com.dts.freefireth:xg_service_v4]:Action -> clientDidReceivePacket packet : g protocol = 1 command = TPNS_COMMAND_REGISTER isResponse = true packetLength = 93
D/2019-12-04 18:49:26.046 [TpnsClient][TpnsChannel] [4.32][com.dts.freefireth:xg_service_v4]:Action -> clientDidReceivePacket RequestSuccRunnable NEV1 : g protocol = 1 command = TPNS_COMMAND_REGISTER isResponse = true packetLength = 93
W/2019-12-04 18:49:26.063 [TpnsClient][TPush] [4.32][com.dts.freefireth:xg_service_v4]:setAndAllowWhileIdle [class java.lang.Integer, class java.lang.Long, class android.app.PendingIntent]
D/2019-12-04 18:49:26.063 [tpush.working.thread][a] [4.32][com.dts.freefireth:xg_service_v4]:>> Register [accId = 2100275588 , packName = com.dts.freefireth , rsp = 166]
D/2019-12-04 18:49:26.091 [TpnsClient][TpnsClient] [4.32][com.dts.freefireth:xg_service_v4]:####Read one pkg with length = 33
D/2019-12-04 18:49:26.137 [TpnsClient][TpnsChannel] [4.32][com.dts.freefireth:xg_service_v4]:Action -> clientDidReceivePacket packet : g protocol = 1 command = TPNS_COMMAND_PUSH isResponse = false packetLength = 18
D/2019-12-04 18:49:26.150 [TpnsClient][TpnsChannel] [4.32][com.dts.freefireth:xg_service_v4]:Action -> clientDidReceivePacket PushMessageRunnable NEV1 : g protocol = 1 command = TPNS_COMMAND_PUSH isResponse = false packetLength = 18
W/2019-12-04 18:49:26.164 [TpnsClient][TPush] [4.32][com.dts.freefireth:xg_service_v4]:setAndAllowWhileIdle [class java.lang.Integer, class java.lang.Long, class android.app.PendingIntent]
I/2019-12-04 18:49:26.168 [tpush.working.thread][a] [4.32][com.dts.freefireth:xg_service_v4]:binder other push token with accid = 2100275588  token = 03fff04496b00ca64380acef2def0ddee94f133e otherPushType = fcm otherPushToken = eWi4eiJT5PU:APA91bHwBmWv_fWK2yE6FsohOYSBa6P3uZNKjC9i9_ZdEBH40CikLO-0hxotUYzg9byY6sMfSemHYo4jLWw3i5RtLESzuev8hCzp59OYv7Ct6oaAOoRT9nxPqW2eVs896M2JlzbfytgQ
I/2019-12-04 18:49:26.175 [tpush.working.thread][a] [4.32][com.dts.freefireth:xg_service_v4]:Already binder other push succeed token with accid = 2100275588  token = 03fff04496b00ca64380acef2def0ddee94f133e otherPushType = fcm otherPushToken = eWi4eiJT5PU:APA91bHwBmWv_fWK2yE6FsohOYSBa6P3uZNKjC9i9_ZdEBH40CikLO-0hxotUYzg9byY6sMfSemHYo4jLWw3i5RtLESzuev8hCzp59OYv7Ct6oaAOoRT9nxPqW2eVs896M2JlzbfytgQ
V/2019-12-04 18:49:26.659 [main][TpnsChannel] [4.32][com.dts.freefireth:xg_service_v4]:Action -> checkAndSetupClient( tpnsClient = a(ip:203.205.254.169,port:80,protocol:tcp), isClientCreating = false)
D/2019-12-04 18:49:29.811 [tpush.working.thread][PushServiceNetworkHandler] [4.32][com.dts.freefireth:xg_service_v4]:Action -> sendTag to server (2100275588,com.dts.freefireth)
V/2019-12-04 18:49:29.818 [tpush.working.thread][TpnsChannel] [4.32][com.dts.freefireth:xg_service_v4]:Action -> checkAndSetupClient( tpnsClient = a(ip:203.205.254.169,port:80,protocol:tcp), isClientCreating = false)
D/2019-12-04 18:49:29.834 [TpnsClient][TpnsChannel] [4.32][com.dts.freefireth:xg_service_v4]:Action -> clientDidSendPacket packet : h protocol = 1 command = TPNS_COMMAND_TAG isResponse = false packetLength = 106
D/2019-12-04 18:49:30.000 [TpnsClient][TpnsClient] [4.32][com.dts.freefireth:xg_service_v4]:####Read one pkg with length = 23
D/2019-12-04 18:49:30.031 [TpnsClient][TpnsChannel] [4.32][com.dts.freefireth:xg_service_v4]:Action -> clientDidReceivePacket packet : g protocol = 1 command = TPNS_COMMAND_TAG isResponse = true packetLength = 8
D/2019-12-04 18:49:30.049 [TpnsClient][TpnsChannel] [4.32][com.dts.freefireth:xg_service_v4]:Action -> clientDidReceivePacket RequestSuccRunnable NEV1 : g protocol = 1 command = TPNS_COMMAND_TAG isResponse = true packetLength = 8
I/2019-12-04 18:49:30.061 [tpush.working.thread][a] [4.32][com.dts.freefireth:xg_service_v4]:Set tag ack success  [accId = 2100275588 , tagtype = 6 , tagName = in_clan_True language_en environment_live first_time_paid_True region_IND, tagReserved = , packName = com.dts.freefireth , rsp = 216]
W/2019-12-04 18:49:30.062 [TpnsClient][TPush] [4.32][com.dts.freefireth:xg_service_v4]:setAndAllowWhileIdle [class java.lang.Integer, class java.lang.Long, class android.app.PendingIntent]
D/2019-12-04 18:49:36.298 [tpush.working.thread][PushServiceNetworkHandler] [4.32][com.dts.freefireth:xg_service_v4]:Action -> sendTag to server (2100275588,com.dts.freefireth)
V/2019-12-04 18:49:36.306 [tpush.working.thread][TpnsChannel] [4.32][com.dts.freefireth:xg_service_v4]:Action -> checkAndSetupClient( tpnsClient = a(ip:203.205.254.169,port:80,protocol:tcp), isClientCreating = false)
D/2019-12-04 18:49:36.318 [TpnsClient][TpnsChannel] [4.32][com.dts.freefireth:xg_service_v4]:Action -> clientDidSendPacket packet : h protocol = 1 command = TPNS_COMMAND_TAG isResponse = false packetLength = 107
D/2019-12-04 18:49:36.472 [TpnsClient][TpnsClient] [4.32][com.dts.freefireth:xg_service_v4]:####Read one pkg with length = 23
D/2019-12-04 18:49:36.505 [TpnsClient][TpnsChannel] [4.32][com.dts.freefireth:xg_service_v4]:Action -> clientDidReceivePacket packet : g protocol = 1 command = TPNS_COMMAND_TAG isResponse = true packetLength = 8
D/2019-12-04 18:49:36.513 [TpnsClient][TpnsChannel] [4.32][com.dts.freefireth:xg_service_v4]:Action -> clientDidReceivePacket RequestSuccRunnable NEV1 : g protocol = 1 command = TPNS_COMMAND_TAG isResponse = true packetLength = 8
W/2019-12-04 18:49:36.524 [TpnsClient][TPush] [4.32][com.dts.freefireth:xg_service_v4]:setAndAllowWhileIdle [class java.lang.Integer, class java.lang.Long, class android.app.PendingIntent]
I/2019-12-04 18:49:36.524 [tpush.working.thread][a] [4.32][com.dts.freefireth:xg_service_v4]:Set tag ack success  [accId = 2100275588 , tagtype = 6 , tagName = in_clan_True language_en environment_live region_IND first_time_paid_False, tagReserved = , packName = com.dts.freefireth , rsp = 194]
I/2019-12-04 18:49:44.438 [tpush.working.thread][PushServiceManager] [4.32][com.dts.freefireth:xg_service_v4]:main service pull up sloveSerice
D/2019-12-04 18:49:44.549 [tpush.working.thread][TPush] [4.32][com.dts.freefireth:xg_service_v4]:com.dts.freefireth.AUTH_XGPUSH,com.dts.freefireth,com.tencent.android.tpush.XGPushProvider
I/2019-12-04 18:49:44.563 [tpush.working.thread][TPush] [4.32][com.dts.freefireth:xg_service_v4]:heartbeat to com.dts.freefireth
I/2019-12-04 18:49:44.633 [tpush.working.thread][TPush] [4.32][com.dts.freefireth:xg_service_v4]:heartbeat com.dts.freefireth 
W/2019-12-04 18:49:44.658 [tpush.working.thread][Util] [4.32][com.dts.freefireth:xg_service_v4]:pullUpOtherServiceByProviderAndActivityJSONOject com.tencent.mtt:service
W/2019-12-04 18:49:44.665 [tpush.working.thread][Util] [4.32][com.dts.freefireth:xg_service_v4]:pullUpOtherServiceByProviderAndActivityJSONOject com.qq.xg4all:xg_vip_service
W/2019-12-04 18:49:44.672 [tpush.working.thread][Util] [4.32][com.dts.freefireth:xg_service_v4]:pullUpOtherServiceByProviderAndActivityJSONOject com.xiaotun.doorbell:xg_vip_service
W/2019-12-04 18:49:44.682 [tpush.working.thread][Util] [4.32][com.dts.freefireth:xg_service_v4]:pullUpOtherServiceByProviderAndActivityJSONOject com.yoosee:xg_vip_service
W/2019-12-04 18:49:44.699 [tpush.working.thread][Util] [4.32][com.dts.freefireth:xg_service_v4]:pullUpOtherServiceByProviderAndActivityJSONOject com.bcm.poc:xg_vip_service
W/2019-12-04 18:49:44.722 [tpush.working.thread][Util] [4.32][com.dts.freefireth:xg_service_v4]:pullUpOtherServiceByProviderAndActivityJSONOject com.wosai.cashbar.beta2:xg_vip_service
W/2019-12-04 18:49:44.734 [tpush.working.thread][Util] [4.32][com.dts.freefireth:xg_service_v4]:pullUpOtherServiceByProviderAndActivityJSONOject com.wosai.cashbar:xg_vip_service
D/2019-12-04 18:52:36.543 [main][TpnsChannel] [4.32][com.dts.freefireth:xg_service_v4]:Action -> send heartbeat 
V/2019-12-04 18:52:36.562 [main][TpnsChannel] [4.32][com.dts.freefireth:xg_service_v4]:Action -> checkAndSetupClient( tpnsClient = a(ip:203.205.254.169,port:80,protocol:tcp), isClientCreating = false)
W/2019-12-04 18:52:36.579 [main][TPush] [4.32][com.dts.freefireth:xg_service_v4]:setAndAllowWhileIdle [class java.lang.Integer, class java.lang.Long, class android.app.PendingIntent]
D/2019-12-04 18:52:36.689 [main][TPush] [4.32][com.dts.freefireth:xg_service_v4]:com.dts.freefireth.AUTH_XGPUSH,com.dts.freefireth,com.tencent.android.tpush.XGPushProvider
I/2019-12-04 18:52:36.705 [main][TPush] [4.32][com.dts.freefireth:xg_service_v4]:heartbeat to com.dts.freefireth
I/2019-12-04 18:52:36.783 [main][TPush] [4.32][com.dts.freefireth:xg_service_v4]:heartbeat com.dts.freefireth 
I/2019-12-04 18:52:36.834 [main][TpnsChannel] [4.32][com.dts.freefireth:xg_service_v4]:Service bi state {"srv_stime":1575463763561,"srv_etime":1575463956790,"srv_startTime":2,"srv_freason":[".keepalive",".keepalive"],"hb_suc":0,"hb_failed":0,"con_suc":1,"con_failed":0}
D/2019-12-04 18:52:37.125 [TpnsClient][TpnsClient] [4.32][com.dts.freefireth:xg_service_v4]:####Read one pkg with length = 61
D/2019-12-04 18:52:37.164 [TpnsClient][TpnsChannel] [4.32][com.dts.freefireth:xg_service_v4]:Action -> clientDidReceivePacket packet : g protocol = 1 command = TPNS_COMMAND_PUSH isResponse = false packetLength = 46
D/2019-12-04 18:52:37.180 [TpnsClient][TpnsChannel] [4.32][com.dts.freefireth:xg_service_v4]:Action -> clientDidReceivePacket PushMessageRunnable NEV1 : g protocol = 1 command = TPNS_COMMAND_PUSH isResponse = false packetLength = 46
W/2019-12-04 18:52:37.198 [TpnsClient][TPush] [4.32][com.dts.freefireth:xg_service_v4]:setAndAllowWhileIdle [class java.lang.Integer, class java.lang.Long, class android.app.PendingIntent]
V/2019-12-04 18:52:37.215 [tpush.working.thread][SrvMessageManager] [4.32][com.dts.freefireth:xg_service_v4]:receive msg from service msgId = 0 pkg =  size = 1
D/2019-12-04 18:52:37.233 [tpush.working.thread][SrvMessageManager] [4.32][com.dts.freefireth:xg_service_v4]:distributeFromServer : accid=0 ,channelId=0,busiId=0,pkg=,msgId=0,type=0,ts=0,multi=0,date=,serverTime=0,ttl=0, size = 1
V/2019-12-04 18:52:37.243 [tpush.working.thread][XGService] [4.32][com.dts.freefireth:xg_service_v4]:@@ msgServiceAck: Not add LocalMsg
D/2019-12-04 18:52:37.253 [tpush.working.thread][SrvMessageManager] [4.32][com.dts.freefireth:xg_service_v4]:>> messageDistribute, msg.appPkgName is null!
D/2019-12-04 18:55:37.206 [main][TpnsChannel] [4.32][com.dts.freefireth:xg_service_v4]:Action -> send heartbeat 
V/2019-12-04 18:55:37.215 [main][TpnsChannel] [4.32][com.dts.freefireth:xg_service_v4]:Action -> checkAndSetupClient( tpnsClient = a(ip:203.205.254.169,port:80,protocol:tcp), isClientCreating = false)
W/2019-12-04 18:55:37.232 [main][TPush] [4.32][com.dts.freefireth:xg_service_v4]:setAndAllowWhileIdle [class java.lang.Integer, class java.lang.Long, class android.app.PendingIntent]
D/2019-12-04 18:55:37.341 [main][TPush] [4.32][com.dts.freefireth:xg_service_v4]:com.dts.freefireth.AUTH_XGPUSH,com.dts.freefireth,com.tencent.android.tpush.XGPushProvider
I/2019-12-04 18:55:37.351 [main][TPush] [4.32][com.dts.freefireth:xg_service_v4]:heartbeat to com.dts.freefireth
I/2019-12-04 18:55:37.418 [main][TPush] [4.32][com.dts.freefireth:xg_service_v4]:heartbeat com.dts.freefireth 
I/2019-12-04 18:55:37.434 [main][TpnsChannel] [4.32][com.dts.freefireth:xg_service_v4]:Service bi state {"srv_stime":1575463763561,"srv_etime":1575464137419,"srv_startTime":2,"srv_freason":[".keepalive",".keepalive"],"hb_suc":0,"hb_failed":0,"con_suc":1,"con_failed":0}
D/2019-12-04 18:55:49.843 [TpnsClient][TpnsClient] [4.32][com.dts.freefireth:xg_service_v4]:####Read one pkg with length = 61
D/2019-12-04 18:55:49.878 [TpnsClient][TpnsChannel] [4.32][com.dts.freefireth:xg_service_v4]:Action -> clientDidReceivePacket packet : g protocol = 1 command = TPNS_COMMAND_PUSH isResponse = false packetLength = 46
D/2019-12-04 18:55:49.888 [TpnsClient][TpnsChannel] [4.32][com.dts.freefireth:xg_service_v4]:Action -> clientDidReceivePacket PushMessageRunnable NEV1 : g protocol = 1 command = TPNS_COMMAND_PUSH isResponse = false packetLength = 46
V/2019-12-04 18:55:49.897 [tpush.working.thread][SrvMessageManager] [4.32][com.dts.freefireth:xg_service_v4]:receive msg from service msgId = 0 pkg =  size = 1
W/2019-12-04 18:55:49.898 [TpnsClient][TPush] [4.32][com.dts.freefireth:xg_service_v4]:setAndAllowWhileIdle [class java.lang.Integer, class java.lang.Long, class android.app.PendingIntent]
D/2019-12-04 18:55:49.908 [tpush.working.thread][SrvMessageManager] [4.32][com.dts.freefireth:xg_service_v4]:distributeFromServer : accid=0 ,channelId=0,busiId=0,pkg=,msgId=0,type=0,ts=0,multi=0,date=,serverTime=0,ttl=0, size = 1
V/2019-12-04 18:55:49.931 [tpush.working.thread][XGService] [4.32][com.dts.freefireth:xg_service_v4]:@@ msgServiceAck: Not add LocalMsg
